2024-03-02 09:56:24,420 [INFO] Activator:176 - 


2024-03-02 09:56:24,444 [INFO] Activator:177 - !SESSION log4j initialized
2024-03-02 09:56:48,711 [INFO] LogOutputStream:77 - [STDOUT_REDIRECT] 
2024-03-02 09:56:57,266 [INFO] ApplicationProperties:184 - Using Application install path: C:\ST\STM32CubeIDE_1.14.1\STM32CubeIDE\plugins\com.st.stm32cube.common.mx_6.10.0.202311202037
2024-03-02 09:56:57,333 [INFO] DbMcusXml:78 - Set database path to: C:\ST\STM32CubeIDE_1.14.1\STM32CubeIDE\plugins\com.st.stm32cube.common.mx_6.10.0.202311202037\\db\/mcu/
2024-03-02 09:56:57,334 [INFO] ApiDb:274 - Set plugin database path to: C:\ST\STM32CubeIDE_1.14.1\STM32CubeIDE\plugins\com.st.stm32cube.common.mx_6.10.0.202311202037\\db\/plugins/boardmanager/
2024-03-02 09:56:57,336 [WARN] ApiDb:259 - Overriding images path with different value:  => C:\ST\STM32CubeIDE_1.14.1\STM32CubeIDE\plugins\com.st.stm32cube.common.mx_6.10.0.202311202037\\db\/plugins/mcufinder/images/
2024-03-02 09:56:57,367 [INFO] ApiDb:250 - Set database path to: C:\Users\tarun\.stmcufinder\plugins\mcufinder//mcu/
2024-03-02 09:56:57,371 [INFO] DbMcusAds:125 - Set database path to: C:\Users\tarun\.stmcufinder\plugins\mcufinder//mcu/
2024-03-02 09:56:57,378 [INFO] CrossReferenceDbSqlite:203 - Set database path to: C:\Users\tarun\.stmcufinder\plugins\mcufinder//mcu/cs/
2024-03-02 09:56:57,777 [INFO] RulesReader:64 - Compatibility file has been processed (297 Rules)
2024-03-02 09:56:58,083 [INFO] DbMcusXml:78 - Set database path to: C:\ST\STM32CubeIDE_1.14.1\STM32CubeIDE\plugins\com.st.stm32cube.common.mx_6.10.0.202311202037\\db\/mcu/
2024-03-02 09:56:58,084 [INFO] ApiDb:274 - Set plugin database path to: C:\ST\STM32CubeIDE_1.14.1\STM32CubeIDE\plugins\com.st.stm32cube.common.mx_6.10.0.202311202037\\db\/plugins/boardmanager/
2024-03-02 09:56:58,084 [INFO] ApiDb:261 - Set plugin images path to: C:\ST\STM32CubeIDE_1.14.1\STM32CubeIDE\plugins\com.st.stm32cube.common.mx_6.10.0.202311202037\\db\/plugins/mcufinder/images/
2024-03-02 09:56:58,084 [WARN] DbFile:41 - Overriding database path with different value: C:\Users\tarun\.stmcufinder\plugins\mcufinder/ => C:\Users\tarun\.stmcufinder\plugins\mcufinder
2024-03-02 09:56:58,085 [INFO] ApiDb:250 - Set database path to: C:\Users\tarun\.stmcufinder\plugins\mcufinder//mcu/
2024-03-02 09:56:58,085 [WARN] DbFile:41 - Overriding database path with different value: C:\Users\tarun\.stmcufinder\plugins\mcufinder/ => C:\Users\tarun\.stmcufinder\plugins\mcufinder
2024-03-02 09:56:58,085 [INFO] DbMcusAds:125 - Set database path to: C:\Users\tarun\.stmcufinder\plugins\mcufinder//mcu/
2024-03-02 09:56:58,085 [WARN] DbFile:41 - Overriding database path with different value: C:\Users\tarun\.stmcufinder\plugins\mcufinder/ => C:\Users\tarun\.stmcufinder\plugins\mcufinder
2024-03-02 09:56:58,085 [WARN] DbFile:41 - Overriding database path with different value: C:\Users\tarun\.stmcufinder\plugins\mcufinder/ => C:\Users\tarun\.stmcufinder\plugins\mcufinder
2024-03-02 09:56:58,086 [INFO] CrossReferenceDbSqlite:203 - Set database path to: C:\Users\tarun\.stmcufinder\plugins\mcufinder//mcu/cs/
2024-03-02 09:56:58,342 [INFO] MainPanel:264 - HeapMemory: 268435456
2024-03-02 09:56:58,694 [INFO] DbMcusXml:78 - Set database path to: C:\ST\STM32CubeIDE_1.14.1\STM32CubeIDE\plugins\com.st.stm32cube.common.mx_6.10.0.202311202037\\db\/mcu/
2024-03-02 09:56:58,694 [INFO] ApiDb:274 - Set plugin database path to: C:\ST\STM32CubeIDE_1.14.1\STM32CubeIDE\plugins\com.st.stm32cube.common.mx_6.10.0.202311202037\\db\/plugins/boardmanager/
2024-03-02 09:56:58,695 [INFO] ApiDb:261 - Set plugin images path to: C:\ST\STM32CubeIDE_1.14.1\STM32CubeIDE\plugins\com.st.stm32cube.common.mx_6.10.0.202311202037\\db\/plugins/mcufinder/images/
2024-03-02 09:56:58,697 [WARN] DbFile:41 - Overriding database path with different value: C:\Users\tarun\.stmcufinder\plugins\mcufinder/ => C:\Users\tarun\.stmcufinder\plugins\mcufinder
2024-03-02 09:56:58,697 [INFO] ApiDb:250 - Set database path to: C:\Users\tarun\.stmcufinder\plugins\mcufinder//mcu/
2024-03-02 09:56:58,698 [WARN] DbFile:41 - Overriding database path with different value: C:\Users\tarun\.stmcufinder\plugins\mcufinder/ => C:\Users\tarun\.stmcufinder\plugins\mcufinder
2024-03-02 09:56:58,698 [INFO] DbMcusAds:125 - Set database path to: C:\Users\tarun\.stmcufinder\plugins\mcufinder//mcu/
2024-03-02 09:56:58,698 [WARN] DbFile:41 - Overriding database path with different value: C:\Users\tarun\.stmcufinder\plugins\mcufinder/ => C:\Users\tarun\.stmcufinder\plugins\mcufinder
2024-03-02 09:56:58,698 [WARN] DbFile:41 - Overriding database path with different value: C:\Users\tarun\.stmcufinder\plugins\mcufinder/ => C:\Users\tarun\.stmcufinder\plugins\mcufinder
2024-03-02 09:56:58,699 [INFO] CrossReferenceDbSqlite:203 - Set database path to: C:\Users\tarun\.stmcufinder\plugins\mcufinder//mcu/cs/
2024-03-02 09:56:58,762 [INFO] ApplicationProperties:184 - Using Application install path: C:\ST\STM32CubeIDE_1.14.1\STM32CubeIDE\plugins\com.st.stm32cube.common.mx_6.10.0.202311202037
2024-03-02 09:56:58,767 [INFO] PluginManage:196 - Search for loadable plugins [exclusion list=, ]
2024-03-02 09:56:58,772 [INFO] PluginManage:310 - Check plugin analytics
2024-03-02 09:56:59,431 [INFO] AnalyticsPlugin:253 - Accepted Software Licenses: 
2024-03-02 09:56:59,432 [INFO] AnalyticsPlugin:255 - Accepted CMSIS Pack Licenses: 
2024-03-02 09:56:59,433 [INFO] AnalyticsPlugin:257 - Accepted Firmware Licenses: FW.F4.1.28.0
2024-03-02 09:56:59,449 [INFO] PluginManage:359 - Loaded plugin analytics (category:tool,tabindex:-1)
2024-03-02 09:56:59,451 [INFO] PluginManage:310 - Check plugin cadmodel
2024-03-02 09:56:59,473 [INFO] CADModel:105 - Init CAD model plugin
2024-03-02 09:56:59,474 [INFO] PluginManage:359 - Loaded plugin cadmodel (category:power,tabindex:5)
2024-03-02 09:56:59,476 [INFO] PluginManage:310 - Check plugin clock
2024-03-02 09:56:59,516 [INFO] PluginManage:359 - Loaded plugin clock (category:base,tabindex:2)
2024-03-02 09:56:59,517 [INFO] PluginManage:310 - Check plugin ddr
2024-03-02 09:56:59,525 [INFO] PluginManage:359 - Loaded plugin ddr (category:tool,tabindex:6)
2024-03-02 09:56:59,526 [INFO] PluginManage:310 - Check plugin filemanager
2024-03-02 09:57:00,007 [INFO] PluginManage:359 - Loaded plugin filemanager (category:base,tabindex:10)
2024-03-02 09:57:00,008 [INFO] PluginManage:310 - Check plugin ipmanager
2024-03-02 09:57:00,031 [INFO] PluginManage:359 - Loaded plugin ipmanager (category:base,tabindex:5)
2024-03-02 09:57:00,032 [INFO] PluginManage:310 - Check plugin lpbam
2024-03-02 09:57:00,062 [INFO] PluginManage:359 - Loaded plugin lpbam (category:base,tabindex:0)
2024-03-02 09:57:00,062 [INFO] PluginManage:310 - Check plugin memorymap
2024-03-02 09:57:00,122 [INFO] PluginManage:359 - Loaded plugin memorymap (category:base,tabindex:4)
2024-03-02 09:57:00,123 [INFO] PluginManage:310 - Check plugin pinoutandconfiguration
2024-03-02 09:57:00,157 [INFO] PluginManage:359 - Loaded plugin pinoutandconfiguration (category:base,tabindex:1)
2024-03-02 09:57:00,158 [INFO] PluginManage:310 - Check plugin pinoutconfig
2024-03-02 09:57:00,602 [WARN] SupportedApi:132 - Cannot load RTOS API schema: s4s-elt-must-match.1: The content of 'definitions' must match (annotation?, (simpleType | complexType)?, (unique | key | keyref)*)). A problem was found starting at: attribute.
2024-03-02 09:57:01,424 [INFO] PluginManage:359 - Loaded plugin pinoutconfig (category:base,tabindex:0)
2024-03-02 09:57:01,425 [INFO] PluginManage:310 - Check plugin power
2024-03-02 09:57:01,458 [INFO] PluginManage:359 - Loaded plugin power (category:power,tabindex:4)
2024-03-02 09:57:01,459 [INFO] PluginManage:310 - Check plugin projectmanager
2024-03-02 09:57:01,517 [INFO] PluginManage:359 - Loaded plugin projectmanager (category:projectmanager,tabindex:3)
2024-03-02 09:57:01,517 [INFO] PluginManage:310 - Check plugin thirdparty
2024-03-02 09:57:02,047 [INFO] PluginManage:359 - Loaded plugin thirdparty (category:base,tabindex:-1)
2024-03-02 09:57:02,047 [INFO] PluginManage:310 - Check plugin tools
2024-03-02 09:57:02,047 [WARN] IntegrityCheckThread:84 - waiting for thirdparty lock release [integrity check]
2024-03-02 09:57:02,054 [INFO] IntegrityCheckThread:86 - entering critical section [integrity check]
2024-03-02 09:57:02,055 [INFO] PluginManage:359 - Loaded plugin tools (category:base,tabindex:7)
2024-03-02 09:57:02,055 [INFO] ThirdPartyUpdaterWithRetryManager:70 - Updater plugin not ready yet. [1/15]
2024-03-02 09:57:02,056 [INFO] PluginManage:310 - Check plugin tutovideos
2024-03-02 09:57:02,768 [INFO] PluginManage:359 - Loaded plugin tutovideos (category:base,tabindex:-1)
2024-03-02 09:57:02,769 [INFO] PluginManage:310 - Check plugin updater
2024-03-02 09:57:02,803 [INFO] PluginManage:359 - Loaded plugin updater (category:base,tabindex:12)
2024-03-02 09:57:02,803 [INFO] PluginManage:310 - Check plugin userauth
2024-03-02 09:57:02,822 [INFO] UserAuth:114 - Init User Auth plugin
2024-03-02 09:57:02,823 [INFO] PluginManage:359 - Loaded plugin userauth (category:base,tabindex:14)
2024-03-02 09:57:02,825 [INFO] PluginManage:283 - PluginManage : Loaded plugins [17]
2024-03-02 09:57:03,729 [INFO] PinOutPanel:1499 - setPackage(No Configuration,No Configuration)
2024-03-02 09:57:03,976 [INFO] CADModel:165 - CPN selected for project level
2024-03-02 09:57:03,977 [INFO] CADModel:114 - Register for checkConnection events
2024-03-02 09:57:04,037 [INFO] IPUIPlugin:80 - create IPUIPlugin
2024-03-02 09:57:04,038 [INFO] PluginManager:220 - loadIPPluginJar : add adc
2024-03-02 09:57:04,049 [INFO] IPUIPlugin:80 - create IPUIPlugin
2024-03-02 09:57:04,049 [INFO] PluginManager:220 - loadIPPluginJar : add aes
2024-03-02 09:57:04,060 [INFO] IPUIPlugin:80 - create IPUIPlugin
2024-03-02 09:57:04,060 [INFO] PluginManager:220 - loadIPPluginJar : add can
2024-03-02 09:57:04,067 [INFO] IPUIPlugin:80 - create IPUIPlugin
2024-03-02 09:57:04,067 [INFO] PluginManager:220 - loadIPPluginJar : add comp
2024-03-02 09:57:04,077 [INFO] IPUIPlugin:80 - create IPUIPlugin
2024-03-02 09:57:04,078 [INFO] PluginManager:220 - loadIPPluginJar : add cryp
2024-03-02 09:57:04,088 [INFO] IPUIPlugin:80 - create IPUIPlugin
2024-03-02 09:57:04,088 [INFO] PluginManager:220 - loadIPPluginJar : add dfsdm
2024-03-02 09:57:04,106 [INFO] IPUIPlugin:80 - create IPUIPlugin
2024-03-02 09:57:04,108 [INFO] PluginManager:220 - loadIPPluginJar : add dma
2024-03-02 09:57:04,118 [INFO] IPUIPlugin:80 - create IPUIPlugin
2024-03-02 09:57:04,118 [INFO] PluginManager:220 - loadIPPluginJar : add dma3
2024-03-02 09:57:04,124 [INFO] IPUIPlugin:80 - create IPUIPlugin
2024-03-02 09:57:04,125 [INFO] PluginManager:220 - loadIPPluginJar : add fatfs
2024-03-02 09:57:04,140 [INFO] IPUIPlugin:80 - create IPUIPlugin
2024-03-02 09:57:04,140 [INFO] PluginManager:220 - loadIPPluginJar : add fmc
2024-03-02 09:57:04,160 [INFO] IPUIPlugin:80 - create IPUIPlugin
2024-03-02 09:57:04,161 [INFO] PluginManager:220 - loadIPPluginJar : add freertos
2024-03-02 09:57:04,167 [INFO] IPUIPlugin:80 - create IPUIPlugin
2024-03-02 09:57:04,168 [INFO] PluginManager:220 - loadIPPluginJar : add genericplugin
2024-03-02 09:57:04,177 [INFO] IPUIPlugin:80 - create IPUIPlugin
2024-03-02 09:57:04,177 [INFO] PluginManager:220 - loadIPPluginJar : add gfxmmu
2024-03-02 09:57:04,195 [INFO] IPUIPlugin:80 - create IPUIPlugin
2024-03-02 09:57:04,196 [INFO] PluginManager:220 - loadIPPluginJar : add gic
2024-03-02 09:57:04,211 [INFO] IPUIPlugin:80 - create IPUIPlugin
2024-03-02 09:57:04,211 [INFO] PluginManager:220 - loadIPPluginJar : add gpio
2024-03-02 09:57:04,221 [INFO] IPUIPlugin:80 - create IPUIPlugin
2024-03-02 09:57:04,221 [INFO] PluginManager:220 - loadIPPluginJar : add gtzc
2024-03-02 09:57:04,231 [INFO] IPUIPlugin:80 - create IPUIPlugin
2024-03-02 09:57:04,231 [INFO] PluginManager:220 - loadIPPluginJar : add hash
2024-03-02 09:57:04,241 [INFO] IPUIPlugin:80 - create IPUIPlugin
2024-03-02 09:57:04,242 [INFO] PluginManager:220 - loadIPPluginJar : add i2c
2024-03-02 09:57:04,252 [INFO] IPUIPlugin:80 - create IPUIPlugin
2024-03-02 09:57:04,253 [INFO] PluginManager:220 - loadIPPluginJar : add i2s
2024-03-02 09:57:04,263 [INFO] IPUIPlugin:80 - create IPUIPlugin
2024-03-02 09:57:04,264 [INFO] PluginManager:220 - loadIPPluginJar : add i3c
2024-03-02 09:57:04,274 [INFO] IPUIPlugin:80 - create IPUIPlugin
2024-03-02 09:57:04,275 [INFO] PluginManager:220 - loadIPPluginJar : add ipddr
2024-03-02 09:57:04,297 [INFO] IPUIPlugin:80 - create IPUIPlugin
2024-03-02 09:57:04,298 [INFO] PluginManager:220 - loadIPPluginJar : add linkedlist
2024-03-02 09:57:04,310 [INFO] IPUIPlugin:80 - create IPUIPlugin
2024-03-02 09:57:04,310 [INFO] PluginManager:220 - loadIPPluginJar : add lorawan
2024-03-02 09:57:04,316 [INFO] IPUIPlugin:80 - create IPUIPlugin
2024-03-02 09:57:04,317 [INFO] PluginManager:220 - loadIPPluginJar : add ltdc
2024-03-02 09:57:04,337 [INFO] IPUIPlugin:80 - create IPUIPlugin
2024-03-02 09:57:04,337 [INFO] PluginManager:220 - loadIPPluginJar : add mdma
2024-03-02 09:57:04,352 [INFO] IPUIPlugin:80 - create IPUIPlugin
2024-03-02 09:57:04,353 [INFO] PluginManager:220 - loadIPPluginJar : add nvic
2024-03-02 09:57:04,364 [INFO] IPUIPlugin:80 - create IPUIPlugin
2024-03-02 09:57:04,364 [INFO] PluginManager:220 - loadIPPluginJar : add opamp
2024-03-02 09:57:04,376 [INFO] IPUIPlugin:80 - create IPUIPlugin
2024-03-02 09:57:04,377 [INFO] PluginManager:220 - loadIPPluginJar : add openamp
2024-03-02 09:57:04,392 [INFO] IPUIPlugin:80 - create IPUIPlugin
2024-03-02 09:57:04,392 [INFO] PluginManager:220 - loadIPPluginJar : add pdm2pcm
2024-03-02 09:57:04,413 [INFO] IPUIPlugin:80 - create IPUIPlugin
2024-03-02 09:57:04,422 [INFO] PluginManager:220 - loadIPPluginJar : add plateformsettings
2024-03-02 09:57:04,429 [INFO] IPUIPlugin:80 - create IPUIPlugin
2024-03-02 09:57:04,430 [INFO] PluginManager:220 - loadIPPluginJar : add quadspi
2024-03-02 09:57:04,443 [INFO] IPUIPlugin:80 - create IPUIPlugin
2024-03-02 09:57:04,443 [INFO] PluginManager:220 - loadIPPluginJar : add resmgrutility
2024-03-02 09:57:04,453 [INFO] IPUIPlugin:80 - create IPUIPlugin
2024-03-02 09:57:04,454 [INFO] PluginManager:220 - loadIPPluginJar : add sai
2024-03-02 09:57:04,464 [INFO] IPUIPlugin:80 - create IPUIPlugin
2024-03-02 09:57:04,464 [INFO] PluginManager:220 - loadIPPluginJar : add spi
2024-03-02 09:57:04,482 [INFO] IPUIPlugin:80 - create IPUIPlugin
2024-03-02 09:57:04,483 [INFO] PluginManager:220 - loadIPPluginJar : add stm32_wpan
2024-03-02 09:57:04,489 [INFO] IPUIPlugin:80 - create IPUIPlugin
2024-03-02 09:57:04,490 [INFO] PluginManager:220 - loadIPPluginJar : add tim
2024-03-02 09:57:04,500 [INFO] IPUIPlugin:80 - create IPUIPlugin
2024-03-02 09:57:04,501 [INFO] PluginManager:220 - loadIPPluginJar : add touchsensing
2024-03-02 09:57:04,508 [INFO] IPUIPlugin:80 - create IPUIPlugin
2024-03-02 09:57:04,509 [INFO] PluginManager:220 - loadIPPluginJar : add tracer_emb
2024-03-02 09:57:04,516 [INFO] IPUIPlugin:80 - create IPUIPlugin
2024-03-02 09:57:04,516 [INFO] PluginManager:220 - loadIPPluginJar : add ts
2024-03-02 09:57:04,522 [INFO] IPUIPlugin:80 - create IPUIPlugin
2024-03-02 09:57:04,523 [INFO] PluginManager:220 - loadIPPluginJar : add tsc
2024-03-02 09:57:04,530 [INFO] IPUIPlugin:80 - create IPUIPlugin
2024-03-02 09:57:04,531 [INFO] PluginManager:220 - loadIPPluginJar : add ucpd
2024-03-02 09:57:04,541 [INFO] IPUIPlugin:80 - create IPUIPlugin
2024-03-02 09:57:04,541 [INFO] PluginManager:220 - loadIPPluginJar : add usart
2024-03-02 09:57:04,552 [INFO] IPUIPlugin:80 - create IPUIPlugin
2024-03-02 09:57:04,553 [INFO] PluginManager:220 - loadIPPluginJar : add usbx
2024-03-02 09:57:04,846 [INFO] CADModel:165 - CPN selected for project level
2024-03-02 09:57:04,846 [INFO] CADModel:114 - Register for checkConnection events
2024-03-02 09:57:04,847 [FATAL] Updater:308 - Updater called before beeing initialized
2024-03-02 09:57:04,848 [ERROR] CADModel:125 - Updater not yet initialized, retry later 
2024-03-02 09:57:05,057 [INFO] ThirdPartyUpdaterWithRetryManager:70 - Updater plugin not ready yet. [2/15]
2024-03-02 09:57:05,368 [INFO] CADModel:165 - CPN selected for project level
2024-03-02 09:57:05,368 [INFO] CADModel:114 - Register for checkConnection events
2024-03-02 09:57:05,369 [FATAL] Updater:308 - Updater called before beeing initialized
2024-03-02 09:57:05,369 [ERROR] CADModel:125 - Updater not yet initialized, retry later 
2024-03-02 09:57:05,380 [FATAL] Updater:308 - Updater called before beeing initialized
2024-03-02 09:57:05,747 [FATAL] Updater:308 - Updater called before beeing initialized
2024-03-02 09:57:05,767 [INFO] DbMcusAds:53 - JSON generation date=Wed Nov 29 16:22:27 IST 2023 (1701255147349)
2024-03-02 09:57:05,768 [FATAL] Updater:308 - Updater called before beeing initialized
2024-03-02 09:57:05,881 [WARN] DetailPanel:346 - Failed to get advertising image, set to default
2024-03-02 09:57:06,238 [FATAL] Updater:308 - Updater called before beeing initialized
2024-03-02 09:57:06,246 [FATAL] Updater:308 - Updater called before beeing initialized
2024-03-02 09:57:06,247 [FATAL] Updater:308 - Updater called before beeing initialized
2024-03-02 09:57:06,247 [WARN] DetailPanel:346 - Failed to get advertising image, set to default
2024-03-02 09:57:06,249 [FATAL] Updater:308 - Updater called before beeing initialized
2024-03-02 09:57:06,449 [ERROR] Updater:1120 - MainUpdater not yet initialized. External WinMGr cannot be set.
2024-03-02 09:57:06,459 [INFO] Updater:1056 - Updater Version found : 6.10.0
2024-03-02 09:57:06,516 [INFO] ApplicationProperties:184 - Using Application install path: C:\ST\STM32CubeIDE_1.14.1\STM32CubeIDE\plugins\com.st.stm32cube.common.mx_6.10.0.202311202037
2024-03-02 09:57:08,059 [FATAL] Updater:308 - Updater called before beeing initialized
2024-03-02 09:57:08,061 [ERROR] IntegrityCheckThread:130 - Cannot retrieve database content from updater: error 21
2024-03-02 09:57:08,062 [INFO] ThirdParty:978 - Integrity check success = false
2024-03-02 09:57:08,062 [INFO] IntegrityCheckThread:100 - exiting critical section [integrity check]
2024-03-02 09:57:08,062 [INFO] IntegrityCheckThread:103 - End integrity checks thread
2024-03-02 09:57:08,149 [ERROR] LogOutputStream:75 - [STDERR_REDIRECT] Mar 02, 2024 9:57:08 AM java.util.prefs.WindowsPreferences <init>
2024-03-02 09:57:08,155 [ERROR] LogOutputStream:75 - [STDERR_REDIRECT] WARNING: Could not open/create prefs root node Software\JavaSoft\Prefs at root 0xffffffff80000002. Windows RegCreateKeyEx(...) returned error code 5.
2024-03-02 09:57:08,156 [ERROR] LogOutputStream:75 - [STDERR_REDIRECT] 
2024-03-02 09:57:09,027 [INFO] MainUpdater:2873 - connection check result : 10
2024-03-02 09:57:09,030 [INFO] MainUpdater:290 - Updater Check For Update Now.
2024-03-02 09:57:09,030 [INFO] MicroXplorer:498 - Change Database Version : DB.6.0.100
2024-03-02 09:57:09,054 [INFO] McuFinderGlobals:63 - Set McuFinder mode to 2 (CubeIDE integrated)
2024-03-02 09:57:09,414 [INFO] CheckServerUpdateThread:120 - End of CheckServer Thread
2024-03-02 09:57:10,151 [INFO] UserAuth:404 - Internet connection configuration mode: 1
2024-03-02 09:57:10,199 [INFO] JxBrowserEngine:152 - Initiate JxBrowser Engine with user profile folder
2024-03-02 09:57:14,563 [INFO] WebApp:161 - Instantiating new browser for Auth
2024-03-02 09:57:19,071 [INFO] WebApp:780 - Register for checkConnection events
2024-03-02 09:57:19,072 [INFO] WebApp:414 - Apply proxy settings
2024-03-02 09:57:19,072 [INFO] WebApp:499 - Chromium requires no authentication
2024-03-02 09:57:19,103 [INFO] WebApp:442 - Direct internet connection detected
2024-03-02 09:57:19,928 [INFO] WebApp:192 - Starting web application
2024-03-02 09:57:19,929 [INFO] WebApp:544 - Web application path used C:\ST\STM32CubeIDE_1.14.1\STM32CubeIDE\plugins\com.st.stm32cube.common.mx_6.10.0.202311202037\db\plugins\mcufinder\reactClient1\index.html
2024-03-02 09:57:43,393 [ERROR] LogOutputStream:75 - [STDERR_REDIRECT] SLF4J: Failed to load class "org.slf4j.impl.StaticLoggerBinder".
2024-03-02 09:57:43,400 [ERROR] LogOutputStream:75 - [STDERR_REDIRECT] SLF4J: Defaulting to no-operation (NOP) logger implementation
2024-03-02 09:57:43,406 [ERROR] LogOutputStream:75 - [STDERR_REDIRECT] SLF4J: See http://www.slf4j.org/codes.html#StaticLoggerBinder for further details.
