2024-02-29 14:20:19,435 [ERROR] LogOutputStream:75 - [STDERR_REDIRECT] 
2024-02-29 15:03:01,219 [INFO] Activator:176 - 


2024-02-29 15:03:01,227 [INFO] Activator:177 - !SESSION log4j initialized
2024-02-29 15:03:18,944 [INFO] LogOutputStream:77 - [STDOUT_REDIRECT] 
2024-02-29 15:03:24,986 [INFO] ApplicationProperties:184 - Using Application install path: C:\ST\STM32CubeIDE_1.14.1\STM32CubeIDE\plugins\com.st.stm32cube.common.mx_6.10.0.202311202037
2024-02-29 15:03:25,055 [INFO] DbMcusXml:78 - Set database path to: C:\ST\STM32CubeIDE_1.14.1\STM32CubeIDE\plugins\com.st.stm32cube.common.mx_6.10.0.202311202037\\db\/mcu/
2024-02-29 15:03:25,055 [INFO] ApiDb:274 - Set plugin database path to: C:\ST\STM32CubeIDE_1.14.1\STM32CubeIDE\plugins\com.st.stm32cube.common.mx_6.10.0.202311202037\\db\/plugins/boardmanager/
2024-02-29 15:03:25,057 [WARN] ApiDb:259 - Overriding images path with different value:  => C:\ST\STM32CubeIDE_1.14.1\STM32CubeIDE\plugins\com.st.stm32cube.common.mx_6.10.0.202311202037\\db\/plugins/mcufinder/images/
2024-02-29 15:03:25,088 [INFO] ApiDb:250 - Set database path to: C:\Users\tarun\.stmcufinder\plugins\mcufinder//mcu/
2024-02-29 15:03:25,094 [INFO] DbMcusAds:125 - Set database path to: C:\Users\tarun\.stmcufinder\plugins\mcufinder//mcu/
2024-02-29 15:03:25,103 [INFO] CrossReferenceDbSqlite:203 - Set database path to: C:\Users\tarun\.stmcufinder\plugins\mcufinder//mcu/cs/
2024-02-29 15:03:25,425 [INFO] RulesReader:64 - Compatibility file has been processed (297 Rules)
2024-02-29 15:03:25,645 [INFO] DbMcusXml:78 - Set database path to: C:\ST\STM32CubeIDE_1.14.1\STM32CubeIDE\plugins\com.st.stm32cube.common.mx_6.10.0.202311202037\\db\/mcu/
2024-02-29 15:03:25,645 [INFO] ApiDb:274 - Set plugin database path to: C:\ST\STM32CubeIDE_1.14.1\STM32CubeIDE\plugins\com.st.stm32cube.common.mx_6.10.0.202311202037\\db\/plugins/boardmanager/
2024-02-29 15:03:25,646 [INFO] ApiDb:261 - Set plugin images path to: C:\ST\STM32CubeIDE_1.14.1\STM32CubeIDE\plugins\com.st.stm32cube.common.mx_6.10.0.202311202037\\db\/plugins/mcufinder/images/
2024-02-29 15:03:25,646 [WARN] DbFile:41 - Overriding database path with different value: C:\Users\tarun\.stmcufinder\plugins\mcufinder/ => C:\Users\tarun\.stmcufinder\plugins\mcufinder
2024-02-29 15:03:25,647 [INFO] ApiDb:250 - Set database path to: C:\Users\tarun\.stmcufinder\plugins\mcufinder//mcu/
2024-02-29 15:03:25,647 [WARN] DbFile:41 - Overriding database path with different value: C:\Users\tarun\.stmcufinder\plugins\mcufinder/ => C:\Users\tarun\.stmcufinder\plugins\mcufinder
2024-02-29 15:03:25,647 [INFO] DbMcusAds:125 - Set database path to: C:\Users\tarun\.stmcufinder\plugins\mcufinder//mcu/
2024-02-29 15:03:25,648 [WARN] DbFile:41 - Overriding database path with different value: C:\Users\tarun\.stmcufinder\plugins\mcufinder/ => C:\Users\tarun\.stmcufinder\plugins\mcufinder
2024-02-29 15:03:25,648 [WARN] DbFile:41 - Overriding database path with different value: C:\Users\tarun\.stmcufinder\plugins\mcufinder/ => C:\Users\tarun\.stmcufinder\plugins\mcufinder
2024-02-29 15:03:25,648 [INFO] CrossReferenceDbSqlite:203 - Set database path to: C:\Users\tarun\.stmcufinder\plugins\mcufinder//mcu/cs/
2024-02-29 15:03:25,869 [INFO] MainPanel:264 - HeapMemory: 268435456
2024-02-29 15:03:26,068 [INFO] DbMcusXml:78 - Set database path to: C:\ST\STM32CubeIDE_1.14.1\STM32CubeIDE\plugins\com.st.stm32cube.common.mx_6.10.0.202311202037\\db\/mcu/
2024-02-29 15:03:26,068 [INFO] ApiDb:274 - Set plugin database path to: C:\ST\STM32CubeIDE_1.14.1\STM32CubeIDE\plugins\com.st.stm32cube.common.mx_6.10.0.202311202037\\db\/plugins/boardmanager/
2024-02-29 15:03:26,069 [INFO] ApiDb:261 - Set plugin images path to: C:\ST\STM32CubeIDE_1.14.1\STM32CubeIDE\plugins\com.st.stm32cube.common.mx_6.10.0.202311202037\\db\/plugins/mcufinder/images/
2024-02-29 15:03:26,070 [WARN] DbFile:41 - Overriding database path with different value: C:\Users\tarun\.stmcufinder\plugins\mcufinder/ => C:\Users\tarun\.stmcufinder\plugins\mcufinder
2024-02-29 15:03:26,070 [INFO] ApiDb:250 - Set database path to: C:\Users\tarun\.stmcufinder\plugins\mcufinder//mcu/
2024-02-29 15:03:26,070 [WARN] DbFile:41 - Overriding database path with different value: C:\Users\tarun\.stmcufinder\plugins\mcufinder/ => C:\Users\tarun\.stmcufinder\plugins\mcufinder
2024-02-29 15:03:26,071 [INFO] DbMcusAds:125 - Set database path to: C:\Users\tarun\.stmcufinder\plugins\mcufinder//mcu/
2024-02-29 15:03:26,071 [WARN] DbFile:41 - Overriding database path with different value: C:\Users\tarun\.stmcufinder\plugins\mcufinder/ => C:\Users\tarun\.stmcufinder\plugins\mcufinder
2024-02-29 15:03:26,071 [WARN] DbFile:41 - Overriding database path with different value: C:\Users\tarun\.stmcufinder\plugins\mcufinder/ => C:\Users\tarun\.stmcufinder\plugins\mcufinder
2024-02-29 15:03:26,071 [INFO] CrossReferenceDbSqlite:203 - Set database path to: C:\Users\tarun\.stmcufinder\plugins\mcufinder//mcu/cs/
2024-02-29 15:03:26,110 [INFO] ApplicationProperties:184 - Using Application install path: C:\ST\STM32CubeIDE_1.14.1\STM32CubeIDE\plugins\com.st.stm32cube.common.mx_6.10.0.202311202037
2024-02-29 15:03:26,113 [INFO] PluginManage:196 - Search for loadable plugins [exclusion list=, ]
2024-02-29 15:03:26,116 [INFO] PluginManage:310 - Check plugin analytics
2024-02-29 15:03:26,604 [INFO] AnalyticsPlugin:253 - Accepted Software Licenses: 
2024-02-29 15:03:26,605 [INFO] AnalyticsPlugin:255 - Accepted CMSIS Pack Licenses: 
2024-02-29 15:03:26,605 [INFO] AnalyticsPlugin:257 - Accepted Firmware Licenses: FW.F4.1.28.0
2024-02-29 15:03:26,612 [INFO] PluginManage:359 - Loaded plugin analytics (category:tool,tabindex:-1)
2024-02-29 15:03:26,612 [INFO] PluginManage:310 - Check plugin cadmodel
2024-02-29 15:03:26,624 [INFO] CADModel:105 - Init CAD model plugin
2024-02-29 15:03:26,624 [INFO] PluginManage:359 - Loaded plugin cadmodel (category:power,tabindex:5)
2024-02-29 15:03:26,624 [INFO] PluginManage:310 - Check plugin clock
2024-02-29 15:03:26,654 [INFO] PluginManage:359 - Loaded plugin clock (category:base,tabindex:2)
2024-02-29 15:03:26,654 [INFO] PluginManage:310 - Check plugin ddr
2024-02-29 15:03:26,660 [INFO] PluginManage:359 - Loaded plugin ddr (category:tool,tabindex:6)
2024-02-29 15:03:26,660 [INFO] PluginManage:310 - Check plugin filemanager
2024-02-29 15:03:27,064 [INFO] PluginManage:359 - Loaded plugin filemanager (category:base,tabindex:10)
2024-02-29 15:03:27,064 [INFO] PluginManage:310 - Check plugin ipmanager
2024-02-29 15:03:27,082 [INFO] PluginManage:359 - Loaded plugin ipmanager (category:base,tabindex:5)
2024-02-29 15:03:27,083 [INFO] PluginManage:310 - Check plugin lpbam
2024-02-29 15:03:27,101 [INFO] PluginManage:359 - Loaded plugin lpbam (category:base,tabindex:0)
2024-02-29 15:03:27,102 [INFO] PluginManage:310 - Check plugin memorymap
2024-02-29 15:03:27,145 [INFO] PluginManage:359 - Loaded plugin memorymap (category:base,tabindex:4)
2024-02-29 15:03:27,146 [INFO] PluginManage:310 - Check plugin pinoutandconfiguration
2024-02-29 15:03:27,167 [INFO] PluginManage:359 - Loaded plugin pinoutandconfiguration (category:base,tabindex:1)
2024-02-29 15:03:27,167 [INFO] PluginManage:310 - Check plugin pinoutconfig
2024-02-29 15:03:27,431 [WARN] SupportedApi:132 - Cannot load RTOS API schema: s4s-elt-must-match.1: The content of 'definitions' must match (annotation?, (simpleType | complexType)?, (unique | key | keyref)*)). A problem was found starting at: attribute.
2024-02-29 15:03:27,916 [INFO] PluginManage:359 - Loaded plugin pinoutconfig (category:base,tabindex:0)
2024-02-29 15:03:27,916 [INFO] PluginManage:310 - Check plugin power
2024-02-29 15:03:27,954 [INFO] PluginManage:359 - Loaded plugin power (category:power,tabindex:4)
2024-02-29 15:03:27,954 [INFO] PluginManage:310 - Check plugin projectmanager
2024-02-29 15:03:28,009 [INFO] PluginManage:359 - Loaded plugin projectmanager (category:projectmanager,tabindex:3)
2024-02-29 15:03:28,010 [INFO] PluginManage:310 - Check plugin thirdparty
2024-02-29 15:03:28,489 [INFO] PluginManage:359 - Loaded plugin thirdparty (category:base,tabindex:-1)
2024-02-29 15:03:28,490 [INFO] PluginManage:310 - Check plugin tools
2024-02-29 15:03:28,490 [WARN] IntegrityCheckThread:84 - waiting for thirdparty lock release [integrity check]
2024-02-29 15:03:28,491 [INFO] IntegrityCheckThread:86 - entering critical section [integrity check]
2024-02-29 15:03:28,492 [INFO] ThirdPartyUpdaterWithRetryManager:70 - Updater plugin not ready yet. [1/15]
2024-02-29 15:03:28,500 [INFO] PluginManage:359 - Loaded plugin tools (category:base,tabindex:7)
2024-02-29 15:03:28,500 [INFO] PluginManage:310 - Check plugin tutovideos
2024-02-29 15:03:29,187 [INFO] PluginManage:359 - Loaded plugin tutovideos (category:base,tabindex:-1)
2024-02-29 15:03:29,187 [INFO] PluginManage:310 - Check plugin updater
2024-02-29 15:03:29,220 [INFO] PluginManage:359 - Loaded plugin updater (category:base,tabindex:12)
2024-02-29 15:03:29,221 [INFO] PluginManage:310 - Check plugin userauth
2024-02-29 15:03:29,235 [INFO] UserAuth:114 - Init User Auth plugin
2024-02-29 15:03:29,235 [INFO] PluginManage:359 - Loaded plugin userauth (category:base,tabindex:14)
2024-02-29 15:03:29,237 [INFO] PluginManage:283 - PluginManage : Loaded plugins [17]
2024-02-29 15:03:30,535 [INFO] PinOutPanel:1499 - setPackage(No Configuration,No Configuration)
2024-02-29 15:03:30,738 [INFO] CADModel:165 - CPN selected for project level
2024-02-29 15:03:30,739 [INFO] CADModel:114 - Register for checkConnection events
2024-02-29 15:03:30,777 [INFO] IPUIPlugin:80 - create IPUIPlugin
2024-02-29 15:03:30,778 [INFO] PluginManager:220 - loadIPPluginJar : add adc
2024-02-29 15:03:30,785 [INFO] IPUIPlugin:80 - create IPUIPlugin
2024-02-29 15:03:30,785 [INFO] PluginManager:220 - loadIPPluginJar : add aes
2024-02-29 15:03:30,793 [INFO] IPUIPlugin:80 - create IPUIPlugin
2024-02-29 15:03:30,793 [INFO] PluginManager:220 - loadIPPluginJar : add can
2024-02-29 15:03:30,798 [INFO] IPUIPlugin:80 - create IPUIPlugin
2024-02-29 15:03:30,798 [INFO] PluginManager:220 - loadIPPluginJar : add comp
2024-02-29 15:03:30,805 [INFO] IPUIPlugin:80 - create IPUIPlugin
2024-02-29 15:03:30,805 [INFO] PluginManager:220 - loadIPPluginJar : add cryp
2024-02-29 15:03:30,812 [INFO] IPUIPlugin:80 - create IPUIPlugin
2024-02-29 15:03:30,813 [INFO] PluginManager:220 - loadIPPluginJar : add dfsdm
2024-02-29 15:03:30,826 [INFO] IPUIPlugin:80 - create IPUIPlugin
2024-02-29 15:03:30,828 [INFO] PluginManager:220 - loadIPPluginJar : add dma
2024-02-29 15:03:30,835 [INFO] IPUIPlugin:80 - create IPUIPlugin
2024-02-29 15:03:30,835 [INFO] PluginManager:220 - loadIPPluginJar : add dma3
2024-02-29 15:03:30,860 [INFO] IPUIPlugin:80 - create IPUIPlugin
2024-02-29 15:03:30,860 [INFO] PluginManager:220 - loadIPPluginJar : add fatfs
2024-02-29 15:03:30,870 [INFO] IPUIPlugin:80 - create IPUIPlugin
2024-02-29 15:03:30,871 [INFO] PluginManager:220 - loadIPPluginJar : add fmc
2024-02-29 15:03:30,883 [INFO] IPUIPlugin:80 - create IPUIPlugin
2024-02-29 15:03:30,884 [INFO] PluginManager:220 - loadIPPluginJar : add freertos
2024-02-29 15:03:30,887 [INFO] IPUIPlugin:80 - create IPUIPlugin
2024-02-29 15:03:30,887 [INFO] PluginManager:220 - loadIPPluginJar : add genericplugin
2024-02-29 15:03:30,893 [INFO] IPUIPlugin:80 - create IPUIPlugin
2024-02-29 15:03:30,893 [INFO] PluginManager:220 - loadIPPluginJar : add gfxmmu
2024-02-29 15:03:30,924 [INFO] IPUIPlugin:80 - create IPUIPlugin
2024-02-29 15:03:30,925 [INFO] PluginManager:220 - loadIPPluginJar : add gic
2024-02-29 15:03:30,934 [INFO] IPUIPlugin:80 - create IPUIPlugin
2024-02-29 15:03:30,934 [INFO] PluginManager:220 - loadIPPluginJar : add gpio
2024-02-29 15:03:30,941 [INFO] IPUIPlugin:80 - create IPUIPlugin
2024-02-29 15:03:30,941 [INFO] PluginManager:220 - loadIPPluginJar : add gtzc
2024-02-29 15:03:30,946 [INFO] IPUIPlugin:80 - create IPUIPlugin
2024-02-29 15:03:30,947 [INFO] PluginManager:220 - loadIPPluginJar : add hash
2024-02-29 15:03:30,953 [INFO] IPUIPlugin:80 - create IPUIPlugin
2024-02-29 15:03:30,954 [INFO] PluginManager:220 - loadIPPluginJar : add i2c
2024-02-29 15:03:30,960 [INFO] IPUIPlugin:80 - create IPUIPlugin
2024-02-29 15:03:30,960 [INFO] PluginManager:220 - loadIPPluginJar : add i2s
2024-02-29 15:03:30,967 [INFO] IPUIPlugin:80 - create IPUIPlugin
2024-02-29 15:03:30,968 [INFO] PluginManager:220 - loadIPPluginJar : add i3c
2024-02-29 15:03:30,976 [INFO] IPUIPlugin:80 - create IPUIPlugin
2024-02-29 15:03:30,976 [INFO] PluginManager:220 - loadIPPluginJar : add ipddr
2024-02-29 15:03:30,992 [INFO] IPUIPlugin:80 - create IPUIPlugin
2024-02-29 15:03:30,993 [INFO] PluginManager:220 - loadIPPluginJar : add linkedlist
2024-02-29 15:03:30,999 [INFO] IPUIPlugin:80 - create IPUIPlugin
2024-02-29 15:03:31,000 [INFO] PluginManager:220 - loadIPPluginJar : add lorawan
2024-02-29 15:03:31,003 [INFO] IPUIPlugin:80 - create IPUIPlugin
2024-02-29 15:03:31,004 [INFO] PluginManager:220 - loadIPPluginJar : add ltdc
2024-02-29 15:03:31,017 [INFO] IPUIPlugin:80 - create IPUIPlugin
2024-02-29 15:03:31,018 [INFO] PluginManager:220 - loadIPPluginJar : add mdma
2024-02-29 15:03:31,028 [INFO] IPUIPlugin:80 - create IPUIPlugin
2024-02-29 15:03:31,028 [INFO] PluginManager:220 - loadIPPluginJar : add nvic
2024-02-29 15:03:31,035 [INFO] IPUIPlugin:80 - create IPUIPlugin
2024-02-29 15:03:31,036 [INFO] PluginManager:220 - loadIPPluginJar : add opamp
2024-02-29 15:03:31,044 [INFO] IPUIPlugin:80 - create IPUIPlugin
2024-02-29 15:03:31,044 [INFO] PluginManager:220 - loadIPPluginJar : add openamp
2024-02-29 15:03:31,052 [INFO] IPUIPlugin:80 - create IPUIPlugin
2024-02-29 15:03:31,053 [INFO] PluginManager:220 - loadIPPluginJar : add pdm2pcm
2024-02-29 15:03:31,066 [INFO] IPUIPlugin:80 - create IPUIPlugin
2024-02-29 15:03:31,074 [INFO] PluginManager:220 - loadIPPluginJar : add plateformsettings
2024-02-29 15:03:31,079 [INFO] IPUIPlugin:80 - create IPUIPlugin
2024-02-29 15:03:31,079 [INFO] PluginManager:220 - loadIPPluginJar : add quadspi
2024-02-29 15:03:31,089 [INFO] IPUIPlugin:80 - create IPUIPlugin
2024-02-29 15:03:31,089 [INFO] PluginManager:220 - loadIPPluginJar : add resmgrutility
2024-02-29 15:03:31,097 [INFO] IPUIPlugin:80 - create IPUIPlugin
2024-02-29 15:03:31,098 [INFO] PluginManager:220 - loadIPPluginJar : add sai
2024-02-29 15:03:31,104 [INFO] IPUIPlugin:80 - create IPUIPlugin
2024-02-29 15:03:31,104 [INFO] PluginManager:220 - loadIPPluginJar : add spi
2024-02-29 15:03:31,116 [INFO] IPUIPlugin:80 - create IPUIPlugin
2024-02-29 15:03:31,116 [INFO] PluginManager:220 - loadIPPluginJar : add stm32_wpan
2024-02-29 15:03:31,122 [INFO] IPUIPlugin:80 - create IPUIPlugin
2024-02-29 15:03:31,122 [INFO] PluginManager:220 - loadIPPluginJar : add tim
2024-02-29 15:03:31,130 [INFO] IPUIPlugin:80 - create IPUIPlugin
2024-02-29 15:03:31,130 [INFO] PluginManager:220 - loadIPPluginJar : add touchsensing
2024-02-29 15:03:31,135 [INFO] IPUIPlugin:80 - create IPUIPlugin
2024-02-29 15:03:31,135 [INFO] PluginManager:220 - loadIPPluginJar : add tracer_emb
2024-02-29 15:03:31,139 [INFO] IPUIPlugin:80 - create IPUIPlugin
2024-02-29 15:03:31,139 [INFO] PluginManager:220 - loadIPPluginJar : add ts
2024-02-29 15:03:31,143 [INFO] IPUIPlugin:80 - create IPUIPlugin
2024-02-29 15:03:31,144 [INFO] PluginManager:220 - loadIPPluginJar : add tsc
2024-02-29 15:03:31,149 [INFO] IPUIPlugin:80 - create IPUIPlugin
2024-02-29 15:03:31,150 [INFO] PluginManager:220 - loadIPPluginJar : add ucpd
2024-02-29 15:03:31,157 [INFO] IPUIPlugin:80 - create IPUIPlugin
2024-02-29 15:03:31,157 [INFO] PluginManager:220 - loadIPPluginJar : add usart
2024-02-29 15:03:31,165 [INFO] IPUIPlugin:80 - create IPUIPlugin
2024-02-29 15:03:31,166 [INFO] PluginManager:220 - loadIPPluginJar : add usbx
2024-02-29 15:03:31,391 [INFO] CADModel:165 - CPN selected for project level
2024-02-29 15:03:31,392 [INFO] CADModel:114 - Register for checkConnection events
2024-02-29 15:03:31,392 [FATAL] Updater:308 - Updater called before beeing initialized
2024-02-29 15:03:31,392 [ERROR] CADModel:125 - Updater not yet initialized, retry later 
2024-02-29 15:03:31,494 [INFO] ThirdPartyUpdaterWithRetryManager:70 - Updater plugin not ready yet. [2/15]
2024-02-29 15:03:31,784 [INFO] CADModel:165 - CPN selected for project level
2024-02-29 15:03:31,785 [INFO] CADModel:114 - Register for checkConnection events
2024-02-29 15:03:31,785 [FATAL] Updater:308 - Updater called before beeing initialized
2024-02-29 15:03:31,785 [ERROR] CADModel:125 - Updater not yet initialized, retry later 
2024-02-29 15:03:31,792 [FATAL] Updater:308 - Updater called before beeing initialized
2024-02-29 15:03:32,067 [FATAL] Updater:308 - Updater called before beeing initialized
2024-02-29 15:03:32,083 [INFO] DbMcusAds:53 - JSON generation date=Wed Nov 29 16:22:27 IST 2023 (1701255147349)
2024-02-29 15:03:32,083 [FATAL] Updater:308 - Updater called before beeing initialized
2024-02-29 15:03:32,172 [WARN] DetailPanel:346 - Failed to get advertising image, set to default
2024-02-29 15:03:32,393 [FATAL] Updater:308 - Updater called before beeing initialized
2024-02-29 15:03:32,399 [FATAL] Updater:308 - Updater called before beeing initialized
2024-02-29 15:03:32,399 [FATAL] Updater:308 - Updater called before beeing initialized
2024-02-29 15:03:32,399 [WARN] DetailPanel:346 - Failed to get advertising image, set to default
2024-02-29 15:03:32,401 [FATAL] Updater:308 - Updater called before beeing initialized
2024-02-29 15:03:32,551 [ERROR] Updater:1120 - MainUpdater not yet initialized. External WinMGr cannot be set.
2024-02-29 15:03:32,559 [INFO] Updater:1056 - Updater Version found : 6.10.0
2024-02-29 15:03:32,604 [INFO] ApplicationProperties:184 - Using Application install path: C:\ST\STM32CubeIDE_1.14.1\STM32CubeIDE\plugins\com.st.stm32cube.common.mx_6.10.0.202311202037
2024-02-29 15:03:34,210 [ERROR] LogOutputStream:75 - [STDERR_REDIRECT] Feb 29, 2024 3:03:34 PM java.util.prefs.WindowsPreferences <init>
2024-02-29 15:03:34,216 [ERROR] LogOutputStream:75 - [STDERR_REDIRECT] WARNING: Could not open/create prefs root node Software\JavaSoft\Prefs at root 0xffffffff80000002. Windows RegCreateKeyEx(...) returned error code 5.
2024-02-29 15:03:34,216 [ERROR] LogOutputStream:75 - [STDERR_REDIRECT] 
2024-02-29 15:03:34,496 [FATAL] Updater:308 - Updater called before beeing initialized
2024-02-29 15:03:34,498 [ERROR] IntegrityCheckThread:130 - Cannot retrieve database content from updater: error 21
2024-02-29 15:03:34,500 [INFO] ThirdParty:978 - Integrity check success = false
2024-02-29 15:03:34,500 [INFO] IntegrityCheckThread:100 - exiting critical section [integrity check]
2024-02-29 15:03:34,500 [INFO] IntegrityCheckThread:103 - End integrity checks thread
2024-02-29 15:03:35,058 [INFO] MainUpdater:2873 - connection check result : 10
2024-02-29 15:03:35,061 [INFO] MainUpdater:290 - Updater Check For Update Now.
2024-02-29 15:03:35,061 [INFO] MicroXplorer:498 - Change Database Version : DB.6.0.100
2024-02-29 15:03:35,104 [INFO] McuFinderGlobals:63 - Set McuFinder mode to 2 (CubeIDE integrated)
2024-02-29 15:03:35,368 [INFO] CheckServerUpdateThread:120 - End of CheckServer Thread
2024-02-29 15:03:35,736 [INFO] UserAuth:404 - Internet connection configuration mode: 1
2024-02-29 15:03:35,766 [INFO] JxBrowserEngine:152 - Initiate JxBrowser Engine with user profile folder
2024-02-29 15:03:39,130 [INFO] WebApp:161 - Instantiating new browser for Auth
2024-02-29 15:03:42,406 [INFO] WebApp:780 - Register for checkConnection events
2024-02-29 15:03:42,407 [INFO] WebApp:414 - Apply proxy settings
2024-02-29 15:03:42,407 [INFO] WebApp:499 - Chromium requires no authentication
2024-02-29 15:03:42,441 [INFO] WebApp:442 - Direct internet connection detected
2024-02-29 15:03:43,126 [INFO] WebApp:192 - Starting web application
2024-02-29 15:03:43,127 [INFO] WebApp:544 - Web application path used C:\ST\STM32CubeIDE_1.14.1\STM32CubeIDE\plugins\com.st.stm32cube.common.mx_6.10.0.202311202037\db\plugins\mcufinder\reactClient1\index.html
2024-02-29 15:04:05,258 [ERROR] LogOutputStream:75 - [STDERR_REDIRECT] SLF4J: Failed to load class "org.slf4j.impl.StaticLoggerBinder".
2024-02-29 15:04:05,262 [ERROR] LogOutputStream:75 - [STDERR_REDIRECT] SLF4J: Defaulting to no-operation (NOP) logger implementation
2024-02-29 15:04:05,266 [ERROR] LogOutputStream:75 - [STDERR_REDIRECT] SLF4J: See http://www.slf4j.org/codes.html#StaticLoggerBinder for further details.
2024-02-29 15:04:41,276 [INFO] McuFinderGlobals:63 - Set McuFinder mode to 2 (CubeIDE integrated)
2024-02-29 15:04:41,287 [INFO] MainUpdater:2873 - connection check result : 10
2024-02-29 15:04:41,290 [INFO] MainUpdater:2873 - connection check result : 10
2024-02-29 15:04:41,392 [INFO] MicroXplorer:468 - Change Database Path : 
2024-02-29 15:04:41,392 [INFO] MicroXplorer:498 - Change Database Version : DB.6.0.100
2024-02-29 15:04:41,405 [WARN] ThirdParty:871 - waiting for thirdparty lock release [close project]
2024-02-29 15:04:41,405 [INFO] ThirdParty:873 - entering critical section [close project]
2024-02-29 15:04:41,409 [INFO] ThirdParty:883 - exiting critical section [close project]
2024-02-29 15:04:41,414 [INFO] PinOutPanel:1499 - setPackage(No Configuration,No Configuration)
2024-02-29 15:04:41,424 [INFO] UtilMem:75 - Begin LoadConfig() Used Memory: 484747696 Bytes (628097024)
2024-02-29 15:04:41,427 [INFO] MicroXplorer:468 - Change Database Path : 
2024-02-29 15:04:41,427 [INFO] MicroXplorer:498 - Change Database Version : DB.6.0.100
2024-02-29 15:04:41,427 [INFO] OpenFileManager:312 - Change cursor
2024-02-29 15:04:41,467 [WARN] IntegrityCheckThread:84 - waiting for thirdparty lock release [integrity check]
2024-02-29 15:04:41,467 [INFO] IntegrityCheckThread:86 - entering critical section [integrity check]
2024-02-29 15:04:42,098 [WARN] PackLoader:240 - Cannot read IP mode file for STMicroelectronics.X-CUBE-SMBUS.2.1.0
2024-02-29 15:04:42,118 [WARN] PackLoader:240 - Cannot read IP mode file for STMicroelectronics.X-CUBE-TOUCHGFX.4.23.0
2024-02-29 15:04:42,198 [WARN] PackLoader:240 - Cannot read IP mode file for STMicroelectronics.X-CUBE-AZRTOS-F7.1.1.0
2024-02-29 15:04:42,227 [WARN] PackLoader:240 - Cannot read IP mode file for STMicroelectronics.FP-SNS-MOTENV1.4.3.2
2024-02-29 15:04:42,245 [WARN] PackLoader:240 - Cannot read IP mode file for STMicroelectronics.FP-SNS-FLIGHT1.5.0.2
2024-02-29 15:04:42,264 [WARN] PackLoader:240 - Cannot read IP mode file for STMicroelectronics.X-CUBE-DISPLAY.3.0.0
2024-02-29 15:04:42,294 [WARN] PackLoader:240 - Cannot read IP mode file for STMicroelectronics.X-CUBE-BLE1.7.0.0
2024-02-29 15:04:42,309 [WARN] PackLoader:240 - Cannot read IP mode file for emotas.I-CUBE-CANOPEN.1.3.0
2024-02-29 15:04:42,325 [WARN] PackLoader:240 - Cannot read IP mode file for STMicroelectronics.FP-SNS-SMARTAG2.1.2.0
2024-02-29 15:04:42,359 [INFO] LogOutputStream:77 - [STDOUT_REDIRECT] 1 : Invalid condition id : UX_CORESTACK_Condition cause : null
2024-02-29 15:04:42,360 [INFO] LogOutputStream:77 - [STDOUT_REDIRECT] 1 : Invalid condition id : UX_CORESTACK_Condition cause : null
2024-02-29 15:04:42,365 [INFO] LogOutputStream:77 - [STDOUT_REDIRECT] 1 : Invalid condition id : UX_CORESTACK_Condition cause : null
2024-02-29 15:04:42,369 [INFO] LogOutputStream:77 - [STDOUT_REDIRECT] 1 : Invalid condition id : UX_CORESTACK_Condition cause : null
2024-02-29 15:04:42,376 [INFO] LogOutputStream:77 - [STDOUT_REDIRECT] 1 : Invalid condition id : UX_CORESTACK_Condition cause : null
2024-02-29 15:04:42,385 [WARN] PackLoader:240 - Cannot read IP mode file for STMicroelectronics.X-CUBE-AZRTOS-WL.2.0.0
2024-02-29 15:04:42,410 [WARN] PackLoader:240 - Cannot read IP mode file for WES.I-CUBE-Cesium.1.3.0
2024-02-29 15:04:42,428 [WARN] PackLoader:240 - Cannot read IP mode file for STMicroelectronics.X-CUBE-BLE2.3.3.0
2024-02-29 15:04:42,444 [WARN] PackLoader:240 - Cannot read IP mode file for STMicroelectronics.X-CUBE-ALGOBUILD.1.3.0
2024-02-29 15:04:42,487 [WARN] PackLoader:240 - Cannot read IP mode file for STMicroelectronics.X-CUBE-AZRTOS-G0.1.1.0
2024-02-29 15:04:42,503 [WARN] PackLoader:240 - Cannot read IP mode file for STMicroelectronics.X-CUBE-NFC4.3.0.0
2024-02-29 15:04:42,528 [WARN] PackLoader:240 - Cannot read IP mode file for STMicroelectronics.X-CUBE-BLEMGR.3.0.0
2024-02-29 15:04:42,544 [WARN] PackLoader:240 - Cannot read IP mode file for STMicroelectronics.FP-ATR-SIGFOX1.3.2.0
2024-02-29 15:04:42,559 [WARN] PackLoader:240 - Cannot read IP mode file for STMicroelectronics.X-CUBE-EEPRMA1.5.1.0
2024-02-29 15:04:42,619 [WARN] PackLoader:240 - Cannot read IP mode file for SEGGER.I-CUBE-embOS.1.3.1
2024-02-29 15:04:42,713 [WARN] PackLoader:240 - Cannot read IP mode file for STMicroelectronics.X-CUBE-GNSS1.6.0.0
2024-02-29 15:04:42,777 [WARN] PackLoader:240 - Cannot read IP mode file for STMicroelectronics.X-CUBE-AZRTOS-F4.1.1.0
2024-02-29 15:04:42,791 [WARN] PackLoader:240 - Cannot read IP mode file for wolfSSL.I-CUBE-wolfSSL.5.6.6
2024-02-29 15:04:42,831 [WARN] PackLoader:240 - Cannot read IP mode file for STMicroelectronics.X-CUBE-AZRTOS-L5.2.0.0
2024-02-29 15:04:42,848 [WARN] PackLoader:240 - Cannot read IP mode file for ITTIA_DB.I-CUBE-ITTIADB.8.8.0
2024-02-29 15:04:42,862 [WARN] PackLoader:240 - Cannot read IP mode file for STMicroelectronics.X-CUBE-NFC7.1.0.1
2024-02-29 15:04:42,882 [WARN] PackLoader:240 - Cannot read IP mode file for STMicroelectronics.X-CUBE-NFC6.3.0.0
2024-02-29 15:04:42,896 [WARN] PackLoader:240 - Cannot read IP mode file for STMicroelectronics.X-CUBE-AI.8.1.0
2024-02-29 15:04:42,947 [WARN] ConditionMgr:438 - getConditionDescription Invalid condition id : LAN8742 Phy interface Condition cause : null
2024-02-29 15:04:42,949 [WARN] PackLoader:240 - Cannot read IP mode file for STMicroelectronics.X-CUBE-AZRTOS-L4.2.0.0
2024-02-29 15:04:42,952 [WARN] ConditionMgr:1039 - genDependencies : Invalid condition id : LAN8742 Phy interface Condition cause : null
2024-02-29 15:04:42,952 [WARN] ConditionMgr:1039 - genDependencies : Invalid condition id : LAN8742 Phy interface Condition cause : null
2024-02-29 15:04:42,957 [WARN] ConditionMgr:1039 - genDependencies : Invalid condition id : LAN8742 Phy interface Condition cause : null
2024-02-29 15:04:42,979 [WARN] PackLoader:240 - Cannot read IP mode file for STMicroelectronics.X-CUBE-SFXS2LP1.4.0.0
2024-02-29 15:04:43,008 [WARN] ConditionMgr:438 - getConditionDescription Invalid condition id : UX DEVICE CLASS RTOS Condition cause : null
2024-02-29 15:04:43,009 [WARN] ConditionMgr:438 - getConditionDescription Invalid condition id : UX DEVICE CLASS RTOS Condition cause : null
2024-02-29 15:04:43,013 [WARN] PackLoader:240 - Cannot read IP mode file for STMicroelectronics.X-CUBE-AZRTOS-WB.2.0.0
2024-02-29 15:04:43,015 [WARN] ConditionMgr:1039 - genDependencies : Invalid condition id : UX DEVICE CLASS RTOS Condition cause : null
2024-02-29 15:04:43,016 [WARN] ConditionMgr:1039 - genDependencies : Invalid condition id : UX DEVICE CLASS RTOS Condition cause : null
2024-02-29 15:04:43,018 [WARN] ConditionMgr:1039 - genDependencies : Invalid condition id : UX DEVICE CLASS RTOS Condition cause : null
2024-02-29 15:04:43,019 [WARN] ConditionMgr:1039 - genDependencies : Invalid condition id : UX DEVICE CLASS RTOS Condition cause : null
2024-02-29 15:04:43,019 [WARN] ConditionMgr:1039 - genDependencies : Invalid condition id : UX DEVICE CLASS RTOS Condition cause : null
2024-02-29 15:04:43,050 [WARN] PackLoader:240 - Cannot read IP mode file for STMicroelectronics.X-CUBE-SUBG2.5.0.0
2024-02-29 15:04:43,134 [WARN] PackLoader:240 - Cannot read IP mode file for STMicroelectronics.X-CUBE-AZRTOS-G4.2.0.0
2024-02-29 15:04:43,163 [WARN] PackLoader:240 - Cannot read IP mode file for Infineon.AIROC-Wi-Fi-Bluetooth-STM32.1.5.1
2024-02-29 15:04:43,180 [WARN] PackLoader:240 - Cannot read IP mode file for STMicroelectronics.FP-SNS-MOTENVWB1.1.3.1
2024-02-29 15:04:43,218 [WARN] PackLoader:240 - Cannot read IP mode file for STMicroelectronics.X-CUBE-ISPU.2.0.0
2024-02-29 15:04:43,297 [WARN] PackLoader:240 - Cannot read IP mode file for STMicroelectronics.X-CUBE-MEMS1.10.0.0
2024-02-29 15:04:43,578 [WARN] PackLoader:240 - Cannot read IP mode file for STMicroelectronics.X-CUBE-FREERTOS.1.1.0
2024-02-29 15:04:43,590 [WARN] PackLoader:240 - Cannot read IP mode file for portGmbH.I-Cube-SoM-uGOAL.1.1.0
2024-02-29 15:04:43,598 [WARN] PackLoader:240 - Cannot read IP mode file for STMicroelectronics.X-CUBE-ALS.1.0.1
2024-02-29 15:04:43,607 [WARN] PackLoader:240 - Cannot read IP mode file for STMicroelectronics.FP-ATR-ASTRA1.2.0.0
2024-02-29 15:04:43,627 [WARN] PackLoader:240 - Cannot read IP mode file for STMicroelectronics.X-CUBE-TOF1.3.4.0
2024-02-29 15:04:43,681 [WARN] PackLoader:240 - Cannot read IP mode file for STMicroelectronics.X-CUBE-AZRTOS-H7.3.2.0
2024-02-29 15:04:43,688 [INFO] ThirdParty:978 - Integrity check success = true
2024-02-29 15:04:43,689 [INFO] IntegrityCheckThread:100 - exiting critical section [integrity check]
2024-02-29 15:04:43,689 [INFO] IntegrityCheckThread:103 - End integrity checks thread
2024-02-29 15:04:43,735 [INFO] Mcu:2016 - Initializing MCU STM32F446R(C-E)Tx STM32F446RETx STM32F446RET6
2024-02-29 15:04:50,659 [INFO] Context:659 - Trying to add GPIOservice into a context  which must be forbidden
2024-02-29 15:04:52,412 [INFO] RtosManager:555 - Registered RTOS mode: class=CMSIS, group=RTOS, mode=CMSIS_V1, owner=FREERTOS
2024-02-29 15:04:52,413 [INFO] RtosManager:555 - Registered RTOS mode: class=CMSIS, group=RTOS2, mode=CMSIS_V2, owner=FREERTOS
2024-02-29 15:04:52,413 [INFO] RtosManager:555 - Registered RTOS mode: class=RTOS, group=Core, mode=CMSIS_V1, owner=FREERTOS
2024-02-29 15:04:52,413 [INFO] RtosManager:555 - Registered RTOS mode: class=RTOS, group=Core, mode=CMSIS_V2, owner=FREERTOS
2024-02-29 15:04:52,413 [WARN] ModelIntegratedComponent:184 - Missing modes for component STMicroelectronics:FreeRTOS:0.0.1:STMicroelectronics:RTOS:FreeRTOS:Core:::10.2.0:
2024-02-29 15:04:52,450 [WARN] ModelIntegratedComponent:63 - No mode defined for component null
2024-02-29 15:04:52,450 [WARN] ModelIntegratedComponent:63 - No mode defined for component null
2024-02-29 15:04:52,450 [WARN] ModelIntegratedComponent:63 - No mode defined for component null
2024-02-29 15:04:52,450 [WARN] ModelIntegratedComponent:63 - No mode defined for component null
2024-02-29 15:04:52,450 [WARN] ModelIntegratedComponent:63 - No mode defined for component null
2024-02-29 15:04:52,451 [WARN] ModelIntegratedComponent:63 - No mode defined for component null
2024-02-29 15:04:52,451 [WARN] ModelIntegratedComponent:63 - No mode defined for component null
2024-02-29 15:04:52,451 [WARN] ModelIntegratedComponent:63 - No mode defined for component null
2024-02-29 15:04:52,451 [WARN] ModelIntegratedComponent:63 - No mode defined for component null
2024-02-29 15:04:52,451 [WARN] ModelIntegratedComponent:63 - No mode defined for component null
2024-02-29 15:04:52,451 [WARN] ModelIntegratedComponent:63 - No mode defined for component null
2024-02-29 15:04:52,451 [WARN] ModelIntegratedComponent:63 - No mode defined for component null
2024-02-29 15:04:52,451 [WARN] ModelIntegratedComponent:63 - No mode defined for component null
2024-02-29 15:04:52,451 [WARN] ModelIntegratedComponent:63 - No mode defined for component null
2024-02-29 15:04:52,451 [WARN] ModelIntegratedComponent:63 - No mode defined for component null
2024-02-29 15:04:52,452 [WARN] ModelIntegratedComponent:63 - No mode defined for component null
2024-02-29 15:04:52,452 [WARN] ModelIntegratedComponent:63 - No mode defined for component null
2024-02-29 15:04:52,452 [WARN] ModelIntegratedComponent:63 - No mode defined for component null
2024-02-29 15:04:52,452 [WARN] ModelIntegratedComponent:63 - No mode defined for component null
2024-02-29 15:04:52,452 [WARN] ModelIntegratedComponent:63 - No mode defined for component null
2024-02-29 15:04:52,452 [WARN] ModelIntegratedComponent:63 - No mode defined for component null
2024-02-29 15:04:52,452 [WARN] ModelIntegratedComponent:63 - No mode defined for component null
2024-02-29 15:04:52,452 [WARN] ModelIntegratedComponent:63 - No mode defined for component null
2024-02-29 15:04:52,453 [WARN] ModelIntegratedComponent:63 - No mode defined for component null
2024-02-29 15:04:52,453 [WARN] ModelIntegratedComponent:63 - No mode defined for component null
2024-02-29 15:04:52,453 [WARN] ModelIntegratedComponent:63 - No mode defined for component null
2024-02-29 15:04:52,453 [WARN] ModelIntegratedComponent:63 - No mode defined for component null
2024-02-29 15:04:52,453 [WARN] ModelIntegratedComponent:63 - No mode defined for component null
2024-02-29 15:04:52,453 [WARN] ModelIntegratedComponent:63 - No mode defined for component null
2024-02-29 15:04:52,453 [WARN] ModelIntegratedComponent:63 - No mode defined for component null
2024-02-29 15:04:52,453 [WARN] ModelIntegratedComponent:63 - No mode defined for component null
2024-02-29 15:04:52,454 [WARN] ModelIntegratedComponent:63 - No mode defined for component null
2024-02-29 15:04:52,454 [WARN] ModelIntegratedComponent:63 - No mode defined for component null
2024-02-29 15:04:52,901 [INFO] ThirdPartyModel:298 - Start build external matchings
2024-02-29 15:04:53,646 [INFO] ThirdPartyModel:316 - End build external matchings
2024-02-29 15:04:54,766 [INFO] UtilMem:75 - End LoadConfig() Used Memory: 502531376 Bytes (694157312)
2024-02-29 15:04:55,087 [INFO] ApiDb:581 - Connected to CubeFinder SQLite database (C:\Users\tarun\.stmcufinder\plugins\mcufinder\mcu\cube-finder-db.db)
2024-02-29 15:04:55,345 [INFO] ApiDb:668 - CubeFinder database Data Model version=2.1
2024-02-29 15:04:55,345 [INFO] ApiDb:669 - CubeFinder database Configuration version=3.0.39
2024-02-29 15:04:55,346 [INFO] ApiDb:670 - CubeFinder database generation date=2024-02-19 (1708350410)
2024-02-29 15:04:55,346 [INFO] ApiDb:671 - CubeFinder database FW Pack versions=[FP-ATR-ASTRA1_V2.0.0, FP-SNS-FLIGHT1_V5.0.1, FP-SNS-FLIGHT1_V5.0.2, FP-SNS-MOTENV1_V4.3.1, FP-SNS-MOTENV1_V4.3.2, FP-SNS-MOTENVWB1_V1.3.1, FP-SNS-SMARTAG2_V1.2.0, STM32Cube_FW_C0_V1.1.0, STM32Cube_FW_F4_V1.28.0, STM32Cube_FW_F7_V1.17.0, STM32Cube_FW_G0_V1.6.2, STM32Cube_FW_G4_V1.5.2, STM32Cube_FW_H5_V0.5.1, STM32Cube_FW_H5_V1.1.1, STM32Cube_FW_H5_V1.2.0RC2, STM32Cube_FW_H7_V1.11.0, STM32Cube_FW_L0_V1.12.2, STM32Cube_FW_L5_V1.5.0, STM32Cube_FW_U5_V1.3.0RC4, STM32Cube_FW_U5_V1.4.0, STM32Cube_FW_WBA_V1.0.0RC1, STM32Cube_FW_WBA_V1.1.0RC1, STM32Cube_FW_WBA_V1.2.0, STM32Cube_FW_WBA_V1.2.0RC2, STM32Cube_FW_WB_V1.15.0RC1, STM32Cube_FW_WB_V1.16.0, STM32Cube_FW_WB_V1.16.0RC2, STM32Cube_FW_WB_V1.18.0, STM32Cube_FW_WL_V1.3.0, X-CUBE-ALGOBUILD_V1.3.0, X-CUBE-ALS_V1.0.1, X-CUBE-AZRTOS-F4_V1.1.0, X-CUBE-AZRTOS-F7_V1.1.0, X-CUBE-AZRTOS-G0_V1.1.0, X-CUBE-AZRTOS-G4_V2.0.0, X-CUBE-AZRTOS-H7_V3.2.0, X-CUBE-AZRTOS-L4_V1.0.0, X-CUBE-AZRTOS-L4_V2.0.0, X-CUBE-AZRTOS-L5_V1.1.0, X-CUBE-AZRTOS-WB_V2.0.0, X-CUBE-AZRTOS-WL_V2.0.0, X-CUBE-BLE1_V7.0.0, X-CUBE-BLE2_V3.3.0, X-CUBE-BLEMGR_V3.0.0, X-CUBE-EEPRMA1_V4.1.0, X-CUBE-EEPRMA1_V5.1.0, X-CUBE-FREERTOS_V1.1.0, X-CUBE-GNSS1_V6.0.0, X-CUBE-MEMS1_V10.0.0, X-CUBE-MEMS1_V9.1.0, X-CUBE-MEMS1_V9.4.0, X-CUBE-MEMS1_V9.6.0, X-CUBE-NFC4_V3.0.0, X-CUBE-NFC7_V1.0.1, X-CUBE-SFXS2LP1_V4.0.0, X-CUBE-SUBG2_V5.0.0, X-CUBE-TOF1_V3.4.0]
2024-02-29 15:05:00,537 [INFO] ApiDb:240 - Found 371 in-development CPN: [B-G473E-ZEST1S, B-WB1M-WPAN1, B-WL5M-SUBG1, NUCLEO-C031C6, NUCLEO-H503RB, NUCLEO-H563ZI, NUCLEO-U545RE-Q, NUCLEO-U5A5ZJ-Q, NUCLEO-WBA52CG, NUCLEO-WBA55CG, STEVAL-MKBOXPRO, STEVAL-PROTEUS1, STEVAL-STWINBX1, STM320518-EVAL, STM32C0116-DK, STM32C011D6Y3TR, STM32C011D6Y6TR, STM32C011F4P3, STM32C011F4P6, STM32C011F4U3, STM32C011F4U6TR, STM32C011F6P3, STM32C011F6P6, STM32C011F6U3, STM32C011F6U6TR, STM32C011J4M3, STM32C011J4M6, STM32C011J6M3, STM32C011J6M6, STM32C0316-DK, STM32C031C4T3, STM32C031C4T6, STM32C031C4U3, STM32C031C4U6, STM32C031C6T3, STM32C031C6T6, STM32C031C6U3, STM32C031C6U6, STM32C031F4P3, STM32C031F4P6, STM32C031F6P3, STM32C031F6P6, STM32C031G4U3, STM32C031G4U6, STM32C031G6U3, STM32C031G6U6, STM32C031K4T3, STM32C031K4T6, STM32C031K4U3, STM32C031K4U6, STM32C031K6T3, STM32C031K6T6, STM32C031K6U3, STM32C031K6U6, STM32G071K8TXN, STM32G071K8UXN, STM32G081GBU6N, STM32G081KBT6N, STM32G081KBUXN, STM32G0B1CCT6N, STM32G0B1KCT6, STM32G0B1NEY6TR, STM32G0B1RCT6N, STM32G0C1CCT6, STM32G0C1CCT6N, STM32G0C1CCU6N, STM32G0C1CET6N, STM32G0C1CEU6N, STM32G0C1KCT6, STM32G0C1NEY6TR, STM32G0C1RCI6N, STM32G0C1RCT6N, STM32G0C1REI6N, STM32G0C1RET6N, STM32G0C1VCI6, STM32G0C1VEI6, STM32G471CCT6, STM32G471CCU6, STM32G471CET3, STM32G471CET6, STM32G471CEU3, STM32G471CEU6, STM32G471MCT6, STM32G471MET3, STM32G471MET6, STM32G471MEY6TR, STM32G471QCT6, STM32G471QET3, STM32G471RCT6, STM32G471RET3, STM32G471RET6, STM32G471VCH6, STM32G471VCI6, STM32G471VCT6, STM32G471VEH3, STM32G471VEH6, STM32G471VEI3, STM32G471VEI6, STM32G471VET3, STM32G471VET6, STM32G474CCT6, STM32H503CBT6, STM32H503CBU6, STM32H503EBY6TR, STM32H503KBU6, STM32H503RBT6, STM32H562AGI6, STM32H562AII6, STM32H562IGK6, STM32H562IGT6, STM32H562IIK6, STM32H562IIT6, STM32H562RGT6, STM32H562RGV6, STM32H562RIT6, STM32H562RIV6, STM32H562VGT6, STM32H562VIT6, STM32H562ZGT6, STM32H562ZIT6, STM32H563AGI6, STM32H563AII3Q, STM32H563AII6, STM32H563IGK6, STM32H563IGT6, STM32H563IIK3Q, STM32H563IIK6, STM32H563IIT3Q, STM32H563IIT6, STM32H563MIY3QTR, STM32H563RGT6, STM32H563RGV6, STM32H563RIT6, STM32H563RIV6, STM32H563VGT6, STM32H563VIT3Q, STM32H563VIT6, STM32H563ZGT6, STM32H563ZIT3Q, STM32H563ZIT6, STM32H573AII3Q, STM32H573AII6, STM32H573I-DK, STM32H573IIK3Q, STM32H573IIK6, STM32H573IIT3Q, STM32H573IIT6, STM32H573MIY3QTR, STM32H573RIT6, STM32H573RIV6, STM32H573VIT3Q, STM32H573VIT6, STM32H573ZIT3Q, STM32H573ZIT6, STM32L4R5QGI6STR, STM32MP131AAE3, STM32MP131AAF3, STM32MP131AAG3, STM32MP131CAE3, STM32MP131CAF3, STM32MP131CAG3, STM32MP131DAE7, STM32MP131DAF7, STM32MP131DAG7, STM32MP131FAE7, STM32MP131FAF7, STM32MP131FAG7, STM32MP133AAE3, STM32MP133AAF3, STM32MP133AAG3, STM32MP133CAE3, STM32MP133CAF3, STM32MP133CAG3, STM32MP133DAE7, STM32MP133DAF7, STM32MP133DAG7, STM32MP133FAE7, STM32MP133FAF7, STM32MP133FAG7, STM32MP135AAE3, STM32MP135AAF3, STM32MP135AAG3, STM32MP135CAE3, STM32MP135CAF3, STM32MP135CAG3, STM32MP135DAE7, STM32MP135DAF7, STM32MP135DAG7, STM32MP135F-DK, STM32MP135FAE7, STM32MP135FAF7, STM32MP135FAF7T, STM32MP135FAF7U, STM32MP135FAG7, STM32U535CBT6, STM32U535CBT6Q, STM32U535CBU6, STM32U535CBU6Q, STM32U535CCT6, STM32U535CCT6Q, STM32U535CCU6, STM32U535CCU6Q, STM32U535CET6, STM32U535CET6Q, STM32U535CEU6, STM32U535CEU6Q, STM32U535JEY6QTR, STM32U535NCY6QTR, STM32U535NEY6QTR, STM32U535RBI6, STM32U535RBI6Q, STM32U535RBT6, STM32U535RBT6Q, STM32U535RCI6, STM32U535RCI6Q, STM32U535RCT6, STM32U535RCT6Q, STM32U535REI6, STM32U535REI6Q, STM32U535RET6, STM32U535RET6Q, STM32U535VCI6, STM32U535VCI6Q, STM32U535VCT6, STM32U535VCT6Q, STM32U535VEI6, STM32U535VEI6Q, STM32U535VET6, STM32U535VET6Q, STM32U545CET6, STM32U545CET6Q, STM32U545CEU6, STM32U545CEU6Q, STM32U545JEY6QTR, STM32U545NEY6QTR, STM32U545REI6, STM32U545REI6Q, STM32U545RET6, STM32U545RET6Q, STM32U545VEI6, STM32U545VEI6Q, STM32U545VET6, STM32U545VET6Q, STM32U595AIH6, STM32U595AIH6Q, STM32U595AJH6, STM32U595AJH6Q, STM32U595QII6, STM32U595QII6Q, STM32U595QJI6, STM32U595QJI6Q, STM32U595RIT6, STM32U595RIT6Q, STM32U595RJT6, STM32U595RJT6Q, STM32U595VIT6, STM32U595VIT6Q, STM32U595VJT6, STM32U595VJT6Q, STM32U595ZIT6, STM32U595ZIT6Q, STM32U595ZIY6QTR, STM32U595ZJT6, STM32U595ZJT6Q, STM32U595ZJY6QTR, STM32U599BJY6QTR, STM32U599NIH6Q, STM32U599NJH6Q, STM32U599VIT6Q, STM32U599VJT6, STM32U599VJT6Q, STM32U599ZIT6Q, STM32U599ZIY6QTR, STM32U599ZJT6Q, STM32U599ZJY6QTR, STM32U5A5AJH6, STM32U5A5AJH6Q, STM32U5A5QJI6, STM32U5A5QJI6Q, STM32U5A5RJT6, STM32U5A5RJT6Q, STM32U5A5VJT6, STM32U5A5VJT6Q, STM32U5A5ZJT6, STM32U5A5ZJT6Q, STM32U5A5ZJY6QTR, STM32U5A9BJY6QTR, STM32U5A9J-DK, STM32U5A9NJH6Q, STM32U5A9VJT6Q, STM32U5A9ZJT6Q, STM32U5A9ZJY6QTR, STM32U5F7VIT6, STM32U5F7VIT6Q, STM32U5F7VJT6, STM32U5F7VJT6Q, STM32U5F9BJY6QTR, STM32U5F9NJH6Q, STM32U5F9VIT6Q, STM32U5F9VJT6Q, STM32U5F9ZIJ6QTR, STM32U5F9ZIT6Q, STM32U5F9ZJJ6QTR, STM32U5F9ZJT6Q, STM32U5G7VJT6, STM32U5G7VJT6Q, STM32U5G9BJY6QTR, STM32U5G9J-DK1, STM32U5G9J-DK2, STM32U5G9NJH6Q, STM32U5G9VJT6Q, STM32U5G9ZJJ6QTR, STM32U5G9ZJT6Q, STM32WB1MMCH6, STM32WBA50KEU6, STM32WBA50KEU6TR, STM32WBA50KGU6, STM32WBA50KGU6TR, STM32WBA52CEU6, STM32WBA52CEU6TR, STM32WBA52CEU7, STM32WBA52CEU7TR, STM32WBA52CGU6, STM32WBA52CGU6TR, STM32WBA52CGU6U, STM32WBA52CGU7, STM32WBA52CGU7TR, STM32WBA52KEU6, STM32WBA52KEU6TR, STM32WBA52KGU6, STM32WBA52KGU6TR, STM32WBA54CEU6, STM32WBA54CEU6TR, STM32WBA54CEU7, STM32WBA54CEU7TR, STM32WBA54CGU6, STM32WBA54CGU6TR, STM32WBA54CGU7, STM32WBA54CGU7TR, STM32WBA54KEU6, STM32WBA54KEU6TR, STM32WBA54KEU7, STM32WBA54KEU7TR, STM32WBA54KGU6, STM32WBA54KGU6TR, STM32WBA54KGU7, STM32WBA54KGU7TR, STM32WBA55CEU6, STM32WBA55CEU6TR, STM32WBA55CEU7, STM32WBA55CEU7TR, STM32WBA55CGU6, STM32WBA55CGU6TR, STM32WBA55CGU6U, STM32WBA55CGU7, STM32WBA55CGU7TR, STM32WBA55G-DK1, STM32WBA55HEF6, STM32WBA55HEF7, STM32WBA55HGF6, STM32WBA55HGF7, STM32WBA55UEI6, STM32WBA55UEI6TR, STM32WBA55UEI7, STM32WBA55UEI7TR, STM32WBA55UGI6, STM32WBA55UGI6TR, STM32WBA55UGI7, STM32WBA55UGI7TR, STM32WL5MOCH6, STM32WL5MOCH6TR]
2024-02-29 15:05:00,546 [INFO] DbMcus:218 - Found 3930 MCUs, 3930 are supported
2024-02-29 15:05:00,548 [INFO] ApiDb:423 - Load user favorites file C:\Users\tarun/.stm32cubeide/favorites.mcus.txt: 0 item(s)
2024-02-29 15:05:00,549 [INFO] ApiDb:427 - User favorites MCUs=[]
2024-02-29 15:05:00,549 [INFO] DbMcus:224 - Set 0 / 0 favorites MCUs
2024-02-29 15:05:01,545 [INFO] MicroXplorer:468 - Change Database Path : 
2024-02-29 15:05:01,545 [INFO] MicroXplorer:498 - Change Database Version : DB.6.0.100
2024-02-29 15:05:01,547 [WARN] ThirdParty:833 - waiting for thirdparty lock release [change project]
2024-02-29 15:05:01,547 [INFO] ThirdParty:835 - entering critical section [change project]
2024-02-29 15:05:01,548 [INFO] ThirdParty:1030 - CMSIS Pack Vendor :STMicroelectronics USBPD 4.1
2024-02-29 15:05:01,548 [INFO] ThirdParty:1030 - CMSIS Pack Vendor :STMicroelectronics X-CUBE-GNSS1 6.0.0
2024-02-29 15:05:01,548 [INFO] ThirdParty:1030 - CMSIS Pack Vendor :STMicroelectronics USB_HOST 2.0.0
2024-02-29 15:05:01,548 [INFO] ThirdParty:1030 - CMSIS Pack Vendor :STMicroelectronics X-CUBE-AZRTOS-F4 1.1.0
2024-02-29 15:05:01,549 [INFO] ThirdParty:1030 - CMSIS Pack Vendor :STMicroelectronics LIBJPEG 8.0.0
2024-02-29 15:05:01,549 [INFO] ThirdParty:1030 - CMSIS Pack Vendor :STMicroelectronics X-CUBE-SMBUS 2.1.0
2024-02-29 15:05:01,549 [INFO] ThirdParty:1030 - CMSIS Pack Vendor :STMicroelectronics USB_DEVICE 3.0.0
2024-02-29 15:05:01,549 [INFO] ThirdParty:1030 - CMSIS Pack Vendor :STMicroelectronics X-CUBE-AZRTOS-WB 2.0.0
2024-02-29 15:05:01,549 [INFO] ThirdParty:1030 - CMSIS Pack Vendor :wolfSSL I-CUBE-wolfSSL 5.6.6
2024-02-29 15:05:01,549 [INFO] ThirdParty:1030 - CMSIS Pack Vendor :STMicroelectronics X-CUBE-TOUCHGFX 4.23.0
2024-02-29 15:05:01,549 [INFO] ThirdParty:1030 - CMSIS Pack Vendor :STMicroelectronics X-CUBE-AZRTOS-F7 1.1.0
2024-02-29 15:05:01,549 [INFO] ThirdParty:1030 - CMSIS Pack Vendor :STMicroelectronics X-CUBE-AZRTOS-L5 2.0.0
2024-02-29 15:05:01,549 [INFO] ThirdParty:1030 - CMSIS Pack Vendor :STMicroelectronics USB_DEVICE 2.0.0
2024-02-29 15:05:01,549 [INFO] ThirdParty:1030 - CMSIS Pack Vendor :ITTIA_DB I-CUBE-ITTIADB 8.8.0
2024-02-29 15:05:01,550 [INFO] ThirdParty:1030 - CMSIS Pack Vendor :STMicroelectronics FP-SNS-MOTENV1 4.3.2
2024-02-29 15:05:01,550 [INFO] ThirdParty:1030 - CMSIS Pack Vendor :STMicroelectronics X-CUBE-ALGOBUILD 1.3.0
2024-02-29 15:05:01,550 [INFO] ThirdParty:1030 - CMSIS Pack Vendor :STMicroelectronics FreeRTOS 0.0.1
2024-02-29 15:05:01,550 [INFO] ThirdParty:1030 - CMSIS Pack Vendor :STMicroelectronics X-CUBE-AZRTOS-G0 1.1.0
2024-02-29 15:05:01,550 [INFO] ThirdParty:1030 - CMSIS Pack Vendor :STMicroelectronics X-CUBE-NFC4 3.0.0
2024-02-29 15:05:01,550 [INFO] ThirdParty:1030 - CMSIS Pack Vendor :STMicroelectronics X-CUBE-SUBG2 5.0.0
2024-02-29 15:05:01,550 [INFO] ThirdParty:1030 - CMSIS Pack Vendor :STMicroelectronics STM32_WPAN 1.0.0
2024-02-29 15:05:01,551 [INFO] ThirdParty:1030 - CMSIS Pack Vendor :STMicroelectronics lwIP 2.0.3
2024-02-29 15:05:01,551 [INFO] ThirdParty:1030 - CMSIS Pack Vendor :STMicroelectronics FP-SNS-FLIGHT1 5.0.2
2024-02-29 15:05:01,551 [INFO] ThirdParty:1030 - CMSIS Pack Vendor :STMicroelectronics USB_HOST 1.0.0
2024-02-29 15:05:01,551 [INFO] ThirdParty:1030 - CMSIS Pack Vendor :STMicroelectronics X-CUBE-AZRTOS-G4 2.0.0
2024-02-29 15:05:01,551 [INFO] ThirdParty:1030 - CMSIS Pack Vendor :STMicroelectronics PDM2PCM 3.1.0
2024-02-29 15:05:01,551 [INFO] ThirdParty:1030 - CMSIS Pack Vendor :Infineon AIROC-Wi-Fi-Bluetooth-STM32 1.5.1
2024-02-29 15:05:01,551 [INFO] ThirdParty:1030 - CMSIS Pack Vendor :STMicroelectronics X-CUBE-BLEMGR 3.0.0
2024-02-29 15:05:01,552 [INFO] ThirdParty:1030 - CMSIS Pack Vendor :STMicroelectronics PDM2PCM 3.3.0
2024-02-29 15:05:01,552 [INFO] ThirdParty:1030 - CMSIS Pack Vendor :STMicroelectronics X-CUBE-DISPLAY 3.0.0
2024-02-29 15:05:01,552 [INFO] ThirdParty:1030 - CMSIS Pack Vendor :STMicroelectronics FP-SNS-MOTENVWB1 1.3.1
2024-02-29 15:05:01,552 [INFO] ThirdParty:1030 - CMSIS Pack Vendor :STMicroelectronics X-CUBE-BLE1 7.0.0
2024-02-29 15:05:01,552 [INFO] ThirdParty:1030 - CMSIS Pack Vendor :STMicroelectronics FP-ATR-SIGFOX1 3.2.0
2024-02-29 15:05:01,553 [INFO] ThirdParty:1030 - CMSIS Pack Vendor :STMicroelectronics X-CUBE-ISPU 2.0.0
2024-02-29 15:05:01,553 [INFO] ThirdParty:1030 - CMSIS Pack Vendor :STMicroelectronics X-CUBE-EEPRMA1 5.1.0
2024-02-29 15:05:01,553 [INFO] ThirdParty:1030 - CMSIS Pack Vendor :STMicroelectronics HAL Drivers 0.0.0
2024-02-29 15:05:01,553 [INFO] ThirdParty:1030 - CMSIS Pack Vendor :STMicroelectronics MBEDTLS 2.16.2
2024-02-29 15:05:01,554 [INFO] ThirdParty:1030 - CMSIS Pack Vendor :emotas I-CUBE-CANOPEN 1.3.0
2024-02-29 15:05:01,554 [INFO] ThirdParty:1030 - CMSIS Pack Vendor :STMicroelectronics X-CUBE-MEMS1 10.0.0
2024-02-29 15:05:01,554 [INFO] ThirdParty:1030 - CMSIS Pack Vendor :STMicroelectronics X-CUBE-FREERTOS 1.1.0
2024-02-29 15:05:01,554 [INFO] ThirdParty:1030 - CMSIS Pack Vendor :STMicroelectronics X-CUBE-NFC7 1.0.1
2024-02-29 15:05:01,555 [INFO] ThirdParty:1030 - CMSIS Pack Vendor :STMicroelectronics MBEDTLS 2.14.1
2024-02-29 15:05:01,555 [INFO] ThirdParty:1030 - CMSIS Pack Vendor :STMicroelectronics X-CUBE-NFC6 3.0.0
2024-02-29 15:05:01,555 [INFO] ThirdParty:1030 - CMSIS Pack Vendor :portGmbH I-Cube-SoM-uGOAL 1.1.0
2024-02-29 15:05:01,555 [INFO] ThirdParty:1030 - CMSIS Pack Vendor :STMicroelectronics X-CUBE-ALS 1.0.1
2024-02-29 15:05:01,555 [INFO] ThirdParty:1030 - CMSIS Pack Vendor :STMicroelectronics ThreadX 1.0.0
2024-02-29 15:05:01,555 [INFO] ThirdParty:1030 - CMSIS Pack Vendor :STMicroelectronics FP-SNS-SMARTAG2 1.2.0
2024-02-29 15:05:01,555 [INFO] ThirdParty:1030 - CMSIS Pack Vendor :STMicroelectronics X-CUBE-AZRTOS-WL 2.0.0
2024-02-29 15:05:01,555 [INFO] ThirdParty:1030 - CMSIS Pack Vendor :SEGGER I-CUBE-embOS 1.3.1
2024-02-29 15:05:01,556 [INFO] ThirdParty:1030 - CMSIS Pack Vendor :STMicroelectronics USB_DEVICE 1.0.0
2024-02-29 15:05:01,556 [INFO] ThirdParty:1030 - CMSIS Pack Vendor :STMicroelectronics X-CUBE-AI 8.1.0
2024-02-29 15:05:01,556 [INFO] ThirdParty:1030 - CMSIS Pack Vendor :STMicroelectronics X-CUBE-AZRTOS-L4 2.0.0
2024-02-29 15:05:01,556 [INFO] ThirdParty:1030 - CMSIS Pack Vendor :STMicroelectronics ThreadX 0.0.2
2024-02-29 15:05:01,557 [INFO] ThirdParty:1030 - CMSIS Pack Vendor :WES I-CUBE-Cesium 1.3.0
2024-02-29 15:05:01,557 [INFO] ThirdParty:1030 - CMSIS Pack Vendor :STMicroelectronics FP-ATR-ASTRA1 2.0.0
2024-02-29 15:05:01,557 [INFO] ThirdParty:1030 - CMSIS Pack Vendor :STMicroelectronics lwIP 2.1.2
2024-02-29 15:05:01,557 [INFO] ThirdParty:1030 - CMSIS Pack Vendor :STMicroelectronics X-CUBE-SFXS2LP1 4.0.0
2024-02-29 15:05:01,558 [INFO] ThirdParty:1030 - CMSIS Pack Vendor :STMicroelectronics X-CUBE-BLE2 3.3.0
2024-02-29 15:05:01,558 [INFO] ThirdParty:1030 - CMSIS Pack Vendor :STMicroelectronics X-CUBE-TOF1 3.4.0
2024-02-29 15:05:01,558 [INFO] ThirdParty:1030 - CMSIS Pack Vendor :STMicroelectronics X-CUBE-AZRTOS-H7 3.2.0
2024-02-29 15:05:01,558 [INFO] ThirdParty:1030 - CMSIS Pack Vendor :STMicroelectronics PDM2PCM 3.2.0
2024-02-29 15:05:01,558 [INFO] ThirdParty:841 - exiting critical section [change project]
2024-02-29 15:05:03,133 [INFO] PinOutPanel:1499 - setPackage(No Configuration,No Configuration)
2024-02-29 15:05:03,142 [INFO] PinOutPanel:1499 - setPackage(STM32F446RETx,LQFP64)
2024-02-29 15:05:05,228 [INFO] UtilMem:75 - Before build in PCC Used Memory: 474246096 Bytes (872415232)
2024-02-29 15:05:08,464 [INFO] UtilMem:75 - After build in PCC Used Memory: 521593632 Bytes (872415232)
2024-02-29 15:05:08,572 [INFO] IPUIPlugin:80 - create IPUIPlugin
2024-02-29 15:05:08,573 [INFO] IPUIPlugin:80 - create IPUIPlugin
2024-02-29 15:05:08,573 [INFO] IPUIPlugin:80 - create IPUIPlugin
2024-02-29 15:05:08,573 [INFO] IPUIPlugin:80 - create IPUIPlugin
2024-02-29 15:05:08,573 [INFO] IPUIPlugin:80 - create IPUIPlugin
2024-02-29 15:05:08,577 [INFO] IPUIPlugin:80 - create IPUIPlugin
2024-02-29 15:05:08,577 [INFO] IPUIPlugin:80 - create IPUIPlugin
2024-02-29 15:05:08,578 [INFO] IPUIPlugin:80 - create IPUIPlugin
2024-02-29 15:05:08,580 [INFO] IPUIPlugin:80 - create IPUIPlugin
2024-02-29 15:05:08,581 [INFO] IPUIPlugin:80 - create IPUIPlugin
2024-02-29 15:05:08,583 [INFO] IPUIPlugin:80 - create IPUIPlugin
2024-02-29 15:05:08,585 [INFO] IPUIPlugin:80 - create IPUIPlugin
2024-02-29 15:05:08,587 [INFO] IPUIPlugin:80 - create IPUIPlugin
2024-02-29 15:05:08,588 [INFO] IPUIPlugin:80 - create IPUIPlugin
2024-02-29 15:05:08,588 [INFO] IPUIPlugin:80 - create IPUIPlugin
2024-02-29 15:05:08,588 [INFO] IPUIPlugin:80 - create IPUIPlugin
2024-02-29 15:05:08,589 [INFO] IPUIPlugin:80 - create IPUIPlugin
2024-02-29 15:05:08,589 [INFO] IPUIPlugin:80 - create IPUIPlugin
2024-02-29 15:05:08,590 [INFO] IPUIPlugin:80 - create IPUIPlugin
2024-02-29 15:05:08,591 [INFO] IPUIPlugin:80 - create IPUIPlugin
2024-02-29 15:05:08,591 [INFO] IPUIPlugin:80 - create IPUIPlugin
2024-02-29 15:05:08,592 [INFO] IPUIPlugin:80 - create IPUIPlugin
2024-02-29 15:05:08,593 [INFO] IPUIPlugin:80 - create IPUIPlugin
2024-02-29 15:05:08,593 [INFO] IPUIPlugin:80 - create IPUIPlugin
2024-02-29 15:05:08,594 [INFO] IPUIPlugin:80 - create IPUIPlugin
2024-02-29 15:05:08,595 [INFO] IPUIPlugin:80 - create IPUIPlugin
2024-02-29 15:05:08,595 [INFO] IPUIPlugin:80 - create IPUIPlugin
2024-02-29 15:05:08,596 [INFO] IPUIPlugin:80 - create IPUIPlugin
2024-02-29 15:05:08,597 [INFO] IPUIPlugin:80 - create IPUIPlugin
2024-02-29 15:05:08,598 [INFO] IPUIPlugin:80 - create IPUIPlugin
2024-02-29 15:05:08,598 [INFO] IPUIPlugin:80 - create IPUIPlugin
2024-02-29 15:05:08,599 [INFO] IPUIPlugin:80 - create IPUIPlugin
2024-02-29 15:05:08,600 [INFO] IPUIPlugin:80 - create IPUIPlugin
2024-02-29 15:05:08,601 [INFO] IPUIPlugin:80 - create IPUIPlugin
2024-02-29 15:05:08,602 [INFO] IPUIPlugin:80 - create IPUIPlugin
2024-02-29 15:05:08,603 [INFO] IPUIPlugin:80 - create IPUIPlugin
2024-02-29 15:05:08,603 [INFO] IPUIPlugin:80 - create IPUIPlugin
2024-02-29 15:05:08,604 [INFO] IPUIPlugin:80 - create IPUIPlugin
2024-02-29 15:05:08,604 [INFO] IPUIPlugin:80 - create IPUIPlugin
2024-02-29 15:05:08,604 [INFO] IPUIPlugin:80 - create IPUIPlugin
2024-02-29 15:05:08,605 [INFO] IPUIPlugin:80 - create IPUIPlugin
2024-02-29 15:05:08,605 [INFO] IPUIPlugin:80 - create IPUIPlugin
2024-02-29 15:05:08,606 [INFO] IPUIPlugin:80 - create IPUIPlugin
2024-02-29 15:05:08,607 [INFO] IPUIPlugin:80 - create IPUIPlugin
2024-02-29 15:05:08,607 [INFO] IPUIPlugin:80 - create IPUIPlugin
2024-02-29 15:05:08,608 [INFO] IPUIPlugin:80 - create IPUIPlugin
2024-02-29 15:05:08,610 [INFO] IPUIPlugin:80 - create IPUIPlugin
2024-02-29 15:05:08,613 [INFO] IPUIPlugin:80 - create IPUIPlugin
2024-02-29 15:05:08,614 [INFO] IPUIPlugin:80 - create IPUIPlugin
2024-02-29 15:05:08,618 [INFO] IPUIPlugin:80 - create IPUIPlugin
2024-02-29 15:05:08,619 [INFO] IPUIPlugin:80 - create IPUIPlugin
2024-02-29 15:05:08,620 [INFO] IPUIPlugin:80 - create IPUIPlugin
2024-02-29 15:05:08,620 [INFO] IPUIPlugin:80 - create IPUIPlugin
2024-02-29 15:05:08,621 [INFO] IPUIPlugin:80 - create IPUIPlugin
2024-02-29 15:05:08,622 [INFO] IPUIPlugin:80 - create IPUIPlugin
2024-02-29 15:05:08,623 [INFO] IPUIPlugin:80 - create IPUIPlugin
2024-02-29 15:05:08,625 [INFO] IPUIPlugin:80 - create IPUIPlugin
2024-02-29 15:05:08,627 [INFO] IPUIPlugin:80 - create IPUIPlugin
2024-02-29 15:05:08,628 [INFO] IPUIPlugin:80 - create IPUIPlugin
2024-02-29 15:05:08,629 [INFO] IPUIPlugin:80 - create IPUIPlugin
2024-02-29 15:05:08,869 [INFO] ApiDbMcu:508 - Load IP Config File for PDM2PCM
2024-02-29 15:05:09,320 [INFO] CADModel:165 - CPN selected for project levelSTM32F446RET6
2024-02-29 15:05:09,320 [INFO] CADModel:114 - Register for checkConnection events
2024-02-29 15:05:09,483 [INFO] OpenFileManager:343 - Restore cursor
2024-02-29 16:48:39,897 [ERROR] LogOutputStream:75 - [STDERR_REDIRECT] 
2024-02-29 11:37:06,735 [INFO] Activator:176 - 


2024-02-29 11:37:06,742 [INFO] Activator:177 - !SESSION log4j initialized
2024-02-29 11:37:21,731 [INFO] LogOutputStream:77 - [STDOUT_REDIRECT] 
2024-02-29 11:37:28,775 [INFO] ApplicationProperties:184 - Using Application install path: C:\ST\STM32CubeIDE_1.14.1\STM32CubeIDE\plugins\com.st.stm32cube.common.mx_6.10.0.202311202037
2024-02-29 11:37:28,833 [INFO] DbMcusXml:78 - Set database path to: C:\ST\STM32CubeIDE_1.14.1\STM32CubeIDE\plugins\com.st.stm32cube.common.mx_6.10.0.202311202037\\db\/mcu/
2024-02-29 11:37:28,834 [INFO] ApiDb:274 - Set plugin database path to: C:\ST\STM32CubeIDE_1.14.1\STM32CubeIDE\plugins\com.st.stm32cube.common.mx_6.10.0.202311202037\\db\/plugins/boardmanager/
2024-02-29 11:37:28,835 [WARN] ApiDb:259 - Overriding images path with different value:  => C:\ST\STM32CubeIDE_1.14.1\STM32CubeIDE\plugins\com.st.stm32cube.common.mx_6.10.0.202311202037\\db\/plugins/mcufinder/images/
2024-02-29 11:37:28,858 [INFO] ApiDb:250 - Set database path to: C:\Users\tarun\.stmcufinder\plugins\mcufinder//mcu/
2024-02-29 11:37:28,861 [INFO] DbMcusAds:125 - Set database path to: C:\Users\tarun\.stmcufinder\plugins\mcufinder//mcu/
2024-02-29 11:37:28,867 [INFO] CrossReferenceDbSqlite:203 - Set database path to: C:\Users\tarun\.stmcufinder\plugins\mcufinder//mcu/cs/
2024-02-29 11:37:29,245 [INFO] RulesReader:64 - Compatibility file has been processed (297 Rules)
2024-02-29 11:37:29,486 [INFO] DbMcusXml:78 - Set database path to: C:\ST\STM32CubeIDE_1.14.1\STM32CubeIDE\plugins\com.st.stm32cube.common.mx_6.10.0.202311202037\\db\/mcu/
2024-02-29 11:37:29,486 [INFO] ApiDb:274 - Set plugin database path to: C:\ST\STM32CubeIDE_1.14.1\STM32CubeIDE\plugins\com.st.stm32cube.common.mx_6.10.0.202311202037\\db\/plugins/boardmanager/
2024-02-29 11:37:29,486 [INFO] ApiDb:261 - Set plugin images path to: C:\ST\STM32CubeIDE_1.14.1\STM32CubeIDE\plugins\com.st.stm32cube.common.mx_6.10.0.202311202037\\db\/plugins/mcufinder/images/
2024-02-29 11:37:29,487 [WARN] DbFile:41 - Overriding database path with different value: C:\Users\tarun\.stmcufinder\plugins\mcufinder/ => C:\Users\tarun\.stmcufinder\plugins\mcufinder
2024-02-29 11:37:29,487 [INFO] ApiDb:250 - Set database path to: C:\Users\tarun\.stmcufinder\plugins\mcufinder//mcu/
2024-02-29 11:37:29,487 [WARN] DbFile:41 - Overriding database path with different value: C:\Users\tarun\.stmcufinder\plugins\mcufinder/ => C:\Users\tarun\.stmcufinder\plugins\mcufinder
2024-02-29 11:37:29,487 [INFO] DbMcusAds:125 - Set database path to: C:\Users\tarun\.stmcufinder\plugins\mcufinder//mcu/
2024-02-29 11:37:29,488 [WARN] DbFile:41 - Overriding database path with different value: C:\Users\tarun\.stmcufinder\plugins\mcufinder/ => C:\Users\tarun\.stmcufinder\plugins\mcufinder
2024-02-29 11:37:29,488 [WARN] DbFile:41 - Overriding database path with different value: C:\Users\tarun\.stmcufinder\plugins\mcufinder/ => C:\Users\tarun\.stmcufinder\plugins\mcufinder
2024-02-29 11:37:29,488 [INFO] CrossReferenceDbSqlite:203 - Set database path to: C:\Users\tarun\.stmcufinder\plugins\mcufinder//mcu/cs/
2024-02-29 11:37:29,697 [INFO] MainPanel:264 - HeapMemory: 268435456
2024-02-29 11:37:29,935 [INFO] DbMcusXml:78 - Set database path to: C:\ST\STM32CubeIDE_1.14.1\STM32CubeIDE\plugins\com.st.stm32cube.common.mx_6.10.0.202311202037\\db\/mcu/
2024-02-29 11:37:29,935 [INFO] ApiDb:274 - Set plugin database path to: C:\ST\STM32CubeIDE_1.14.1\STM32CubeIDE\plugins\com.st.stm32cube.common.mx_6.10.0.202311202037\\db\/plugins/boardmanager/
2024-02-29 11:37:29,935 [INFO] ApiDb:261 - Set plugin images path to: C:\ST\STM32CubeIDE_1.14.1\STM32CubeIDE\plugins\com.st.stm32cube.common.mx_6.10.0.202311202037\\db\/plugins/mcufinder/images/
2024-02-29 11:37:29,937 [WARN] DbFile:41 - Overriding database path with different value: C:\Users\tarun\.stmcufinder\plugins\mcufinder/ => C:\Users\tarun\.stmcufinder\plugins\mcufinder
2024-02-29 11:37:29,938 [INFO] ApiDb:250 - Set database path to: C:\Users\tarun\.stmcufinder\plugins\mcufinder//mcu/
2024-02-29 11:37:29,938 [WARN] DbFile:41 - Overriding database path with different value: C:\Users\tarun\.stmcufinder\plugins\mcufinder/ => C:\Users\tarun\.stmcufinder\plugins\mcufinder
2024-02-29 11:37:29,938 [INFO] DbMcusAds:125 - Set database path to: C:\Users\tarun\.stmcufinder\plugins\mcufinder//mcu/
2024-02-29 11:37:29,938 [WARN] DbFile:41 - Overriding database path with different value: C:\Users\tarun\.stmcufinder\plugins\mcufinder/ => C:\Users\tarun\.stmcufinder\plugins\mcufinder
2024-02-29 11:37:29,938 [WARN] DbFile:41 - Overriding database path with different value: C:\Users\tarun\.stmcufinder\plugins\mcufinder/ => C:\Users\tarun\.stmcufinder\plugins\mcufinder
2024-02-29 11:37:29,938 [INFO] CrossReferenceDbSqlite:203 - Set database path to: C:\Users\tarun\.stmcufinder\plugins\mcufinder//mcu/cs/
2024-02-29 11:37:29,986 [INFO] ApplicationProperties:184 - Using Application install path: C:\ST\STM32CubeIDE_1.14.1\STM32CubeIDE\plugins\com.st.stm32cube.common.mx_6.10.0.202311202037
2024-02-29 11:37:29,990 [INFO] PluginManage:196 - Search for loadable plugins [exclusion list=, ]
2024-02-29 11:37:29,994 [INFO] PluginManage:310 - Check plugin analytics
2024-02-29 11:37:30,588 [INFO] AnalyticsPlugin:253 - Accepted Software Licenses: 
2024-02-29 11:37:30,590 [INFO] AnalyticsPlugin:255 - Accepted CMSIS Pack Licenses: 
2024-02-29 11:37:30,591 [INFO] AnalyticsPlugin:257 - Accepted Firmware Licenses: FW.F4.1.28.0
2024-02-29 11:37:30,603 [INFO] PluginManage:359 - Loaded plugin analytics (category:tool,tabindex:-1)
2024-02-29 11:37:30,603 [INFO] PluginManage:310 - Check plugin cadmodel
2024-02-29 11:37:30,624 [INFO] CADModel:105 - Init CAD model plugin
2024-02-29 11:37:30,624 [INFO] PluginManage:359 - Loaded plugin cadmodel (category:power,tabindex:5)
2024-02-29 11:37:30,625 [INFO] PluginManage:310 - Check plugin clock
2024-02-29 11:37:30,662 [INFO] PluginManage:359 - Loaded plugin clock (category:base,tabindex:2)
2024-02-29 11:37:30,663 [INFO] PluginManage:310 - Check plugin ddr
2024-02-29 11:37:30,671 [INFO] PluginManage:359 - Loaded plugin ddr (category:tool,tabindex:6)
2024-02-29 11:37:30,671 [INFO] PluginManage:310 - Check plugin filemanager
2024-02-29 11:37:31,113 [INFO] PluginManage:359 - Loaded plugin filemanager (category:base,tabindex:10)
2024-02-29 11:37:31,114 [INFO] PluginManage:310 - Check plugin ipmanager
2024-02-29 11:37:31,131 [INFO] PluginManage:359 - Loaded plugin ipmanager (category:base,tabindex:5)
2024-02-29 11:37:31,131 [INFO] PluginManage:310 - Check plugin lpbam
2024-02-29 11:37:31,154 [INFO] PluginManage:359 - Loaded plugin lpbam (category:base,tabindex:0)
2024-02-29 11:37:31,154 [INFO] PluginManage:310 - Check plugin memorymap
2024-02-29 11:37:31,195 [INFO] PluginManage:359 - Loaded plugin memorymap (category:base,tabindex:4)
2024-02-29 11:37:31,195 [INFO] PluginManage:310 - Check plugin pinoutandconfiguration
2024-02-29 11:37:31,219 [INFO] PluginManage:359 - Loaded plugin pinoutandconfiguration (category:base,tabindex:1)
2024-02-29 11:37:31,220 [INFO] PluginManage:310 - Check plugin pinoutconfig
2024-02-29 11:37:31,939 [WARN] SupportedApi:132 - Cannot load RTOS API schema: s4s-elt-must-match.1: The content of 'definitions' must match (annotation?, (simpleType | complexType)?, (unique | key | keyref)*)). A problem was found starting at: attribute.
2024-02-29 11:37:32,436 [INFO] PluginManage:359 - Loaded plugin pinoutconfig (category:base,tabindex:0)
2024-02-29 11:37:32,437 [INFO] PluginManage:310 - Check plugin power
2024-02-29 11:37:32,465 [INFO] PluginManage:359 - Loaded plugin power (category:power,tabindex:4)
2024-02-29 11:37:32,465 [INFO] PluginManage:310 - Check plugin projectmanager
2024-02-29 11:37:32,514 [INFO] PluginManage:359 - Loaded plugin projectmanager (category:projectmanager,tabindex:3)
2024-02-29 11:37:32,515 [INFO] PluginManage:310 - Check plugin thirdparty
2024-02-29 11:37:32,866 [INFO] PluginManage:359 - Loaded plugin thirdparty (category:base,tabindex:-1)
2024-02-29 11:37:32,866 [INFO] PluginManage:310 - Check plugin tools
2024-02-29 11:37:32,866 [WARN] IntegrityCheckThread:84 - waiting for thirdparty lock release [integrity check]
2024-02-29 11:37:32,866 [INFO] IntegrityCheckThread:86 - entering critical section [integrity check]
2024-02-29 11:37:32,867 [INFO] ThirdPartyUpdaterWithRetryManager:70 - Updater plugin not ready yet. [1/15]
2024-02-29 11:37:32,873 [INFO] PluginManage:359 - Loaded plugin tools (category:base,tabindex:7)
2024-02-29 11:37:32,874 [INFO] PluginManage:310 - Check plugin tutovideos
2024-02-29 11:37:33,460 [INFO] PluginManage:359 - Loaded plugin tutovideos (category:base,tabindex:-1)
2024-02-29 11:37:33,460 [INFO] PluginManage:310 - Check plugin updater
2024-02-29 11:37:33,492 [INFO] PluginManage:359 - Loaded plugin updater (category:base,tabindex:12)
2024-02-29 11:37:33,493 [INFO] PluginManage:310 - Check plugin userauth
2024-02-29 11:37:33,507 [INFO] UserAuth:114 - Init User Auth plugin
2024-02-29 11:37:33,507 [INFO] PluginManage:359 - Loaded plugin userauth (category:base,tabindex:14)
2024-02-29 11:37:33,510 [INFO] PluginManage:283 - PluginManage : Loaded plugins [17]
2024-02-29 11:37:34,099 [INFO] PinOutPanel:1499 - setPackage(No Configuration,No Configuration)
2024-02-29 11:37:34,273 [INFO] CADModel:165 - CPN selected for project level
2024-02-29 11:37:34,273 [INFO] CADModel:114 - Register for checkConnection events
2024-02-29 11:37:34,308 [INFO] IPUIPlugin:80 - create IPUIPlugin
2024-02-29 11:37:34,308 [INFO] PluginManager:220 - loadIPPluginJar : add adc
2024-02-29 11:37:34,314 [INFO] IPUIPlugin:80 - create IPUIPlugin
2024-02-29 11:37:34,315 [INFO] PluginManager:220 - loadIPPluginJar : add aes
2024-02-29 11:37:34,321 [INFO] IPUIPlugin:80 - create IPUIPlugin
2024-02-29 11:37:34,322 [INFO] PluginManager:220 - loadIPPluginJar : add can
2024-02-29 11:37:34,327 [INFO] IPUIPlugin:80 - create IPUIPlugin
2024-02-29 11:37:34,327 [INFO] PluginManager:220 - loadIPPluginJar : add comp
2024-02-29 11:37:34,333 [INFO] IPUIPlugin:80 - create IPUIPlugin
2024-02-29 11:37:34,333 [INFO] PluginManager:220 - loadIPPluginJar : add cryp
2024-02-29 11:37:34,338 [INFO] IPUIPlugin:80 - create IPUIPlugin
2024-02-29 11:37:34,338 [INFO] PluginManager:220 - loadIPPluginJar : add dfsdm
2024-02-29 11:37:34,351 [INFO] IPUIPlugin:80 - create IPUIPlugin
2024-02-29 11:37:34,352 [INFO] PluginManager:220 - loadIPPluginJar : add dma
2024-02-29 11:37:34,359 [INFO] IPUIPlugin:80 - create IPUIPlugin
2024-02-29 11:37:34,359 [INFO] PluginManager:220 - loadIPPluginJar : add dma3
2024-02-29 11:37:34,364 [INFO] IPUIPlugin:80 - create IPUIPlugin
2024-02-29 11:37:34,364 [INFO] PluginManager:220 - loadIPPluginJar : add fatfs
2024-02-29 11:37:34,373 [INFO] IPUIPlugin:80 - create IPUIPlugin
2024-02-29 11:37:34,373 [INFO] PluginManager:220 - loadIPPluginJar : add fmc
2024-02-29 11:37:34,385 [INFO] IPUIPlugin:80 - create IPUIPlugin
2024-02-29 11:37:34,385 [INFO] PluginManager:220 - loadIPPluginJar : add freertos
2024-02-29 11:37:34,389 [INFO] IPUIPlugin:80 - create IPUIPlugin
2024-02-29 11:37:34,389 [INFO] PluginManager:220 - loadIPPluginJar : add genericplugin
2024-02-29 11:37:34,394 [INFO] IPUIPlugin:80 - create IPUIPlugin
2024-02-29 11:37:34,394 [INFO] PluginManager:220 - loadIPPluginJar : add gfxmmu
2024-02-29 11:37:34,405 [INFO] IPUIPlugin:80 - create IPUIPlugin
2024-02-29 11:37:34,405 [INFO] PluginManager:220 - loadIPPluginJar : add gic
2024-02-29 11:37:34,415 [INFO] IPUIPlugin:80 - create IPUIPlugin
2024-02-29 11:37:34,415 [INFO] PluginManager:220 - loadIPPluginJar : add gpio
2024-02-29 11:37:34,422 [INFO] IPUIPlugin:80 - create IPUIPlugin
2024-02-29 11:37:34,422 [INFO] PluginManager:220 - loadIPPluginJar : add gtzc
2024-02-29 11:37:34,427 [INFO] IPUIPlugin:80 - create IPUIPlugin
2024-02-29 11:37:34,428 [INFO] PluginManager:220 - loadIPPluginJar : add hash
2024-02-29 11:37:34,434 [INFO] IPUIPlugin:80 - create IPUIPlugin
2024-02-29 11:37:34,434 [INFO] PluginManager:220 - loadIPPluginJar : add i2c
2024-02-29 11:37:34,440 [INFO] IPUIPlugin:80 - create IPUIPlugin
2024-02-29 11:37:34,440 [INFO] PluginManager:220 - loadIPPluginJar : add i2s
2024-02-29 11:37:34,447 [INFO] IPUIPlugin:80 - create IPUIPlugin
2024-02-29 11:37:34,447 [INFO] PluginManager:220 - loadIPPluginJar : add i3c
2024-02-29 11:37:34,455 [INFO] IPUIPlugin:80 - create IPUIPlugin
2024-02-29 11:37:34,455 [INFO] PluginManager:220 - loadIPPluginJar : add ipddr
2024-02-29 11:37:34,470 [INFO] IPUIPlugin:80 - create IPUIPlugin
2024-02-29 11:37:34,470 [INFO] PluginManager:220 - loadIPPluginJar : add linkedlist
2024-02-29 11:37:34,476 [INFO] IPUIPlugin:80 - create IPUIPlugin
2024-02-29 11:37:34,476 [INFO] PluginManager:220 - loadIPPluginJar : add lorawan
2024-02-29 11:37:34,480 [INFO] IPUIPlugin:80 - create IPUIPlugin
2024-02-29 11:37:34,481 [INFO] PluginManager:220 - loadIPPluginJar : add ltdc
2024-02-29 11:37:34,493 [INFO] IPUIPlugin:80 - create IPUIPlugin
2024-02-29 11:37:34,494 [INFO] PluginManager:220 - loadIPPluginJar : add mdma
2024-02-29 11:37:34,505 [INFO] IPUIPlugin:80 - create IPUIPlugin
2024-02-29 11:37:34,505 [INFO] PluginManager:220 - loadIPPluginJar : add nvic
2024-02-29 11:37:34,513 [INFO] IPUIPlugin:80 - create IPUIPlugin
2024-02-29 11:37:34,513 [INFO] PluginManager:220 - loadIPPluginJar : add opamp
2024-02-29 11:37:34,521 [INFO] IPUIPlugin:80 - create IPUIPlugin
2024-02-29 11:37:34,521 [INFO] PluginManager:220 - loadIPPluginJar : add openamp
2024-02-29 11:37:34,529 [INFO] IPUIPlugin:80 - create IPUIPlugin
2024-02-29 11:37:34,529 [INFO] PluginManager:220 - loadIPPluginJar : add pdm2pcm
2024-02-29 11:37:34,545 [INFO] IPUIPlugin:80 - create IPUIPlugin
2024-02-29 11:37:34,552 [INFO] PluginManager:220 - loadIPPluginJar : add plateformsettings
2024-02-29 11:37:34,557 [INFO] IPUIPlugin:80 - create IPUIPlugin
2024-02-29 11:37:34,558 [INFO] PluginManager:220 - loadIPPluginJar : add quadspi
2024-02-29 11:37:34,568 [INFO] IPUIPlugin:80 - create IPUIPlugin
2024-02-29 11:37:34,568 [INFO] PluginManager:220 - loadIPPluginJar : add resmgrutility
2024-02-29 11:37:34,577 [INFO] IPUIPlugin:80 - create IPUIPlugin
2024-02-29 11:37:34,577 [INFO] PluginManager:220 - loadIPPluginJar : add sai
2024-02-29 11:37:34,585 [INFO] IPUIPlugin:80 - create IPUIPlugin
2024-02-29 11:37:34,585 [INFO] PluginManager:220 - loadIPPluginJar : add spi
2024-02-29 11:37:34,598 [INFO] IPUIPlugin:80 - create IPUIPlugin
2024-02-29 11:37:34,598 [INFO] PluginManager:220 - loadIPPluginJar : add stm32_wpan
2024-02-29 11:37:34,603 [INFO] IPUIPlugin:80 - create IPUIPlugin
2024-02-29 11:37:34,603 [INFO] PluginManager:220 - loadIPPluginJar : add tim
2024-02-29 11:37:34,613 [INFO] IPUIPlugin:80 - create IPUIPlugin
2024-02-29 11:37:34,613 [INFO] PluginManager:220 - loadIPPluginJar : add touchsensing
2024-02-29 11:37:34,618 [INFO] IPUIPlugin:80 - create IPUIPlugin
2024-02-29 11:37:34,619 [INFO] PluginManager:220 - loadIPPluginJar : add tracer_emb
2024-02-29 11:37:34,624 [INFO] IPUIPlugin:80 - create IPUIPlugin
2024-02-29 11:37:34,625 [INFO] PluginManager:220 - loadIPPluginJar : add ts
2024-02-29 11:37:34,629 [INFO] IPUIPlugin:80 - create IPUIPlugin
2024-02-29 11:37:34,630 [INFO] PluginManager:220 - loadIPPluginJar : add tsc
2024-02-29 11:37:34,635 [INFO] IPUIPlugin:80 - create IPUIPlugin
2024-02-29 11:37:34,636 [INFO] PluginManager:220 - loadIPPluginJar : add ucpd
2024-02-29 11:37:34,643 [INFO] IPUIPlugin:80 - create IPUIPlugin
2024-02-29 11:37:34,643 [INFO] PluginManager:220 - loadIPPluginJar : add usart
2024-02-29 11:37:34,649 [INFO] IPUIPlugin:80 - create IPUIPlugin
2024-02-29 11:37:34,650 [INFO] PluginManager:220 - loadIPPluginJar : add usbx
2024-02-29 11:37:34,887 [INFO] CADModel:165 - CPN selected for project level
2024-02-29 11:37:34,887 [INFO] CADModel:114 - Register for checkConnection events
2024-02-29 11:37:34,888 [FATAL] Updater:308 - Updater called before beeing initialized
2024-02-29 11:37:34,888 [ERROR] CADModel:125 - Updater not yet initialized, retry later 
2024-02-29 11:37:35,195 [INFO] CADModel:165 - CPN selected for project level
2024-02-29 11:37:35,196 [INFO] CADModel:114 - Register for checkConnection events
2024-02-29 11:37:35,196 [FATAL] Updater:308 - Updater called before beeing initialized
2024-02-29 11:37:35,196 [ERROR] CADModel:125 - Updater not yet initialized, retry later 
2024-02-29 11:37:35,202 [FATAL] Updater:308 - Updater called before beeing initialized
2024-02-29 11:37:35,426 [FATAL] Updater:308 - Updater called before beeing initialized
2024-02-29 11:37:35,435 [INFO] DbMcusAds:53 - JSON generation date=Wed Nov 29 16:22:27 IST 2023 (1701255147349)
2024-02-29 11:37:35,436 [FATAL] Updater:308 - Updater called before beeing initialized
2024-02-29 11:37:35,499 [WARN] DetailPanel:346 - Failed to get advertising image, set to default
2024-02-29 11:37:35,797 [FATAL] Updater:308 - Updater called before beeing initialized
2024-02-29 11:37:35,801 [FATAL] Updater:308 - Updater called before beeing initialized
2024-02-29 11:37:35,801 [FATAL] Updater:308 - Updater called before beeing initialized
2024-02-29 11:37:35,801 [WARN] DetailPanel:346 - Failed to get advertising image, set to default
2024-02-29 11:37:35,802 [FATAL] Updater:308 - Updater called before beeing initialized
2024-02-29 11:37:35,869 [INFO] ThirdPartyUpdaterWithRetryManager:70 - Updater plugin not ready yet. [2/15]
2024-02-29 11:37:35,933 [ERROR] Updater:1120 - MainUpdater not yet initialized. External WinMGr cannot be set.
2024-02-29 11:37:35,939 [INFO] Updater:1056 - Updater Version found : 6.10.0
2024-02-29 11:37:35,996 [INFO] ApplicationProperties:184 - Using Application install path: C:\ST\STM32CubeIDE_1.14.1\STM32CubeIDE\plugins\com.st.stm32cube.common.mx_6.10.0.202311202037
2024-02-29 11:37:37,711 [ERROR] LogOutputStream:75 - [STDERR_REDIRECT] Feb 29, 2024 11:37:37 AM java.util.prefs.WindowsPreferences <init>
2024-02-29 11:37:37,717 [ERROR] LogOutputStream:75 - [STDERR_REDIRECT] WARNING: Could not open/create prefs root node Software\JavaSoft\Prefs at root 0xffffffff80000002. Windows RegCreateKeyEx(...) returned error code 5.
2024-02-29 11:37:37,718 [ERROR] LogOutputStream:75 - [STDERR_REDIRECT] 
2024-02-29 11:37:38,380 [INFO] MainUpdater:2873 - connection check result : 10
2024-02-29 11:37:38,382 [INFO] MainUpdater:290 - Updater Check For Update Now.
2024-02-29 11:37:38,383 [INFO] MicroXplorer:498 - Change Database Version : DB.6.0.100
2024-02-29 11:37:38,399 [INFO] McuFinderGlobals:63 - Set McuFinder mode to 2 (CubeIDE integrated)
2024-02-29 11:37:38,672 [INFO] CheckServerUpdateThread:120 - End of CheckServer Thread
2024-02-29 11:37:39,026 [INFO] UserAuth:404 - Internet connection configuration mode: 1
2024-02-29 11:37:39,069 [INFO] JxBrowserEngine:152 - Initiate JxBrowser Engine with user profile folder
2024-02-29 11:37:39,416 [WARN] PackLoader:240 - Cannot read IP mode file for STMicroelectronics.X-CUBE-SMBUS.2.1.0
2024-02-29 11:37:39,438 [WARN] PackLoader:240 - Cannot read IP mode file for STMicroelectronics.X-CUBE-TOUCHGFX.4.23.0
2024-02-29 11:37:39,510 [WARN] PackLoader:240 - Cannot read IP mode file for STMicroelectronics.X-CUBE-AZRTOS-F7.1.1.0
2024-02-29 11:37:39,533 [WARN] PackLoader:240 - Cannot read IP mode file for STMicroelectronics.FP-SNS-MOTENV1.4.3.2
2024-02-29 11:37:39,547 [WARN] PackLoader:240 - Cannot read IP mode file for STMicroelectronics.FP-SNS-FLIGHT1.5.0.2
2024-02-29 11:37:39,567 [WARN] PackLoader:240 - Cannot read IP mode file for STMicroelectronics.X-CUBE-DISPLAY.3.0.0
2024-02-29 11:37:39,597 [WARN] PackLoader:240 - Cannot read IP mode file for STMicroelectronics.X-CUBE-BLE1.7.0.0
2024-02-29 11:37:39,610 [WARN] PackLoader:240 - Cannot read IP mode file for emotas.I-CUBE-CANOPEN.1.3.0
2024-02-29 11:37:39,621 [WARN] PackLoader:240 - Cannot read IP mode file for STMicroelectronics.FP-SNS-SMARTAG2.1.2.0
2024-02-29 11:37:39,652 [INFO] LogOutputStream:77 - [STDOUT_REDIRECT] 1 : Invalid condition id : UX_CORESTACK_Condition cause : null
2024-02-29 11:37:39,654 [INFO] LogOutputStream:77 - [STDOUT_REDIRECT] 1 : Invalid condition id : UX_CORESTACK_Condition cause : null
2024-02-29 11:37:39,658 [INFO] LogOutputStream:77 - [STDOUT_REDIRECT] 1 : Invalid condition id : UX_CORESTACK_Condition cause : null
2024-02-29 11:37:39,663 [INFO] LogOutputStream:77 - [STDOUT_REDIRECT] 1 : Invalid condition id : UX_CORESTACK_Condition cause : null
2024-02-29 11:37:39,666 [INFO] LogOutputStream:77 - [STDOUT_REDIRECT] 1 : Invalid condition id : UX_CORESTACK_Condition cause : null
2024-02-29 11:37:39,674 [WARN] PackLoader:240 - Cannot read IP mode file for STMicroelectronics.X-CUBE-AZRTOS-WL.2.0.0
2024-02-29 11:37:39,697 [WARN] PackLoader:240 - Cannot read IP mode file for WES.I-CUBE-Cesium.1.3.0
2024-02-29 11:37:39,716 [WARN] PackLoader:240 - Cannot read IP mode file for STMicroelectronics.X-CUBE-BLE2.3.3.0
2024-02-29 11:37:39,731 [WARN] PackLoader:240 - Cannot read IP mode file for STMicroelectronics.X-CUBE-ALGOBUILD.1.3.0
2024-02-29 11:37:39,784 [WARN] PackLoader:240 - Cannot read IP mode file for STMicroelectronics.X-CUBE-AZRTOS-G0.1.1.0
2024-02-29 11:37:39,800 [WARN] PackLoader:240 - Cannot read IP mode file for STMicroelectronics.X-CUBE-NFC4.3.0.0
2024-02-29 11:37:39,824 [WARN] PackLoader:240 - Cannot read IP mode file for STMicroelectronics.X-CUBE-BLEMGR.3.0.0
2024-02-29 11:37:39,838 [WARN] PackLoader:240 - Cannot read IP mode file for STMicroelectronics.FP-ATR-SIGFOX1.3.2.0
2024-02-29 11:37:39,851 [WARN] PackLoader:240 - Cannot read IP mode file for STMicroelectronics.X-CUBE-EEPRMA1.5.1.0
2024-02-29 11:37:40,026 [WARN] PackLoader:240 - Cannot read IP mode file for SEGGER.I-CUBE-embOS.1.3.1
2024-02-29 11:37:40,152 [WARN] PackLoader:240 - Cannot read IP mode file for STMicroelectronics.X-CUBE-GNSS1.6.0.0
2024-02-29 11:37:40,194 [WARN] PackLoader:240 - Cannot read IP mode file for STMicroelectronics.X-CUBE-AZRTOS-F4.1.1.0
2024-02-29 11:37:40,208 [WARN] PackLoader:240 - Cannot read IP mode file for wolfSSL.I-CUBE-wolfSSL.5.6.6
2024-02-29 11:37:40,246 [WARN] PackLoader:240 - Cannot read IP mode file for STMicroelectronics.X-CUBE-AZRTOS-L5.2.0.0
2024-02-29 11:37:40,261 [WARN] PackLoader:240 - Cannot read IP mode file for ITTIA_DB.I-CUBE-ITTIADB.8.8.0
2024-02-29 11:37:40,271 [WARN] PackLoader:240 - Cannot read IP mode file for STMicroelectronics.X-CUBE-NFC7.1.0.1
2024-02-29 11:37:40,285 [WARN] PackLoader:240 - Cannot read IP mode file for STMicroelectronics.X-CUBE-NFC6.3.0.0
2024-02-29 11:37:40,296 [WARN] PackLoader:240 - Cannot read IP mode file for STMicroelectronics.X-CUBE-AI.8.1.0
2024-02-29 11:37:40,334 [WARN] ConditionMgr:438 - getConditionDescription Invalid condition id : LAN8742 Phy interface Condition cause : null
2024-02-29 11:37:40,335 [WARN] PackLoader:240 - Cannot read IP mode file for STMicroelectronics.X-CUBE-AZRTOS-L4.2.0.0
2024-02-29 11:37:40,337 [WARN] ConditionMgr:1039 - genDependencies : Invalid condition id : LAN8742 Phy interface Condition cause : null
2024-02-29 11:37:40,338 [WARN] ConditionMgr:1039 - genDependencies : Invalid condition id : LAN8742 Phy interface Condition cause : null
2024-02-29 11:37:40,339 [WARN] ConditionMgr:1039 - genDependencies : Invalid condition id : LAN8742 Phy interface Condition cause : null
2024-02-29 11:37:40,353 [WARN] PackLoader:240 - Cannot read IP mode file for STMicroelectronics.X-CUBE-SFXS2LP1.4.0.0
2024-02-29 11:37:40,383 [WARN] ConditionMgr:438 - getConditionDescription Invalid condition id : UX DEVICE CLASS RTOS Condition cause : null
2024-02-29 11:37:40,383 [WARN] ConditionMgr:438 - getConditionDescription Invalid condition id : UX DEVICE CLASS RTOS Condition cause : null
2024-02-29 11:37:40,387 [WARN] PackLoader:240 - Cannot read IP mode file for STMicroelectronics.X-CUBE-AZRTOS-WB.2.0.0
2024-02-29 11:37:40,388 [WARN] ConditionMgr:1039 - genDependencies : Invalid condition id : UX DEVICE CLASS RTOS Condition cause : null
2024-02-29 11:37:40,388 [WARN] ConditionMgr:1039 - genDependencies : Invalid condition id : UX DEVICE CLASS RTOS Condition cause : null
2024-02-29 11:37:40,388 [WARN] ConditionMgr:1039 - genDependencies : Invalid condition id : UX DEVICE CLASS RTOS Condition cause : null
2024-02-29 11:37:40,389 [WARN] ConditionMgr:1039 - genDependencies : Invalid condition id : UX DEVICE CLASS RTOS Condition cause : null
2024-02-29 11:37:40,389 [WARN] ConditionMgr:1039 - genDependencies : Invalid condition id : UX DEVICE CLASS RTOS Condition cause : null
2024-02-29 11:37:40,411 [WARN] PackLoader:240 - Cannot read IP mode file for STMicroelectronics.X-CUBE-SUBG2.5.0.0
2024-02-29 11:37:40,453 [WARN] PackLoader:240 - Cannot read IP mode file for STMicroelectronics.X-CUBE-AZRTOS-G4.2.0.0
2024-02-29 11:37:40,518 [WARN] PackLoader:240 - Cannot read IP mode file for Infineon.AIROC-Wi-Fi-Bluetooth-STM32.1.5.1
2024-02-29 11:37:40,537 [WARN] PackLoader:240 - Cannot read IP mode file for STMicroelectronics.FP-SNS-MOTENVWB1.1.3.1
2024-02-29 11:37:40,550 [WARN] PackLoader:240 - Cannot read IP mode file for STMicroelectronics.X-CUBE-ISPU.2.0.0
2024-02-29 11:37:40,648 [WARN] PackLoader:240 - Cannot read IP mode file for STMicroelectronics.X-CUBE-MEMS1.10.0.0
2024-02-29 11:37:41,342 [WARN] PackLoader:240 - Cannot read IP mode file for STMicroelectronics.X-CUBE-FREERTOS.1.1.0
2024-02-29 11:37:41,385 [WARN] PackLoader:240 - Cannot read IP mode file for portGmbH.I-Cube-SoM-uGOAL.1.1.0
2024-02-29 11:37:41,397 [WARN] PackLoader:240 - Cannot read IP mode file for STMicroelectronics.X-CUBE-ALS.1.0.1
2024-02-29 11:37:41,408 [WARN] PackLoader:240 - Cannot read IP mode file for STMicroelectronics.FP-ATR-ASTRA1.2.0.0
2024-02-29 11:37:41,514 [WARN] PackLoader:240 - Cannot read IP mode file for STMicroelectronics.X-CUBE-TOF1.3.4.0
2024-02-29 11:37:41,747 [WARN] PackLoader:240 - Cannot read IP mode file for STMicroelectronics.X-CUBE-AZRTOS-H7.3.2.0
2024-02-29 11:37:41,764 [INFO] ThirdParty:978 - Integrity check success = true
2024-02-29 11:37:41,764 [INFO] IntegrityCheckThread:100 - exiting critical section [integrity check]
2024-02-29 11:37:41,764 [INFO] IntegrityCheckThread:103 - End integrity checks thread
2024-02-29 11:37:43,847 [INFO] WebApp:161 - Instantiating new browser for Auth
2024-02-29 11:37:46,755 [INFO] WebApp:780 - Register for checkConnection events
2024-02-29 11:37:46,761 [INFO] WebApp:414 - Apply proxy settings
2024-02-29 11:37:46,764 [INFO] WebApp:499 - Chromium requires no authentication
2024-02-29 11:37:46,789 [INFO] WebApp:442 - Direct internet connection detected
2024-02-29 11:37:47,491 [INFO] WebApp:192 - Starting web application
2024-02-29 11:37:47,491 [INFO] WebApp:544 - Web application path used C:\ST\STM32CubeIDE_1.14.1\STM32CubeIDE\plugins\com.st.stm32cube.common.mx_6.10.0.202311202037\db\plugins\mcufinder\reactClient1\index.html
2024-02-29 11:38:09,586 [ERROR] LogOutputStream:75 - [STDERR_REDIRECT] SLF4J: Failed to load class "org.slf4j.impl.StaticLoggerBinder".
2024-02-29 11:38:09,596 [ERROR] LogOutputStream:75 - [STDERR_REDIRECT] SLF4J: Defaulting to no-operation (NOP) logger implementation
2024-02-29 11:38:09,603 [ERROR] LogOutputStream:75 - [STDERR_REDIRECT] SLF4J: See http://www.slf4j.org/codes.html#StaticLoggerBinder for further details.
2024-02-29 12:41:17,352 [ERROR] LogOutputStream:75 - [STDERR_REDIRECT] 
