2024-03-12 10:27:03,831 [INFO] Activator:176 - 


2024-03-12 10:27:03,845 [INFO] Activator:177 - !SESSION log4j initialized
2024-03-12 10:27:18,185 [INFO] LogOutputStream:77 - [STDOUT_REDIRECT] 
2024-03-12 10:27:26,097 [INFO] ApplicationProperties:184 - Using Application install path: C:\ST\STM32CubeIDE_1.14.1\STM32CubeIDE\plugins\com.st.stm32cube.common.mx_6.10.0.202311202037
2024-03-12 10:27:26,147 [INFO] DbMcusXml:78 - Set database path to: C:\ST\STM32CubeIDE_1.14.1\STM32CubeIDE\plugins\com.st.stm32cube.common.mx_6.10.0.202311202037\\db\/mcu/
2024-03-12 10:27:26,148 [INFO] ApiDb:274 - Set plugin database path to: C:\ST\STM32CubeIDE_1.14.1\STM32CubeIDE\plugins\com.st.stm32cube.common.mx_6.10.0.202311202037\\db\/plugins/boardmanager/
2024-03-12 10:27:26,149 [WARN] ApiDb:259 - Overriding images path with different value:  => C:\ST\STM32CubeIDE_1.14.1\STM32CubeIDE\plugins\com.st.stm32cube.common.mx_6.10.0.202311202037\\db\/plugins/mcufinder/images/
2024-03-12 10:27:26,172 [INFO] ApiDb:250 - Set database path to: C:\Users\tarun\.stmcufinder\plugins\mcufinder//mcu/
2024-03-12 10:27:26,174 [INFO] DbMcusAds:125 - Set database path to: C:\Users\tarun\.stmcufinder\plugins\mcufinder//mcu/
2024-03-12 10:27:26,179 [INFO] CrossReferenceDbSqlite:203 - Set database path to: C:\Users\tarun\.stmcufinder\plugins\mcufinder//mcu/cs/
2024-03-12 10:27:26,602 [INFO] RulesReader:64 - Compatibility file has been processed (297 Rules)
2024-03-12 10:27:26,825 [INFO] DbMcusXml:78 - Set database path to: C:\ST\STM32CubeIDE_1.14.1\STM32CubeIDE\plugins\com.st.stm32cube.common.mx_6.10.0.202311202037\\db\/mcu/
2024-03-12 10:27:26,825 [INFO] ApiDb:274 - Set plugin database path to: C:\ST\STM32CubeIDE_1.14.1\STM32CubeIDE\plugins\com.st.stm32cube.common.mx_6.10.0.202311202037\\db\/plugins/boardmanager/
2024-03-12 10:27:26,826 [INFO] ApiDb:261 - Set plugin images path to: C:\ST\STM32CubeIDE_1.14.1\STM32CubeIDE\plugins\com.st.stm32cube.common.mx_6.10.0.202311202037\\db\/plugins/mcufinder/images/
2024-03-12 10:27:26,826 [WARN] DbFile:41 - Overriding database path with different value: C:\Users\tarun\.stmcufinder\plugins\mcufinder/ => C:\Users\tarun\.stmcufinder\plugins\mcufinder
2024-03-12 10:27:26,826 [INFO] ApiDb:250 - Set database path to: C:\Users\tarun\.stmcufinder\plugins\mcufinder//mcu/
2024-03-12 10:27:26,827 [WARN] DbFile:41 - Overriding database path with different value: C:\Users\tarun\.stmcufinder\plugins\mcufinder/ => C:\Users\tarun\.stmcufinder\plugins\mcufinder
2024-03-12 10:27:26,827 [INFO] DbMcusAds:125 - Set database path to: C:\Users\tarun\.stmcufinder\plugins\mcufinder//mcu/
2024-03-12 10:27:26,827 [WARN] DbFile:41 - Overriding database path with different value: C:\Users\tarun\.stmcufinder\plugins\mcufinder/ => C:\Users\tarun\.stmcufinder\plugins\mcufinder
2024-03-12 10:27:26,827 [WARN] DbFile:41 - Overriding database path with different value: C:\Users\tarun\.stmcufinder\plugins\mcufinder/ => C:\Users\tarun\.stmcufinder\plugins\mcufinder
2024-03-12 10:27:26,828 [INFO] CrossReferenceDbSqlite:203 - Set database path to: C:\Users\tarun\.stmcufinder\plugins\mcufinder//mcu/cs/
2024-03-12 10:27:27,032 [INFO] MainPanel:264 - HeapMemory: 268435456
2024-03-12 10:27:27,284 [INFO] DbMcusXml:78 - Set database path to: C:\ST\STM32CubeIDE_1.14.1\STM32CubeIDE\plugins\com.st.stm32cube.common.mx_6.10.0.202311202037\\db\/mcu/
2024-03-12 10:27:27,285 [INFO] ApiDb:274 - Set plugin database path to: C:\ST\STM32CubeIDE_1.14.1\STM32CubeIDE\plugins\com.st.stm32cube.common.mx_6.10.0.202311202037\\db\/plugins/boardmanager/
2024-03-12 10:27:27,285 [INFO] ApiDb:261 - Set plugin images path to: C:\ST\STM32CubeIDE_1.14.1\STM32CubeIDE\plugins\com.st.stm32cube.common.mx_6.10.0.202311202037\\db\/plugins/mcufinder/images/
2024-03-12 10:27:27,286 [WARN] DbFile:41 - Overriding database path with different value: C:\Users\tarun\.stmcufinder\plugins\mcufinder/ => C:\Users\tarun\.stmcufinder\plugins\mcufinder
2024-03-12 10:27:27,286 [INFO] ApiDb:250 - Set database path to: C:\Users\tarun\.stmcufinder\plugins\mcufinder//mcu/
2024-03-12 10:27:27,286 [WARN] DbFile:41 - Overriding database path with different value: C:\Users\tarun\.stmcufinder\plugins\mcufinder/ => C:\Users\tarun\.stmcufinder\plugins\mcufinder
2024-03-12 10:27:27,287 [INFO] DbMcusAds:125 - Set database path to: C:\Users\tarun\.stmcufinder\plugins\mcufinder//mcu/
2024-03-12 10:27:27,287 [WARN] DbFile:41 - Overriding database path with different value: C:\Users\tarun\.stmcufinder\plugins\mcufinder/ => C:\Users\tarun\.stmcufinder\plugins\mcufinder
2024-03-12 10:27:27,287 [WARN] DbFile:41 - Overriding database path with different value: C:\Users\tarun\.stmcufinder\plugins\mcufinder/ => C:\Users\tarun\.stmcufinder\plugins\mcufinder
2024-03-12 10:27:27,287 [INFO] CrossReferenceDbSqlite:203 - Set database path to: C:\Users\tarun\.stmcufinder\plugins\mcufinder//mcu/cs/
2024-03-12 10:27:27,332 [INFO] ApplicationProperties:184 - Using Application install path: C:\ST\STM32CubeIDE_1.14.1\STM32CubeIDE\plugins\com.st.stm32cube.common.mx_6.10.0.202311202037
2024-03-12 10:27:27,336 [INFO] PluginManage:196 - Search for loadable plugins [exclusion list=, ]
2024-03-12 10:27:27,339 [INFO] PluginManage:310 - Check plugin analytics
2024-03-12 10:27:27,904 [INFO] AnalyticsPlugin:253 - Accepted Software Licenses: 
2024-03-12 10:27:27,905 [INFO] AnalyticsPlugin:255 - Accepted CMSIS Pack Licenses: 
2024-03-12 10:27:27,906 [INFO] AnalyticsPlugin:257 - Accepted Firmware Licenses: FW.F4.1.28.0
2024-03-12 10:27:27,915 [INFO] PluginManage:359 - Loaded plugin analytics (category:tool,tabindex:-1)
2024-03-12 10:27:27,916 [INFO] PluginManage:310 - Check plugin cadmodel
2024-03-12 10:27:27,941 [INFO] CADModel:105 - Init CAD model plugin
2024-03-12 10:27:27,942 [INFO] PluginManage:359 - Loaded plugin cadmodel (category:power,tabindex:5)
2024-03-12 10:27:27,942 [INFO] PluginManage:310 - Check plugin clock
2024-03-12 10:27:27,970 [INFO] PluginManage:359 - Loaded plugin clock (category:base,tabindex:2)
2024-03-12 10:27:27,971 [INFO] PluginManage:310 - Check plugin ddr
2024-03-12 10:27:27,977 [INFO] PluginManage:359 - Loaded plugin ddr (category:tool,tabindex:6)
2024-03-12 10:27:27,978 [INFO] PluginManage:310 - Check plugin filemanager
2024-03-12 10:27:28,318 [INFO] PluginManage:359 - Loaded plugin filemanager (category:base,tabindex:10)
2024-03-12 10:27:28,318 [INFO] PluginManage:310 - Check plugin ipmanager
2024-03-12 10:27:28,336 [INFO] PluginManage:359 - Loaded plugin ipmanager (category:base,tabindex:5)
2024-03-12 10:27:28,336 [INFO] PluginManage:310 - Check plugin lpbam
2024-03-12 10:27:28,354 [INFO] PluginManage:359 - Loaded plugin lpbam (category:base,tabindex:0)
2024-03-12 10:27:28,355 [INFO] PluginManage:310 - Check plugin memorymap
2024-03-12 10:27:28,403 [INFO] PluginManage:359 - Loaded plugin memorymap (category:base,tabindex:4)
2024-03-12 10:27:28,403 [INFO] PluginManage:310 - Check plugin pinoutandconfiguration
2024-03-12 10:27:28,423 [INFO] PluginManage:359 - Loaded plugin pinoutandconfiguration (category:base,tabindex:1)
2024-03-12 10:27:28,423 [INFO] PluginManage:310 - Check plugin pinoutconfig
2024-03-12 10:27:28,657 [WARN] SupportedApi:132 - Cannot load RTOS API schema: s4s-elt-must-match.1: The content of 'definitions' must match (annotation?, (simpleType | complexType)?, (unique | key | keyref)*)). A problem was found starting at: attribute.
2024-03-12 10:27:29,059 [INFO] PluginManage:359 - Loaded plugin pinoutconfig (category:base,tabindex:0)
2024-03-12 10:27:29,060 [INFO] PluginManage:310 - Check plugin power
2024-03-12 10:27:29,088 [INFO] PluginManage:359 - Loaded plugin power (category:power,tabindex:4)
2024-03-12 10:27:29,089 [INFO] PluginManage:310 - Check plugin projectmanager
2024-03-12 10:27:29,132 [INFO] PluginManage:359 - Loaded plugin projectmanager (category:projectmanager,tabindex:3)
2024-03-12 10:27:29,132 [INFO] PluginManage:310 - Check plugin thirdparty
2024-03-12 10:27:29,582 [INFO] PluginManage:359 - Loaded plugin thirdparty (category:base,tabindex:-1)
2024-03-12 10:27:29,582 [WARN] IntegrityCheckThread:84 - waiting for thirdparty lock release [integrity check]
2024-03-12 10:27:29,582 [INFO] PluginManage:310 - Check plugin tools
2024-03-12 10:27:29,582 [INFO] IntegrityCheckThread:86 - entering critical section [integrity check]
2024-03-12 10:27:29,584 [INFO] ThirdPartyUpdaterWithRetryManager:70 - Updater plugin not ready yet. [1/15]
2024-03-12 10:27:29,589 [INFO] PluginManage:359 - Loaded plugin tools (category:base,tabindex:7)
2024-03-12 10:27:29,589 [INFO] PluginManage:310 - Check plugin tutovideos
2024-03-12 10:27:30,141 [INFO] PluginManage:359 - Loaded plugin tutovideos (category:base,tabindex:-1)
2024-03-12 10:27:30,142 [INFO] PluginManage:310 - Check plugin updater
2024-03-12 10:27:30,170 [INFO] PluginManage:359 - Loaded plugin updater (category:base,tabindex:12)
2024-03-12 10:27:30,170 [INFO] PluginManage:310 - Check plugin userauth
2024-03-12 10:27:30,182 [INFO] UserAuth:114 - Init User Auth plugin
2024-03-12 10:27:30,183 [INFO] PluginManage:359 - Loaded plugin userauth (category:base,tabindex:14)
2024-03-12 10:27:30,184 [INFO] PluginManage:283 - PluginManage : Loaded plugins [17]
2024-03-12 10:27:30,809 [INFO] PinOutPanel:1499 - setPackage(No Configuration,No Configuration)
2024-03-12 10:27:30,994 [INFO] CADModel:165 - CPN selected for project level
2024-03-12 10:27:30,994 [INFO] CADModel:114 - Register for checkConnection events
2024-03-12 10:27:31,033 [INFO] IPUIPlugin:80 - create IPUIPlugin
2024-03-12 10:27:31,033 [INFO] PluginManager:220 - loadIPPluginJar : add adc
2024-03-12 10:27:31,039 [INFO] IPUIPlugin:80 - create IPUIPlugin
2024-03-12 10:27:31,040 [INFO] PluginManager:220 - loadIPPluginJar : add aes
2024-03-12 10:27:31,048 [INFO] IPUIPlugin:80 - create IPUIPlugin
2024-03-12 10:27:31,048 [INFO] PluginManager:220 - loadIPPluginJar : add can
2024-03-12 10:27:31,052 [INFO] IPUIPlugin:80 - create IPUIPlugin
2024-03-12 10:27:31,052 [INFO] PluginManager:220 - loadIPPluginJar : add comp
2024-03-12 10:27:31,058 [INFO] IPUIPlugin:80 - create IPUIPlugin
2024-03-12 10:27:31,058 [INFO] PluginManager:220 - loadIPPluginJar : add cryp
2024-03-12 10:27:31,065 [INFO] IPUIPlugin:80 - create IPUIPlugin
2024-03-12 10:27:31,065 [INFO] PluginManager:220 - loadIPPluginJar : add dfsdm
2024-03-12 10:27:31,077 [INFO] IPUIPlugin:80 - create IPUIPlugin
2024-03-12 10:27:31,078 [INFO] PluginManager:220 - loadIPPluginJar : add dma
2024-03-12 10:27:31,084 [INFO] IPUIPlugin:80 - create IPUIPlugin
2024-03-12 10:27:31,085 [INFO] PluginManager:220 - loadIPPluginJar : add dma3
2024-03-12 10:27:31,088 [INFO] IPUIPlugin:80 - create IPUIPlugin
2024-03-12 10:27:31,089 [INFO] PluginManager:220 - loadIPPluginJar : add fatfs
2024-03-12 10:27:31,098 [INFO] IPUIPlugin:80 - create IPUIPlugin
2024-03-12 10:27:31,099 [INFO] PluginManager:220 - loadIPPluginJar : add fmc
2024-03-12 10:27:31,114 [INFO] IPUIPlugin:80 - create IPUIPlugin
2024-03-12 10:27:31,115 [INFO] PluginManager:220 - loadIPPluginJar : add freertos
2024-03-12 10:27:31,119 [INFO] IPUIPlugin:80 - create IPUIPlugin
2024-03-12 10:27:31,119 [INFO] PluginManager:220 - loadIPPluginJar : add genericplugin
2024-03-12 10:27:31,124 [INFO] IPUIPlugin:80 - create IPUIPlugin
2024-03-12 10:27:31,125 [INFO] PluginManager:220 - loadIPPluginJar : add gfxmmu
2024-03-12 10:27:31,135 [INFO] IPUIPlugin:80 - create IPUIPlugin
2024-03-12 10:27:31,136 [INFO] PluginManager:220 - loadIPPluginJar : add gic
2024-03-12 10:27:31,144 [INFO] IPUIPlugin:80 - create IPUIPlugin
2024-03-12 10:27:31,145 [INFO] PluginManager:220 - loadIPPluginJar : add gpio
2024-03-12 10:27:31,152 [INFO] IPUIPlugin:80 - create IPUIPlugin
2024-03-12 10:27:31,152 [INFO] PluginManager:220 - loadIPPluginJar : add gtzc
2024-03-12 10:27:31,158 [INFO] IPUIPlugin:80 - create IPUIPlugin
2024-03-12 10:27:31,159 [INFO] PluginManager:220 - loadIPPluginJar : add hash
2024-03-12 10:27:31,165 [INFO] IPUIPlugin:80 - create IPUIPlugin
2024-03-12 10:27:31,166 [INFO] PluginManager:220 - loadIPPluginJar : add i2c
2024-03-12 10:27:31,172 [INFO] IPUIPlugin:80 - create IPUIPlugin
2024-03-12 10:27:31,173 [INFO] PluginManager:220 - loadIPPluginJar : add i2s
2024-03-12 10:27:31,180 [INFO] IPUIPlugin:80 - create IPUIPlugin
2024-03-12 10:27:31,180 [INFO] PluginManager:220 - loadIPPluginJar : add i3c
2024-03-12 10:27:31,189 [INFO] IPUIPlugin:80 - create IPUIPlugin
2024-03-12 10:27:31,189 [INFO] PluginManager:220 - loadIPPluginJar : add ipddr
2024-03-12 10:27:31,204 [INFO] IPUIPlugin:80 - create IPUIPlugin
2024-03-12 10:27:31,204 [INFO] PluginManager:220 - loadIPPluginJar : add linkedlist
2024-03-12 10:27:31,211 [INFO] IPUIPlugin:80 - create IPUIPlugin
2024-03-12 10:27:31,211 [INFO] PluginManager:220 - loadIPPluginJar : add lorawan
2024-03-12 10:27:31,215 [INFO] IPUIPlugin:80 - create IPUIPlugin
2024-03-12 10:27:31,216 [INFO] PluginManager:220 - loadIPPluginJar : add ltdc
2024-03-12 10:27:31,228 [INFO] IPUIPlugin:80 - create IPUIPlugin
2024-03-12 10:27:31,229 [INFO] PluginManager:220 - loadIPPluginJar : add mdma
2024-03-12 10:27:31,240 [INFO] IPUIPlugin:80 - create IPUIPlugin
2024-03-12 10:27:31,240 [INFO] PluginManager:220 - loadIPPluginJar : add nvic
2024-03-12 10:27:31,247 [INFO] IPUIPlugin:80 - create IPUIPlugin
2024-03-12 10:27:31,247 [INFO] PluginManager:220 - loadIPPluginJar : add opamp
2024-03-12 10:27:31,255 [INFO] IPUIPlugin:80 - create IPUIPlugin
2024-03-12 10:27:31,255 [INFO] PluginManager:220 - loadIPPluginJar : add openamp
2024-03-12 10:27:31,263 [INFO] IPUIPlugin:80 - create IPUIPlugin
2024-03-12 10:27:31,263 [INFO] PluginManager:220 - loadIPPluginJar : add pdm2pcm
2024-03-12 10:27:31,276 [INFO] IPUIPlugin:80 - create IPUIPlugin
2024-03-12 10:27:31,283 [INFO] PluginManager:220 - loadIPPluginJar : add plateformsettings
2024-03-12 10:27:31,287 [INFO] IPUIPlugin:80 - create IPUIPlugin
2024-03-12 10:27:31,287 [INFO] PluginManager:220 - loadIPPluginJar : add quadspi
2024-03-12 10:27:31,296 [INFO] IPUIPlugin:80 - create IPUIPlugin
2024-03-12 10:27:31,296 [INFO] PluginManager:220 - loadIPPluginJar : add resmgrutility
2024-03-12 10:27:31,303 [INFO] IPUIPlugin:80 - create IPUIPlugin
2024-03-12 10:27:31,303 [INFO] PluginManager:220 - loadIPPluginJar : add sai
2024-03-12 10:27:31,309 [INFO] IPUIPlugin:80 - create IPUIPlugin
2024-03-12 10:27:31,309 [INFO] PluginManager:220 - loadIPPluginJar : add spi
2024-03-12 10:27:31,320 [INFO] IPUIPlugin:80 - create IPUIPlugin
2024-03-12 10:27:31,320 [INFO] PluginManager:220 - loadIPPluginJar : add stm32_wpan
2024-03-12 10:27:31,324 [INFO] IPUIPlugin:80 - create IPUIPlugin
2024-03-12 10:27:31,324 [INFO] PluginManager:220 - loadIPPluginJar : add tim
2024-03-12 10:27:31,332 [INFO] IPUIPlugin:80 - create IPUIPlugin
2024-03-12 10:27:31,332 [INFO] PluginManager:220 - loadIPPluginJar : add touchsensing
2024-03-12 10:27:31,338 [INFO] IPUIPlugin:80 - create IPUIPlugin
2024-03-12 10:27:31,338 [INFO] PluginManager:220 - loadIPPluginJar : add tracer_emb
2024-03-12 10:27:31,344 [INFO] IPUIPlugin:80 - create IPUIPlugin
2024-03-12 10:27:31,344 [INFO] PluginManager:220 - loadIPPluginJar : add ts
2024-03-12 10:27:31,348 [INFO] IPUIPlugin:80 - create IPUIPlugin
2024-03-12 10:27:31,349 [INFO] PluginManager:220 - loadIPPluginJar : add tsc
2024-03-12 10:27:31,353 [INFO] IPUIPlugin:80 - create IPUIPlugin
2024-03-12 10:27:31,354 [INFO] PluginManager:220 - loadIPPluginJar : add ucpd
2024-03-12 10:27:31,360 [INFO] IPUIPlugin:80 - create IPUIPlugin
2024-03-12 10:27:31,360 [INFO] PluginManager:220 - loadIPPluginJar : add usart
2024-03-12 10:27:31,369 [INFO] IPUIPlugin:80 - create IPUIPlugin
2024-03-12 10:27:31,369 [INFO] PluginManager:220 - loadIPPluginJar : add usbx
2024-03-12 10:27:31,611 [INFO] CADModel:165 - CPN selected for project level
2024-03-12 10:27:31,612 [INFO] CADModel:114 - Register for checkConnection events
2024-03-12 10:27:31,612 [FATAL] Updater:308 - Updater called before beeing initialized
2024-03-12 10:27:31,612 [ERROR] CADModel:125 - Updater not yet initialized, retry later 
2024-03-12 10:27:32,003 [INFO] CADModel:165 - CPN selected for project level
2024-03-12 10:27:32,003 [INFO] CADModel:114 - Register for checkConnection events
2024-03-12 10:27:32,003 [FATAL] Updater:308 - Updater called before beeing initialized
2024-03-12 10:27:32,003 [ERROR] CADModel:125 - Updater not yet initialized, retry later 
2024-03-12 10:27:32,011 [FATAL] Updater:308 - Updater called before beeing initialized
2024-03-12 10:27:32,291 [FATAL] Updater:308 - Updater called before beeing initialized
2024-03-12 10:27:32,304 [INFO] DbMcusAds:53 - JSON generation date=Wed Nov 29 16:22:27 IST 2023 (1701255147349)
2024-03-12 10:27:32,304 [FATAL] Updater:308 - Updater called before beeing initialized
2024-03-12 10:27:32,386 [WARN] DetailPanel:346 - Failed to get advertising image, set to default
2024-03-12 10:27:32,586 [INFO] ThirdPartyUpdaterWithRetryManager:70 - Updater plugin not ready yet. [2/15]
2024-03-12 10:27:32,593 [FATAL] Updater:308 - Updater called before beeing initialized
2024-03-12 10:27:32,598 [FATAL] Updater:308 - Updater called before beeing initialized
2024-03-12 10:27:32,599 [FATAL] Updater:308 - Updater called before beeing initialized
2024-03-12 10:27:32,599 [WARN] DetailPanel:346 - Failed to get advertising image, set to default
2024-03-12 10:27:32,600 [FATAL] Updater:308 - Updater called before beeing initialized
2024-03-12 10:27:32,762 [ERROR] Updater:1120 - MainUpdater not yet initialized. External WinMGr cannot be set.
2024-03-12 10:27:32,769 [INFO] Updater:1056 - Updater Version found : 6.10.0
2024-03-12 10:27:32,812 [INFO] ApplicationProperties:184 - Using Application install path: C:\ST\STM32CubeIDE_1.14.1\STM32CubeIDE\plugins\com.st.stm32cube.common.mx_6.10.0.202311202037
2024-03-12 10:27:34,423 [ERROR] LogOutputStream:75 - [STDERR_REDIRECT] Mar 12, 2024 10:27:34 AM java.util.prefs.WindowsPreferences <init>
2024-03-12 10:27:34,436 [ERROR] LogOutputStream:75 - [STDERR_REDIRECT] WARNING: Could not open/create prefs root node Software\JavaSoft\Prefs at root 0xffffffff80000002. Windows RegCreateKeyEx(...) returned error code 5.
2024-03-12 10:27:34,437 [ERROR] LogOutputStream:75 - [STDERR_REDIRECT] 
2024-03-12 10:27:35,271 [INFO] MainUpdater:2873 - connection check result : 10
2024-03-12 10:27:35,273 [INFO] MainUpdater:290 - Updater Check For Update Now.
2024-03-12 10:27:35,273 [INFO] MicroXplorer:498 - Change Database Version : DB.6.0.100
2024-03-12 10:27:35,290 [INFO] McuFinderGlobals:63 - Set McuFinder mode to 2 (CubeIDE integrated)
2024-03-12 10:27:35,571 [INFO] CheckServerUpdateThread:120 - End of CheckServer Thread
2024-03-12 10:27:36,070 [WARN] PackLoader:240 - Cannot read IP mode file for STMicroelectronics.X-CUBE-SMBUS.2.1.0
2024-03-12 10:27:36,099 [WARN] PackLoader:240 - Cannot read IP mode file for STMicroelectronics.X-CUBE-TOUCHGFX.4.23.0
2024-03-12 10:27:36,231 [WARN] PackLoader:240 - Cannot read IP mode file for STMicroelectronics.X-CUBE-AZRTOS-F7.1.1.0
2024-03-12 10:27:36,257 [WARN] PackLoader:240 - Cannot read IP mode file for STMicroelectronics.FP-SNS-MOTENV1.4.3.2
2024-03-12 10:27:36,274 [WARN] PackLoader:240 - Cannot read IP mode file for STMicroelectronics.FP-SNS-FLIGHT1.5.0.2
2024-03-12 10:27:36,309 [WARN] PackLoader:240 - Cannot read IP mode file for STMicroelectronics.X-CUBE-DISPLAY.3.0.0
2024-03-12 10:27:36,382 [WARN] PackLoader:240 - Cannot read IP mode file for STMicroelectronics.X-CUBE-BLE1.7.0.0
2024-03-12 10:27:36,403 [WARN] PackLoader:240 - Cannot read IP mode file for emotas.I-CUBE-CANOPEN.1.3.0
2024-03-12 10:27:36,436 [WARN] PackLoader:240 - Cannot read IP mode file for STMicroelectronics.X-CUBE-BLEMGR.3.1.0
2024-03-12 10:27:36,463 [WARN] PackLoader:240 - Cannot read IP mode file for STMicroelectronics.FP-SNS-SMARTAG2.1.2.0
2024-03-12 10:27:36,482 [INFO] UserAuth:404 - Internet connection configuration mode: 1
2024-03-12 10:27:36,510 [INFO] LogOutputStream:77 - [STDOUT_REDIRECT] 1 : Invalid condition id : UX_CORESTACK_Condition cause : null
2024-03-12 10:27:36,512 [INFO] LogOutputStream:77 - [STDOUT_REDIRECT] 1 : Invalid condition id : UX_CORESTACK_Condition cause : null
2024-03-12 10:27:36,518 [INFO] LogOutputStream:77 - [STDOUT_REDIRECT] 1 : Invalid condition id : UX_CORESTACK_Condition cause : null
2024-03-12 10:27:36,523 [INFO] LogOutputStream:77 - [STDOUT_REDIRECT] 1 : Invalid condition id : UX_CORESTACK_Condition cause : null
2024-03-12 10:27:36,530 [INFO] LogOutputStream:77 - [STDOUT_REDIRECT] 1 : Invalid condition id : UX_CORESTACK_Condition cause : null
2024-03-12 10:27:36,531 [INFO] JxBrowserEngine:152 - Initiate JxBrowser Engine with user profile folder
2024-03-12 10:27:36,541 [WARN] PackLoader:240 - Cannot read IP mode file for STMicroelectronics.X-CUBE-AZRTOS-WL.2.0.0
2024-03-12 10:27:36,572 [WARN] PackLoader:240 - Cannot read IP mode file for WES.I-CUBE-Cesium.1.3.0
2024-03-12 10:27:36,586 [WARN] PackLoader:240 - Cannot read IP mode file for STMicroelectronics.X-CUBE-BLE2.3.3.0
2024-03-12 10:27:36,605 [WARN] PackLoader:240 - Cannot read IP mode file for STMicroelectronics.X-CUBE-ALGOBUILD.1.3.0
2024-03-12 10:27:36,659 [WARN] PackLoader:240 - Cannot read IP mode file for STMicroelectronics.X-CUBE-AZRTOS-G0.1.1.0
2024-03-12 10:27:36,684 [WARN] PackLoader:240 - Cannot read IP mode file for STMicroelectronics.X-CUBE-NFC4.3.0.0
2024-03-12 10:27:36,708 [WARN] PackLoader:240 - Cannot read IP mode file for STMicroelectronics.X-CUBE-BLEMGR.3.0.0
2024-03-12 10:27:36,724 [WARN] PackLoader:240 - Cannot read IP mode file for STMicroelectronics.FP-ATR-SIGFOX1.3.2.0
2024-03-12 10:27:36,738 [WARN] PackLoader:240 - Cannot read IP mode file for STMicroelectronics.X-CUBE-EEPRMA1.5.1.0
2024-03-12 10:27:36,825 [WARN] PackLoader:240 - Cannot read IP mode file for SEGGER.I-CUBE-embOS.1.3.1
2024-03-12 10:27:37,036 [WARN] PackLoader:240 - Cannot read IP mode file for STMicroelectronics.X-CUBE-GNSS1.6.0.0
2024-03-12 10:27:37,110 [WARN] PackLoader:240 - Cannot read IP mode file for STMicroelectronics.X-CUBE-AZRTOS-F4.1.1.0
2024-03-12 10:27:37,129 [WARN] PackLoader:240 - Cannot read IP mode file for wolfSSL.I-CUBE-wolfSSL.5.6.6
2024-03-12 10:27:37,223 [WARN] PackLoader:240 - Cannot read IP mode file for STMicroelectronics.X-CUBE-AZRTOS-L5.2.0.0
2024-03-12 10:27:37,264 [WARN] PackLoader:240 - Cannot read IP mode file for ITTIA_DB.I-CUBE-ITTIADB.8.8.0
2024-03-12 10:27:37,279 [WARN] PackLoader:240 - Cannot read IP mode file for STMicroelectronics.X-CUBE-NFC7.1.0.1
2024-03-12 10:27:37,397 [WARN] PackLoader:240 - Cannot read IP mode file for STMicroelectronics.X-CUBE-NFC6.3.0.0
2024-03-12 10:27:37,426 [WARN] PackLoader:240 - Cannot read IP mode file for STMicroelectronics.X-CUBE-AI.8.1.0
2024-03-12 10:27:37,648 [WARN] ConditionMgr:438 - getConditionDescription Invalid condition id : LAN8742 Phy interface Condition cause : null
2024-03-12 10:27:37,653 [WARN] PackLoader:240 - Cannot read IP mode file for STMicroelectronics.X-CUBE-AZRTOS-L4.2.0.0
2024-03-12 10:27:37,659 [WARN] ConditionMgr:1039 - genDependencies : Invalid condition id : LAN8742 Phy interface Condition cause : null
2024-03-12 10:27:37,661 [WARN] ConditionMgr:1039 - genDependencies : Invalid condition id : LAN8742 Phy interface Condition cause : null
2024-03-12 10:27:37,664 [WARN] ConditionMgr:1039 - genDependencies : Invalid condition id : LAN8742 Phy interface Condition cause : null
2024-03-12 10:27:37,699 [WARN] PackLoader:240 - Cannot read IP mode file for STMicroelectronics.X-CUBE-SFXS2LP1.4.0.0
2024-03-12 10:27:37,766 [WARN] ConditionMgr:438 - getConditionDescription Invalid condition id : UX DEVICE CLASS RTOS Condition cause : null
2024-03-12 10:27:37,767 [WARN] ConditionMgr:438 - getConditionDescription Invalid condition id : UX DEVICE CLASS RTOS Condition cause : null
2024-03-12 10:27:37,778 [WARN] PackLoader:240 - Cannot read IP mode file for STMicroelectronics.X-CUBE-AZRTOS-WB.2.0.0
2024-03-12 10:27:37,781 [WARN] ConditionMgr:1039 - genDependencies : Invalid condition id : UX DEVICE CLASS RTOS Condition cause : null
2024-03-12 10:27:37,782 [WARN] ConditionMgr:1039 - genDependencies : Invalid condition id : UX DEVICE CLASS RTOS Condition cause : null
2024-03-12 10:27:37,784 [WARN] ConditionMgr:1039 - genDependencies : Invalid condition id : UX DEVICE CLASS RTOS Condition cause : null
2024-03-12 10:27:37,785 [WARN] ConditionMgr:1039 - genDependencies : Invalid condition id : UX DEVICE CLASS RTOS Condition cause : null
2024-03-12 10:27:37,786 [WARN] ConditionMgr:1039 - genDependencies : Invalid condition id : UX DEVICE CLASS RTOS Condition cause : null
2024-03-12 10:27:37,832 [WARN] PackLoader:240 - Cannot read IP mode file for STMicroelectronics.X-CUBE-SUBG2.5.0.0
2024-03-12 10:27:37,913 [WARN] PackLoader:240 - Cannot read IP mode file for STMicroelectronics.X-CUBE-AZRTOS-G4.2.0.0
2024-03-12 10:27:37,955 [WARN] PackLoader:240 - Cannot read IP mode file for Infineon.AIROC-Wi-Fi-Bluetooth-STM32.1.5.1
2024-03-12 10:27:37,972 [WARN] PackLoader:240 - Cannot read IP mode file for STMicroelectronics.FP-SNS-MOTENVWB1.1.3.1
2024-03-12 10:27:37,982 [WARN] PackLoader:240 - Cannot read IP mode file for STMicroelectronics.X-CUBE-ISPU.2.0.0
2024-03-12 10:27:38,093 [WARN] PackLoader:240 - Cannot read IP mode file for STMicroelectronics.X-CUBE-MEMS1.10.0.0
2024-03-12 10:27:38,863 [WARN] PackLoader:240 - Cannot read IP mode file for STMicroelectronics.X-CUBE-FREERTOS.1.1.0
2024-03-12 10:27:38,880 [WARN] PackLoader:240 - Cannot read IP mode file for portGmbH.I-Cube-SoM-uGOAL.1.1.0
2024-03-12 10:27:38,891 [WARN] PackLoader:240 - Cannot read IP mode file for STMicroelectronics.X-CUBE-ALS.1.0.1
2024-03-12 10:27:38,901 [WARN] PackLoader:240 - Cannot read IP mode file for STMicroelectronics.FP-ATR-ASTRA1.2.0.0
2024-03-12 10:27:38,928 [WARN] PackLoader:240 - Cannot read IP mode file for STMicroelectronics.X-CUBE-TOF1.3.4.0
2024-03-12 10:27:38,981 [WARN] PackLoader:240 - Cannot read IP mode file for STMicroelectronics.X-CUBE-TOF1.3.4.1
2024-03-12 10:27:39,059 [WARN] PackLoader:240 - Cannot read IP mode file for STMicroelectronics.X-CUBE-AZRTOS-H7.3.2.0
2024-03-12 10:27:39,110 [INFO] ThirdParty:978 - Integrity check success = true
2024-03-12 10:27:39,110 [INFO] IntegrityCheckThread:100 - exiting critical section [integrity check]
2024-03-12 10:27:39,111 [INFO] IntegrityCheckThread:103 - End integrity checks thread
2024-03-12 10:27:40,953 [INFO] WebApp:161 - Instantiating new browser for Auth
2024-03-12 10:27:43,945 [INFO] WebApp:780 - Register for checkConnection events
2024-03-12 10:27:43,950 [INFO] WebApp:414 - Apply proxy settings
2024-03-12 10:27:43,956 [INFO] WebApp:499 - Chromium requires no authentication
2024-03-12 10:27:43,978 [INFO] WebApp:442 - Direct internet connection detected
2024-03-12 10:27:44,697 [INFO] WebApp:192 - Starting web application
2024-03-12 10:27:44,697 [INFO] WebApp:544 - Web application path used C:\ST\STM32CubeIDE_1.14.1\STM32CubeIDE\plugins\com.st.stm32cube.common.mx_6.10.0.202311202037\db\plugins\mcufinder\reactClient1\index.html
2024-03-12 10:27:49,823 [INFO] McuFinderGlobals:63 - Set McuFinder mode to 2 (CubeIDE integrated)
2024-03-12 10:27:49,834 [INFO] MainUpdater:2873 - connection check result : 10
2024-03-12 10:27:49,841 [INFO] McuFinderGlobals:76 - Set McuFinderConnectedMode to true
2024-03-12 10:27:50,524 [INFO] ServerAccessManage:473 - Download File mcusAds.json._tmp_
2024-03-12 10:27:50,653 [INFO] LoadUrlFilesThread:156 - End of LoadUrlFiles Thread
2024-03-12 10:27:51,336 [INFO] ServerAccessManage:473 - Download File cube-finder-db.zip
2024-03-12 10:27:56,912 [INFO] FileExtend:240 - Unzip File : cube-finder-db.zip
2024-03-12 10:27:56,913 [INFO] FileExtend:255 - Standard Zip Deflate
2024-03-12 10:27:59,150 [INFO] LoadUrlFilesThread:156 - End of LoadUrlFiles Thread
2024-03-12 10:28:00,437 [INFO] ServerAccessManage:473 - Download File crdb.zip
2024-03-12 10:28:02,394 [INFO] FileExtend:240 - Unzip File : crdb.zip
2024-03-12 10:28:02,395 [INFO] FileExtend:255 - Standard Zip Deflate
2024-03-12 10:28:02,555 [INFO] LoadUrlFilesThread:156 - End of LoadUrlFiles Thread
2024-03-12 10:28:02,765 [INFO] ServerAccessManage:473 - Download File tutoVideoDB.zip
2024-03-12 10:28:02,840 [INFO] FileExtend:240 - Unzip File : tutoVideoDB.zip
2024-03-12 10:28:02,841 [INFO] FileExtend:255 - Standard Zip Deflate
2024-03-12 10:28:02,971 [INFO] LoadUrlFilesThread:156 - End of LoadUrlFiles Thread
2024-03-12 10:28:02,979 [WARN] DbFile:41 - Overriding database path with different value: C:\Users\tarun\.stmcufinder\plugins\mcufinder/ => C:\Users\tarun\.stmcufinder\plugins\mcufinder
2024-03-12 10:28:03,085 [INFO] ServerAccessManage:473 - Download File api_config.json
2024-03-12 10:28:03,214 [INFO] LoadUrlFilesThread:156 - End of LoadUrlFiles Thread
2024-03-12 10:28:03,223 [INFO] DbMcusAds:53 - JSON generation date=Wed Nov 29 16:22:27 IST 2023 (1701255147349)
2024-03-12 10:28:03,299 [INFO] LoadUrlFilesThread:185 - End of LoadServerUrlFiles without Thread
2024-03-12 10:28:03,299 [INFO] TargetSelectorAdapter:259 - Refresh data is successful
2024-03-12 10:28:03,567 [INFO] ApiDb:581 - Connected to CubeFinder SQLite database (C:\Users\tarun\.stmcufinder\plugins\mcufinder\mcu\cube-finder-db.db)
2024-03-12 10:28:04,314 [INFO] ApiDb:668 - CubeFinder database Data Model version=2.1
2024-03-12 10:28:04,315 [INFO] ApiDb:669 - CubeFinder database Configuration version=3.0.39
2024-03-12 10:28:04,316 [INFO] ApiDb:670 - CubeFinder database generation date=2024-02-19 (1708350410)
2024-03-12 10:28:04,316 [INFO] ApiDb:671 - CubeFinder database FW Pack versions=[FP-ATR-ASTRA1_V2.0.0, FP-SNS-FLIGHT1_V5.0.1, FP-SNS-FLIGHT1_V5.0.2, FP-SNS-MOTENV1_V4.3.1, FP-SNS-MOTENV1_V4.3.2, FP-SNS-MOTENVWB1_V1.3.1, FP-SNS-SMARTAG2_V1.2.0, STM32Cube_FW_C0_V1.1.0, STM32Cube_FW_F4_V1.28.0, STM32Cube_FW_F7_V1.17.0, STM32Cube_FW_G0_V1.6.2, STM32Cube_FW_G4_V1.5.2, STM32Cube_FW_H5_V0.5.1, STM32Cube_FW_H5_V1.1.1, STM32Cube_FW_H5_V1.2.0RC2, STM32Cube_FW_H7_V1.11.0, STM32Cube_FW_L0_V1.12.2, STM32Cube_FW_L5_V1.5.0, STM32Cube_FW_U5_V1.3.0RC4, STM32Cube_FW_U5_V1.4.0, STM32Cube_FW_WBA_V1.0.0RC1, STM32Cube_FW_WBA_V1.1.0RC1, STM32Cube_FW_WBA_V1.2.0, STM32Cube_FW_WBA_V1.2.0RC2, STM32Cube_FW_WB_V1.15.0RC1, STM32Cube_FW_WB_V1.16.0, STM32Cube_FW_WB_V1.16.0RC2, STM32Cube_FW_WB_V1.18.0, STM32Cube_FW_WL_V1.3.0, X-CUBE-ALGOBUILD_V1.3.0, X-CUBE-ALS_V1.0.1, X-CUBE-AZRTOS-F4_V1.1.0, X-CUBE-AZRTOS-F7_V1.1.0, X-CUBE-AZRTOS-G0_V1.1.0, X-CUBE-AZRTOS-G4_V2.0.0, X-CUBE-AZRTOS-H7_V3.2.0, X-CUBE-AZRTOS-L4_V1.0.0, X-CUBE-AZRTOS-L4_V2.0.0, X-CUBE-AZRTOS-L5_V1.1.0, X-CUBE-AZRTOS-WB_V2.0.0, X-CUBE-AZRTOS-WL_V2.0.0, X-CUBE-BLE1_V7.0.0, X-CUBE-BLE2_V3.3.0, X-CUBE-BLEMGR_V3.0.0, X-CUBE-EEPRMA1_V4.1.0, X-CUBE-EEPRMA1_V5.1.0, X-CUBE-FREERTOS_V1.1.0, X-CUBE-GNSS1_V6.0.0, X-CUBE-MEMS1_V10.0.0, X-CUBE-MEMS1_V9.1.0, X-CUBE-MEMS1_V9.4.0, X-CUBE-MEMS1_V9.6.0, X-CUBE-NFC4_V3.0.0, X-CUBE-NFC7_V1.0.1, X-CUBE-SFXS2LP1_V4.0.0, X-CUBE-SUBG2_V5.0.0, X-CUBE-TOF1_V3.4.0]
2024-03-12 10:28:07,215 [ERROR] LogOutputStream:75 - [STDERR_REDIRECT] SLF4J: Failed to load class "org.slf4j.impl.StaticLoggerBinder".
2024-03-12 10:28:07,222 [ERROR] LogOutputStream:75 - [STDERR_REDIRECT] SLF4J: Defaulting to no-operation (NOP) logger implementation
2024-03-12 10:28:07,230 [ERROR] LogOutputStream:75 - [STDERR_REDIRECT] SLF4J: See http://www.slf4j.org/codes.html#StaticLoggerBinder for further details.
2024-03-12 10:28:12,144 [INFO] ApiDb:240 - Found 371 in-development CPN: [B-G473E-ZEST1S, B-WB1M-WPAN1, B-WL5M-SUBG1, NUCLEO-C031C6, NUCLEO-H503RB, NUCLEO-H563ZI, NUCLEO-U545RE-Q, NUCLEO-U5A5ZJ-Q, NUCLEO-WBA52CG, NUCLEO-WBA55CG, STEVAL-MKBOXPRO, STEVAL-PROTEUS1, STEVAL-STWINBX1, STM320518-EVAL, STM32C0116-DK, STM32C011D6Y3TR, STM32C011D6Y6TR, STM32C011F4P3, STM32C011F4P6, STM32C011F4U3, STM32C011F4U6TR, STM32C011F6P3, STM32C011F6P6, STM32C011F6U3, STM32C011F6U6TR, STM32C011J4M3, STM32C011J4M6, STM32C011J6M3, STM32C011J6M6, STM32C0316-DK, STM32C031C4T3, STM32C031C4T6, STM32C031C4U3, STM32C031C4U6, STM32C031C6T3, STM32C031C6T6, STM32C031C6U3, STM32C031C6U6, STM32C031F4P3, STM32C031F4P6, STM32C031F6P3, STM32C031F6P6, STM32C031G4U3, STM32C031G4U6, STM32C031G6U3, STM32C031G6U6, STM32C031K4T3, STM32C031K4T6, STM32C031K4U3, STM32C031K4U6, STM32C031K6T3, STM32C031K6T6, STM32C031K6U3, STM32C031K6U6, STM32G071K8TXN, STM32G071K8UXN, STM32G081GBU6N, STM32G081KBT6N, STM32G081KBUXN, STM32G0B1CCT6N, STM32G0B1KCT6, STM32G0B1NEY6TR, STM32G0B1RCT6N, STM32G0C1CCT6, STM32G0C1CCT6N, STM32G0C1CCU6N, STM32G0C1CET6N, STM32G0C1CEU6N, STM32G0C1KCT6, STM32G0C1NEY6TR, STM32G0C1RCI6N, STM32G0C1RCT6N, STM32G0C1REI6N, STM32G0C1RET6N, STM32G0C1VCI6, STM32G0C1VEI6, STM32G471CCT6, STM32G471CCU6, STM32G471CET3, STM32G471CET6, STM32G471CEU3, STM32G471CEU6, STM32G471MCT6, STM32G471MET3, STM32G471MET6, STM32G471MEY6TR, STM32G471QCT6, STM32G471QET3, STM32G471RCT6, STM32G471RET3, STM32G471RET6, STM32G471VCH6, STM32G471VCI6, STM32G471VCT6, STM32G471VEH3, STM32G471VEH6, STM32G471VEI3, STM32G471VEI6, STM32G471VET3, STM32G471VET6, STM32G474CCT6, STM32H503CBT6, STM32H503CBU6, STM32H503EBY6TR, STM32H503KBU6, STM32H503RBT6, STM32H562AGI6, STM32H562AII6, STM32H562IGK6, STM32H562IGT6, STM32H562IIK6, STM32H562IIT6, STM32H562RGT6, STM32H562RGV6, STM32H562RIT6, STM32H562RIV6, STM32H562VGT6, STM32H562VIT6, STM32H562ZGT6, STM32H562ZIT6, STM32H563AGI6, STM32H563AII3Q, STM32H563AII6, STM32H563IGK6, STM32H563IGT6, STM32H563IIK3Q, STM32H563IIK6, STM32H563IIT3Q, STM32H563IIT6, STM32H563MIY3QTR, STM32H563RGT6, STM32H563RGV6, STM32H563RIT6, STM32H563RIV6, STM32H563VGT6, STM32H563VIT3Q, STM32H563VIT6, STM32H563ZGT6, STM32H563ZIT3Q, STM32H563ZIT6, STM32H573AII3Q, STM32H573AII6, STM32H573I-DK, STM32H573IIK3Q, STM32H573IIK6, STM32H573IIT3Q, STM32H573IIT6, STM32H573MIY3QTR, STM32H573RIT6, STM32H573RIV6, STM32H573VIT3Q, STM32H573VIT6, STM32H573ZIT3Q, STM32H573ZIT6, STM32L4R5QGI6STR, STM32MP131AAE3, STM32MP131AAF3, STM32MP131AAG3, STM32MP131CAE3, STM32MP131CAF3, STM32MP131CAG3, STM32MP131DAE7, STM32MP131DAF7, STM32MP131DAG7, STM32MP131FAE7, STM32MP131FAF7, STM32MP131FAG7, STM32MP133AAE3, STM32MP133AAF3, STM32MP133AAG3, STM32MP133CAE3, STM32MP133CAF3, STM32MP133CAG3, STM32MP133DAE7, STM32MP133DAF7, STM32MP133DAG7, STM32MP133FAE7, STM32MP133FAF7, STM32MP133FAG7, STM32MP135AAE3, STM32MP135AAF3, STM32MP135AAG3, STM32MP135CAE3, STM32MP135CAF3, STM32MP135CAG3, STM32MP135DAE7, STM32MP135DAF7, STM32MP135DAG7, STM32MP135F-DK, STM32MP135FAE7, STM32MP135FAF7, STM32MP135FAF7T, STM32MP135FAF7U, STM32MP135FAG7, STM32U535CBT6, STM32U535CBT6Q, STM32U535CBU6, STM32U535CBU6Q, STM32U535CCT6, STM32U535CCT6Q, STM32U535CCU6, STM32U535CCU6Q, STM32U535CET6, STM32U535CET6Q, STM32U535CEU6, STM32U535CEU6Q, STM32U535JEY6QTR, STM32U535NCY6QTR, STM32U535NEY6QTR, STM32U535RBI6, STM32U535RBI6Q, STM32U535RBT6, STM32U535RBT6Q, STM32U535RCI6, STM32U535RCI6Q, STM32U535RCT6, STM32U535RCT6Q, STM32U535REI6, STM32U535REI6Q, STM32U535RET6, STM32U535RET6Q, STM32U535VCI6, STM32U535VCI6Q, STM32U535VCT6, STM32U535VCT6Q, STM32U535VEI6, STM32U535VEI6Q, STM32U535VET6, STM32U535VET6Q, STM32U545CET6, STM32U545CET6Q, STM32U545CEU6, STM32U545CEU6Q, STM32U545JEY6QTR, STM32U545NEY6QTR, STM32U545REI6, STM32U545REI6Q, STM32U545RET6, STM32U545RET6Q, STM32U545VEI6, STM32U545VEI6Q, STM32U545VET6, STM32U545VET6Q, STM32U595AIH6, STM32U595AIH6Q, STM32U595AJH6, STM32U595AJH6Q, STM32U595QII6, STM32U595QII6Q, STM32U595QJI6, STM32U595QJI6Q, STM32U595RIT6, STM32U595RIT6Q, STM32U595RJT6, STM32U595RJT6Q, STM32U595VIT6, STM32U595VIT6Q, STM32U595VJT6, STM32U595VJT6Q, STM32U595ZIT6, STM32U595ZIT6Q, STM32U595ZIY6QTR, STM32U595ZJT6, STM32U595ZJT6Q, STM32U595ZJY6QTR, STM32U599BJY6QTR, STM32U599NIH6Q, STM32U599NJH6Q, STM32U599VIT6Q, STM32U599VJT6, STM32U599VJT6Q, STM32U599ZIT6Q, STM32U599ZIY6QTR, STM32U599ZJT6Q, STM32U599ZJY6QTR, STM32U5A5AJH6, STM32U5A5AJH6Q, STM32U5A5QJI6, STM32U5A5QJI6Q, STM32U5A5RJT6, STM32U5A5RJT6Q, STM32U5A5VJT6, STM32U5A5VJT6Q, STM32U5A5ZJT6, STM32U5A5ZJT6Q, STM32U5A5ZJY6QTR, STM32U5A9BJY6QTR, STM32U5A9J-DK, STM32U5A9NJH6Q, STM32U5A9VJT6Q, STM32U5A9ZJT6Q, STM32U5A9ZJY6QTR, STM32U5F7VIT6, STM32U5F7VIT6Q, STM32U5F7VJT6, STM32U5F7VJT6Q, STM32U5F9BJY6QTR, STM32U5F9NJH6Q, STM32U5F9VIT6Q, STM32U5F9VJT6Q, STM32U5F9ZIJ6QTR, STM32U5F9ZIT6Q, STM32U5F9ZJJ6QTR, STM32U5F9ZJT6Q, STM32U5G7VJT6, STM32U5G7VJT6Q, STM32U5G9BJY6QTR, STM32U5G9J-DK1, STM32U5G9J-DK2, STM32U5G9NJH6Q, STM32U5G9VJT6Q, STM32U5G9ZJJ6QTR, STM32U5G9ZJT6Q, STM32WB1MMCH6, STM32WBA50KEU6, STM32WBA50KEU6TR, STM32WBA50KGU6, STM32WBA50KGU6TR, STM32WBA52CEU6, STM32WBA52CEU6TR, STM32WBA52CEU7, STM32WBA52CEU7TR, STM32WBA52CGU6, STM32WBA52CGU6TR, STM32WBA52CGU6U, STM32WBA52CGU7, STM32WBA52CGU7TR, STM32WBA52KEU6, STM32WBA52KEU6TR, STM32WBA52KGU6, STM32WBA52KGU6TR, STM32WBA54CEU6, STM32WBA54CEU6TR, STM32WBA54CEU7, STM32WBA54CEU7TR, STM32WBA54CGU6, STM32WBA54CGU6TR, STM32WBA54CGU7, STM32WBA54CGU7TR, STM32WBA54KEU6, STM32WBA54KEU6TR, STM32WBA54KEU7, STM32WBA54KEU7TR, STM32WBA54KGU6, STM32WBA54KGU6TR, STM32WBA54KGU7, STM32WBA54KGU7TR, STM32WBA55CEU6, STM32WBA55CEU6TR, STM32WBA55CEU7, STM32WBA55CEU7TR, STM32WBA55CGU6, STM32WBA55CGU6TR, STM32WBA55CGU6U, STM32WBA55CGU7, STM32WBA55CGU7TR, STM32WBA55G-DK1, STM32WBA55HEF6, STM32WBA55HEF7, STM32WBA55HGF6, STM32WBA55HGF7, STM32WBA55UEI6, STM32WBA55UEI6TR, STM32WBA55UEI7, STM32WBA55UEI7TR, STM32WBA55UGI6, STM32WBA55UGI6TR, STM32WBA55UGI7, STM32WBA55UGI7TR, STM32WL5MOCH6, STM32WL5MOCH6TR]
2024-03-12 10:28:12,156 [INFO] DbMcus:218 - Found 3930 MCUs, 3930 are supported
2024-03-12 10:28:12,158 [INFO] ApiDb:423 - Load user favorites file C:\Users\tarun/.stm32cubeide/favorites.mcus.txt: 0 item(s)
2024-03-12 10:28:12,158 [INFO] ApiDb:427 - User favorites MCUs=[]
2024-03-12 10:28:12,159 [INFO] DbMcus:224 - Set 0 / 0 favorites MCUs
2024-03-12 10:28:13,010 [INFO] ApiDb:668 - CubeFinder database Data Model version=2.1
2024-03-12 10:28:13,011 [INFO] ApiDb:669 - CubeFinder database Configuration version=3.0.39
2024-03-12 10:28:13,011 [INFO] ApiDb:670 - CubeFinder database generation date=2024-02-19 (1708350410)
2024-03-12 10:28:13,011 [INFO] ApiDb:671 - CubeFinder database FW Pack versions=[FP-ATR-ASTRA1_V2.0.0, FP-SNS-FLIGHT1_V5.0.1, FP-SNS-FLIGHT1_V5.0.2, FP-SNS-MOTENV1_V4.3.1, FP-SNS-MOTENV1_V4.3.2, FP-SNS-MOTENVWB1_V1.3.1, FP-SNS-SMARTAG2_V1.2.0, STM32Cube_FW_C0_V1.1.0, STM32Cube_FW_F4_V1.28.0, STM32Cube_FW_F7_V1.17.0, STM32Cube_FW_G0_V1.6.2, STM32Cube_FW_G4_V1.5.2, STM32Cube_FW_H5_V0.5.1, STM32Cube_FW_H5_V1.1.1, STM32Cube_FW_H5_V1.2.0RC2, STM32Cube_FW_H7_V1.11.0, STM32Cube_FW_L0_V1.12.2, STM32Cube_FW_L5_V1.5.0, STM32Cube_FW_U5_V1.3.0RC4, STM32Cube_FW_U5_V1.4.0, STM32Cube_FW_WBA_V1.0.0RC1, STM32Cube_FW_WBA_V1.1.0RC1, STM32Cube_FW_WBA_V1.2.0, STM32Cube_FW_WBA_V1.2.0RC2, STM32Cube_FW_WB_V1.15.0RC1, STM32Cube_FW_WB_V1.16.0, STM32Cube_FW_WB_V1.16.0RC2, STM32Cube_FW_WB_V1.18.0, STM32Cube_FW_WL_V1.3.0, X-CUBE-ALGOBUILD_V1.3.0, X-CUBE-ALS_V1.0.1, X-CUBE-AZRTOS-F4_V1.1.0, X-CUBE-AZRTOS-F7_V1.1.0, X-CUBE-AZRTOS-G0_V1.1.0, X-CUBE-AZRTOS-G4_V2.0.0, X-CUBE-AZRTOS-H7_V3.2.0, X-CUBE-AZRTOS-L4_V1.0.0, X-CUBE-AZRTOS-L4_V2.0.0, X-CUBE-AZRTOS-L5_V1.1.0, X-CUBE-AZRTOS-WB_V2.0.0, X-CUBE-AZRTOS-WL_V2.0.0, X-CUBE-BLE1_V7.0.0, X-CUBE-BLE2_V3.3.0, X-CUBE-BLEMGR_V3.0.0, X-CUBE-EEPRMA1_V4.1.0, X-CUBE-EEPRMA1_V5.1.0, X-CUBE-FREERTOS_V1.1.0, X-CUBE-GNSS1_V6.0.0, X-CUBE-MEMS1_V10.0.0, X-CUBE-MEMS1_V9.1.0, X-CUBE-MEMS1_V9.4.0, X-CUBE-MEMS1_V9.6.0, X-CUBE-NFC4_V3.0.0, X-CUBE-NFC7_V1.0.1, X-CUBE-SFXS2LP1_V4.0.0, X-CUBE-SUBG2_V5.0.0, X-CUBE-TOF1_V3.4.0]
2024-03-12 10:28:13,397 [INFO] DbBoardsSqlite:226 - include board P-NUCLEO-WB55-NUCLEO as a kit item of type 'Nucleo-64'
2024-03-12 10:28:13,398 [INFO] DbBoardsSqlite:226 - include board P-NUCLEO-WB55-USBDONGLE as a kit item of type 'Nucleo USB Dongle'
2024-03-12 10:28:13,399 [INFO] DbBoardsSqlite:226 - include board STEVAL-IDP005V1 as a kit item of type 'Evaluation Board'
2024-03-12 10:28:13,401 [INFO] DbBoardsSqlite:226 - include board STEVAL-IDP005V2 as a kit item of type 'Evaluation Board'
2024-03-12 10:28:14,085 [INFO] ApiDb:240 - Found 371 in-development CPN: [B-G473E-ZEST1S, B-WB1M-WPAN1, B-WL5M-SUBG1, NUCLEO-C031C6, NUCLEO-H503RB, NUCLEO-H563ZI, NUCLEO-U545RE-Q, NUCLEO-U5A5ZJ-Q, NUCLEO-WBA52CG, NUCLEO-WBA55CG, STEVAL-MKBOXPRO, STEVAL-PROTEUS1, STEVAL-STWINBX1, STM320518-EVAL, STM32C0116-DK, STM32C011D6Y3TR, STM32C011D6Y6TR, STM32C011F4P3, STM32C011F4P6, STM32C011F4U3, STM32C011F4U6TR, STM32C011F6P3, STM32C011F6P6, STM32C011F6U3, STM32C011F6U6TR, STM32C011J4M3, STM32C011J4M6, STM32C011J6M3, STM32C011J6M6, STM32C0316-DK, STM32C031C4T3, STM32C031C4T6, STM32C031C4U3, STM32C031C4U6, STM32C031C6T3, STM32C031C6T6, STM32C031C6U3, STM32C031C6U6, STM32C031F4P3, STM32C031F4P6, STM32C031F6P3, STM32C031F6P6, STM32C031G4U3, STM32C031G4U6, STM32C031G6U3, STM32C031G6U6, STM32C031K4T3, STM32C031K4T6, STM32C031K4U3, STM32C031K4U6, STM32C031K6T3, STM32C031K6T6, STM32C031K6U3, STM32C031K6U6, STM32G071K8TXN, STM32G071K8UXN, STM32G081GBU6N, STM32G081KBT6N, STM32G081KBUXN, STM32G0B1CCT6N, STM32G0B1KCT6, STM32G0B1NEY6TR, STM32G0B1RCT6N, STM32G0C1CCT6, STM32G0C1CCT6N, STM32G0C1CCU6N, STM32G0C1CET6N, STM32G0C1CEU6N, STM32G0C1KCT6, STM32G0C1NEY6TR, STM32G0C1RCI6N, STM32G0C1RCT6N, STM32G0C1REI6N, STM32G0C1RET6N, STM32G0C1VCI6, STM32G0C1VEI6, STM32G471CCT6, STM32G471CCU6, STM32G471CET3, STM32G471CET6, STM32G471CEU3, STM32G471CEU6, STM32G471MCT6, STM32G471MET3, STM32G471MET6, STM32G471MEY6TR, STM32G471QCT6, STM32G471QET3, STM32G471RCT6, STM32G471RET3, STM32G471RET6, STM32G471VCH6, STM32G471VCI6, STM32G471VCT6, STM32G471VEH3, STM32G471VEH6, STM32G471VEI3, STM32G471VEI6, STM32G471VET3, STM32G471VET6, STM32G474CCT6, STM32H503CBT6, STM32H503CBU6, STM32H503EBY6TR, STM32H503KBU6, STM32H503RBT6, STM32H562AGI6, STM32H562AII6, STM32H562IGK6, STM32H562IGT6, STM32H562IIK6, STM32H562IIT6, STM32H562RGT6, STM32H562RGV6, STM32H562RIT6, STM32H562RIV6, STM32H562VGT6, STM32H562VIT6, STM32H562ZGT6, STM32H562ZIT6, STM32H563AGI6, STM32H563AII3Q, STM32H563AII6, STM32H563IGK6, STM32H563IGT6, STM32H563IIK3Q, STM32H563IIK6, STM32H563IIT3Q, STM32H563IIT6, STM32H563MIY3QTR, STM32H563RGT6, STM32H563RGV6, STM32H563RIT6, STM32H563RIV6, STM32H563VGT6, STM32H563VIT3Q, STM32H563VIT6, STM32H563ZGT6, STM32H563ZIT3Q, STM32H563ZIT6, STM32H573AII3Q, STM32H573AII6, STM32H573I-DK, STM32H573IIK3Q, STM32H573IIK6, STM32H573IIT3Q, STM32H573IIT6, STM32H573MIY3QTR, STM32H573RIT6, STM32H573RIV6, STM32H573VIT3Q, STM32H573VIT6, STM32H573ZIT3Q, STM32H573ZIT6, STM32L4R5QGI6STR, STM32MP131AAE3, STM32MP131AAF3, STM32MP131AAG3, STM32MP131CAE3, STM32MP131CAF3, STM32MP131CAG3, STM32MP131DAE7, STM32MP131DAF7, STM32MP131DAG7, STM32MP131FAE7, STM32MP131FAF7, STM32MP131FAG7, STM32MP133AAE3, STM32MP133AAF3, STM32MP133AAG3, STM32MP133CAE3, STM32MP133CAF3, STM32MP133CAG3, STM32MP133DAE7, STM32MP133DAF7, STM32MP133DAG7, STM32MP133FAE7, STM32MP133FAF7, STM32MP133FAG7, STM32MP135AAE3, STM32MP135AAF3, STM32MP135AAG3, STM32MP135CAE3, STM32MP135CAF3, STM32MP135CAG3, STM32MP135DAE7, STM32MP135DAF7, STM32MP135DAG7, STM32MP135F-DK, STM32MP135FAE7, STM32MP135FAF7, STM32MP135FAF7T, STM32MP135FAF7U, STM32MP135FAG7, STM32U535CBT6, STM32U535CBT6Q, STM32U535CBU6, STM32U535CBU6Q, STM32U535CCT6, STM32U535CCT6Q, STM32U535CCU6, STM32U535CCU6Q, STM32U535CET6, STM32U535CET6Q, STM32U535CEU6, STM32U535CEU6Q, STM32U535JEY6QTR, STM32U535NCY6QTR, STM32U535NEY6QTR, STM32U535RBI6, STM32U535RBI6Q, STM32U535RBT6, STM32U535RBT6Q, STM32U535RCI6, STM32U535RCI6Q, STM32U535RCT6, STM32U535RCT6Q, STM32U535REI6, STM32U535REI6Q, STM32U535RET6, STM32U535RET6Q, STM32U535VCI6, STM32U535VCI6Q, STM32U535VCT6, STM32U535VCT6Q, STM32U535VEI6, STM32U535VEI6Q, STM32U535VET6, STM32U535VET6Q, STM32U545CET6, STM32U545CET6Q, STM32U545CEU6, STM32U545CEU6Q, STM32U545JEY6QTR, STM32U545NEY6QTR, STM32U545REI6, STM32U545REI6Q, STM32U545RET6, STM32U545RET6Q, STM32U545VEI6, STM32U545VEI6Q, STM32U545VET6, STM32U545VET6Q, STM32U595AIH6, STM32U595AIH6Q, STM32U595AJH6, STM32U595AJH6Q, STM32U595QII6, STM32U595QII6Q, STM32U595QJI6, STM32U595QJI6Q, STM32U595RIT6, STM32U595RIT6Q, STM32U595RJT6, STM32U595RJT6Q, STM32U595VIT6, STM32U595VIT6Q, STM32U595VJT6, STM32U595VJT6Q, STM32U595ZIT6, STM32U595ZIT6Q, STM32U595ZIY6QTR, STM32U595ZJT6, STM32U595ZJT6Q, STM32U595ZJY6QTR, STM32U599BJY6QTR, STM32U599NIH6Q, STM32U599NJH6Q, STM32U599VIT6Q, STM32U599VJT6, STM32U599VJT6Q, STM32U599ZIT6Q, STM32U599ZIY6QTR, STM32U599ZJT6Q, STM32U599ZJY6QTR, STM32U5A5AJH6, STM32U5A5AJH6Q, STM32U5A5QJI6, STM32U5A5QJI6Q, STM32U5A5RJT6, STM32U5A5RJT6Q, STM32U5A5VJT6, STM32U5A5VJT6Q, STM32U5A5ZJT6, STM32U5A5ZJT6Q, STM32U5A5ZJY6QTR, STM32U5A9BJY6QTR, STM32U5A9J-DK, STM32U5A9NJH6Q, STM32U5A9VJT6Q, STM32U5A9ZJT6Q, STM32U5A9ZJY6QTR, STM32U5F7VIT6, STM32U5F7VIT6Q, STM32U5F7VJT6, STM32U5F7VJT6Q, STM32U5F9BJY6QTR, STM32U5F9NJH6Q, STM32U5F9VIT6Q, STM32U5F9VJT6Q, STM32U5F9ZIJ6QTR, STM32U5F9ZIT6Q, STM32U5F9ZJJ6QTR, STM32U5F9ZJT6Q, STM32U5G7VJT6, STM32U5G7VJT6Q, STM32U5G9BJY6QTR, STM32U5G9J-DK1, STM32U5G9J-DK2, STM32U5G9NJH6Q, STM32U5G9VJT6Q, STM32U5G9ZJJ6QTR, STM32U5G9ZJT6Q, STM32WB1MMCH6, STM32WBA50KEU6, STM32WBA50KEU6TR, STM32WBA50KGU6, STM32WBA50KGU6TR, STM32WBA52CEU6, STM32WBA52CEU6TR, STM32WBA52CEU7, STM32WBA52CEU7TR, STM32WBA52CGU6, STM32WBA52CGU6TR, STM32WBA52CGU6U, STM32WBA52CGU7, STM32WBA52CGU7TR, STM32WBA52KEU6, STM32WBA52KEU6TR, STM32WBA52KGU6, STM32WBA52KGU6TR, STM32WBA54CEU6, STM32WBA54CEU6TR, STM32WBA54CEU7, STM32WBA54CEU7TR, STM32WBA54CGU6, STM32WBA54CGU6TR, STM32WBA54CGU7, STM32WBA54CGU7TR, STM32WBA54KEU6, STM32WBA54KEU6TR, STM32WBA54KEU7, STM32WBA54KEU7TR, STM32WBA54KGU6, STM32WBA54KGU6TR, STM32WBA54KGU7, STM32WBA54KGU7TR, STM32WBA55CEU6, STM32WBA55CEU6TR, STM32WBA55CEU7, STM32WBA55CEU7TR, STM32WBA55CGU6, STM32WBA55CGU6TR, STM32WBA55CGU6U, STM32WBA55CGU7, STM32WBA55CGU7TR, STM32WBA55G-DK1, STM32WBA55HEF6, STM32WBA55HEF7, STM32WBA55HGF6, STM32WBA55HGF7, STM32WBA55UEI6, STM32WBA55UEI6TR, STM32WBA55UEI7, STM32WBA55UEI7TR, STM32WBA55UGI6, STM32WBA55UGI6TR, STM32WBA55UGI7, STM32WBA55UGI7TR, STM32WL5MOCH6, STM32WL5MOCH6TR]
2024-03-12 10:28:14,371 [INFO] BoardInfo:889 - No configuration file found for board P-NUCLEO-WB55
2024-03-12 10:28:14,372 [INFO] DbBoards:161 - Kit is not supported: P-NUCLEO-WB55
2024-03-12 10:28:14,383 [INFO] BoardInfo:889 - No configuration file found for board STEVAL-BFA001V1B
2024-03-12 10:28:14,384 [INFO] DbBoards:161 - Kit is not supported: STEVAL-BFA001V1B
2024-03-12 10:28:14,410 [INFO] BoardInfo:889 - No configuration file found for board STEVAL-BFA001V2B
2024-03-12 10:28:14,411 [INFO] DbBoards:161 - Kit is not supported: STEVAL-BFA001V2B
2024-03-12 10:28:14,967 [INFO] DbBoards:168 - Found 193 boards, 190 are supported
2024-03-12 10:28:14,967 [INFO] DbBoards:169 - Found 193 boards, 3 of them is supported for  Bsp
2024-03-12 10:28:14,974 [INFO] ApiDb:423 - Load user favorites file C:\Users\tarun/.stm32cubeide/favorites.boards.txt: 0 item(s)
2024-03-12 10:28:14,974 [INFO] ApiDb:427 - User favorites Boards=[]
2024-03-12 10:28:14,974 [INFO] DbBoards:198 - Set 0 / 0 favorites Boards
2024-03-12 10:28:14,981 [INFO] ApiDb:668 - CubeFinder database Data Model version=2.1
2024-03-12 10:28:14,982 [INFO] ApiDb:669 - CubeFinder database Configuration version=3.0.39
2024-03-12 10:28:14,982 [INFO] ApiDb:670 - CubeFinder database generation date=2024-02-19 (1708350410)
2024-03-12 10:28:14,982 [INFO] ApiDb:671 - CubeFinder database FW Pack versions=[FP-ATR-ASTRA1_V2.0.0, FP-SNS-FLIGHT1_V5.0.1, FP-SNS-FLIGHT1_V5.0.2, FP-SNS-MOTENV1_V4.3.1, FP-SNS-MOTENV1_V4.3.2, FP-SNS-MOTENVWB1_V1.3.1, FP-SNS-SMARTAG2_V1.2.0, STM32Cube_FW_C0_V1.1.0, STM32Cube_FW_F4_V1.28.0, STM32Cube_FW_F7_V1.17.0, STM32Cube_FW_G0_V1.6.2, STM32Cube_FW_G4_V1.5.2, STM32Cube_FW_H5_V0.5.1, STM32Cube_FW_H5_V1.1.1, STM32Cube_FW_H5_V1.2.0RC2, STM32Cube_FW_H7_V1.11.0, STM32Cube_FW_L0_V1.12.2, STM32Cube_FW_L5_V1.5.0, STM32Cube_FW_U5_V1.3.0RC4, STM32Cube_FW_U5_V1.4.0, STM32Cube_FW_WBA_V1.0.0RC1, STM32Cube_FW_WBA_V1.1.0RC1, STM32Cube_FW_WBA_V1.2.0, STM32Cube_FW_WBA_V1.2.0RC2, STM32Cube_FW_WB_V1.15.0RC1, STM32Cube_FW_WB_V1.16.0, STM32Cube_FW_WB_V1.16.0RC2, STM32Cube_FW_WB_V1.18.0, STM32Cube_FW_WL_V1.3.0, X-CUBE-ALGOBUILD_V1.3.0, X-CUBE-ALS_V1.0.1, X-CUBE-AZRTOS-F4_V1.1.0, X-CUBE-AZRTOS-F7_V1.1.0, X-CUBE-AZRTOS-G0_V1.1.0, X-CUBE-AZRTOS-G4_V2.0.0, X-CUBE-AZRTOS-H7_V3.2.0, X-CUBE-AZRTOS-L4_V1.0.0, X-CUBE-AZRTOS-L4_V2.0.0, X-CUBE-AZRTOS-L5_V1.1.0, X-CUBE-AZRTOS-WB_V2.0.0, X-CUBE-AZRTOS-WL_V2.0.0, X-CUBE-BLE1_V7.0.0, X-CUBE-BLE2_V3.3.0, X-CUBE-BLEMGR_V3.0.0, X-CUBE-EEPRMA1_V4.1.0, X-CUBE-EEPRMA1_V5.1.0, X-CUBE-FREERTOS_V1.1.0, X-CUBE-GNSS1_V6.0.0, X-CUBE-MEMS1_V10.0.0, X-CUBE-MEMS1_V9.1.0, X-CUBE-MEMS1_V9.4.0, X-CUBE-MEMS1_V9.6.0, X-CUBE-NFC4_V3.0.0, X-CUBE-NFC7_V1.0.1, X-CUBE-SFXS2LP1_V4.0.0, X-CUBE-SUBG2_V5.0.0, X-CUBE-TOF1_V3.4.0]
2024-03-12 10:28:19,462 [ERROR] DbExamplesSqlite:437 - Missing JSON key: board_cpn
2024-03-12 10:28:19,463 [ERROR] DbExamplesSqlite:437 - Missing JSON key: board_cpn
2024-03-12 10:28:19,464 [ERROR] DbExamplesSqlite:437 - Missing JSON key: board_cpn
2024-03-12 10:28:19,465 [ERROR] DbExamplesSqlite:437 - Missing JSON key: board_cpn
2024-03-12 10:28:19,702 [INFO] DbExamplesSqlite:395 - Ignored 55 examples not supported by CubeIDE
2024-03-12 10:28:19,702 [INFO] DbExamplesSqlite:396 - Found 7564 examples active
2024-03-12 10:28:19,703 [INFO] DbExamplesSqlite:397 - Found 844 examples obsolete
2024-03-12 10:28:19,704 [INFO] DbExamplesSqlite:398 - Found 0 examples under development
2024-03-12 10:28:19,704 [INFO] DbExamplesSqlite:399 - Found 8 examples not building
2024-03-12 10:28:19,709 [INFO] DbExamples:125 - Found 7517 examples
2024-03-12 10:28:19,821 [INFO] DbExamples:222 - Found 95 boards with related examples
2024-03-12 10:28:19,824 [INFO] DbExamples:235 - Found 80 MCUs with related examples
2024-03-12 10:28:19,870 [INFO] ApiDb:414 - User favorites file not found: C:\Users\tarun/.stm32cubeide/favorites.examples.txt
2024-03-12 10:28:19,872 [INFO] DbExamples:250 - Set 0 / 0 favorites Examples
2024-03-12 10:28:20,718 [INFO] McuFinderGlobals:76 - Set McuFinderConnectedMode to true
2024-03-12 10:28:20,742 [INFO] MultiScanPanel:200 - Auto-refresh data requested => check proxy status ongoing
2024-03-12 10:28:20,752 [INFO] FinderPluginLoader:95 - Searching for filters in installed packs
2024-03-12 10:28:24,780 [INFO] LoadUrlFilesThread:185 - End of LoadServerUrlFiles without Thread
2024-03-12 10:28:24,827 [INFO] DetailPanel:341 - Set advertising image to C:/Users/tarun/STM32Cube/Repository/\en.prom-stm32wl3-mcu-finder.jpg
2024-03-12 10:42:09,054 [INFO] MultiScanPanel:200 - Auto-refresh data requested => check proxy status ongoing
2024-03-12 10:42:10,146 [INFO] LoadUrlFilesThread:185 - End of LoadServerUrlFiles without Thread
2024-03-12 10:42:10,149 [INFO] DetailPanel:341 - Set advertising image to C:/Users/tarun/STM32Cube/Repository/\en.prom-stm32wl3-mcu-finder.jpg
2024-03-12 10:42:10,246 [INFO] DbBoards:642 - Loading board mini-images...
2024-03-12 10:42:19,312 [ERROR] DbBoards:659 - Image file not found for board NUCLEO-WBA55CG: C:\Users\tarun\.stmcufinder\plugins\mcufinder//mcu//boards_images/NUCLEO-WBA55CG.jpg
2024-03-12 10:42:26,041 [ERROR] DbBoards:659 - Image file not found for board STM32WBA55G-DK1: C:\Users\tarun\.stmcufinder\plugins\mcufinder//mcu//boards_images/STM32WBA55G-DK1.jpg
2024-03-12 10:42:26,056 [INFO] DbBoards:665 - Loaded 191 board mini-images
2024-03-12 12:08:27,613 [INFO] McuFinderGlobals:76 - Set McuFinderConnectedMode to true
2024-03-12 12:08:29,804 [INFO] ApiDb:448 - Save user favorites file C:\Users\tarun/.stm32cubeide/favorites.mcus.txt: 0 item(s)
2024-03-12 12:08:29,805 [INFO] ApiDb:452 - User favorites MCUs=[]
2024-03-12 12:08:29,881 [INFO] ApiDb:448 - Save user favorites file C:\Users\tarun/.stm32cubeide/favorites.boards.txt: 0 item(s)
2024-03-12 12:08:29,881 [INFO] ApiDb:452 - User favorites Boards=[]
2024-03-12 12:08:32,336 [ERROR] LogOutputStream:75 - [STDERR_REDIRECT] Exception in thread "AWT-EventQueue-0" java.lang.NullPointerException: Cannot invoke "com.st.stm32cube.common.mx.targetselector.IdeMcuFinder.cleanUp(boolean)" because "this.this$0.mcuFinder" is null
2024-03-12 12:08:32,349 [ERROR] LogOutputStream:75 - [STDERR_REDIRECT] 	at com.st.stm32cube.common.mx.targetselector.TargetSelectorAdapter$7.run(TargetSelectorAdapter.java:353)
2024-03-12 12:08:32,358 [ERROR] LogOutputStream:75 - [STDERR_REDIRECT] 	at com.st.stm32cube.common.mx.oss.core.awtswtbridge.AwtEnvironment$2.run(AwtEnvironment.java:166)
2024-03-12 12:08:32,366 [ERROR] LogOutputStream:75 - [STDERR_REDIRECT] 	at java.desktop/java.awt.event.InvocationEvent.dispatch(InvocationEvent.java:318)
2024-03-12 12:08:32,372 [ERROR] LogOutputStream:75 - [STDERR_REDIRECT] 	at java.desktop/java.awt.EventQueue.dispatchEventImpl(EventQueue.java:773)
2024-03-12 12:08:32,379 [ERROR] LogOutputStream:75 - [STDERR_REDIRECT] 	at java.desktop/java.awt.EventQueue$4.run(EventQueue.java:720)
2024-03-12 12:08:32,384 [ERROR] LogOutputStream:75 - [STDERR_REDIRECT] 	at java.desktop/java.awt.EventQueue$4.run(EventQueue.java:714)
2024-03-12 12:08:32,391 [ERROR] LogOutputStream:75 - [STDERR_REDIRECT] 	at java.base/java.security.AccessController.doPrivileged(AccessController.java:399)
2024-03-12 12:08:32,400 [ERROR] LogOutputStream:75 - [STDERR_REDIRECT] 	at java.base/java.security.ProtectionDomain$JavaSecurityAccessImpl.doIntersectionPrivilege(ProtectionDomain.java:86)
2024-03-12 12:08:32,405 [ERROR] LogOutputStream:75 - [STDERR_REDIRECT] 	at java.desktop/java.awt.EventQueue.dispatchEvent(EventQueue.java:742)
2024-03-12 12:08:32,413 [ERROR] LogOutputStream:75 - [STDERR_REDIRECT] 	at java.desktop/java.awt.EventDispatchThread.pumpOneEventForFilters(EventDispatchThread.java:203)
2024-03-12 12:08:32,424 [ERROR] LogOutputStream:75 - [STDERR_REDIRECT] 	at java.desktop/java.awt.EventDispatchThread.pumpEventsForFilter(EventDispatchThread.java:124)
2024-03-12 12:08:32,435 [ERROR] LogOutputStream:75 - [STDERR_REDIRECT] 	at java.desktop/java.awt.EventDispatchThread.pumpEventsForHierarchy(EventDispatchThread.java:113)
2024-03-12 12:08:32,446 [ERROR] LogOutputStream:75 - [STDERR_REDIRECT] 	at java.desktop/java.awt.EventDispatchThread.pumpEvents(EventDispatchThread.java:109)
2024-03-12 12:08:32,454 [ERROR] LogOutputStream:75 - [STDERR_REDIRECT] 	at java.desktop/java.awt.EventDispatchThread.pumpEvents(EventDispatchThread.java:101)
2024-03-12 12:08:32,469 [ERROR] LogOutputStream:75 - [STDERR_REDIRECT] 	at java.desktop/java.awt.EventDispatchThread.run(EventDispatchThread.java:90)
2024-03-12 12:08:37,681 [INFO] MainUpdater:2873 - connection check result : 10
2024-03-12 12:08:37,684 [INFO] MainUpdater:2873 - connection check result : 10
2024-03-12 12:08:37,804 [INFO] MicroXplorer:468 - Change Database Path : 
2024-03-12 12:08:37,805 [INFO] MicroXplorer:498 - Change Database Version : DB.6.0.100
2024-03-12 12:08:37,832 [WARN] ThirdParty:871 - waiting for thirdparty lock release [close project]
2024-03-12 12:08:37,833 [INFO] ThirdParty:873 - entering critical section [close project]
2024-03-12 12:08:37,846 [INFO] ThirdParty:883 - exiting critical section [close project]
2024-03-12 12:08:37,860 [INFO] PinOutPanel:1499 - setPackage(No Configuration,No Configuration)
2024-03-12 12:08:37,883 [INFO] UtilMem:75 - Begin LoadConfig() Used Memory: 172386920 Bytes (521142272)
2024-03-12 12:08:37,889 [INFO] MicroXplorer:468 - Change Database Path : 
2024-03-12 12:08:37,891 [INFO] MicroXplorer:498 - Change Database Version : DB.6.0.100
2024-03-12 12:08:37,892 [INFO] OpenFileManager:312 - Change cursor
2024-03-12 12:08:38,113 [INFO] Mcu:2016 - Initializing MCU STM32F446R(C-E)Tx STM32F446RETx STM32F446RET6
2024-03-12 12:08:48,105 [INFO] Context:659 - Trying to add GPIOservice into a context  which must be forbidden
2024-03-12 12:08:50,234 [INFO] RtosManager:555 - Registered RTOS mode: class=CMSIS, group=RTOS, mode=CMSIS_V1, owner=FREERTOS
2024-03-12 12:08:50,234 [INFO] RtosManager:555 - Registered RTOS mode: class=CMSIS, group=RTOS2, mode=CMSIS_V2, owner=FREERTOS
2024-03-12 12:08:50,234 [INFO] RtosManager:555 - Registered RTOS mode: class=RTOS, group=Core, mode=CMSIS_V1, owner=FREERTOS
2024-03-12 12:08:50,234 [INFO] RtosManager:555 - Registered RTOS mode: class=RTOS, group=Core, mode=CMSIS_V2, owner=FREERTOS
2024-03-12 12:08:50,235 [WARN] ModelIntegratedComponent:184 - Missing modes for component STMicroelectronics:FreeRTOS:0.0.1:STMicroelectronics:RTOS:FreeRTOS:Core:::10.2.0:
2024-03-12 12:08:50,273 [WARN] ModelIntegratedComponent:63 - No mode defined for component null
2024-03-12 12:08:50,273 [WARN] ModelIntegratedComponent:63 - No mode defined for component null
2024-03-12 12:08:50,273 [WARN] ModelIntegratedComponent:63 - No mode defined for component null
2024-03-12 12:08:50,273 [WARN] ModelIntegratedComponent:63 - No mode defined for component null
2024-03-12 12:08:50,273 [WARN] ModelIntegratedComponent:63 - No mode defined for component null
2024-03-12 12:08:50,273 [WARN] ModelIntegratedComponent:63 - No mode defined for component null
2024-03-12 12:08:50,273 [WARN] ModelIntegratedComponent:63 - No mode defined for component null
2024-03-12 12:08:50,273 [WARN] ModelIntegratedComponent:63 - No mode defined for component null
2024-03-12 12:08:50,273 [WARN] ModelIntegratedComponent:63 - No mode defined for component null
2024-03-12 12:08:50,273 [WARN] ModelIntegratedComponent:63 - No mode defined for component null
2024-03-12 12:08:50,274 [WARN] ModelIntegratedComponent:63 - No mode defined for component null
2024-03-12 12:08:50,274 [WARN] ModelIntegratedComponent:63 - No mode defined for component null
2024-03-12 12:08:50,274 [WARN] ModelIntegratedComponent:63 - No mode defined for component null
2024-03-12 12:08:50,274 [WARN] ModelIntegratedComponent:63 - No mode defined for component null
2024-03-12 12:08:50,274 [WARN] ModelIntegratedComponent:63 - No mode defined for component null
2024-03-12 12:08:50,274 [WARN] ModelIntegratedComponent:63 - No mode defined for component null
2024-03-12 12:08:50,274 [WARN] ModelIntegratedComponent:63 - No mode defined for component null
2024-03-12 12:08:50,275 [WARN] ModelIntegratedComponent:63 - No mode defined for component null
2024-03-12 12:08:50,275 [WARN] ModelIntegratedComponent:63 - No mode defined for component null
2024-03-12 12:08:50,275 [WARN] ModelIntegratedComponent:63 - No mode defined for component null
2024-03-12 12:08:50,276 [WARN] ModelIntegratedComponent:63 - No mode defined for component null
2024-03-12 12:08:50,276 [WARN] ModelIntegratedComponent:63 - No mode defined for component null
2024-03-12 12:08:50,276 [WARN] ModelIntegratedComponent:63 - No mode defined for component null
2024-03-12 12:08:50,276 [WARN] ModelIntegratedComponent:63 - No mode defined for component null
2024-03-12 12:08:50,276 [WARN] ModelIntegratedComponent:63 - No mode defined for component null
2024-03-12 12:08:50,277 [WARN] ModelIntegratedComponent:63 - No mode defined for component null
2024-03-12 12:08:50,277 [WARN] ModelIntegratedComponent:63 - No mode defined for component null
2024-03-12 12:08:50,277 [WARN] ModelIntegratedComponent:63 - No mode defined for component null
2024-03-12 12:08:50,277 [WARN] ModelIntegratedComponent:63 - No mode defined for component null
2024-03-12 12:08:50,278 [WARN] ModelIntegratedComponent:63 - No mode defined for component null
2024-03-12 12:08:50,278 [WARN] ModelIntegratedComponent:63 - No mode defined for component null
2024-03-12 12:08:50,278 [WARN] ModelIntegratedComponent:63 - No mode defined for component null
2024-03-12 12:08:50,278 [WARN] ModelIntegratedComponent:63 - No mode defined for component null
2024-03-12 12:08:51,063 [INFO] ThirdPartyModel:298 - Start build external matchings
2024-03-12 12:08:52,287 [INFO] ThirdPartyModel:316 - End build external matchings
2024-03-12 12:08:53,586 [INFO] UtilMem:75 - End LoadConfig() Used Memory: 255245264 Bytes (521142272)
2024-03-12 12:08:53,614 [INFO] ApiDb:581 - Connected to CubeFinder SQLite database (C:\Users\tarun\.stmcufinder\plugins\mcufinder\mcu\cube-finder-db.db)
2024-03-12 12:08:54,200 [INFO] MicroXplorer:468 - Change Database Path : 
2024-03-12 12:08:54,200 [INFO] MicroXplorer:498 - Change Database Version : DB.6.0.100
2024-03-12 12:08:54,201 [WARN] ThirdParty:833 - waiting for thirdparty lock release [change project]
2024-03-12 12:08:54,201 [INFO] ThirdParty:835 - entering critical section [change project]
2024-03-12 12:08:54,201 [INFO] ThirdParty:1030 - CMSIS Pack Vendor :STMicroelectronics USBPD 4.1
2024-03-12 12:08:54,202 [INFO] ThirdParty:1030 - CMSIS Pack Vendor :STMicroelectronics X-CUBE-GNSS1 6.0.0
2024-03-12 12:08:54,202 [INFO] ThirdParty:1030 - CMSIS Pack Vendor :STMicroelectronics USB_HOST 2.0.0
2024-03-12 12:08:54,202 [INFO] ThirdParty:1030 - CMSIS Pack Vendor :STMicroelectronics X-CUBE-AZRTOS-F4 1.1.0
2024-03-12 12:08:54,202 [INFO] ThirdParty:1030 - CMSIS Pack Vendor :STMicroelectronics LIBJPEG 8.0.0
2024-03-12 12:08:54,202 [INFO] ThirdParty:1030 - CMSIS Pack Vendor :STMicroelectronics X-CUBE-SMBUS 2.1.0
2024-03-12 12:08:54,202 [INFO] ThirdParty:1030 - CMSIS Pack Vendor :STMicroelectronics USB_DEVICE 3.0.0
2024-03-12 12:08:54,202 [INFO] ThirdParty:1030 - CMSIS Pack Vendor :STMicroelectronics X-CUBE-AZRTOS-WB 2.0.0
2024-03-12 12:08:54,202 [INFO] ThirdParty:1030 - CMSIS Pack Vendor :wolfSSL I-CUBE-wolfSSL 5.6.6
2024-03-12 12:08:54,203 [INFO] ThirdParty:1030 - CMSIS Pack Vendor :STMicroelectronics X-CUBE-TOUCHGFX 4.23.0
2024-03-12 12:08:54,203 [INFO] ThirdParty:1030 - CMSIS Pack Vendor :STMicroelectronics X-CUBE-AZRTOS-F7 1.1.0
2024-03-12 12:08:54,203 [INFO] ThirdParty:1030 - CMSIS Pack Vendor :STMicroelectronics X-CUBE-AZRTOS-L5 2.0.0
2024-03-12 12:08:54,203 [INFO] ThirdParty:1030 - CMSIS Pack Vendor :STMicroelectronics USB_DEVICE 2.0.0
2024-03-12 12:08:54,203 [INFO] ThirdParty:1030 - CMSIS Pack Vendor :ITTIA_DB I-CUBE-ITTIADB 8.8.0
2024-03-12 12:08:54,203 [INFO] ThirdParty:1030 - CMSIS Pack Vendor :STMicroelectronics FP-SNS-MOTENV1 4.3.2
2024-03-12 12:08:54,203 [INFO] ThirdParty:1030 - CMSIS Pack Vendor :STMicroelectronics X-CUBE-ALGOBUILD 1.3.0
2024-03-12 12:08:54,203 [INFO] ThirdParty:1030 - CMSIS Pack Vendor :STMicroelectronics FreeRTOS 0.0.1
2024-03-12 12:08:54,204 [INFO] ThirdParty:1030 - CMSIS Pack Vendor :STMicroelectronics X-CUBE-AZRTOS-G0 1.1.0
2024-03-12 12:08:54,204 [INFO] ThirdParty:1030 - CMSIS Pack Vendor :STMicroelectronics X-CUBE-NFC4 3.0.0
2024-03-12 12:08:54,204 [INFO] ThirdParty:1030 - CMSIS Pack Vendor :STMicroelectronics X-CUBE-SUBG2 5.0.0
2024-03-12 12:08:54,204 [INFO] ThirdParty:1030 - CMSIS Pack Vendor :STMicroelectronics STM32_WPAN 1.0.0
2024-03-12 12:08:54,204 [INFO] ThirdParty:1030 - CMSIS Pack Vendor :STMicroelectronics lwIP 2.0.3
2024-03-12 12:08:54,204 [INFO] ThirdParty:1030 - CMSIS Pack Vendor :STMicroelectronics FP-SNS-FLIGHT1 5.0.2
2024-03-12 12:08:54,204 [INFO] ThirdParty:1030 - CMSIS Pack Vendor :STMicroelectronics USB_HOST 1.0.0
2024-03-12 12:08:54,204 [INFO] ThirdParty:1030 - CMSIS Pack Vendor :STMicroelectronics X-CUBE-AZRTOS-G4 2.0.0
2024-03-12 12:08:54,205 [INFO] ThirdParty:1030 - CMSIS Pack Vendor :STMicroelectronics PDM2PCM 3.1.0
2024-03-12 12:08:54,205 [INFO] ThirdParty:1030 - CMSIS Pack Vendor :Infineon AIROC-Wi-Fi-Bluetooth-STM32 1.5.1
2024-03-12 12:08:54,205 [INFO] ThirdParty:1030 - CMSIS Pack Vendor :STMicroelectronics X-CUBE-BLEMGR 3.0.0
2024-03-12 12:08:54,205 [INFO] ThirdParty:1030 - CMSIS Pack Vendor :STMicroelectronics PDM2PCM 3.3.0
2024-03-12 12:08:54,205 [INFO] ThirdParty:1030 - CMSIS Pack Vendor :STMicroelectronics X-CUBE-DISPLAY 3.0.0
2024-03-12 12:08:54,205 [INFO] ThirdParty:1030 - CMSIS Pack Vendor :STMicroelectronics FP-SNS-MOTENVWB1 1.3.1
2024-03-12 12:08:54,205 [INFO] ThirdParty:1030 - CMSIS Pack Vendor :STMicroelectronics X-CUBE-BLE1 7.0.0
2024-03-12 12:08:54,205 [INFO] ThirdParty:1030 - CMSIS Pack Vendor :STMicroelectronics FP-ATR-SIGFOX1 3.2.0
2024-03-12 12:08:54,205 [INFO] ThirdParty:1030 - CMSIS Pack Vendor :STMicroelectronics X-CUBE-ISPU 2.0.0
2024-03-12 12:08:54,206 [INFO] ThirdParty:1030 - CMSIS Pack Vendor :STMicroelectronics X-CUBE-EEPRMA1 5.1.0
2024-03-12 12:08:54,206 [INFO] ThirdParty:1030 - CMSIS Pack Vendor :STMicroelectronics HAL Drivers 0.0.0
2024-03-12 12:08:54,206 [INFO] ThirdParty:1030 - CMSIS Pack Vendor :STMicroelectronics MBEDTLS 2.16.2
2024-03-12 12:08:54,206 [INFO] ThirdParty:1030 - CMSIS Pack Vendor :emotas I-CUBE-CANOPEN 1.3.0
2024-03-12 12:08:54,206 [INFO] ThirdParty:1030 - CMSIS Pack Vendor :STMicroelectronics X-CUBE-MEMS1 10.0.0
2024-03-12 12:08:54,206 [INFO] ThirdParty:1030 - CMSIS Pack Vendor :STMicroelectronics X-CUBE-FREERTOS 1.1.0
2024-03-12 12:08:54,206 [INFO] ThirdParty:1030 - CMSIS Pack Vendor :STMicroelectronics X-CUBE-NFC7 1.0.1
2024-03-12 12:08:54,206 [INFO] ThirdParty:1030 - CMSIS Pack Vendor :STMicroelectronics MBEDTLS 2.14.1
2024-03-12 12:08:54,206 [INFO] ThirdParty:1030 - CMSIS Pack Vendor :STMicroelectronics X-CUBE-NFC6 3.0.0
2024-03-12 12:08:54,207 [INFO] ThirdParty:1030 - CMSIS Pack Vendor :portGmbH I-Cube-SoM-uGOAL 1.1.0
2024-03-12 12:08:54,207 [INFO] ThirdParty:1030 - CMSIS Pack Vendor :STMicroelectronics X-CUBE-ALS 1.0.1
2024-03-12 12:08:54,207 [INFO] ThirdParty:1030 - CMSIS Pack Vendor :STMicroelectronics X-CUBE-BLEMGR 3.1.0
2024-03-12 12:08:54,207 [INFO] ThirdParty:1030 - CMSIS Pack Vendor :STMicroelectronics ThreadX 1.0.0
2024-03-12 12:08:54,207 [INFO] ThirdParty:1030 - CMSIS Pack Vendor :STMicroelectronics FP-SNS-SMARTAG2 1.2.0
2024-03-12 12:08:54,207 [INFO] ThirdParty:1030 - CMSIS Pack Vendor :STMicroelectronics X-CUBE-AZRTOS-WL 2.0.0
2024-03-12 12:08:54,207 [INFO] ThirdParty:1030 - CMSIS Pack Vendor :SEGGER I-CUBE-embOS 1.3.1
2024-03-12 12:08:54,207 [INFO] ThirdParty:1030 - CMSIS Pack Vendor :STMicroelectronics USB_DEVICE 1.0.0
2024-03-12 12:08:54,208 [INFO] ThirdParty:1030 - CMSIS Pack Vendor :STMicroelectronics X-CUBE-AI 8.1.0
2024-03-12 12:08:54,209 [INFO] ThirdParty:1030 - CMSIS Pack Vendor :STMicroelectronics X-CUBE-AZRTOS-L4 2.0.0
2024-03-12 12:08:54,209 [INFO] ThirdParty:1030 - CMSIS Pack Vendor :STMicroelectronics ThreadX 0.0.2
2024-03-12 12:08:54,210 [INFO] ThirdParty:1030 - CMSIS Pack Vendor :WES I-CUBE-Cesium 1.3.0
2024-03-12 12:08:54,211 [INFO] ThirdParty:1030 - CMSIS Pack Vendor :STMicroelectronics FP-ATR-ASTRA1 2.0.0
2024-03-12 12:08:54,211 [INFO] ThirdParty:1030 - CMSIS Pack Vendor :STMicroelectronics lwIP 2.1.2
2024-03-12 12:08:54,211 [INFO] ThirdParty:1030 - CMSIS Pack Vendor :STMicroelectronics X-CUBE-SFXS2LP1 4.0.0
2024-03-12 12:08:54,211 [INFO] ThirdParty:1030 - CMSIS Pack Vendor :STMicroelectronics X-CUBE-BLE2 3.3.0
2024-03-12 12:08:54,211 [INFO] ThirdParty:1030 - CMSIS Pack Vendor :STMicroelectronics X-CUBE-TOF1 3.4.0
2024-03-12 12:08:54,211 [INFO] ThirdParty:1030 - CMSIS Pack Vendor :STMicroelectronics X-CUBE-TOF1 3.4.1
2024-03-12 12:08:54,212 [INFO] ThirdParty:1030 - CMSIS Pack Vendor :STMicroelectronics X-CUBE-AZRTOS-H7 3.2.0
2024-03-12 12:08:54,212 [INFO] ThirdParty:1030 - CMSIS Pack Vendor :STMicroelectronics PDM2PCM 3.2.0
2024-03-12 12:08:54,212 [INFO] ThirdParty:841 - exiting critical section [change project]
2024-03-12 12:08:55,418 [INFO] PinOutPanel:1499 - setPackage(No Configuration,No Configuration)
2024-03-12 12:08:55,423 [INFO] PinOutPanel:1499 - setPackage(STM32F446RETx,LQFP64)
2024-03-12 12:08:58,930 [INFO] UtilMem:75 - Before build in PCC Used Memory: 230362080 Bytes (521142272)
2024-03-12 12:09:01,267 [INFO] UtilMem:75 - After build in PCC Used Memory: 300153832 Bytes (521142272)
2024-03-12 12:09:01,356 [INFO] IPUIPlugin:80 - create IPUIPlugin
2024-03-12 12:09:01,357 [INFO] IPUIPlugin:80 - create IPUIPlugin
2024-03-12 12:09:01,357 [INFO] IPUIPlugin:80 - create IPUIPlugin
2024-03-12 12:09:01,357 [INFO] IPUIPlugin:80 - create IPUIPlugin
2024-03-12 12:09:01,357 [INFO] IPUIPlugin:80 - create IPUIPlugin
2024-03-12 12:09:01,358 [INFO] IPUIPlugin:80 - create IPUIPlugin
2024-03-12 12:09:01,363 [INFO] IPUIPlugin:80 - create IPUIPlugin
2024-03-12 12:09:01,363 [INFO] IPUIPlugin:80 - create IPUIPlugin
2024-03-12 12:09:01,364 [INFO] IPUIPlugin:80 - create IPUIPlugin
2024-03-12 12:09:01,364 [INFO] IPUIPlugin:80 - create IPUIPlugin
2024-03-12 12:09:01,364 [INFO] IPUIPlugin:80 - create IPUIPlugin
2024-03-12 12:09:01,365 [INFO] IPUIPlugin:80 - create IPUIPlugin
2024-03-12 12:09:01,365 [INFO] IPUIPlugin:80 - create IPUIPlugin
2024-03-12 12:09:01,365 [INFO] IPUIPlugin:80 - create IPUIPlugin
2024-03-12 12:09:01,366 [INFO] IPUIPlugin:80 - create IPUIPlugin
2024-03-12 12:09:01,366 [INFO] IPUIPlugin:80 - create IPUIPlugin
2024-03-12 12:09:01,366 [INFO] IPUIPlugin:80 - create IPUIPlugin
2024-03-12 12:09:01,367 [INFO] IPUIPlugin:80 - create IPUIPlugin
2024-03-12 12:09:01,367 [INFO] IPUIPlugin:80 - create IPUIPlugin
2024-03-12 12:09:01,367 [INFO] IPUIPlugin:80 - create IPUIPlugin
2024-03-12 12:09:01,368 [INFO] IPUIPlugin:80 - create IPUIPlugin
2024-03-12 12:09:01,368 [INFO] IPUIPlugin:80 - create IPUIPlugin
2024-03-12 12:09:01,369 [INFO] IPUIPlugin:80 - create IPUIPlugin
2024-03-12 12:09:01,370 [INFO] IPUIPlugin:80 - create IPUIPlugin
2024-03-12 12:09:01,371 [INFO] IPUIPlugin:80 - create IPUIPlugin
2024-03-12 12:09:01,371 [INFO] IPUIPlugin:80 - create IPUIPlugin
2024-03-12 12:09:01,372 [INFO] IPUIPlugin:80 - create IPUIPlugin
2024-03-12 12:09:01,372 [INFO] IPUIPlugin:80 - create IPUIPlugin
2024-03-12 12:09:01,373 [INFO] IPUIPlugin:80 - create IPUIPlugin
2024-03-12 12:09:01,373 [INFO] IPUIPlugin:80 - create IPUIPlugin
2024-03-12 12:09:01,374 [INFO] IPUIPlugin:80 - create IPUIPlugin
2024-03-12 12:09:01,374 [INFO] IPUIPlugin:80 - create IPUIPlugin
2024-03-12 12:09:01,378 [INFO] IPUIPlugin:80 - create IPUIPlugin
2024-03-12 12:09:01,379 [INFO] IPUIPlugin:80 - create IPUIPlugin
2024-03-12 12:09:01,380 [INFO] IPUIPlugin:80 - create IPUIPlugin
2024-03-12 12:09:01,381 [INFO] IPUIPlugin:80 - create IPUIPlugin
2024-03-12 12:09:01,381 [INFO] IPUIPlugin:80 - create IPUIPlugin
2024-03-12 12:09:01,382 [INFO] IPUIPlugin:80 - create IPUIPlugin
2024-03-12 12:09:01,384 [INFO] IPUIPlugin:80 - create IPUIPlugin
2024-03-12 12:09:01,385 [INFO] IPUIPlugin:80 - create IPUIPlugin
2024-03-12 12:09:01,386 [INFO] IPUIPlugin:80 - create IPUIPlugin
2024-03-12 12:09:01,387 [INFO] IPUIPlugin:80 - create IPUIPlugin
2024-03-12 12:09:01,387 [INFO] IPUIPlugin:80 - create IPUIPlugin
2024-03-12 12:09:01,388 [INFO] IPUIPlugin:80 - create IPUIPlugin
2024-03-12 12:09:01,388 [INFO] IPUIPlugin:80 - create IPUIPlugin
2024-03-12 12:09:01,389 [INFO] IPUIPlugin:80 - create IPUIPlugin
2024-03-12 12:09:01,389 [INFO] IPUIPlugin:80 - create IPUIPlugin
2024-03-12 12:09:01,390 [INFO] IPUIPlugin:80 - create IPUIPlugin
2024-03-12 12:09:01,391 [INFO] IPUIPlugin:80 - create IPUIPlugin
2024-03-12 12:09:01,395 [INFO] IPUIPlugin:80 - create IPUIPlugin
2024-03-12 12:09:01,396 [INFO] IPUIPlugin:80 - create IPUIPlugin
2024-03-12 12:09:01,397 [INFO] IPUIPlugin:80 - create IPUIPlugin
2024-03-12 12:09:01,397 [INFO] IPUIPlugin:80 - create IPUIPlugin
2024-03-12 12:09:01,398 [INFO] IPUIPlugin:80 - create IPUIPlugin
2024-03-12 12:09:01,398 [INFO] IPUIPlugin:80 - create IPUIPlugin
2024-03-12 12:09:01,399 [INFO] IPUIPlugin:80 - create IPUIPlugin
2024-03-12 12:09:01,400 [INFO] IPUIPlugin:80 - create IPUIPlugin
2024-03-12 12:09:01,401 [INFO] IPUIPlugin:80 - create IPUIPlugin
2024-03-12 12:09:01,402 [INFO] IPUIPlugin:80 - create IPUIPlugin
2024-03-12 12:09:01,403 [INFO] IPUIPlugin:80 - create IPUIPlugin
2024-03-12 12:09:01,997 [INFO] ApiDbMcu:508 - Load IP Config File for PDM2PCM
2024-03-12 12:09:02,846 [INFO] CADModel:165 - CPN selected for project levelSTM32F446RET6
2024-03-12 12:09:02,847 [INFO] CADModel:114 - Register for checkConnection events
2024-03-12 12:09:02,897 [INFO] OpenFileManager:343 - Restore cursor
2024-03-12 13:05:22,751 [INFO] UtilMem:75 - End SaveConfig() Used Memory: 328423512 Bytes (974127104)
2024-03-12 13:05:23,723 [INFO] UtilMem:75 - End SaveConfig() Used Memory: 346775640 Bytes (974127104)
2024-03-12 13:05:26,754 [INFO] UtilMem:75 - End SaveConfig() Used Memory: 372463704 Bytes (974127104)
2024-03-12 13:05:29,685 [INFO] BlockDiagram:2759 - set Specific Code input for plugin: RCC
2024-03-12 13:05:29,686 [INFO] BlockDiagram:2759 - set Specific Code input for plugin: NVIC
2024-03-12 13:05:29,687 [INFO] BlockDiagram:2759 - set Specific Code input for plugin: GPIO
2024-03-12 13:05:29,701 [INFO] CodeGenerator:807 - code generatio: config db path: C:\ST\STM32CubeIDE_1.14.1\STM32CubeIDE\plugins\com.st.stm32cube.common.mx_6.10.0.202311202037\\db\
2024-03-12 13:05:32,788 [INFO] CodeEngine:255 - oldGeneratedFile, C:\Users\tarun\STM32CubeIDE\workspace_1.14.1\class1\MXTmpFiles\license.tmp_save
2024-03-12 13:05:36,958 [INFO] CodeEngine:279 - Generated code: C:\Users\tarun\STM32CubeIDE\workspace_1.14.1\class1\MXTmpFiles\license.tmp
2024-03-12 13:05:37,346 [INFO] CodeEngine:255 - oldGeneratedFile, C:\Users\tarun\STM32CubeIDE\workspace_1.14.1\class1\MXTmpFiles\gpio.tmp_save
2024-03-12 13:05:38,747 [INFO] CodeEngine:279 - Generated code: C:\Users\tarun\STM32CubeIDE\workspace_1.14.1\class1\MXTmpFiles\gpio.tmp
2024-03-12 13:05:39,068 [INFO] CodeEngine:255 - oldGeneratedFile, C:\Users\tarun\STM32CubeIDE\workspace_1.14.1\class1\Core\Src\stm32f4xx_it.c_save
2024-03-12 13:05:40,438 [INFO] CodeEngine:279 - Generated code: C:\Users\tarun\STM32CubeIDE\workspace_1.14.1\class1\Core\Src\stm32f4xx_it.c
2024-03-12 13:05:40,495 [INFO] CodeEngine:255 - oldGeneratedFile, C:\Users\tarun\STM32CubeIDE\workspace_1.14.1\class1\Core\Inc\stm32f4xx_it.h_save
2024-03-12 13:05:41,716 [INFO] CodeEngine:279 - Generated code: C:\Users\tarun\STM32CubeIDE\workspace_1.14.1\class1\Core\Inc\stm32f4xx_it.h
2024-03-12 13:05:41,959 [INFO] CodeEngine:255 - oldGeneratedFile, C:\Users\tarun\STM32CubeIDE\workspace_1.14.1\class1\Core\Src\stm32f4xx_hal_msp.c_save
2024-03-12 13:05:43,238 [INFO] CodeEngine:279 - Generated code: C:\Users\tarun\STM32CubeIDE\workspace_1.14.1\class1\Core\Src\stm32f4xx_hal_msp.c
2024-03-12 13:05:43,282 [INFO] CodeEngine:255 - oldGeneratedFile, C:\Users\tarun\STM32CubeIDE\workspace_1.14.1\class1\MXTmpFiles\system.tmp_save
2024-03-12 13:05:43,577 [INFO] CodeEngine:279 - Generated code: C:\Users\tarun\STM32CubeIDE\workspace_1.14.1\class1\MXTmpFiles\system.tmp
2024-03-12 13:05:43,694 [INFO] CodeEngine:311 - oldGeneratedFile, C:\Users\tarun\STM32CubeIDE\workspace_1.14.1\class1\Core\Inc\stm32f4xx_hal_conf.h_save
2024-03-12 13:05:44,241 [INFO] CodeEngine:335 - Generated code: C:\Users\tarun\STM32CubeIDE\workspace_1.14.1\class1\Core\Inc\stm32f4xx_hal_conf.h
2024-03-12 13:05:44,427 [WARN] IPConfigManager:2946 - Warning: the RefConfig PLL2P_FOR_MCO is not available in your config.xml file
2024-03-12 13:05:44,578 [INFO] CodeEngine:255 - oldGeneratedFile, C:\Users\tarun\STM32CubeIDE\workspace_1.14.1\class1\Core\Inc\main.h_save
2024-03-12 13:05:45,289 [INFO] CodeEngine:279 - Generated code: C:\Users\tarun\STM32CubeIDE\workspace_1.14.1\class1\Core\Inc\main.h
2024-03-12 13:05:45,399 [INFO] CodeEngine:255 - oldGeneratedFile, C:\Users\tarun\STM32CubeIDE\workspace_1.14.1\class1\Core\Src\main.c_save
2024-03-12 13:05:46,447 [INFO] CodeEngine:279 - Generated code: C:\Users\tarun\STM32CubeIDE\workspace_1.14.1\class1\Core\Src\main.c
2024-03-12 13:05:50,588 [INFO] ProjectBuilder:3076 - Time for Copy HAL[1] : 2231mS.
2024-03-12 13:05:50,622 [INFO] ProjectBuilder:4485 - Project Generator version: 4.2.0-B44
2024-03-12 13:05:51,569 [INFO] ConfigFileManager:1495 - The Die is : DIE421
2024-03-12 13:05:51,650 [INFO] ApiDbMcu:508 - Load IP Config File for FATFS
2024-03-12 13:05:51,732 [INFO] ApiDbMcu:508 - Load IP Config File for FREERTOS
2024-03-12 13:05:52,043 [INFO] ApiDbMcu:508 - Load IP Config File for LIBJPEG
2024-03-12 13:05:52,131 [INFO] ApiDbMcu:508 - Load IP Config File for MBEDTLS
2024-03-12 13:05:52,186 [INFO] ApiDbMcu:508 - Load IP Config File for USB_DEVICE
2024-03-12 13:05:52,228 [INFO] ApiDbMcu:508 - Load IP Config File for USB_HOST
2024-03-12 13:05:59,437 [INFO] LogOutputStream:77 - [STDOUT_REDIRECT] 
2024-03-12 13:06:22,233 [INFO] ProjectBuilder:4747 - Time for Generating toolchain IDE Files: 31598mS.
2024-03-12 13:06:22,239 [INFO] ProjectBuilder:2947 - Time for Copy CMSIS : 3mS.
2024-03-12 13:06:22,256 [INFO] ProjectBuilder:2947 - Time for Copy CMSIS : 1mS.
2024-03-12 13:06:42,071 [ERROR] LogOutputStream:75 - [STDERR_REDIRECT] 
