2024-04-02 09:41:51,619 [INFO] UtilMem:75 - End SaveConfig() Used Memory: 812761384 Bytes (1073741824)
2024-04-02 09:41:53,523 [INFO] UtilMem:75 - End SaveConfig() Used Memory: 840024360 Bytes (1073741824)
2024-04-02 09:42:02,795 [INFO] UtilMem:75 - End SaveConfig() Used Memory: 656351952 Bytes (1073741824)
2024-04-02 09:42:04,482 [INFO] BlockDiagram:2759 - set Specific Code input for plugin: SPI
2024-04-02 09:42:04,485 [INFO] BlockDiagram:2759 - set Specific Code input for plugin: SYS
2024-04-02 09:42:04,485 [INFO] BlockDiagram:2759 - set Specific Code input for plugin: RCC
2024-04-02 09:42:04,485 [INFO] BlockDiagram:2759 - set Specific Code input for plugin: NVIC
2024-04-02 09:42:04,485 [INFO] BlockDiagram:2759 - set Specific Code input for plugin: USART
2024-04-02 09:42:04,486 [INFO] BlockDiagram:2759 - set Specific Code input for plugin: GPIO
2024-04-02 09:42:04,495 [INFO] CodeGenerator:807 - code generatio: config db path: C:\ST\STM32CubeIDE_1.14.1\STM32CubeIDE\plugins\com.st.stm32cube.common.mx_6.10.0.202311202037\\db\
2024-04-02 09:42:06,052 [INFO] CodeEngine:255 - oldGeneratedFile, C:\Users\tarun\STM32CubeIDE\workspace_1.14.1\SPI\MXTmpFiles\license.tmp_save
2024-04-02 09:42:18,478 [INFO] CodeEngine:279 - Generated code: C:\Users\tarun\STM32CubeIDE\workspace_1.14.1\SPI\MXTmpFiles\license.tmp
2024-04-02 09:42:18,742 [INFO] CodeEngine:255 - oldGeneratedFile, C:\Users\tarun\STM32CubeIDE\workspace_1.14.1\SPI\MXTmpFiles\gpio.tmp_save
2024-04-02 09:42:19,506 [INFO] CodeEngine:279 - Generated code: C:\Users\tarun\STM32CubeIDE\workspace_1.14.1\SPI\MXTmpFiles\gpio.tmp
2024-04-02 09:42:20,268 [INFO] CodeEngine:255 - oldGeneratedFile, C:\Users\tarun\STM32CubeIDE\workspace_1.14.1\SPI\Core\Src\stm32f4xx_it.c_save
2024-04-02 09:42:21,597 [INFO] CodeEngine:279 - Generated code: C:\Users\tarun\STM32CubeIDE\workspace_1.14.1\SPI\Core\Src\stm32f4xx_it.c
2024-04-02 09:42:21,647 [INFO] CodeEngine:255 - oldGeneratedFile, C:\Users\tarun\STM32CubeIDE\workspace_1.14.1\SPI\Core\Inc\stm32f4xx_it.h_save
2024-04-02 09:42:22,113 [INFO] CodeEngine:279 - Generated code: C:\Users\tarun\STM32CubeIDE\workspace_1.14.1\SPI\Core\Inc\stm32f4xx_it.h
2024-04-02 09:42:22,319 [INFO] CodeEngine:255 - oldGeneratedFile, C:\Users\tarun\STM32CubeIDE\workspace_1.14.1\SPI\Core\Src\stm32f4xx_hal_msp.c_save
2024-04-02 09:42:23,144 [INFO] CodeEngine:279 - Generated code: C:\Users\tarun\STM32CubeIDE\workspace_1.14.1\SPI\Core\Src\stm32f4xx_hal_msp.c
2024-04-02 09:42:23,219 [INFO] CodeEngine:255 - oldGeneratedFile, C:\Users\tarun\STM32CubeIDE\workspace_1.14.1\SPI\MXTmpFiles\system.tmp_save
2024-04-02 09:42:23,423 [INFO] CodeEngine:279 - Generated code: C:\Users\tarun\STM32CubeIDE\workspace_1.14.1\SPI\MXTmpFiles\system.tmp
2024-04-02 09:42:23,504 [INFO] CodeEngine:311 - oldGeneratedFile, C:\Users\tarun\STM32CubeIDE\workspace_1.14.1\SPI\Core\Inc\stm32f4xx_hal_conf.h_save
2024-04-02 09:42:23,789 [INFO] CodeEngine:335 - Generated code: C:\Users\tarun\STM32CubeIDE\workspace_1.14.1\SPI\Core\Inc\stm32f4xx_hal_conf.h
2024-04-02 09:42:23,884 [WARN] IPConfigManager:2946 - Warning: the RefConfig PLL2P_FOR_MCO is not available in your config.xml file
2024-04-02 09:42:24,167 [INFO] CodeEngine:255 - oldGeneratedFile, C:\Users\tarun\STM32CubeIDE\workspace_1.14.1\SPI\Core\Inc\main.h_save
2024-04-02 09:42:24,609 [INFO] CodeEngine:279 - Generated code: C:\Users\tarun\STM32CubeIDE\workspace_1.14.1\SPI\Core\Inc\main.h
2024-04-02 09:42:24,658 [INFO] CodeEngine:255 - oldGeneratedFile, C:\Users\tarun\STM32CubeIDE\workspace_1.14.1\SPI\Core\Src\main.c_save
2024-04-02 09:42:25,152 [INFO] CodeEngine:279 - Generated code: C:\Users\tarun\STM32CubeIDE\workspace_1.14.1\SPI\Core\Src\main.c
2024-04-02 09:42:29,591 [INFO] ProjectBuilder:3076 - Time for Copy HAL[1] : 1886mS.
2024-04-02 09:42:29,620 [INFO] ProjectBuilder:4485 - Project Generator version: 4.2.0-B44
2024-04-02 09:42:30,937 [INFO] ConfigFileManager:1495 - The Die is : DIE421
2024-04-02 09:42:46,331 [INFO] ProjectBuilder:4747 - Time for Generating toolchain IDE Files: 16711mS.
2024-04-02 09:42:46,351 [INFO] ProjectBuilder:2947 - Time for Copy CMSIS : 18mS.
2024-04-02 09:42:46,366 [INFO] ProjectBuilder:2947 - Time for Copy CMSIS : 0mS.
2024-04-02 09:48:57,427 [INFO] MainUpdater:2873 - connection check result : 10
2024-04-02 09:48:58,840 [INFO] McuFinderGlobals:76 - Set McuFinderConnectedMode to true
2024-04-02 09:48:58,885 [INFO] MultiScanPanel:200 - Auto-refresh data requested => check proxy status ongoing
2024-04-02 09:48:58,901 [INFO] FinderPluginLoader:95 - Searching for filters in installed packs
2024-04-02 09:49:04,807 [INFO] LoadUrlFilesThread:185 - End of LoadServerUrlFiles without Thread
2024-04-02 09:49:04,867 [INFO] DetailPanel:341 - Set advertising image to C:/Users/tarun/STM32Cube/Repository/\en.prom-stm32wl3-mcu-finder.jpg
2024-04-02 09:49:24,998 [INFO] MultiScanPanel:200 - Auto-refresh data requested => check proxy status ongoing
2024-04-02 09:49:25,421 [INFO] LoadUrlFilesThread:185 - End of LoadServerUrlFiles without Thread
2024-04-02 09:49:25,422 [INFO] DetailPanel:341 - Set advertising image to C:/Users/tarun/STM32Cube/Repository/\en.prom-stm32wl3-mcu-finder.jpg
2024-04-02 09:49:50,001 [INFO] MainUpdater:2873 - connection check result : 10
2024-04-02 09:49:50,004 [INFO] MainUpdater:2873 - connection check result : 10
2024-04-02 09:49:50,621 [INFO] MicroXplorer:468 - Change Database Path : 
2024-04-02 09:49:50,622 [INFO] MicroXplorer:498 - Change Database Version : DB.6.0.100
2024-04-02 09:49:50,722 [ERROR] ProjectManagerView:394 - 
java.lang.NullPointerException: Cannot invoke "javax.swing.JTextField.getText()" because the return value of "java.util.List.get(int)" is null
	at com.st.microxplorer.plugins.projectmanager.gui.ProjectChoiceTab$10.caretUpdate(ProjectChoiceTab.java:2493) ~[filemanager.jar:?]
	at javax.swing.text.JTextComponent.fireCaretUpdate(JTextComponent.java:412) ~[?:?]
	at javax.swing.text.JTextComponent$MutableCaretEvent.fire(JTextComponent.java:4491) ~[?:?]
	at javax.swing.text.JTextComponent$MutableCaretEvent.stateChanged(JTextComponent.java:4513) ~[?:?]
	at javax.swing.text.DefaultCaret.fireStateChanged(DefaultCaret.java:842) ~[?:?]
	at javax.swing.text.DefaultCaret.changeCaretPosition(DefaultCaret.java:1313) ~[?:?]
	at javax.swing.text.DefaultCaret.handleSetDot(DefaultCaret.java:1212) ~[?:?]
	at javax.swing.text.DefaultCaret.setDot(DefaultCaret.java:1193) ~[?:?]
	at javax.swing.text.DefaultCaret$Handler.insertUpdate(DefaultCaret.java:1789) ~[?:?]
	at javax.swing.text.AbstractDocument.fireInsertUpdate(AbstractDocument.java:226) ~[?:?]
	at javax.swing.text.AbstractDocument.handleInsertString(AbstractDocument.java:780) ~[?:?]
	at javax.swing.text.AbstractDocument.insertString(AbstractDocument.java:739) ~[?:?]
	at javax.swing.text.PlainDocument.insertString(PlainDocument.java:131) ~[?:?]
	at javax.swing.text.AbstractDocument.replace(AbstractDocument.java:698) ~[?:?]
	at javax.swing.text.JTextComponent.setText(JTextComponent.java:1729) ~[?:?]
	at com.st.microxplorer.plugins.projectmanager.gui.ProjectChoiceTab.createHeapStackFields(ProjectChoiceTab.java:933) ~[filemanager.jar:?]
	at com.st.microxplorer.plugins.projectmanager.gui.ProjectChoiceTab.buildLinkSettingsPanel(ProjectChoiceTab.java:3426) ~[filemanager.jar:?]
	at com.st.microxplorer.plugins.projectmanager.gui.ProjectChoiceTab.defineWindowsFields(ProjectChoiceTab.java:1813) ~[filemanager.jar:?]
	at com.st.microxplorer.plugins.projectmanager.gui.ProjectChoiceTab.updateSettings(ProjectChoiceTab.java:533) ~[filemanager.jar:?]
	at com.st.microxplorer.plugins.projectmanager.gui.ProjectSettingsPanel.UpdateDialog(ProjectSettingsPanel.java:244) ~[filemanager.jar:?]
	at com.st.microxplorer.plugins.projectmanager.ProjectManagerView.propertyChange(ProjectManagerView.java:391) ~[filemanager.jar:?]
	at java.beans.PropertyChangeSupport.fire(PropertyChangeSupport.java:343) ~[?:?]
	at java.beans.PropertyChangeSupport.firePropertyChange(PropertyChangeSupport.java:335) ~[?:?]
	at java.beans.PropertyChangeSupport.firePropertyChange(PropertyChangeSupport.java:268) ~[?:?]
	at com.st.microxplorer.util.MXPropertyChangeSupport.firePropertyChange(MXPropertyChangeSupport.java:54) ~[STM32CubeMX.jar:?]
	at com.st.microxplorer.mxsystem.MxSystem.closeConfig(MxSystem.java:900) ~[STM32CubeMX.jar:?]
	at com.st.microxplorer.maingui.MainPanel.closeConfig(MainPanel.java:776) ~[STM32CubeMX.jar:?]
	at com.st.microxplorer.plugins.filemanager.engine.OpenFileManager.loadConfigurationFile(OpenFileManager.java:245) ~[filemanager.jar:?]
	at com.st.microxplorer.plugins.filemanager.engine.MainFileManager.userLoadConfig(MainFileManager.java:290) ~[filemanager.jar:?]
	at com.st.microxplorer.plugins.filemanager.FileManagerView.getSpecificTask(FileManagerView.java:247) ~[filemanager.jar:?]
	at com.st.stm32cube.common.mx.editor.CubeMxEditor.getMxTabbedPaneInstance(CubeMxEditor.java:1184) ~[com.st.stm32cube.common.mx_6.10.0.202311202037/:?]
	at com.st.stm32cube.common.mx.editor.CubeMxEditor$12$1.createSwingComponent(CubeMxEditor.java:1065) ~[com.st.stm32cube.common.mx_6.10.0.202311202037/:?]
	at com.st.stm32cube.common.mx.oss.core.awtswtbridge.EmbeddedSwingComposite.doComponentCreation(EmbeddedSwingComposite.java:492) ~[com.st.stm32cube.common.mx.oss_6.10.0.202311202037/:?]
	at com.st.stm32cube.common.mx.oss.core.awtswtbridge.EmbeddedSwingComposite$4.run(EmbeddedSwingComposite.java:291) ~[com.st.stm32cube.common.mx.oss_6.10.0.202311202037/:?]
	at com.st.stm32cube.common.mx.oss.core.awtswtbridge.AwtEnvironment$2.run(AwtEnvironment.java:166) ~[com.st.stm32cube.common.mx.oss_6.10.0.202311202037/:?]
	at java.awt.event.InvocationEvent.dispatch(InvocationEvent.java:318) ~[?:?]
	at java.awt.EventQueue.dispatchEventImpl(EventQueue.java:773) ~[?:?]
	at java.awt.EventQueue$4.run(EventQueue.java:720) ~[?:?]
	at java.awt.EventQueue$4.run(EventQueue.java:714) ~[?:?]
	at java.security.AccessController.doPrivileged(AccessController.java:399) ~[?:?]
	at java.security.ProtectionDomain$JavaSecurityAccessImpl.doIntersectionPrivilege(ProtectionDomain.java:86) ~[?:?]
	at java.awt.EventQueue.dispatchEvent(EventQueue.java:742) ~[?:?]
	at java.awt.EventDispatchThread.pumpOneEventForFilters(EventDispatchThread.java:203) ~[?:?]
	at java.awt.EventDispatchThread.pumpEventsForFilter(EventDispatchThread.java:124) ~[?:?]
	at java.awt.EventDispatchThread.pumpEventsForHierarchy(EventDispatchThread.java:113) ~[?:?]
	at java.awt.EventDispatchThread.pumpEvents(EventDispatchThread.java:109) ~[?:?]
	at java.awt.EventDispatchThread.pumpEvents(EventDispatchThread.java:101) ~[?:?]
	at java.awt.EventDispatchThread.run(EventDispatchThread.java:90) ~[?:?]
2024-04-02 09:49:50,884 [WARN] ThirdParty:871 - waiting for thirdparty lock release [close project]
2024-04-02 09:49:50,884 [INFO] ThirdParty:873 - entering critical section [close project]
2024-04-02 09:49:50,887 [INFO] ThirdParty:883 - exiting critical section [close project]
2024-04-02 09:49:50,894 [INFO] PinOutPanel:1499 - setPackage(No Configuration,No Configuration)
2024-04-02 09:49:50,976 [WARN] IpParametersView:151 - Warning: This peripheral hasn't parameters
2024-04-02 09:49:51,012 [WARN] MainPanel:272 - <html><b><center>Warning: This peripheral has no parameters to be configured<br></b></html>
2024-04-02 09:49:51,127 [INFO] UtilMem:75 - Begin LoadConfig() Used Memory: 786275208 Bytes (1073741824)
2024-04-02 09:49:51,133 [INFO] OpenFileManager:312 - Change cursor
2024-04-02 09:49:51,631 [INFO] RulesReader:64 - Compatibility file has been processed (297 Rules)
2024-04-02 09:49:51,740 [INFO] ProjectFactory:440 - No CPN specified for board NUCLEO-F446RE => set CPN to STM32F446RET6
2024-04-02 09:49:51,741 [INFO] Mcu:2016 - Initializing MCU STM32F446R(C-E)Tx STM32F446RETx STM32F446RET6
2024-04-02 09:50:06,803 [INFO] Context:659 - Trying to add GPIOservice into a context  which must be forbidden
2024-04-02 09:50:10,820 [INFO] Rule:228 - rule 117617 - U5Cobra4M][GTZC] default value MPCBB3 and MPCBB5 - Not Secured memory - MPCBB1 is applicable
2024-04-02 09:50:10,823 [INFO] Rule:228 - rule 117617 - U5Cobra4M][GTZC] default value MPCBB3 and MPCBB5 - Not Secured memory - MPCBB1 is applicable
2024-04-02 09:50:10,823 [INFO] Rule:228 - rule 117617 - U5Cobra4M][GTZC] default value MPCBB3 and MPCBB5 - Not Secured memory - MPCBB2 is applicable
2024-04-02 09:50:10,823 [INFO] Rule:228 - rule 117617 - U5Cobra4M][GTZC] default value MPCBB3 and MPCBB5 - Not Secured memory - MPCBB2 is applicable
2024-04-02 09:50:10,824 [INFO] Rule:228 - rule 117617 - U5Cobra4M][GTZC] default value MPCBB3 and MPCBB5 - Not Secured memory - MPCBB3 is applicable
2024-04-02 09:50:10,824 [INFO] Rule:228 - rule 117617 - U5Cobra4M][GTZC] default value MPCBB3 and MPCBB5 - Not Secured memory - MPCBB3 is applicable
2024-04-02 09:50:10,824 [INFO] Rule:228 - rule 117617 - U5Cobra4M][GTZC] default value MPCBB3 and MPCBB5 - Not Secured memory - MPCBB4 is applicable
2024-04-02 09:50:10,824 [INFO] Rule:228 - rule 117617 - U5Cobra4M][GTZC] default value MPCBB3 and MPCBB5 - Not Secured memory - MPCBB4 is applicable
2024-04-02 09:50:10,824 [INFO] Rule:228 - rule 117617 - U5Cobra4M][GTZC] default value MPCBB3 and MPCBB5 - Secured memory - MPCBB1 is applicable
2024-04-02 09:50:10,824 [INFO] Rule:228 - rule 117617 - U5Cobra4M][GTZC] default value MPCBB3 and MPCBB5 - Secured memory - MPCBB2 is applicable
2024-04-02 09:50:10,824 [INFO] Rule:228 - rule 117617 - U5Cobra4M][GTZC] default value MPCBB3 and MPCBB5 - Secured memory - MPCBB3 is applicable
2024-04-02 09:50:10,824 [INFO] Rule:228 - rule 117617 - U5Cobra4M][GTZC] default value MPCBB3 and MPCBB5 - Secured memory - MPCBB4 is applicable
2024-04-02 09:50:10,824 [INFO] Rule:228 - rule 117617 - U5Cobra4M][GTZC] default value MPCBB3 and MPCBB5 - Privileged memory - MPCBB1 is applicable
2024-04-02 09:50:10,825 [INFO] Rule:228 - rule 117617 - U5Cobra4M][GTZC] default value MPCBB3 and MPCBB5 - Privileged memory - MPCBB2 is applicable
2024-04-02 09:50:10,825 [INFO] Rule:228 - rule 117617 - U5Cobra4M][GTZC] default value MPCBB3 and MPCBB5 - Privileged memory - MPCBB3 is applicable
2024-04-02 09:50:10,825 [INFO] Rule:228 - rule 117617 - U5Cobra4M][GTZC] default value MPCBB3 and MPCBB5 - Privileged memory - MPCBB4 is applicable
2024-04-02 09:50:10,825 [INFO] Rule:228 - rule 117617 - U5Cobra4M][GTZC] default value MPCBB3 and MPCBB5 - Not Privileged memory - MPCBB1 is applicable
2024-04-02 09:50:10,825 [INFO] Rule:228 - rule 117617 - U5Cobra4M][GTZC] default value MPCBB3 and MPCBB5 - Not Privileged memory - MPCBB2 is applicable
2024-04-02 09:50:10,825 [INFO] Rule:228 - rule 117617 - U5Cobra4M][GTZC] default value MPCBB3 and MPCBB5 - Not Privileged memory - MPCBB3 is applicable
2024-04-02 09:50:10,825 [INFO] Rule:228 - rule 117617 - U5Cobra4M][GTZC] default value MPCBB3 and MPCBB5 - Not Privileged memory - MPCBB4 is applicable
2024-04-02 09:50:10,825 [INFO] Rule:228 - rule 117617 - U5Cobra4M][GTZC] default value MPCBB3 and MPCBB5 - Privileged memory - MPCBB1 is applicable
2024-04-02 09:50:10,825 [INFO] Rule:228 - rule 117617 - U5Cobra4M][GTZC] default value MPCBB3 and MPCBB5 - Privileged memory - MPCBB2 is applicable
2024-04-02 09:50:10,826 [INFO] Rule:228 - rule 117617 - U5Cobra4M][GTZC] default value MPCBB3 and MPCBB5 - Privileged memory - MPCBB3 is applicable
2024-04-02 09:50:10,826 [INFO] Rule:228 - rule 117617 - U5Cobra4M][GTZC] default value MPCBB3 and MPCBB5 - Privileged memory - MPCBB4 is applicable
2024-04-02 09:50:10,826 [INFO] Rule:228 - rule 117617 - U5Cobra4M][GTZC] default value MPCBB3 and MPCBB5 - Privileged memory - MPCBB1 is applicable
2024-04-02 09:50:10,826 [INFO] Rule:228 - rule 117617 - U5Cobra4M][GTZC] default value MPCBB3 and MPCBB5 - Privileged memory - MPCBB2 is applicable
2024-04-02 09:50:10,827 [INFO] Rule:228 - rule 117617 - U5Cobra4M][GTZC] default value MPCBB3 and MPCBB5 - Privileged memory - MPCBB3 is applicable
2024-04-02 09:50:10,827 [INFO] Rule:228 - rule 117617 - U5Cobra4M][GTZC] default value MPCBB3 and MPCBB5 - Privileged memory - MPCBB4 is applicable
2024-04-02 09:50:10,827 [INFO] Rule:228 - rule 117617 - U5Cobra4M][GTZC] default value MPCBB3 and MPCBB5 - Not Privileged memory - MPCBB1 is applicable
2024-04-02 09:50:10,827 [INFO] Rule:228 - rule 117617 - U5Cobra4M][GTZC] default value MPCBB3 and MPCBB5 - Not Privileged memory - MPCBB2 is applicable
2024-04-02 09:50:10,828 [INFO] Rule:228 - rule 117617 - U5Cobra4M][GTZC] default value MPCBB3 and MPCBB5 - Not Privileged memory - MPCBB3 is applicable
2024-04-02 09:50:10,828 [INFO] Rule:228 - rule 117617 - U5Cobra4M][GTZC] default value MPCBB3 and MPCBB5 - Not Privileged memory - MPCBB4 is applicable
2024-04-02 09:50:10,828 [INFO] Rule:228 - rule 117617 - U5Cobra4M][GTZC] default value MPCBB3 and MPCBB5 - Privileged memory - MPCBB1 is applicable
2024-04-02 09:50:10,828 [INFO] Rule:228 - rule 117617 - U5Cobra4M][GTZC] default value MPCBB3 and MPCBB5 - Privileged memory - MPCBB2 is applicable
2024-04-02 09:50:10,828 [INFO] Rule:228 - rule 117617 - U5Cobra4M][GTZC] default value MPCBB3 and MPCBB5 - Privileged memory - MPCBB3 is applicable
2024-04-02 09:50:10,828 [INFO] Rule:228 - rule 117617 - U5Cobra4M][GTZC] default value MPCBB3 and MPCBB5 - Privileged memory - MPCBB4 is applicable
2024-04-02 09:50:10,829 [INFO] Rule:228 - rule Rename SubGHz_Phy SUBGHZ_APPLICATION SUBGHZ_PINGPONG to SUBGHZ_ADV_APPLICATION is applicable
2024-04-02 09:50:10,829 [INFO] Rule:228 - rule Rename Enabled to IBEACON is applicable
2024-04-02 09:50:10,829 [INFO] Rule:228 - rule GTZC_S instance for project manager is applicable
2024-04-02 09:50:10,829 [INFO] Rule:228 - rule GTZC_S instance for context M33S is applicable
2024-04-02 09:50:10,829 [INFO] Rule:228 - rule GTZC_S instance value for IP GTZC is applicable
2024-04-02 09:50:10,829 [INFO] Rule:228 - rule GTZC_S instance for mcu.IP is applicable
2024-04-02 09:50:10,829 [INFO] Rule:228 - rule GTZC_S instance for VP is applicable
2024-04-02 09:50:10,829 [INFO] Rule:228 - rule GTZC_S instance for signal is applicable
2024-04-02 09:50:10,829 [INFO] Rule:228 - rule GTZC_S instance for mcu.Pin is applicable
2024-04-02 09:50:10,829 [INFO] Rule:228 - rule GTZC_S instance for VP is applicable
2024-04-02 09:50:10,830 [INFO] Rule:228 - rule GTZC_S instance for signal is applicable
2024-04-02 09:50:10,830 [INFO] Rule:228 - rule GTZC_S instance for mcu is applicable
2024-04-02 09:50:10,830 [INFO] Rule:228 - rule GTZC_S instance for mcu.Pin is applicable
2024-04-02 09:50:10,830 [INFO] Rule:228 - rule GTZC_S instance value for IP GTZC is applicable
2024-04-02 09:50:10,830 [INFO] Rule:228 - rule GTZC_S instance for project manager is applicable
2024-04-02 09:50:10,830 [INFO] Rule:228 - rule GTZC_S instance for context M33S is applicable
2024-04-02 09:50:10,830 [INFO] Rule:228 - rule GTZC_S instance for VP is applicable
2024-04-02 09:50:10,830 [INFO] Rule:228 - rule GTZC_S instance for signal is applicable
2024-04-02 09:50:10,831 [INFO] Rule:228 - rule SPDIFRX instance for mcu is applicable
2024-04-02 09:50:10,831 [INFO] Rule:228 - rule Rename Tracer Mode is applicable
2024-04-02 09:50:10,831 [INFO] Rule:228 - rule SPDIFRX instance value for IP SPDIFRX is applicable
2024-04-02 09:50:10,831 [INFO] Rule:228 - rule SPDIFRX instance for signal is applicable
2024-04-02 09:50:10,831 [INFO] Rule:228 - rule SPDIFRX instance for project manager is applicable
2024-04-02 09:50:10,831 [INFO] Rule:228 - rule SPDIFRX instance for project manager is applicable
2024-04-02 09:50:10,831 [INFO] Rule:228 - rule ADC Scan  fix with FW F7 is applicable
2024-04-02 09:50:10,831 [INFO] Rule:228 - rule ADC Scan  fix with FW F7 is applicable
2024-04-02 09:50:10,832 [INFO] Rule:228 - rule WakeUp0 Mode is applicable
2024-04-02 09:50:10,832 [INFO] Rule:228 - rule WakeUp0 SIGNAL is applicable
2024-04-02 09:50:10,832 [INFO] Rule:228 - rule WakeUp1 Mode is applicable
2024-04-02 09:50:10,832 [INFO] Rule:228 - rule WakeUp1 SIGNAL is applicable
2024-04-02 09:50:10,832 [INFO] Rule:228 - rule WakeUp2 Mode is applicable
2024-04-02 09:50:10,832 [INFO] Rule:228 - rule WakeUp2 SIGNAL is applicable
2024-04-02 09:50:10,832 [INFO] Rule:228 - rule WakeUp4 Mode is applicable
2024-04-02 09:50:10,832 [INFO] Rule:228 - rule WakeUp4 SIGNAL is applicable
2024-04-02 09:50:10,832 [INFO] Rule:228 - rule WakeUp5 Mode is applicable
2024-04-02 09:50:10,833 [INFO] Rule:228 - rule WakeUp5 SIGNAL is applicable
2024-04-02 09:50:10,833 [INFO] Rule:228 - rule Add RTC Activate Clock Source is applicable
2024-04-02 09:50:10,833 [INFO] Rule:228 - rule Add RTC Activate Calendar 1 is applicable
2024-04-02 09:50:10,833 [INFO] Rule:228 - rule Add RTC Activate Calendar 2 is applicable
2024-04-02 09:50:10,833 [INFO] Rule:228 - rule Add RTC Activate Calendar 3 is applicable
2024-04-02 09:50:10,833 [INFO] Rule:228 - rule UART/USART TX Mode is applicable
2024-04-02 09:50:10,833 [INFO] Rule:228 - rule UART/USART RX Mode is applicable
2024-04-02 09:50:10,833 [INFO] Rule:228 - rule UART/USART RX TX Mode is applicable
2024-04-02 09:50:10,833 [INFO] Rule:228 - rule UART/USART PARITY NONE is applicable
2024-04-02 09:50:10,833 [INFO] Rule:228 - rule UART/USART PARITY EVEN is applicable
2024-04-02 09:50:10,834 [INFO] Rule:228 - rule UART/USART PARITY ODD is applicable
2024-04-02 09:50:10,834 [INFO] Rule:228 - rule USART StopBits 1 is applicable
2024-04-02 09:50:10,834 [INFO] Rule:228 - rule USART StopBits 2 is applicable
2024-04-02 09:50:10,834 [INFO] Rule:228 - rule USART StopBits 1.5 is applicable
2024-04-02 09:50:10,834 [INFO] Rule:228 - rule USART StopBits 0.5 is applicable
2024-04-02 09:50:10,834 [INFO] Rule:228 - rule UART/USART WORD LENGTH 7 is applicable
2024-04-02 09:50:10,834 [INFO] Rule:228 - rule UART/USART WORD LENGTH 8 is applicable
2024-04-02 09:50:10,834 [INFO] Rule:228 - rule UART/USART WORD LENGTH 9 is applicable
2024-04-02 09:50:10,834 [INFO] Rule:228 - rule Rename FMC NAND NCE signal is applicable
2024-04-02 09:50:10,835 [INFO] Rule:228 - rule Rename FMC NAND INT signal is applicable
2024-04-02 09:50:10,835 [INFO] Rule:228 - rule Change Default Value for LSE Drive Capability for WB family is applicable
2024-04-02 09:50:10,835 [INFO] Rule:228 - rule Change Default Value for ADC Clock Prescaler G0 family is applicable
2024-04-02 09:50:10,835 [INFO] Rule:228 - rule Change Default Value for ADC ExternalTrigConv L4 family is applicable
2024-04-02 09:50:10,835 [INFO] Rule:228 - rule Change Default Value for ADC ExternalTrigInjecConv L4 family is applicable
2024-04-02 09:50:10,835 [INFO] Rule:228 - rule Change Default Value for ADC ExternalTrigConv F3 family is applicable
2024-04-02 09:50:10,835 [INFO] Rule:228 - rule Change Default Value for ADC ExternalTrigInjecConv F3 family is applicable
2024-04-02 09:50:10,835 [INFO] Rule:228 - rule Change Default Value for ADC ExternalTrigConv Goldfish serie is applicable
2024-04-02 09:50:10,835 [INFO] Rule:228 - rule Change Default Value for ADC ExternalTrigInjecConv Goldfish serie is applicable
2024-04-02 09:50:10,835 [INFO] Rule:228 - rule Change Default Value for ADC ExternalTrigConv L0 family is applicable
2024-04-02 09:50:10,836 [INFO] Rule:228 - rule Change Default Value for ADC ExternalTrigConv F0 family is applicable
2024-04-02 09:50:10,837 [INFO] Rule:228 - rule Change Default Value for ADC ExternalTrigConvn L1 family is applicable
2024-04-02 09:50:10,837 [INFO] Rule:228 - rule Change Default Value for ADC ExternalTrigInjecConv L1 family is applicable
2024-04-02 09:50:10,837 [INFO] Rule:228 - rule Change Default Value for ADC ExternalTrigConv F1 family is applicable
2024-04-02 09:50:10,837 [INFO] Rule:228 - rule Change Default Value for ADC ExternalTrigInjecConv F1 family is applicable
2024-04-02 09:50:10,837 [INFO] Rule:228 - rule Change Default Value for ADC ExternalTrigConv F7 family is applicable
2024-04-02 09:50:10,837 [INFO] Rule:228 - rule Change Default Value for ADC ExternalTrigInjecConv F7 family is applicable
2024-04-02 09:50:10,837 [INFO] Rule:228 - rule Change Default Value for ADC ExternalTrigConv F4 and F2 family is applicable
2024-04-02 09:50:10,838 [INFO] Rule:228 - rule Change Default Value for ADC ExternalTrigInjecConv F4 and F2 family is applicable
2024-04-02 09:50:10,838 [INFO] Rule:228 - rule ADC SamplingTime fix with FW L0  is applicable
2024-04-02 09:50:10,838 [INFO] Rule:228 - rule ADC SamplingTime fix with FW L0  is applicable
2024-04-02 09:50:10,838 [INFO] Rule:228 - rule ADC SamplingTime fix with FW L0 is applicable
2024-04-02 09:50:10,838 [INFO] Rule:228 - rule ADC SamplingTime fix with FW L0 is applicable
2024-04-02 09:50:10,838 [INFO] Rule:228 - rule ADC SamplingTime fix with FW L0  is applicable
2024-04-02 09:50:10,838 [INFO] Rule:228 - rule ADC SamplingTime fix with FW L0 is applicable
2024-04-02 09:50:10,838 [INFO] Rule:228 - rule Rename USB_OE Signal is applicable
2024-04-02 09:50:10,839 [INFO] Rule:228 - rule Rename Activate_OE Mode is applicable
2024-04-02 09:50:10,839 [INFO] Rule:228 - rule Rename DIE462/DIE415 pin PC14/OSC32_IN -> PC14-OSC32_IN (PC14) is applicable
2024-04-02 09:50:10,839 [INFO] Rule:228 - rule Rename DIE462/DIE415 pin PC15/OSC32_OUT -> PC15-OSC32_OUT (PC15) is applicable
2024-04-02 09:50:10,839 [INFO] Rule:228 - rule Rename DIE462/DIE415 pin PH0/OSC_IN -> PH0-OSC_IN (PH0) is applicable
2024-04-02 09:50:10,840 [INFO] Rule:228 - rule Rename DIE462/DIE415 pin PH1/OSC_OUT -> PH1-OSC_OUT (PH1) is applicable
2024-04-02 09:50:10,840 [INFO] Rule:228 - rule Rename DIE462 pin PA13 -> PA13 (JTMS/SWDIO) is applicable
2024-04-02 09:50:10,840 [INFO] Rule:228 - rule Rename DIE415 pin PA13 -> PA13 (JTMS/SWDIO) is applicable
2024-04-02 09:50:10,840 [INFO] Rule:228 - rule Rename DIE462 pin PA14 -> PA14 (JTCK/SWCLK) is applicable
2024-04-02 09:50:10,842 [INFO] Rule:228 - rule Rename DIE415 pin PA14 -> PA14 (JTCK/SWCLK) is applicable
2024-04-02 09:50:10,842 [INFO] Rule:228 - rule Rename DIE462/DIE415 pin PA15 -> PA15 (JTDI) is applicable
2024-04-02 09:50:10,842 [INFO] Rule:228 - rule Rename DIE462 pin PB3 -> PB3 (JTD0/TRACESWO) is applicable
2024-04-02 09:50:10,842 [INFO] Rule:228 - rule Rename DIE415 pin PB3 -> PB3 (JTD0-TRACESWO) is applicable
2024-04-02 09:50:10,842 [INFO] Rule:228 - rule Rename DIE462/DIE415 pin PB4 -> PB4 (NJTRST) is applicable
2024-04-02 09:50:10,842 [INFO] Rule:228 - rule Rename DIE462 pin PH3/BOOT0 -> PH3-BOOT0 (BOOT0) is applicable
2024-04-02 09:50:10,842 [INFO] Rule:228 - rule Rename CRYP DataEncryptionTypesList to Algorithm is applicable
2024-04-02 09:50:10,843 [INFO] Rule:228 - rule Rename AES DataEncryptionTypesList to Algorithm is applicable
2024-04-02 09:50:10,843 [INFO] Rule:228 - rule Rename TDESECB to CRYP_TDES_ECB is applicable
2024-04-02 09:50:10,843 [INFO] Rule:228 - rule Rename TDESCBC to CRYP_TDES_CBC is applicable
2024-04-02 09:50:10,843 [INFO] Rule:228 - rule Rename DESECB to CRYP_DES_ECB is applicable
2024-04-02 09:50:10,843 [INFO] Rule:228 - rule Rename DESCBC to CRYP_DES_CBC is applicable
2024-04-02 09:50:10,843 [INFO] Rule:228 - rule Rename AESECB to CRYP_AES_ECB is applicable
2024-04-02 09:50:10,843 [INFO] Rule:228 - rule Rename AESCBC to CRYP_AES_CBC is applicable
2024-04-02 09:50:10,843 [INFO] Rule:228 - rule Rename AESCTR to CRYP_AES_CTR is applicable
2024-04-02 09:50:10,844 [INFO] Rule:228 - rule Rename AESGCM to CRYP_AES_GCM is applicable
2024-04-02 09:50:10,844 [INFO] Rule:228 - rule Rename AESCCM to CRYP_AES_CCM is applicable
2024-04-02 09:50:10,844 [INFO] Rule:228 - rule Rename CAN TimeSeg1 to BS1 is applicable
2024-04-02 09:50:10,844 [INFO] Rule:228 - rule Rename CAN TimeSeg2 to BS2 is applicable
2024-04-02 09:50:10,844 [INFO] Rule:228 - rule Rename CAN SyncJumpWidth to SJW is applicable
2024-04-02 09:50:10,844 [INFO] Rule:228 - rule TimeTriggeredMode to TTCM is applicable
2024-04-02 09:50:10,844 [INFO] Rule:228 - rule Rename CAN AutoBusOff to ABOM is applicable
2024-04-02 09:50:10,844 [INFO] Rule:228 - rule Rename CAN AutoWakeUp to AWUM is applicable
2024-04-02 09:50:10,845 [INFO] Rule:228 - rule Rename CAN AutoRetransmission to NART is applicable
2024-04-02 09:50:10,845 [INFO] Rule:228 - rule Rename CAN ReceiveFifoLocked to RFLM is applicable
2024-04-02 09:50:10,846 [INFO] Rule:228 - rule Rename CAN TransmitFifoPriority to TXFP is applicable
2024-04-02 09:50:10,846 [INFO] Rule:228 - rule Rename HRTIMER HRTIM_OUTPUTFAULTLEVEL_HIGH in HRTIMER HRTIM_OUTPUTFAULTLEVEL_HIGHZ is applicable
2024-04-02 09:50:10,846 [INFO] Rule:228 - rule Rename TIMER TIM_CLEARINPUTSOURCE_OCREFCLR in  TIMER TIM_CLEARINPUTSOURCE_NONE for F7 family is applicable
2024-04-02 09:50:10,846 [INFO] Rule:228 - rule FDCAN_R1 - Rename FDCAN mode Master into Classic is applicable
2024-04-02 09:50:10,846 [INFO] Rule:228 - rule FDCAN_R2 - Rename FDCAN mode Slave into Classic is applicable
2024-04-02 09:50:10,846 [INFO] Rule:228 - rule FDCAN1_R3 - if PA10.Mode=FullDuplex, add Pin PA12 is applicable
2024-04-02 09:50:10,846 [INFO] Rule:228 - rule FDCAN1_R3 - if PA9.Mode=FullDuplex, add Pin PA11 is applicable
2024-04-02 09:50:10,846 [INFO] Rule:228 - rule FDCAN1_R3 - Alternatepin_1 - if PE1.Mode=FullDuplex, add Pin PB9 is applicable
2024-04-02 09:50:10,846 [INFO] Rule:228 - rule FDCAN1_R3 - Alternatepin_1 - if PE0.Mode=FullDuplex, add Pin PB8 is applicable
2024-04-02 09:50:10,847 [INFO] Rule:228 - rule FDCAN1_R3 - Alternatepin_2 - if PD5.Mode=FullDuplex, add Pin PD1 is applicable
2024-04-02 09:50:10,847 [INFO] Rule:228 - rule FDCAN1_R3 - Alternatepin_2 - if PD4.Mode=FullDuplex, add Pin PD0 is applicable
2024-04-02 09:50:10,847 [INFO] Rule:228 - rule FDCAN1_R4 - Rename Mode FullDuplex into Enable FDCAN_TXFD for pin PA10 is applicable
2024-04-02 09:50:10,847 [INFO] Rule:228 - rule FDCAN1_R4 - Rename Mode FullDuplex into Enable FDCAN_TXFD for pin PA9 is applicable
2024-04-02 09:50:10,847 [INFO] Rule:228 - rule FDCAN1_R4 - Alternatepin_1 - Rename Mode FullDuplex into Enable FDCAN_TXFD for pin PE1 is applicable
2024-04-02 09:50:10,847 [INFO] Rule:228 - rule FDCAN1_R4 - Alternatepin_1 - Rename Mode FullDuplex into Enable FDCAN_TXFD for pin PE0 is applicable
2024-04-02 09:50:10,847 [INFO] Rule:228 - rule FDCAN1_R4 - Alternatepin_2 - Rename Mode FullDuplex into Enable FDCAN_TXFD for pin PD5 is applicable
2024-04-02 09:50:10,847 [INFO] Rule:228 - rule FDCAN1_R4 - Alternatepin_2 - Rename Mode FullDuplex into Enable FDCAN_TXFD for pin PD4 is applicable
2024-04-02 09:50:10,848 [INFO] Rule:228 - rule FDCAN2_R3 - if PD10.Mode=FullDuplex, add Pin PB13 is applicable
2024-04-02 09:50:10,848 [INFO] Rule:228 - rule FDCAN2_R3 - if PD9.Mode=FullDuplex, add Pin PB12 is applicable
2024-04-02 09:50:10,848 [INFO] Rule:228 - rule FDCAN2_R3 - Alternatepin_1 - if PB7.Mode=FullDuplex, add Pin PB6 is applicable
2024-04-02 09:50:10,848 [INFO] Rule:228 - rule FDCAN2_R3 - Alternatepin_1 - if PD9.Mode=FullDuplex, add Pin PB12 is applicable
2024-04-02 09:50:10,848 [INFO] Rule:228 - rule FDCAN2_R4 - Rename Mode FullDuplex into Enable FDCAN_TXFD for pin PD10 is applicable
2024-04-02 09:50:10,848 [INFO] Rule:228 - rule FDCAN2_R4 - Rename Mode FullDuplex into Enable FDCAN_TXFD for pin PD9 is applicable
2024-04-02 09:50:10,848 [INFO] Rule:228 - rule FDCAN2_R4 - Alternatepin_1 - Rename Mode FullDuplex into Enable FDCAN_TXFD for pin PB7 is applicable
2024-04-02 09:50:10,849 [INFO] Rule:228 - rule FDCAN2_R4 - Alternatepin_1 - Rename Mode FullDuplex into Enable FDCAN_TXFD for pin PD6 is applicable
2024-04-02 09:50:10,849 [INFO] Rule:228 - rule USART TxPinLevelInvertParam Mode is applicable
2024-04-02 09:50:10,849 [INFO] Rule:228 - rule USART RxPinLevelInvertParam Mode is applicable
2024-04-02 09:50:10,849 [INFO] Rule:228 - rule USART DataInvertParam Mode is applicable
2024-04-02 09:50:10,849 [INFO] Rule:228 - rule USART SwapParam Mode is applicable
2024-04-02 09:50:10,849 [INFO] Rule:228 - rule USART OverrunDisableParam Mode is applicable
2024-04-02 09:50:10,849 [INFO] Rule:228 - rule USART DMADisableonRxErrorParam Mode is applicable
2024-04-02 09:50:10,849 [INFO] Rule:228 - rule USART MSBFirstParam Mode is applicable
2024-04-02 09:50:10,850 [INFO] Rule:228 - rule Update MwName for USB_DEVICE is applicable
2024-04-02 09:50:10,850 [INFO] Rule:228 - rule Change PWR_Regulator_Voltage_Scale Default Value for RCC  H7 family is applicable
2024-04-02 09:50:10,850 [INFO] Rule:228 - rule UART/USART IPParameter rename Prescaler parameter to ClockPrescaler is applicable
2024-04-02 09:50:10,850 [INFO] Rule:228 - rule UART/USART Prescaler rename Prescaler parameter to ClockPrescaler is applicable
2024-04-02 09:50:10,850 [INFO] Rule:228 - rule TIM1CLockSelection is applicable
2024-04-02 09:50:10,850 [INFO] Rule:228 - rule TIM15CLockSelection is applicable
2024-04-02 09:50:10,850 [INFO] Rule:228 - rule align RCC SDMMC3CLockSelection default value on MP1 is applicable
2024-04-02 09:50:10,850 [INFO] Rule:228 - rule align RCC SDMMC12CLockSelection default value on MP1 is applicable
2024-04-02 09:50:10,851 [INFO] Rule:228 - rule align RCC QSPICLockSelection default value on MP1 is applicable
2024-04-02 09:50:10,851 [INFO] Rule:228 - rule align RCC QSPICLockSelection default value on MP1 is applicable
2024-04-02 09:50:10,851 [INFO] Rule:228 - rule align RCC SPI6CLockSelection default value on MP1 is applicable
2024-04-02 09:50:10,851 [INFO] Rule:228 - rule align RCC LPTIM23CLockSelection default value on MP1 is applicable
2024-04-02 09:50:10,851 [INFO] Rule:228 - rule align RCC LPTIM1CLockSelection default value on MP1 is applicable
2024-04-02 09:50:10,851 [INFO] Rule:228 - rule align RCC USART1CLockSelection default value on MP1 is applicable
2024-04-02 09:50:10,851 [INFO] Rule:228 - rule align RCC USART24CLockSelection default value on MP1 is applicable
2024-04-02 09:50:10,851 [INFO] Rule:228 - rule align RCC USART6CLockSelection default value on MP1 is applicable
2024-04-02 09:50:10,852 [INFO] Rule:228 - rule align RCC UART78CLockSelection default value on MP1 is applicable
2024-04-02 09:50:10,852 [INFO] Rule:228 - rule align RCC USART35CLockSelection default value on MP1 is applicable
2024-04-02 09:50:10,852 [INFO] Rule:228 - rule align RCC SPI45CLockSelection default value on MP1 is applicable
2024-04-02 09:50:10,852 [INFO] Rule:228 - rule align RCC I2C46CLockSelection BCLK value on MP1 is applicable
2024-04-02 09:50:10,852 [INFO] Rule:228 - rule align RCC SPI45CLockSelection default value on MP1 is applicable
2024-04-02 09:50:10,852 [INFO] Rule:228 - rule align RCC I2C12CLockSelection default value on MP1 is applicable
2024-04-02 09:50:10,852 [INFO] Rule:228 - rule align RCC I2C35CLockSelection default value on MP1 is applicable
2024-04-02 09:50:10,852 [INFO] Rule:228 - rule align RCC LPTIM45CLockSelection default value on MP1 is applicable
2024-04-02 09:50:10,852 [INFO] Rule:228 - rule Rename DCMI PIXCK signal is applicable
2024-04-02 09:50:10,853 [INFO] Rule:228 - rule Change Default Value for I2C46CLockSelection MP1 family is applicable
2024-04-02 09:50:10,853 [INFO] Rule:228 - rule Change Default Value for UART for G4, G0 and WB families is applicable
2024-04-02 09:50:10,853 [INFO] Rule:228 - rule Change Default Value for USART for G4, G0 and WB families is applicable
2024-04-02 09:50:10,853 [INFO] Rule:228 - rule Change Default Value for USART for G4 family is applicable
2024-04-02 09:50:10,853 [INFO] Rule:228 - rule Change USART1CLockSelection refparam name for MP1 is applicable
2024-04-02 09:50:10,854 [INFO] Rule:228 - rule Change USART2CLockSelection refparam name for MP1 is applicable
2024-04-02 09:50:10,854 [INFO] Rule:228 - rule Change USART3CLockSelection refparam name for MP1 is applicable
2024-04-02 09:50:10,854 [INFO] Rule:228 - rule Change UART4CLockSelection refparam name for MP1 is applicable
2024-04-02 09:50:10,854 [INFO] Rule:228 - rule Change UART5CLockSelection refparam name for MP1 is applicable
2024-04-02 09:50:10,854 [INFO] Rule:228 - rule Change LPUART1CLockSelection refparam name for MP1 is applicable
2024-04-02 09:50:10,855 [INFO] Rule:228 - rule Change LPTIM1CLockSelection refparam name for MP1 is applicable
2024-04-02 09:50:10,855 [INFO] Rule:228 - rule Change LPTIM2CLockSelection refparam name for MP1 is applicable
2024-04-02 09:50:10,855 [INFO] Rule:228 - rule Change RCC_MCO1Source refparam name for MP1 is applicable
2024-04-02 09:50:10,855 [INFO] Rule:228 - rule Change LSCOSource1 refparam name for MP1 is applicable
2024-04-02 09:50:10,856 [INFO] Rule:228 - rule Change SMPSCLockSelection refparam name for MP1 is applicable
2024-04-02 09:50:10,856 [INFO] Rule:228 - rule Change LPTIM3CLockSelection refparam name for MP1 is applicable
2024-04-02 09:50:10,856 [INFO] Rule:228 - rule Change MPCBB* Default Template Mode to Parameters is applicable
2024-04-02 09:50:10,856 [INFO] Rule:228 - rule Change MPCWM* or MPCBB* Secure Mode to Parameters is applicable
2024-04-02 09:50:10,856 [INFO] Rule:228 - rule Change MPCWM* or MPCBB* No Secure Mode to Parameters is applicable
2024-04-02 09:50:10,856 [INFO] Rule:228 - rule Change TZSC IP Secure Mode to Parameters is applicable
2024-04-02 09:50:10,856 [INFO] Rule:228 - rule Change TZSC IP No Secure Mode to Parameters is applicable
2024-04-02 09:50:10,856 [INFO] Rule:228 - rule Change TZSC IP Privilege Mode to Parameters is applicable
2024-04-02 09:50:10,856 [INFO] Rule:228 - rule Change TZSC IP No Privilege Mode to Parameters is applicable
2024-04-02 09:50:10,857 [INFO] Rule:228 - rule Change TZIC IT Secure Mode to Parameters is applicable
2024-04-02 09:50:10,857 [INFO] Rule:228 - rule Change TZIC IT No Secure Mode to Parameters is applicable
2024-04-02 09:50:10,857 [INFO] Rule:228 - rule Add MPCBB1_NonSecureArea_Start_Address value with referenced to MPCBB1_NonSecureArea_Start value is applicable
2024-04-02 09:50:10,858 [INFO] Rule:228 - rule Add MPCBB2_NonSecureArea_Start_Address value with referenced to MPCBB2_NonSecureArea_Start value is applicable
2024-04-02 09:50:10,858 [INFO] Rule:228 - rule Add MPCWM1_NonSecureArea*_Start_Address value with referenced to MPCWM1_NonSecureArea*_Start value is applicable
2024-04-02 09:50:10,858 [INFO] Rule:228 - rule Add MPCWM2_NonSecureArea*_Start_Address value with referenced to MPCWM2_NonSecureArea*_Start value is applicable
2024-04-02 09:50:10,858 [INFO] Rule:228 - rule Add MPCWM3_NonSecureArea_Start_Address value with referenced to MPCWM3_NonSecureArea_Start value is applicable
2024-04-02 09:50:10,858 [INFO] Rule:228 - rule Change Default Value for PLL1UserDefinedConfig is applicable
2024-04-02 09:50:10,858 [INFO] Rule:228 - rule Change GPIO_PuPd Default Value for USART in async mode is applicable
2024-04-02 09:50:10,858 [INFO] Rule:228 - rule Change SMPSDivider Default Value is applicable
2024-04-02 09:50:10,858 [INFO] Rule:228 - rule OPAMP is applicable
2024-04-02 09:50:10,858 [INFO] Rule:228 - rule LPUART IPParameter rename Prescaler parameter to ClockPrescaler for STM32H7 is applicable
2024-04-02 09:50:10,859 [INFO] Rule:228 - rule LPUART IPParameter rename Prescaler parameter to ClockPrescaler for STM32H7 is applicable
2024-04-02 09:50:10,859 [INFO] Rule:228 - rule LPUART IPParameter rename Prescaler parameter to ClockPrescaler for STM32WB is applicable
2024-04-02 09:50:10,859 [INFO] Rule:228 - rule LPUART IPParameter rename Prescaler parameter to ClockPrescaler for STM32WB is applicable
2024-04-02 09:50:10,859 [INFO] Rule:228 - rule LPUART IPParameter rename Prescaler parameter to ClockPrescaler for STM32G4 is applicable
2024-04-02 09:50:10,859 [INFO] Rule:228 - rule LPUART IPParameter rename Prescaler parameter to ClockPrescaler for STM32G4 is applicable
2024-04-02 09:50:10,859 [INFO] Rule:228 - rule LPUART IPParameter rename Prescaler parameter to ClockPrescaler for STM32L5 is applicable
2024-04-02 09:50:10,859 [INFO] Rule:228 - rule LPUART IPParameter rename Prescaler parameter to ClockPrescaler for STM32L5 is applicable
2024-04-02 09:50:10,859 [INFO] Rule:228 - rule LPUART IPParameter rename Prescaler parameter to ClockPrescaler for STM32G4 is applicable
2024-04-02 09:50:10,860 [INFO] Rule:228 - rule LPUART IPParameter rename Prescaler parameter to ClockPrescaler for STM32G4 is applicable
2024-04-02 09:50:10,860 [INFO] Rule:228 - rule USB device lib V2.5.3 for L0 rename USBD_SUPPORT_USER_STRING parameter to USBD_SUPPORT_USER_STRING_DESC4 is applicable
2024-04-02 09:50:10,860 [INFO] Rule:228 - rule I2SCLockSelection clock entry align is applicable
2024-04-02 09:50:10,860 [INFO] Rule:228 - rule Assign TIMx context if used as SYS timebase is applicable
2024-04-02 09:50:10,860 [INFO] Rule:228 - rule Change GPIO_Pu Default Value for I2C is applicable
2024-04-02 09:50:10,860 [INFO] Rule:228 - rule Change GPIO_Pu Default Value for SMBus is applicable
2024-04-02 09:50:10,860 [INFO] Rule:228 - rule change FDCAN default value is applicable
2024-04-02 09:50:10,860 [INFO] Rule:228 - rule Change mode sai is applicable
2024-04-02 09:50:10,861 [INFO] Rule:228 - rule **Change sai mode is applicable
2024-04-02 09:50:10,861 [INFO] Rule:228 - rule Rename STM32WPAN CFG_BLE_IRK to CFG_BLE_IR is applicable
2024-04-02 09:50:10,861 [INFO] Rule:228 - rule Rename STM32WPAN CFG_BLE_ERK to CFG_BLE_ER is applicable
2024-04-02 09:50:10,861 [INFO] Rule:228 - rule Rename STM32WPAN CFG_BLE_IRK_HEX to CFG_BLE_IR_HEX is applicable
2024-04-02 09:50:10,861 [INFO] Rule:228 - rule Rename STM32WPAN CFG_BLE_ERK_HEX to CFG_BLE_ER_HEX is applicable
2024-04-02 09:50:10,948 [INFO] DbConfProperties:307 - Apply Compatibility (49/262 Rules)
2024-04-02 09:50:12,831 [INFO] ImportTextPane:194 - (OptionalMessage_ERROR) Unable to find key (Mcu.ThirdPartyNb) in loaded IOC file
2024-04-02 09:50:13,897 [INFO] RtosManager:555 - Registered RTOS mode: class=CMSIS, group=RTOS, mode=CMSIS_V1, owner=FREERTOS
2024-04-02 09:50:13,897 [INFO] RtosManager:555 - Registered RTOS mode: class=CMSIS, group=RTOS2, mode=CMSIS_V2, owner=FREERTOS
2024-04-02 09:50:13,897 [INFO] RtosManager:555 - Registered RTOS mode: class=RTOS, group=Core, mode=CMSIS_V1, owner=FREERTOS
2024-04-02 09:50:13,898 [INFO] RtosManager:555 - Registered RTOS mode: class=RTOS, group=Core, mode=CMSIS_V2, owner=FREERTOS
2024-04-02 09:50:13,899 [WARN] ModelIntegratedComponent:184 - Missing modes for component STMicroelectronics:FreeRTOS:0.0.1:STMicroelectronics:RTOS:FreeRTOS:Core:::10.2.0:
2024-04-02 09:50:14,054 [WARN] ModelIntegratedComponent:63 - No mode defined for component null
2024-04-02 09:50:14,055 [WARN] ModelIntegratedComponent:63 - No mode defined for component null
2024-04-02 09:50:14,055 [WARN] ModelIntegratedComponent:63 - No mode defined for component null
2024-04-02 09:50:14,055 [WARN] ModelIntegratedComponent:63 - No mode defined for component null
2024-04-02 09:50:14,056 [WARN] ModelIntegratedComponent:63 - No mode defined for component null
2024-04-02 09:50:14,056 [WARN] ModelIntegratedComponent:63 - No mode defined for component null
2024-04-02 09:50:14,056 [WARN] ModelIntegratedComponent:63 - No mode defined for component null
2024-04-02 09:50:14,056 [WARN] ModelIntegratedComponent:63 - No mode defined for component null
2024-04-02 09:50:14,056 [WARN] ModelIntegratedComponent:63 - No mode defined for component null
2024-04-02 09:50:14,056 [WARN] ModelIntegratedComponent:63 - No mode defined for component null
2024-04-02 09:50:14,056 [WARN] ModelIntegratedComponent:63 - No mode defined for component null
2024-04-02 09:50:14,056 [WARN] ModelIntegratedComponent:63 - No mode defined for component null
2024-04-02 09:50:14,057 [WARN] ModelIntegratedComponent:63 - No mode defined for component null
2024-04-02 09:50:14,058 [WARN] ModelIntegratedComponent:63 - No mode defined for component null
2024-04-02 09:50:14,058 [WARN] ModelIntegratedComponent:63 - No mode defined for component null
2024-04-02 09:50:14,058 [WARN] ModelIntegratedComponent:63 - No mode defined for component null
2024-04-02 09:50:14,058 [WARN] ModelIntegratedComponent:63 - No mode defined for component null
2024-04-02 09:50:14,059 [WARN] ModelIntegratedComponent:63 - No mode defined for component null
2024-04-02 09:50:14,059 [WARN] ModelIntegratedComponent:63 - No mode defined for component null
2024-04-02 09:50:14,059 [WARN] ModelIntegratedComponent:63 - No mode defined for component null
2024-04-02 09:50:14,059 [WARN] ModelIntegratedComponent:63 - No mode defined for component null
2024-04-02 09:50:14,059 [WARN] ModelIntegratedComponent:63 - No mode defined for component null
2024-04-02 09:50:14,059 [WARN] ModelIntegratedComponent:63 - No mode defined for component null
2024-04-02 09:50:14,059 [WARN] ModelIntegratedComponent:63 - No mode defined for component null
2024-04-02 09:50:14,059 [WARN] ModelIntegratedComponent:63 - No mode defined for component null
2024-04-02 09:50:14,059 [WARN] ModelIntegratedComponent:63 - No mode defined for component null
2024-04-02 09:50:14,059 [WARN] ModelIntegratedComponent:63 - No mode defined for component null
2024-04-02 09:50:14,060 [WARN] ModelIntegratedComponent:63 - No mode defined for component null
2024-04-02 09:50:14,061 [WARN] ModelIntegratedComponent:63 - No mode defined for component null
2024-04-02 09:50:14,061 [WARN] ModelIntegratedComponent:63 - No mode defined for component null
2024-04-02 09:50:14,061 [WARN] ModelIntegratedComponent:63 - No mode defined for component null
2024-04-02 09:50:14,061 [WARN] ModelIntegratedComponent:63 - No mode defined for component null
2024-04-02 09:50:14,061 [WARN] ModelIntegratedComponent:63 - No mode defined for component null
2024-04-02 09:50:14,545 [INFO] ThirdPartyModel:298 - Start build external matchings
2024-04-02 09:50:17,043 [INFO] ThirdPartyModel:316 - End build external matchings
2024-04-02 09:50:17,599 [INFO] ImportTextPane:194 - (OptionalMessage_ERROR) IP (RCC) : Invalid parameter (48MHZClocksFreq_Value)
2024-04-02 09:50:17,603 [INFO] ImportTextPane:194 - (OptionalMessage_ERROR) IP (RCC) : Invalid parameter (EthernetFreq_Value)
2024-04-02 09:50:17,607 [INFO] ImportTextPane:194 - (OptionalMessage_ERROR) IP (RCC) : Parameter (FLatency) has Id (AdvancedSettings) currently not set
2024-04-02 09:50:17,607 [INFO] ImportTextPane:194 - (OptionalMessage_ERROR) IP (RCC) : Invalid parameter (FamilyName)
2024-04-02 09:50:17,607 [INFO] ImportTextPane:194 - (OptionalMessage_ERROR) IP (RCC) : Invalid parameter (I2SClocksFreq_Value)
2024-04-02 09:50:17,611 [INFO] ImportTextPane:194 - (OptionalMessage_ERROR) IP (RCC) : Parameter (SDIOFreq_Value) has invalid value (168000000)
2024-04-02 09:50:17,611 [INFO] ImportTextPane:194 - (OptionalMessage_ERROR) IP (RCC) : Parameter (USBFreq_Value) has invalid value (168000000)
2024-04-02 09:50:17,612 [INFO] ImportTextPane:194 - (OptionalMessage_ERROR) IP (RCC) : Invalid parameter (VCOInputMFreq_Value)
2024-04-02 09:50:17,613 [INFO] ImportTextPane:194 - (OptionalMessage_ERROR) IP (RCC) : Invalid parameter (VcooutputI2S)
2024-04-02 09:50:26,667 [INFO] UtilMem:75 - End LoadConfig() Used Memory: 749733800 Bytes (1073741824)
2024-04-02 09:50:26,813 [INFO] MicroXplorer:468 - Change Database Path : 
2024-04-02 09:50:26,834 [INFO] MicroXplorer:498 - Change Database Version : DB.6.0.100
2024-04-02 09:50:26,845 [WARN] ThirdParty:833 - waiting for thirdparty lock release [change project]
2024-04-02 09:50:26,845 [INFO] ThirdParty:835 - entering critical section [change project]
2024-04-02 09:50:26,846 [INFO] ThirdParty:1030 - CMSIS Pack Vendor :STMicroelectronics USBPD 4.1
2024-04-02 09:50:26,846 [INFO] ThirdParty:1030 - CMSIS Pack Vendor :STMicroelectronics X-CUBE-GNSS1 6.0.0
2024-04-02 09:50:26,846 [INFO] ThirdParty:1030 - CMSIS Pack Vendor :STMicroelectronics USB_HOST 2.0.0
2024-04-02 09:50:26,846 [INFO] ThirdParty:1030 - CMSIS Pack Vendor :STMicroelectronics X-CUBE-AZRTOS-F4 1.1.0
2024-04-02 09:50:26,846 [INFO] ThirdParty:1030 - CMSIS Pack Vendor :STMicroelectronics LIBJPEG 8.0.0
2024-04-02 09:50:26,846 [INFO] ThirdParty:1030 - CMSIS Pack Vendor :STMicroelectronics X-CUBE-SMBUS 2.1.0
2024-04-02 09:50:26,846 [INFO] ThirdParty:1030 - CMSIS Pack Vendor :STMicroelectronics USB_DEVICE 3.0.0
2024-04-02 09:50:26,846 [INFO] ThirdParty:1030 - CMSIS Pack Vendor :STMicroelectronics X-CUBE-AZRTOS-WB 2.0.0
2024-04-02 09:50:26,847 [INFO] ThirdParty:1030 - CMSIS Pack Vendor :wolfSSL I-CUBE-wolfSSL 5.6.6
2024-04-02 09:50:26,847 [INFO] ThirdParty:1030 - CMSIS Pack Vendor :STMicroelectronics X-CUBE-TOUCHGFX 4.23.1
2024-04-02 09:50:26,847 [INFO] ThirdParty:1030 - CMSIS Pack Vendor :STMicroelectronics X-CUBE-TOUCHGFX 4.23.0
2024-04-02 09:50:26,847 [INFO] ThirdParty:1030 - CMSIS Pack Vendor :STMicroelectronics X-CUBE-AZRTOS-F7 1.1.0
2024-04-02 09:50:26,847 [INFO] ThirdParty:1030 - CMSIS Pack Vendor :STMicroelectronics X-CUBE-AZRTOS-L5 2.0.0
2024-04-02 09:50:26,847 [INFO] ThirdParty:1030 - CMSIS Pack Vendor :STMicroelectronics USB_DEVICE 2.0.0
2024-04-02 09:50:26,847 [INFO] ThirdParty:1030 - CMSIS Pack Vendor :STMicroelectronics X-CUBE-NFC6 3.1.0
2024-04-02 09:50:26,847 [INFO] ThirdParty:1030 - CMSIS Pack Vendor :ITTIA_DB I-CUBE-ITTIADB 8.8.0
2024-04-02 09:50:26,847 [INFO] ThirdParty:1030 - CMSIS Pack Vendor :STMicroelectronics FP-SNS-MOTENV1 4.3.2
2024-04-02 09:50:26,848 [INFO] ThirdParty:1030 - CMSIS Pack Vendor :STMicroelectronics X-CUBE-ALGOBUILD 1.3.0
2024-04-02 09:50:26,848 [INFO] ThirdParty:1030 - CMSIS Pack Vendor :STMicroelectronics FreeRTOS 0.0.1
2024-04-02 09:50:26,848 [INFO] ThirdParty:1030 - CMSIS Pack Vendor :STMicroelectronics X-CUBE-AZRTOS-G0 1.1.0
2024-04-02 09:50:26,848 [INFO] ThirdParty:1030 - CMSIS Pack Vendor :STMicroelectronics X-CUBE-SAFEA1 1.2.2
2024-04-02 09:50:26,848 [INFO] ThirdParty:1030 - CMSIS Pack Vendor :STMicroelectronics X-CUBE-NFC4 3.0.0
2024-04-02 09:50:26,849 [INFO] ThirdParty:1030 - CMSIS Pack Vendor :STMicroelectronics X-CUBE-SUBG2 5.0.0
2024-04-02 09:50:26,849 [INFO] ThirdParty:1030 - CMSIS Pack Vendor :STMicroelectronics STM32_WPAN 1.0.0
2024-04-02 09:50:26,849 [INFO] ThirdParty:1030 - CMSIS Pack Vendor :STMicroelectronics lwIP 2.0.3
2024-04-02 09:50:26,849 [INFO] ThirdParty:1030 - CMSIS Pack Vendor :STMicroelectronics FP-SNS-FLIGHT1 5.0.2
2024-04-02 09:50:26,850 [INFO] ThirdParty:1030 - CMSIS Pack Vendor :STMicroelectronics USB_HOST 1.0.0
2024-04-02 09:50:26,850 [INFO] ThirdParty:1030 - CMSIS Pack Vendor :STMicroelectronics X-CUBE-AZRTOS-G4 2.0.0
2024-04-02 09:50:26,850 [INFO] ThirdParty:1030 - CMSIS Pack Vendor :STMicroelectronics PDM2PCM 3.1.0
2024-04-02 09:50:26,850 [INFO] ThirdParty:1030 - CMSIS Pack Vendor :Infineon AIROC-Wi-Fi-Bluetooth-STM32 1.5.1
2024-04-02 09:50:26,850 [INFO] ThirdParty:1030 - CMSIS Pack Vendor :STMicroelectronics X-CUBE-BLEMGR 3.0.0
2024-04-02 09:50:26,850 [INFO] ThirdParty:1030 - CMSIS Pack Vendor :STMicroelectronics PDM2PCM 3.3.0
2024-04-02 09:50:26,850 [INFO] ThirdParty:1030 - CMSIS Pack Vendor :STMicroelectronics X-CUBE-DISPLAY 3.0.0
2024-04-02 09:50:26,850 [INFO] ThirdParty:1030 - CMSIS Pack Vendor :STMicroelectronics FP-SNS-MOTENVWB1 1.3.1
2024-04-02 09:50:26,850 [INFO] ThirdParty:1030 - CMSIS Pack Vendor :STMicroelectronics X-CUBE-BLE1 7.0.0
2024-04-02 09:50:26,851 [INFO] ThirdParty:1030 - CMSIS Pack Vendor :STMicroelectronics FP-ATR-SIGFOX1 3.2.0
2024-04-02 09:50:26,851 [INFO] ThirdParty:1030 - CMSIS Pack Vendor :STMicroelectronics X-CUBE-ISPU 2.0.0
2024-04-02 09:50:26,851 [INFO] ThirdParty:1030 - CMSIS Pack Vendor :STMicroelectronics X-CUBE-EEPRMA1 5.1.0
2024-04-02 09:50:26,851 [INFO] ThirdParty:1030 - CMSIS Pack Vendor :STMicroelectronics HAL Drivers 0.0.0
2024-04-02 09:50:26,851 [INFO] ThirdParty:1030 - CMSIS Pack Vendor :STMicroelectronics MBEDTLS 2.16.2
2024-04-02 09:50:26,851 [INFO] ThirdParty:1030 - CMSIS Pack Vendor :emotas I-CUBE-CANOPEN 1.3.0
2024-04-02 09:50:26,852 [INFO] ThirdParty:1030 - CMSIS Pack Vendor :STMicroelectronics X-CUBE-MEMS1 10.0.0
2024-04-02 09:50:26,852 [INFO] ThirdParty:1030 - CMSIS Pack Vendor :STMicroelectronics X-CUBE-FREERTOS 1.1.0
2024-04-02 09:50:26,852 [INFO] ThirdParty:1030 - CMSIS Pack Vendor :STMicroelectronics X-CUBE-NFC7 1.0.1
2024-04-02 09:50:26,852 [INFO] ThirdParty:1030 - CMSIS Pack Vendor :STMicroelectronics MBEDTLS 2.14.1
2024-04-02 09:50:26,852 [INFO] ThirdParty:1030 - CMSIS Pack Vendor :STMicroelectronics X-CUBE-NFC6 3.0.0
2024-04-02 09:50:26,852 [INFO] ThirdParty:1030 - CMSIS Pack Vendor :portGmbH I-Cube-SoM-uGOAL 1.1.0
2024-04-02 09:50:26,852 [INFO] ThirdParty:1030 - CMSIS Pack Vendor :STMicroelectronics X-CUBE-ALS 1.0.1
2024-04-02 09:50:26,852 [INFO] ThirdParty:1030 - CMSIS Pack Vendor :STMicroelectronics X-CUBE-BLEMGR 3.1.0
2024-04-02 09:50:26,852 [INFO] ThirdParty:1030 - CMSIS Pack Vendor :STMicroelectronics ThreadX 1.0.0
2024-04-02 09:50:26,852 [INFO] ThirdParty:1030 - CMSIS Pack Vendor :STMicroelectronics FP-SNS-SMARTAG2 1.2.0
2024-04-02 09:50:26,853 [INFO] ThirdParty:1030 - CMSIS Pack Vendor :STMicroelectronics X-CUBE-AZRTOS-WL 2.0.0
2024-04-02 09:50:26,853 [INFO] ThirdParty:1030 - CMSIS Pack Vendor :SEGGER I-CUBE-embOS 1.3.1
2024-04-02 09:50:26,853 [INFO] ThirdParty:1030 - CMSIS Pack Vendor :STMicroelectronics FP-SNS-MOTENV1 5.0.0
2024-04-02 09:50:26,853 [INFO] ThirdParty:1030 - CMSIS Pack Vendor :STMicroelectronics USB_DEVICE 1.0.0
2024-04-02 09:50:26,853 [INFO] ThirdParty:1030 - CMSIS Pack Vendor :STMicroelectronics X-CUBE-AI 8.1.0
2024-04-02 09:50:26,853 [INFO] ThirdParty:1030 - CMSIS Pack Vendor :STMicroelectronics X-CUBE-AZRTOS-L4 2.0.0
2024-04-02 09:50:26,853 [INFO] ThirdParty:1030 - CMSIS Pack Vendor :STMicroelectronics ThreadX 0.0.2
2024-04-02 09:50:26,853 [INFO] ThirdParty:1030 - CMSIS Pack Vendor :WES I-CUBE-Cesium 1.3.0
2024-04-02 09:50:26,853 [INFO] ThirdParty:1030 - CMSIS Pack Vendor :STMicroelectronics FP-ATR-ASTRA1 2.0.0
2024-04-02 09:50:26,853 [INFO] ThirdParty:1030 - CMSIS Pack Vendor :STMicroelectronics lwIP 2.1.2
2024-04-02 09:50:26,854 [INFO] ThirdParty:1030 - CMSIS Pack Vendor :STMicroelectronics X-CUBE-SFXS2LP1 4.0.0
2024-04-02 09:50:26,854 [INFO] ThirdParty:1030 - CMSIS Pack Vendor :STMicroelectronics X-CUBE-BLE2 3.3.0
2024-04-02 09:50:26,854 [INFO] ThirdParty:1030 - CMSIS Pack Vendor :STMicroelectronics X-CUBE-TOF1 3.4.0
2024-04-02 09:50:26,854 [INFO] ThirdParty:1030 - CMSIS Pack Vendor :STMicroelectronics X-CUBE-TOF1 3.4.1
2024-04-02 09:50:26,854 [INFO] ThirdParty:1030 - CMSIS Pack Vendor :STMicroelectronics X-CUBE-AZRTOS-H7 3.2.0
2024-04-02 09:50:26,854 [INFO] ThirdParty:1030 - CMSIS Pack Vendor :STMicroelectronics PDM2PCM 3.2.0
2024-04-02 09:50:26,856 [INFO] ThirdParty:841 - exiting critical section [change project]
2024-04-02 09:50:29,269 [INFO] PinOutPanel:1499 - setPackage(No Configuration,No Configuration)
2024-04-02 09:50:29,283 [INFO] PinOutPanel:1499 - setPackage(STM32F446RETx,LQFP64)
2024-04-02 09:50:31,763 [INFO] UtilMem:75 - Before build in PCC Used Memory: 743701592 Bytes (1073741824)
2024-04-02 09:50:33,845 [INFO] UtilMem:75 - After build in PCC Used Memory: 759889152 Bytes (1073741824)
2024-04-02 09:50:33,945 [INFO] IPUIPlugin:80 - create IPUIPlugin
2024-04-02 09:50:33,945 [INFO] IPUIPlugin:80 - create IPUIPlugin
2024-04-02 09:50:33,945 [INFO] IPUIPlugin:80 - create IPUIPlugin
2024-04-02 09:50:33,946 [INFO] IPUIPlugin:80 - create IPUIPlugin
2024-04-02 09:50:33,947 [INFO] IPUIPlugin:80 - create IPUIPlugin
2024-04-02 09:50:33,948 [INFO] IPUIPlugin:80 - create IPUIPlugin
2024-04-02 09:50:33,948 [INFO] IPUIPlugin:80 - create IPUIPlugin
2024-04-02 09:50:33,948 [INFO] IPUIPlugin:80 - create IPUIPlugin
2024-04-02 09:50:33,949 [INFO] IPUIPlugin:80 - create IPUIPlugin
2024-04-02 09:50:33,950 [INFO] IPUIPlugin:80 - create IPUIPlugin
2024-04-02 09:50:33,950 [INFO] IPUIPlugin:80 - create IPUIPlugin
2024-04-02 09:50:33,953 [INFO] IPUIPlugin:80 - create IPUIPlugin
2024-04-02 09:50:33,954 [INFO] IPUIPlugin:80 - create IPUIPlugin
2024-04-02 09:50:33,955 [INFO] IPUIPlugin:80 - create IPUIPlugin
2024-04-02 09:50:33,955 [INFO] IPUIPlugin:80 - create IPUIPlugin
2024-04-02 09:50:33,955 [INFO] IPUIPlugin:80 - create IPUIPlugin
2024-04-02 09:50:33,956 [INFO] IPUIPlugin:80 - create IPUIPlugin
2024-04-02 09:50:33,956 [INFO] IPUIPlugin:80 - create IPUIPlugin
2024-04-02 09:50:33,956 [INFO] IPUIPlugin:80 - create IPUIPlugin
2024-04-02 09:50:33,957 [INFO] IPUIPlugin:80 - create IPUIPlugin
2024-04-02 09:50:33,958 [INFO] IPUIPlugin:80 - create IPUIPlugin
2024-04-02 09:50:33,958 [INFO] IPUIPlugin:80 - create IPUIPlugin
2024-04-02 09:50:33,958 [INFO] IPUIPlugin:80 - create IPUIPlugin
2024-04-02 09:50:33,960 [INFO] IPUIPlugin:80 - create IPUIPlugin
2024-04-02 09:50:33,961 [INFO] IPUIPlugin:80 - create IPUIPlugin
2024-04-02 09:50:33,963 [INFO] IPUIPlugin:80 - create IPUIPlugin
2024-04-02 09:50:33,963 [INFO] IPUIPlugin:80 - create IPUIPlugin
2024-04-02 09:50:33,964 [INFO] IPUIPlugin:80 - create IPUIPlugin
2024-04-02 09:50:33,965 [INFO] IPUIPlugin:80 - create IPUIPlugin
2024-04-02 09:50:33,965 [INFO] IPUIPlugin:80 - create IPUIPlugin
2024-04-02 09:50:33,966 [INFO] IPUIPlugin:80 - create IPUIPlugin
2024-04-02 09:50:33,967 [INFO] IPUIPlugin:80 - create IPUIPlugin
2024-04-02 09:50:33,968 [INFO] IPUIPlugin:80 - create IPUIPlugin
2024-04-02 09:50:33,968 [INFO] IPUIPlugin:80 - create IPUIPlugin
2024-04-02 09:50:33,969 [INFO] IPUIPlugin:80 - create IPUIPlugin
2024-04-02 09:50:33,970 [INFO] IPUIPlugin:80 - create IPUIPlugin
2024-04-02 09:50:33,971 [INFO] IPUIPlugin:80 - create IPUIPlugin
2024-04-02 09:50:33,971 [INFO] IPUIPlugin:80 - create IPUIPlugin
2024-04-02 09:50:33,973 [INFO] IPUIPlugin:80 - create IPUIPlugin
2024-04-02 09:50:33,973 [INFO] IPUIPlugin:80 - create IPUIPlugin
2024-04-02 09:50:33,974 [INFO] IPUIPlugin:80 - create IPUIPlugin
2024-04-02 09:50:33,974 [INFO] IPUIPlugin:80 - create IPUIPlugin
2024-04-02 09:50:33,975 [INFO] IPUIPlugin:80 - create IPUIPlugin
2024-04-02 09:50:33,975 [INFO] IPUIPlugin:80 - create IPUIPlugin
2024-04-02 09:50:33,976 [INFO] IPUIPlugin:80 - create IPUIPlugin
2024-04-02 09:50:33,976 [INFO] IPUIPlugin:80 - create IPUIPlugin
2024-04-02 09:50:33,977 [INFO] IPUIPlugin:80 - create IPUIPlugin
2024-04-02 09:50:33,978 [INFO] IPUIPlugin:80 - create IPUIPlugin
2024-04-02 09:50:33,978 [INFO] IPUIPlugin:80 - create IPUIPlugin
2024-04-02 09:50:33,980 [INFO] IPUIPlugin:80 - create IPUIPlugin
2024-04-02 09:50:33,981 [INFO] IPUIPlugin:80 - create IPUIPlugin
2024-04-02 09:50:33,982 [INFO] IPUIPlugin:80 - create IPUIPlugin
2024-04-02 09:50:33,982 [INFO] IPUIPlugin:80 - create IPUIPlugin
2024-04-02 09:50:33,983 [INFO] IPUIPlugin:80 - create IPUIPlugin
2024-04-02 09:50:33,984 [INFO] IPUIPlugin:80 - create IPUIPlugin
2024-04-02 09:50:33,985 [INFO] IPUIPlugin:80 - create IPUIPlugin
2024-04-02 09:50:33,987 [INFO] IPUIPlugin:80 - create IPUIPlugin
2024-04-02 09:50:33,988 [INFO] IPUIPlugin:80 - create IPUIPlugin
2024-04-02 09:50:34,024 [INFO] IPUIPlugin:80 - create IPUIPlugin
2024-04-02 09:50:34,026 [INFO] IPUIPlugin:80 - create IPUIPlugin
2024-04-02 09:50:34,462 [INFO] ApiDbMcu:508 - Load IP Config File for PDM2PCM
2024-04-02 09:50:34,709 [INFO] CADModel:165 - CPN selected for project levelSTM32F446RET6
2024-04-02 09:50:34,711 [INFO] CADModel:114 - Register for checkConnection events
2024-04-02 09:50:34,810 [INFO] OpenFileManager:343 - Restore cursor
2024-04-02 09:50:37,768 [INFO] UtilMem:75 - End SaveConfig() Used Memory: 913701168 Bytes (1073741824)
2024-04-02 09:50:38,550 [INFO] UtilMem:75 - End SaveConfig() Used Memory: 731720848 Bytes (1073741824)
2024-04-02 09:50:39,245 [INFO] BlockDiagram:2759 - set Specific Code input for plugin: SYS
2024-04-02 09:50:39,245 [INFO] BlockDiagram:2759 - set Specific Code input for plugin: RCC
2024-04-02 09:50:39,246 [INFO] BlockDiagram:2759 - set Specific Code input for plugin: NVIC
2024-04-02 09:50:39,246 [INFO] BlockDiagram:2759 - set Specific Code input for plugin: USART
2024-04-02 09:50:39,246 [INFO] BlockDiagram:2759 - set Specific Code input for plugin: GPIO
2024-04-02 09:50:39,252 [INFO] CodeGenerator:807 - code generatio: config db path: C:\ST\STM32CubeIDE_1.14.1\STM32CubeIDE\plugins\com.st.stm32cube.common.mx_6.10.0.202311202037\\db\
2024-04-02 09:50:40,502 [INFO] CodeEngine:255 - oldGeneratedFile, C:\Users\tarun\STM32CubeIDE\workspace_1.14.1\SPI1\MXTmpFiles\license.tmp_save
2024-04-02 09:50:41,505 [INFO] CodeEngine:279 - Generated code: C:\Users\tarun\STM32CubeIDE\workspace_1.14.1\SPI1\MXTmpFiles\license.tmp
2024-04-02 09:50:42,495 [INFO] CodeEngine:255 - oldGeneratedFile, C:\Users\tarun\STM32CubeIDE\workspace_1.14.1\SPI1\MXTmpFiles\gpio.tmp_save
2024-04-02 09:50:46,621 [INFO] CodeEngine:279 - Generated code: C:\Users\tarun\STM32CubeIDE\workspace_1.14.1\SPI1\MXTmpFiles\gpio.tmp
2024-04-02 09:50:48,682 [INFO] CodeEngine:255 - oldGeneratedFile, C:\Users\tarun\STM32CubeIDE\workspace_1.14.1\SPI1\Core\Src\stm32f4xx_it.c_save
2024-04-02 09:50:50,871 [INFO] CodeEngine:279 - Generated code: C:\Users\tarun\STM32CubeIDE\workspace_1.14.1\SPI1\Core\Src\stm32f4xx_it.c
2024-04-02 09:50:50,899 [INFO] CodeEngine:255 - oldGeneratedFile, C:\Users\tarun\STM32CubeIDE\workspace_1.14.1\SPI1\Core\Inc\stm32f4xx_it.h_save
2024-04-02 09:50:51,163 [INFO] CodeEngine:279 - Generated code: C:\Users\tarun\STM32CubeIDE\workspace_1.14.1\SPI1\Core\Inc\stm32f4xx_it.h
2024-04-02 09:50:51,267 [INFO] CodeEngine:255 - oldGeneratedFile, C:\Users\tarun\STM32CubeIDE\workspace_1.14.1\SPI1\Core\Src\stm32f4xx_hal_msp.c_save
2024-04-02 09:50:51,973 [INFO] CodeEngine:279 - Generated code: C:\Users\tarun\STM32CubeIDE\workspace_1.14.1\SPI1\Core\Src\stm32f4xx_hal_msp.c
2024-04-02 09:50:52,077 [INFO] CodeEngine:255 - oldGeneratedFile, C:\Users\tarun\STM32CubeIDE\workspace_1.14.1\SPI1\MXTmpFiles\system.tmp_save
2024-04-02 09:50:52,267 [INFO] CodeEngine:279 - Generated code: C:\Users\tarun\STM32CubeIDE\workspace_1.14.1\SPI1\MXTmpFiles\system.tmp
2024-04-02 09:50:52,341 [INFO] CodeEngine:311 - oldGeneratedFile, C:\Users\tarun\STM32CubeIDE\workspace_1.14.1\SPI1\Core\Inc\stm32f4xx_hal_conf.h_save
2024-04-02 09:50:52,703 [INFO] CodeEngine:335 - Generated code: C:\Users\tarun\STM32CubeIDE\workspace_1.14.1\SPI1\Core\Inc\stm32f4xx_hal_conf.h
2024-04-02 09:50:52,817 [WARN] IPConfigManager:2946 - Warning: the RefConfig PLL2P_FOR_MCO is not available in your config.xml file
2024-04-02 09:50:52,887 [INFO] CodeEngine:255 - oldGeneratedFile, C:\Users\tarun\STM32CubeIDE\workspace_1.14.1\SPI1\Core\Inc\main.h_save
2024-04-02 09:50:53,252 [INFO] CodeEngine:279 - Generated code: C:\Users\tarun\STM32CubeIDE\workspace_1.14.1\SPI1\Core\Inc\main.h
2024-04-02 09:50:53,292 [INFO] CodeEngine:255 - oldGeneratedFile, C:\Users\tarun\STM32CubeIDE\workspace_1.14.1\SPI1\Core\Src\main.c_save
2024-04-02 09:50:53,662 [INFO] CodeEngine:279 - Generated code: C:\Users\tarun\STM32CubeIDE\workspace_1.14.1\SPI1\Core\Src\main.c
2024-04-02 09:50:56,664 [INFO] ProjectBuilder:3076 - Time for Copy HAL[1] : 1407mS.
2024-04-02 09:50:56,694 [INFO] ProjectBuilder:4485 - Project Generator version: 4.2.0-B44
2024-04-02 09:50:58,676 [INFO] ConfigFileManager:1495 - The Die is : DIE421
2024-04-02 09:50:58,801 [INFO] ApiDbMcu:508 - Load IP Config File for FATFS
2024-04-02 09:50:58,866 [INFO] ApiDbMcu:508 - Load IP Config File for FREERTOS
2024-04-02 09:50:58,975 [INFO] ApiDbMcu:508 - Load IP Config File for LIBJPEG
2024-04-02 09:50:59,069 [INFO] ApiDbMcu:508 - Load IP Config File for MBEDTLS
2024-04-02 09:50:59,356 [INFO] ApiDbMcu:508 - Load IP Config File for USB_DEVICE
2024-04-02 09:50:59,695 [INFO] ApiDbMcu:508 - Load IP Config File for USB_HOST
2024-04-02 09:51:25,916 [INFO] ProjectBuilder:4747 - Time for Generating toolchain IDE Files: 29215mS.
2024-04-02 09:51:25,926 [INFO] ProjectBuilder:2947 - Time for Copy CMSIS : 5mS.
2024-04-02 09:51:25,937 [INFO] ProjectBuilder:2947 - Time for Copy CMSIS : 0mS.
2024-04-02 09:51:29,050 [INFO] McuFinderGlobals:76 - Set McuFinderConnectedMode to true
2024-04-02 09:51:29,077 [INFO] ApiDb:448 - Save user favorites file C:\Users\tarun/.stm32cubeide/favorites.mcus.txt: 0 item(s)
2024-04-02 09:51:29,077 [INFO] ApiDb:452 - User favorites MCUs=[]
2024-04-02 09:51:29,086 [INFO] ApiDb:448 - Save user favorites file C:\Users\tarun/.stm32cubeide/favorites.boards.txt: 0 item(s)
2024-04-02 09:51:29,086 [INFO] ApiDb:452 - User favorites Boards=[]
2024-04-02 09:53:44,317 [INFO] UtilMem:75 - End SaveConfig() Used Memory: 877935848 Bytes (1073741824)
2024-04-02 09:53:45,124 [INFO] UtilMem:75 - End SaveConfig() Used Memory: 904067688 Bytes (1073741824)
2024-04-02 09:53:50,296 [INFO] UtilMem:75 - End SaveConfig() Used Memory: 672032096 Bytes (1073741824)
2024-04-02 09:53:51,891 [INFO] BlockDiagram:2759 - set Specific Code input for plugin: SPI
2024-04-02 09:53:51,892 [INFO] BlockDiagram:2759 - set Specific Code input for plugin: SYS
2024-04-02 09:53:51,892 [INFO] BlockDiagram:2759 - set Specific Code input for plugin: RCC
2024-04-02 09:53:51,892 [INFO] BlockDiagram:2759 - set Specific Code input for plugin: NVIC
2024-04-02 09:53:51,892 [INFO] BlockDiagram:2759 - set Specific Code input for plugin: USART
2024-04-02 09:53:51,893 [INFO] BlockDiagram:2759 - set Specific Code input for plugin: GPIO
2024-04-02 09:53:51,902 [INFO] CodeGenerator:807 - code generatio: config db path: C:\ST\STM32CubeIDE_1.14.1\STM32CubeIDE\plugins\com.st.stm32cube.common.mx_6.10.0.202311202037\\db\
2024-04-02 09:53:53,607 [INFO] CodeEngine:255 - oldGeneratedFile, C:\Users\tarun\STM32CubeIDE\workspace_1.14.1\SPI1\MXTmpFiles\license.tmp_save
2024-04-02 09:54:01,285 [INFO] CodeEngine:279 - Generated code: C:\Users\tarun\STM32CubeIDE\workspace_1.14.1\SPI1\MXTmpFiles\license.tmp
2024-04-02 09:54:01,415 [INFO] CodeEngine:255 - oldGeneratedFile, C:\Users\tarun\STM32CubeIDE\workspace_1.14.1\SPI1\MXTmpFiles\gpio.tmp_save
2024-04-02 09:54:02,275 [INFO] CodeEngine:279 - Generated code: C:\Users\tarun\STM32CubeIDE\workspace_1.14.1\SPI1\MXTmpFiles\gpio.tmp
2024-04-02 09:54:02,704 [INFO] CodeEngine:255 - oldGeneratedFile, C:\Users\tarun\STM32CubeIDE\workspace_1.14.1\SPI1\Core\Src\stm32f4xx_it.c_save
2024-04-02 09:54:03,143 [INFO] CodeEngine:279 - Generated code: C:\Users\tarun\STM32CubeIDE\workspace_1.14.1\SPI1\Core\Src\stm32f4xx_it.c
2024-04-02 09:54:03,183 [INFO] CodeEngine:255 - oldGeneratedFile, C:\Users\tarun\STM32CubeIDE\workspace_1.14.1\SPI1\Core\Inc\stm32f4xx_it.h_save
2024-04-02 09:54:03,329 [INFO] CodeEngine:279 - Generated code: C:\Users\tarun\STM32CubeIDE\workspace_1.14.1\SPI1\Core\Inc\stm32f4xx_it.h
2024-04-02 09:54:03,382 [INFO] CodeEngine:255 - oldGeneratedFile, C:\Users\tarun\STM32CubeIDE\workspace_1.14.1\SPI1\Core\Src\stm32f4xx_hal_msp.c_save
2024-04-02 09:54:04,216 [INFO] CodeEngine:279 - Generated code: C:\Users\tarun\STM32CubeIDE\workspace_1.14.1\SPI1\Core\Src\stm32f4xx_hal_msp.c
2024-04-02 09:54:04,265 [INFO] CodeEngine:255 - oldGeneratedFile, C:\Users\tarun\STM32CubeIDE\workspace_1.14.1\SPI1\MXTmpFiles\system.tmp_save
2024-04-02 09:54:04,570 [INFO] CodeEngine:279 - Generated code: C:\Users\tarun\STM32CubeIDE\workspace_1.14.1\SPI1\MXTmpFiles\system.tmp
2024-04-02 09:54:04,650 [INFO] CodeEngine:311 - oldGeneratedFile, C:\Users\tarun\STM32CubeIDE\workspace_1.14.1\SPI1\Core\Inc\stm32f4xx_hal_conf.h_save
2024-04-02 09:54:04,972 [INFO] CodeEngine:335 - Generated code: C:\Users\tarun\STM32CubeIDE\workspace_1.14.1\SPI1\Core\Inc\stm32f4xx_hal_conf.h
2024-04-02 09:54:05,067 [WARN] IPConfigManager:2946 - Warning: the RefConfig PLL2P_FOR_MCO is not available in your config.xml file
2024-04-02 09:54:05,135 [INFO] CodeEngine:255 - oldGeneratedFile, C:\Users\tarun\STM32CubeIDE\workspace_1.14.1\SPI1\Core\Inc\main.h_save
2024-04-02 09:54:05,643 [INFO] CodeEngine:279 - Generated code: C:\Users\tarun\STM32CubeIDE\workspace_1.14.1\SPI1\Core\Inc\main.h
2024-04-02 09:54:05,719 [INFO] CodeEngine:255 - oldGeneratedFile, C:\Users\tarun\STM32CubeIDE\workspace_1.14.1\SPI1\Core\Src\main.c_save
2024-04-02 09:54:06,703 [INFO] CodeEngine:279 - Generated code: C:\Users\tarun\STM32CubeIDE\workspace_1.14.1\SPI1\Core\Src\main.c
2024-04-02 09:54:11,340 [INFO] ProjectBuilder:3076 - Time for Copy HAL[1] : 1743mS.
2024-04-02 09:54:11,365 [INFO] ProjectBuilder:4485 - Project Generator version: 4.2.0-B44
2024-04-02 09:54:12,204 [INFO] ConfigFileManager:1495 - The Die is : DIE421
2024-04-02 09:54:26,114 [INFO] ProjectBuilder:4747 - Time for Generating toolchain IDE Files: 14744mS.
2024-04-02 09:54:26,119 [INFO] ProjectBuilder:2947 - Time for Copy CMSIS : 2mS.
2024-04-02 09:54:26,129 [INFO] ProjectBuilder:2947 - Time for Copy CMSIS : 0mS.
2024-04-02 11:56:54,880 [INFO] UtilMem:75 - End SaveConfig() Used Memory: 973832144 Bytes (1073741824)
2024-04-02 11:56:58,385 [INFO] UtilMem:75 - End SaveConfig() Used Memory: 906414816 Bytes (1073741824)
2024-04-02 11:57:07,568 [INFO] UtilMem:75 - End SaveConfig() Used Memory: 884735592 Bytes (1073741824)
2024-04-02 11:57:17,520 [INFO] BlockDiagram:2759 - set Specific Code input for plugin: SPI
2024-04-02 11:57:17,522 [INFO] BlockDiagram:2759 - set Specific Code input for plugin: SYS
2024-04-02 11:57:17,522 [INFO] BlockDiagram:2759 - set Specific Code input for plugin: RCC
2024-04-02 11:57:17,523 [INFO] BlockDiagram:2759 - set Specific Code input for plugin: NVIC
2024-04-02 11:57:17,523 [INFO] BlockDiagram:2759 - set Specific Code input for plugin: USART
2024-04-02 11:57:17,524 [INFO] BlockDiagram:2759 - set Specific Code input for plugin: GPIO
2024-04-02 11:57:17,530 [INFO] CodeGenerator:807 - code generatio: config db path: C:\ST\STM32CubeIDE_1.14.1\STM32CubeIDE\plugins\com.st.stm32cube.common.mx_6.10.0.202311202037\\db\
2024-04-02 11:57:18,740 [INFO] CodeEngine:255 - oldGeneratedFile, C:\Users\tarun\STM32CubeIDE\workspace_1.14.1\SPI1\MXTmpFiles\license.tmp_save
2024-04-02 11:57:24,603 [ERROR] FilesUtils:157 - C:\Users\tarun\.stmcube\.STM32CUBEMX_PLUGIN6.10.0Repository.ser: The process cannot access the file because it is being used by another process
2024-04-02 11:57:24,933 [INFO] CodeEngine:279 - Generated code: C:\Users\tarun\STM32CubeIDE\workspace_1.14.1\SPI1\MXTmpFiles\license.tmp
2024-04-02 11:57:25,017 [INFO] CodeEngine:255 - oldGeneratedFile, C:\Users\tarun\STM32CubeIDE\workspace_1.14.1\SPI1\MXTmpFiles\gpio.tmp_save
2024-04-02 11:57:25,243 [INFO] CodeEngine:279 - Generated code: C:\Users\tarun\STM32CubeIDE\workspace_1.14.1\SPI1\MXTmpFiles\gpio.tmp
2024-04-02 11:57:25,581 [INFO] CodeEngine:255 - oldGeneratedFile, C:\Users\tarun\STM32CubeIDE\workspace_1.14.1\SPI1\Core\Src\stm32f4xx_it.c_save
2024-04-02 11:57:26,340 [INFO] CodeEngine:279 - Generated code: C:\Users\tarun\STM32CubeIDE\workspace_1.14.1\SPI1\Core\Src\stm32f4xx_it.c
2024-04-02 11:57:26,396 [INFO] CodeEngine:255 - oldGeneratedFile, C:\Users\tarun\STM32CubeIDE\workspace_1.14.1\SPI1\Core\Inc\stm32f4xx_it.h_save
2024-04-02 11:57:26,680 [INFO] CodeEngine:279 - Generated code: C:\Users\tarun\STM32CubeIDE\workspace_1.14.1\SPI1\Core\Inc\stm32f4xx_it.h
2024-04-02 11:57:26,765 [INFO] CodeEngine:255 - oldGeneratedFile, C:\Users\tarun\STM32CubeIDE\workspace_1.14.1\SPI1\Core\Src\stm32f4xx_hal_msp.c_save
2024-04-02 11:57:27,630 [INFO] CodeEngine:279 - Generated code: C:\Users\tarun\STM32CubeIDE\workspace_1.14.1\SPI1\Core\Src\stm32f4xx_hal_msp.c
2024-04-02 11:57:27,642 [INFO] CodeEngine:255 - oldGeneratedFile, C:\Users\tarun\STM32CubeIDE\workspace_1.14.1\SPI1\MXTmpFiles\system.tmp_save
2024-04-02 11:57:27,805 [INFO] CodeEngine:279 - Generated code: C:\Users\tarun\STM32CubeIDE\workspace_1.14.1\SPI1\MXTmpFiles\system.tmp
2024-04-02 11:57:27,889 [INFO] CodeEngine:311 - oldGeneratedFile, C:\Users\tarun\STM32CubeIDE\workspace_1.14.1\SPI1\Core\Inc\stm32f4xx_hal_conf.h_save
2024-04-02 11:57:28,167 [INFO] CodeEngine:335 - Generated code: C:\Users\tarun\STM32CubeIDE\workspace_1.14.1\SPI1\Core\Inc\stm32f4xx_hal_conf.h
2024-04-02 11:57:28,252 [WARN] IPConfigManager:2946 - Warning: the RefConfig PLL2P_FOR_MCO is not available in your config.xml file
2024-04-02 11:57:28,313 [INFO] CodeEngine:255 - oldGeneratedFile, C:\Users\tarun\STM32CubeIDE\workspace_1.14.1\SPI1\Core\Inc\main.h_save
2024-04-02 11:57:28,626 [INFO] CodeEngine:279 - Generated code: C:\Users\tarun\STM32CubeIDE\workspace_1.14.1\SPI1\Core\Inc\main.h
2024-04-02 11:57:28,693 [INFO] CodeEngine:255 - oldGeneratedFile, C:\Users\tarun\STM32CubeIDE\workspace_1.14.1\SPI1\Core\Src\main.c_save
2024-04-02 11:57:29,025 [INFO] CodeEngine:279 - Generated code: C:\Users\tarun\STM32CubeIDE\workspace_1.14.1\SPI1\Core\Src\main.c
2024-04-02 11:57:32,014 [INFO] ProjectBuilder:3076 - Time for Copy HAL[1] : 1055mS.
2024-04-02 11:57:32,114 [INFO] ProjectBuilder:4485 - Project Generator version: 4.2.0-B44
2024-04-02 11:57:33,409 [INFO] ConfigFileManager:1495 - The Die is : DIE421
2024-04-02 11:57:50,425 [INFO] ProjectBuilder:4747 - Time for Generating toolchain IDE Files: 18310mS.
2024-04-02 11:57:50,435 [INFO] ProjectBuilder:2947 - Time for Copy CMSIS : 2mS.
2024-04-02 11:57:50,444 [INFO] ProjectBuilder:2947 - Time for Copy CMSIS : 0mS.
