2024-02-05 10:50:23,160 [INFO] Activator:176 - 


2024-02-05 10:50:23,167 [INFO] Activator:177 - !SESSION log4j initialized
2024-02-05 10:50:30,670 [INFO] LogOutputStream:77 - [STDOUT_REDIRECT] 
2024-02-05 10:50:47,373 [INFO] ApplicationProperties:184 - Using Application install path: C:\ST\STM32CubeIDE_1.14.1\STM32CubeIDE\plugins\com.st.stm32cube.common.mx_6.10.0.202311202037
2024-02-05 10:50:47,470 [INFO] DbMcusXml:78 - Set database path to: C:\ST\STM32CubeIDE_1.14.1\STM32CubeIDE\plugins\com.st.stm32cube.common.mx_6.10.0.202311202037\\db\/mcu/
2024-02-05 10:50:47,486 [INFO] ApiDb:274 - Set plugin database path to: C:\ST\STM32CubeIDE_1.14.1\STM32CubeIDE\plugins\com.st.stm32cube.common.mx_6.10.0.202311202037\\db\/plugins/boardmanager/
2024-02-05 10:50:47,486 [WARN] ApiDb:259 - Overriding images path with different value:  => C:\ST\STM32CubeIDE_1.14.1\STM32CubeIDE\plugins\com.st.stm32cube.common.mx_6.10.0.202311202037\\db\/plugins/mcufinder/images/
2024-02-05 10:50:54,592 [WARN] ApiFinderProperties:113 - C:\Users\tarun\.stmcufinder\plugins\mcufinder\mcu\mcuFinder.mfd doesn't exist
2024-02-05 10:50:54,592 [INFO] ApiDb:250 - Set database path to: C:\Users\tarun\.stmcufinder\plugins\mcufinder//mcu/
2024-02-05 10:50:54,600 [INFO] DbMcusAds:125 - Set database path to: C:\Users\tarun\.stmcufinder\plugins\mcufinder//mcu/
2024-02-05 10:50:54,616 [INFO] CrossReferenceDbSqlite:203 - Set database path to: C:\Users\tarun\.stmcufinder\plugins\mcufinder//mcu/cs/
2024-02-05 10:50:55,032 [INFO] RulesReader:64 - Compatibility file has been processed (297 Rules)
2024-02-05 10:50:55,457 [INFO] DbMcusXml:78 - Set database path to: C:\ST\STM32CubeIDE_1.14.1\STM32CubeIDE\plugins\com.st.stm32cube.common.mx_6.10.0.202311202037\\db\/mcu/
2024-02-05 10:50:55,457 [INFO] ApiDb:274 - Set plugin database path to: C:\ST\STM32CubeIDE_1.14.1\STM32CubeIDE\plugins\com.st.stm32cube.common.mx_6.10.0.202311202037\\db\/plugins/boardmanager/
2024-02-05 10:50:55,457 [INFO] ApiDb:261 - Set plugin images path to: C:\ST\STM32CubeIDE_1.14.1\STM32CubeIDE\plugins\com.st.stm32cube.common.mx_6.10.0.202311202037\\db\/plugins/mcufinder/images/
2024-02-05 10:50:55,457 [WARN] DbFile:41 - Overriding database path with different value: C:\Users\tarun\.stmcufinder\plugins\mcufinder/ => C:\Users\tarun\.stmcufinder\plugins\mcufinder
2024-02-05 10:50:55,457 [INFO] ApiDb:250 - Set database path to: C:\Users\tarun\.stmcufinder\plugins\mcufinder//mcu/
2024-02-05 10:50:55,457 [WARN] DbFile:41 - Overriding database path with different value: C:\Users\tarun\.stmcufinder\plugins\mcufinder/ => C:\Users\tarun\.stmcufinder\plugins\mcufinder
2024-02-05 10:50:55,457 [INFO] DbMcusAds:125 - Set database path to: C:\Users\tarun\.stmcufinder\plugins\mcufinder//mcu/
2024-02-05 10:50:55,465 [WARN] DbFile:41 - Overriding database path with different value: C:\Users\tarun\.stmcufinder\plugins\mcufinder/ => C:\Users\tarun\.stmcufinder\plugins\mcufinder
2024-02-05 10:50:55,465 [WARN] DbFile:41 - Overriding database path with different value: C:\Users\tarun\.stmcufinder\plugins\mcufinder/ => C:\Users\tarun\.stmcufinder\plugins\mcufinder
2024-02-05 10:50:55,465 [INFO] CrossReferenceDbSqlite:203 - Set database path to: C:\Users\tarun\.stmcufinder\plugins\mcufinder//mcu/cs/
2024-02-05 10:50:55,761 [INFO] MainPanel:264 - HeapMemory: 268435456
2024-02-05 10:50:56,594 [INFO] DbMcusXml:78 - Set database path to: C:\ST\STM32CubeIDE_1.14.1\STM32CubeIDE\plugins\com.st.stm32cube.common.mx_6.10.0.202311202037\\db\/mcu/
2024-02-05 10:50:56,594 [INFO] ApiDb:274 - Set plugin database path to: C:\ST\STM32CubeIDE_1.14.1\STM32CubeIDE\plugins\com.st.stm32cube.common.mx_6.10.0.202311202037\\db\/plugins/boardmanager/
2024-02-05 10:50:56,594 [INFO] ApiDb:261 - Set plugin images path to: C:\ST\STM32CubeIDE_1.14.1\STM32CubeIDE\plugins\com.st.stm32cube.common.mx_6.10.0.202311202037\\db\/plugins/mcufinder/images/
2024-02-05 10:50:56,594 [WARN] DbFile:41 - Overriding database path with different value: C:\Users\tarun\.stmcufinder\plugins\mcufinder/ => C:\Users\tarun\.stmcufinder\plugins\mcufinder
2024-02-05 10:50:56,594 [INFO] ApiDb:250 - Set database path to: C:\Users\tarun\.stmcufinder\plugins\mcufinder//mcu/
2024-02-05 10:50:56,602 [WARN] DbFile:41 - Overriding database path with different value: C:\Users\tarun\.stmcufinder\plugins\mcufinder/ => C:\Users\tarun\.stmcufinder\plugins\mcufinder
2024-02-05 10:50:56,602 [INFO] DbMcusAds:125 - Set database path to: C:\Users\tarun\.stmcufinder\plugins\mcufinder//mcu/
2024-02-05 10:50:56,602 [WARN] DbFile:41 - Overriding database path with different value: C:\Users\tarun\.stmcufinder\plugins\mcufinder/ => C:\Users\tarun\.stmcufinder\plugins\mcufinder
2024-02-05 10:50:56,602 [WARN] DbFile:41 - Overriding database path with different value: C:\Users\tarun\.stmcufinder\plugins\mcufinder/ => C:\Users\tarun\.stmcufinder\plugins\mcufinder
2024-02-05 10:50:56,602 [INFO] CrossReferenceDbSqlite:203 - Set database path to: C:\Users\tarun\.stmcufinder\plugins\mcufinder//mcu/cs/
2024-02-05 10:50:56,650 [INFO] ApplicationProperties:184 - Using Application install path: C:\ST\STM32CubeIDE_1.14.1\STM32CubeIDE\plugins\com.st.stm32cube.common.mx_6.10.0.202311202037
2024-02-05 10:50:56,658 [INFO] PluginManage:196 - Search for loadable plugins [exclusion list=, ]
2024-02-05 10:50:56,658 [INFO] PluginManage:310 - Check plugin analytics
2024-02-05 10:50:57,154 [INFO] AnalyticsPlugin:253 - Accepted Software Licenses: 
2024-02-05 10:50:57,154 [INFO] AnalyticsPlugin:255 - Accepted CMSIS Pack Licenses: 
2024-02-05 10:50:57,154 [INFO] AnalyticsPlugin:257 - Accepted Firmware Licenses: 
2024-02-05 10:50:57,162 [INFO] PluginManage:359 - Loaded plugin analytics (category:tool,tabindex:-1)
2024-02-05 10:50:57,162 [INFO] PluginManage:310 - Check plugin cadmodel
2024-02-05 10:50:57,178 [INFO] CADModel:105 - Init CAD model plugin
2024-02-05 10:50:57,178 [INFO] PluginManage:359 - Loaded plugin cadmodel (category:power,tabindex:5)
2024-02-05 10:50:57,178 [INFO] PluginManage:310 - Check plugin clock
2024-02-05 10:50:57,210 [INFO] PluginManage:359 - Loaded plugin clock (category:base,tabindex:2)
2024-02-05 10:50:57,210 [INFO] PluginManage:310 - Check plugin ddr
2024-02-05 10:50:57,218 [INFO] PluginManage:359 - Loaded plugin ddr (category:tool,tabindex:6)
2024-02-05 10:50:57,218 [INFO] PluginManage:310 - Check plugin filemanager
2024-02-05 10:50:57,635 [INFO] PluginManage:359 - Loaded plugin filemanager (category:base,tabindex:10)
2024-02-05 10:50:57,635 [INFO] PluginManage:310 - Check plugin ipmanager
2024-02-05 10:50:57,651 [INFO] PluginManage:359 - Loaded plugin ipmanager (category:base,tabindex:5)
2024-02-05 10:50:57,659 [INFO] PluginManage:310 - Check plugin lpbam
2024-02-05 10:50:57,683 [INFO] PluginManage:359 - Loaded plugin lpbam (category:base,tabindex:0)
2024-02-05 10:50:57,683 [INFO] PluginManage:310 - Check plugin memorymap
2024-02-05 10:50:57,723 [INFO] PluginManage:359 - Loaded plugin memorymap (category:base,tabindex:4)
2024-02-05 10:50:57,723 [INFO] PluginManage:310 - Check plugin pinoutandconfiguration
2024-02-05 10:50:57,747 [INFO] PluginManage:359 - Loaded plugin pinoutandconfiguration (category:base,tabindex:1)
2024-02-05 10:50:57,747 [INFO] PluginManage:310 - Check plugin pinoutconfig
2024-02-05 10:50:58,075 [WARN] SupportedApi:132 - Cannot load RTOS API schema: s4s-elt-must-match.1: The content of 'definitions' must match (annotation?, (simpleType | complexType)?, (unique | key | keyref)*)). A problem was found starting at: attribute.
2024-02-05 10:50:58,707 [INFO] PluginManage:359 - Loaded plugin pinoutconfig (category:base,tabindex:0)
2024-02-05 10:50:58,707 [INFO] PluginManage:310 - Check plugin power
2024-02-05 10:50:58,739 [INFO] PluginManage:359 - Loaded plugin power (category:power,tabindex:4)
2024-02-05 10:50:58,739 [INFO] PluginManage:310 - Check plugin projectmanager
2024-02-05 10:50:58,787 [INFO] PluginManage:359 - Loaded plugin projectmanager (category:projectmanager,tabindex:3)
2024-02-05 10:50:58,787 [INFO] PluginManage:310 - Check plugin thirdparty
2024-02-05 10:50:59,236 [INFO] PluginManage:359 - Loaded plugin thirdparty (category:base,tabindex:-1)
2024-02-05 10:50:59,236 [WARN] IntegrityCheckThread:84 - waiting for thirdparty lock release [integrity check]
2024-02-05 10:50:59,236 [INFO] PluginManage:310 - Check plugin tools
2024-02-05 10:50:59,236 [INFO] IntegrityCheckThread:86 - entering critical section [integrity check]
2024-02-05 10:50:59,236 [INFO] ThirdPartyUpdaterWithRetryManager:70 - Updater plugin not ready yet. [1/15]
2024-02-05 10:50:59,252 [INFO] PluginManage:359 - Loaded plugin tools (category:base,tabindex:7)
2024-02-05 10:50:59,252 [INFO] PluginManage:310 - Check plugin tutovideos
2024-02-05 10:50:59,781 [INFO] PluginManage:359 - Loaded plugin tutovideos (category:base,tabindex:-1)
2024-02-05 10:50:59,781 [INFO] PluginManage:310 - Check plugin updater
2024-02-05 10:50:59,821 [INFO] PluginManage:359 - Loaded plugin updater (category:base,tabindex:12)
2024-02-05 10:50:59,821 [INFO] PluginManage:310 - Check plugin userauth
2024-02-05 10:50:59,837 [INFO] UserAuth:114 - Init User Auth plugin
2024-02-05 10:50:59,837 [INFO] PluginManage:359 - Loaded plugin userauth (category:base,tabindex:14)
2024-02-05 10:50:59,837 [INFO] PluginManage:283 - PluginManage : Loaded plugins [17]
2024-02-05 10:51:00,478 [INFO] PinOutPanel:1499 - setPackage(No Configuration,No Configuration)
2024-02-05 10:51:00,686 [INFO] CADModel:165 - CPN selected for project level
2024-02-05 10:51:00,686 [INFO] CADModel:114 - Register for checkConnection events
2024-02-05 10:51:00,730 [INFO] IPUIPlugin:80 - create IPUIPlugin
2024-02-05 10:51:00,730 [INFO] PluginManager:220 - loadIPPluginJar : add adc
2024-02-05 10:51:00,734 [INFO] IPUIPlugin:80 - create IPUIPlugin
2024-02-05 10:51:00,734 [INFO] PluginManager:220 - loadIPPluginJar : add aes
2024-02-05 10:51:00,742 [INFO] IPUIPlugin:80 - create IPUIPlugin
2024-02-05 10:51:00,742 [INFO] PluginManager:220 - loadIPPluginJar : add can
2024-02-05 10:51:00,750 [INFO] IPUIPlugin:80 - create IPUIPlugin
2024-02-05 10:51:00,750 [INFO] PluginManager:220 - loadIPPluginJar : add comp
2024-02-05 10:51:00,758 [INFO] IPUIPlugin:80 - create IPUIPlugin
2024-02-05 10:51:00,758 [INFO] PluginManager:220 - loadIPPluginJar : add cryp
2024-02-05 10:51:00,766 [INFO] IPUIPlugin:80 - create IPUIPlugin
2024-02-05 10:51:00,766 [INFO] PluginManager:220 - loadIPPluginJar : add dfsdm
2024-02-05 10:51:00,790 [INFO] IPUIPlugin:80 - create IPUIPlugin
2024-02-05 10:51:00,790 [INFO] PluginManager:220 - loadIPPluginJar : add dma
2024-02-05 10:51:00,798 [INFO] IPUIPlugin:80 - create IPUIPlugin
2024-02-05 10:51:00,806 [INFO] PluginManager:220 - loadIPPluginJar : add dma3
2024-02-05 10:51:00,814 [INFO] IPUIPlugin:80 - create IPUIPlugin
2024-02-05 10:51:00,814 [INFO] PluginManager:220 - loadIPPluginJar : add fatfs
2024-02-05 10:51:00,830 [INFO] IPUIPlugin:80 - create IPUIPlugin
2024-02-05 10:51:00,830 [INFO] PluginManager:220 - loadIPPluginJar : add fmc
2024-02-05 10:51:00,854 [INFO] IPUIPlugin:80 - create IPUIPlugin
2024-02-05 10:51:00,854 [INFO] PluginManager:220 - loadIPPluginJar : add freertos
2024-02-05 10:51:00,870 [INFO] IPUIPlugin:80 - create IPUIPlugin
2024-02-05 10:51:00,870 [INFO] PluginManager:220 - loadIPPluginJar : add genericplugin
2024-02-05 10:51:00,878 [INFO] IPUIPlugin:80 - create IPUIPlugin
2024-02-05 10:51:00,878 [INFO] PluginManager:220 - loadIPPluginJar : add gfxmmu
2024-02-05 10:51:00,902 [INFO] IPUIPlugin:80 - create IPUIPlugin
2024-02-05 10:51:00,902 [INFO] PluginManager:220 - loadIPPluginJar : add gic
2024-02-05 10:51:00,918 [INFO] IPUIPlugin:80 - create IPUIPlugin
2024-02-05 10:51:00,918 [INFO] PluginManager:220 - loadIPPluginJar : add gpio
2024-02-05 10:51:00,930 [INFO] IPUIPlugin:80 - create IPUIPlugin
2024-02-05 10:51:00,930 [INFO] PluginManager:220 - loadIPPluginJar : add gtzc
2024-02-05 10:51:00,934 [INFO] IPUIPlugin:80 - create IPUIPlugin
2024-02-05 10:51:00,934 [INFO] PluginManager:220 - loadIPPluginJar : add hash
2024-02-05 10:51:00,942 [INFO] IPUIPlugin:80 - create IPUIPlugin
2024-02-05 10:51:00,942 [INFO] PluginManager:220 - loadIPPluginJar : add i2c
2024-02-05 10:51:00,950 [INFO] IPUIPlugin:80 - create IPUIPlugin
2024-02-05 10:51:00,950 [INFO] PluginManager:220 - loadIPPluginJar : add i2s
2024-02-05 10:51:00,958 [INFO] IPUIPlugin:80 - create IPUIPlugin
2024-02-05 10:51:00,958 [INFO] PluginManager:220 - loadIPPluginJar : add i3c
2024-02-05 10:51:00,974 [INFO] IPUIPlugin:80 - create IPUIPlugin
2024-02-05 10:51:00,974 [INFO] PluginManager:220 - loadIPPluginJar : add ipddr
2024-02-05 10:51:00,990 [INFO] IPUIPlugin:80 - create IPUIPlugin
2024-02-05 10:51:00,990 [INFO] PluginManager:220 - loadIPPluginJar : add linkedlist
2024-02-05 10:51:00,998 [INFO] IPUIPlugin:80 - create IPUIPlugin
2024-02-05 10:51:00,998 [INFO] PluginManager:220 - loadIPPluginJar : add lorawan
2024-02-05 10:51:01,006 [INFO] IPUIPlugin:80 - create IPUIPlugin
2024-02-05 10:51:01,006 [INFO] PluginManager:220 - loadIPPluginJar : add ltdc
2024-02-05 10:51:01,022 [INFO] IPUIPlugin:80 - create IPUIPlugin
2024-02-05 10:51:01,022 [INFO] PluginManager:220 - loadIPPluginJar : add mdma
2024-02-05 10:51:01,030 [INFO] IPUIPlugin:80 - create IPUIPlugin
2024-02-05 10:51:01,030 [INFO] PluginManager:220 - loadIPPluginJar : add nvic
2024-02-05 10:51:01,038 [INFO] IPUIPlugin:80 - create IPUIPlugin
2024-02-05 10:51:01,038 [INFO] PluginManager:220 - loadIPPluginJar : add opamp
2024-02-05 10:51:01,054 [INFO] IPUIPlugin:80 - create IPUIPlugin
2024-02-05 10:51:01,054 [INFO] PluginManager:220 - loadIPPluginJar : add openamp
2024-02-05 10:51:01,062 [INFO] IPUIPlugin:80 - create IPUIPlugin
2024-02-05 10:51:01,062 [INFO] PluginManager:220 - loadIPPluginJar : add pdm2pcm
2024-02-05 10:51:01,078 [INFO] IPUIPlugin:80 - create IPUIPlugin
2024-02-05 10:51:01,078 [INFO] PluginManager:220 - loadIPPluginJar : add plateformsettings
2024-02-05 10:51:01,086 [INFO] IPUIPlugin:80 - create IPUIPlugin
2024-02-05 10:51:01,086 [INFO] PluginManager:220 - loadIPPluginJar : add quadspi
2024-02-05 10:51:01,094 [INFO] IPUIPlugin:80 - create IPUIPlugin
2024-02-05 10:51:01,094 [INFO] PluginManager:220 - loadIPPluginJar : add resmgrutility
2024-02-05 10:51:01,102 [INFO] IPUIPlugin:80 - create IPUIPlugin
2024-02-05 10:51:01,110 [INFO] PluginManager:220 - loadIPPluginJar : add sai
2024-02-05 10:51:01,110 [INFO] IPUIPlugin:80 - create IPUIPlugin
2024-02-05 10:51:01,110 [INFO] PluginManager:220 - loadIPPluginJar : add spi
2024-02-05 10:51:01,130 [INFO] IPUIPlugin:80 - create IPUIPlugin
2024-02-05 10:51:01,130 [INFO] PluginManager:220 - loadIPPluginJar : add stm32_wpan
2024-02-05 10:51:01,134 [INFO] IPUIPlugin:80 - create IPUIPlugin
2024-02-05 10:51:01,134 [INFO] PluginManager:220 - loadIPPluginJar : add tim
2024-02-05 10:51:01,142 [INFO] IPUIPlugin:80 - create IPUIPlugin
2024-02-05 10:51:01,142 [INFO] PluginManager:220 - loadIPPluginJar : add touchsensing
2024-02-05 10:51:01,150 [INFO] IPUIPlugin:80 - create IPUIPlugin
2024-02-05 10:51:01,150 [INFO] PluginManager:220 - loadIPPluginJar : add tracer_emb
2024-02-05 10:51:01,150 [INFO] IPUIPlugin:80 - create IPUIPlugin
2024-02-05 10:51:01,150 [INFO] PluginManager:220 - loadIPPluginJar : add ts
2024-02-05 10:51:01,158 [INFO] IPUIPlugin:80 - create IPUIPlugin
2024-02-05 10:51:01,158 [INFO] PluginManager:220 - loadIPPluginJar : add tsc
2024-02-05 10:51:01,166 [INFO] IPUIPlugin:80 - create IPUIPlugin
2024-02-05 10:51:01,166 [INFO] PluginManager:220 - loadIPPluginJar : add ucpd
2024-02-05 10:51:01,174 [INFO] IPUIPlugin:80 - create IPUIPlugin
2024-02-05 10:51:01,174 [INFO] PluginManager:220 - loadIPPluginJar : add usart
2024-02-05 10:51:01,174 [INFO] IPUIPlugin:80 - create IPUIPlugin
2024-02-05 10:51:01,182 [INFO] PluginManager:220 - loadIPPluginJar : add usbx
2024-02-05 10:51:01,439 [INFO] CADModel:165 - CPN selected for project level
2024-02-05 10:51:01,439 [INFO] CADModel:114 - Register for checkConnection events
2024-02-05 10:51:01,439 [FATAL] Updater:308 - Updater called before beeing initialized
2024-02-05 10:51:01,447 [ERROR] CADModel:125 - Updater not yet initialized, retry later 
2024-02-05 10:51:01,987 [INFO] CADModel:165 - CPN selected for project level
2024-02-05 10:51:01,987 [INFO] CADModel:114 - Register for checkConnection events
2024-02-05 10:51:01,987 [FATAL] Updater:308 - Updater called before beeing initialized
2024-02-05 10:51:01,987 [ERROR] CADModel:125 - Updater not yet initialized, retry later 
2024-02-05 10:51:01,995 [FATAL] Updater:308 - Updater called before beeing initialized
2024-02-05 10:51:02,251 [INFO] ThirdPartyUpdaterWithRetryManager:70 - Updater plugin not ready yet. [2/15]
2024-02-05 10:51:02,300 [FATAL] Updater:308 - Updater called before beeing initialized
2024-02-05 10:51:02,308 [INFO] DbMcusAds:53 - JSON generation date=Thu Sep 30 12:25:09 IST 2021 (1632984909247)
2024-02-05 10:51:02,308 [FATAL] Updater:308 - Updater called before beeing initialized
2024-02-05 10:51:02,396 [WARN] DetailPanel:346 - Failed to get advertising image, set to default
2024-02-05 10:51:02,604 [FATAL] Updater:308 - Updater called before beeing initialized
2024-02-05 10:51:02,612 [FATAL] Updater:308 - Updater called before beeing initialized
2024-02-05 10:51:02,612 [FATAL] Updater:308 - Updater called before beeing initialized
2024-02-05 10:51:02,612 [WARN] DetailPanel:346 - Failed to get advertising image, set to default
2024-02-05 10:51:02,612 [FATAL] Updater:308 - Updater called before beeing initialized
2024-02-05 10:51:02,733 [ERROR] Updater:1120 - MainUpdater not yet initialized. External WinMGr cannot be set.
2024-02-05 10:51:02,741 [INFO] Updater:1056 - Updater Version found : 6.10.0
2024-02-05 10:51:02,781 [INFO] ApplicationProperties:184 - Using Application install path: C:\ST\STM32CubeIDE_1.14.1\STM32CubeIDE\plugins\com.st.stm32cube.common.mx_6.10.0.202311202037
2024-02-05 10:51:04,412 [ERROR] LogOutputStream:75 - [STDERR_REDIRECT] Feb 05, 2024 10:51:04 AM java.util.prefs.WindowsPreferences <init>
2024-02-05 10:51:04,420 [ERROR] LogOutputStream:75 - [STDERR_REDIRECT] WARNING: Could not open/create prefs root node Software\JavaSoft\Prefs at root 0xffffffff80000002. Windows RegCreateKeyEx(...) returned error code 5.
2024-02-05 10:51:04,420 [ERROR] LogOutputStream:75 - [STDERR_REDIRECT] 
2024-02-05 10:51:04,486 [INFO] MainUpdater:526 - Copy updater definitions from MX database
2024-02-05 10:51:04,575 [INFO] MainUpdater:559 - Copy flag file definitions from MX database
2024-02-05 10:51:04,580 [INFO] MainUpdater:575 - Copy thirdparty index definitions from MX database
2024-02-05 10:51:04,583 [INFO] MainUpdater:594 - Copy default thirdparty db definitions from MX database
2024-02-05 10:51:05,253 [FATAL] Updater:308 - Updater called before beeing initialized
2024-02-05 10:51:05,253 [ERROR] IntegrityCheckThread:130 - Cannot retrieve database content from updater: error 21
2024-02-05 10:51:05,253 [INFO] ThirdParty:978 - Integrity check success = false
2024-02-05 10:51:05,253 [INFO] IntegrityCheckThread:100 - exiting critical section [integrity check]
2024-02-05 10:51:05,253 [INFO] IntegrityCheckThread:103 - End integrity checks thread
2024-02-05 10:51:08,005 [INFO] MainUpdater:2873 - connection check result : 10
2024-02-05 10:51:08,006 [INFO] MainUpdater:3567 - Updater definition file requires update
2024-02-05 10:51:08,008 [INFO] MainUpdater:290 - Updater Check For Update Now.
2024-02-05 10:51:08,009 [INFO] MicroXplorer:498 - Change Database Version : DB.6.0.100
2024-02-05 10:51:08,024 [INFO] McuFinderGlobals:63 - Set McuFinder mode to 2 (CubeIDE integrated)
2024-02-05 10:51:08,025 [INFO] UserAuth:180 - activating auth plugin
2024-02-05 10:51:08,032 [INFO] UserAuth:404 - Internet connection configuration mode: 1
2024-02-05 10:51:08,063 [INFO] JxBrowserEngine:152 - Initiate JxBrowser Engine with user profile folder
2024-02-05 10:51:11,380 [INFO] ServerAccessManage:473 - Download File updaters.zip
2024-02-05 10:51:12,055 [INFO] FileExtend:240 - Unzip File : updaters.zip
2024-02-05 10:51:12,055 [INFO] FileExtend:255 - Standard Zip Deflate
2024-02-05 10:51:15,618 [INFO] McuFinderGlobals:63 - Set McuFinder mode to 2 (CubeIDE integrated)
2024-02-05 10:51:16,378 [INFO] ServerAccessManage:473 - Download File PacksControlFlags.xml
2024-02-05 10:51:17,310 [INFO] ServerAccessManage:473 - Download File cubemx.pidx
2024-02-05 10:51:18,119 [INFO] ServerAccessManage:473 - Download File STMicroelectronics.FP-ATR-ASTRA1.pdsc
2024-02-05 10:51:20,064 [INFO] ServerAccessManage:473 - Download File STMicroelectronics.FP-ATR-SIGFOX1.pdsc
2024-02-05 10:51:21,351 [INFO] ServerAccessManage:473 - Download File STMicroelectronics.FP-SNS-FLIGHT1.pdsc
2024-02-05 10:51:23,042 [INFO] ServerAccessManage:473 - Download File STMicroelectronics.FP-SNS-MOTENV1.pdsc
2024-02-05 10:51:23,161 [INFO] WebApp:161 - Instantiating new browser for Auth
2024-02-05 10:51:25,930 [INFO] WebApp:780 - Register for checkConnection events
2024-02-05 10:51:25,931 [INFO] WebApp:414 - Apply proxy settings
2024-02-05 10:51:26,004 [INFO] WebApp:499 - Chromium requires no authentication
2024-02-05 10:51:26,113 [INFO] WebApp:442 - Direct internet connection detected
2024-02-05 10:51:26,311 [INFO] ServerAccessManage:473 - Download File STMicroelectronics.FP-SNS-MOTENVWB1.pdsc
2024-02-05 10:51:26,760 [INFO] WebApp:192 - Starting web application
2024-02-05 10:51:26,760 [INFO] WebApp:544 - Web application path used C:\ST\STM32CubeIDE_1.14.1\STM32CubeIDE\plugins\com.st.stm32cube.common.mx_6.10.0.202311202037\db\plugins\mcufinder\reactClient1\index.html
2024-02-05 10:51:27,949 [INFO] ServerAccessManage:473 - Download File STMicroelectronics.FP-SNS-SMARTAG2.pdsc
2024-02-05 10:51:28,363 [INFO] ServerAccessManage:473 - Download File STMicroelectronics.X-CUBE-AI.pdsc
2024-02-05 10:51:33,479 [INFO] ServerAccessManage:473 - Download File STMicroelectronics.X-CUBE-ALS.pdsc
2024-02-05 10:51:35,722 [INFO] MainUpdater:2873 - connection check result : 10
2024-02-05 10:51:35,839 [INFO] ServerAccessManage:473 - Download File STMicroelectronics.X-CUBE-BLE1.pdsc
2024-02-05 10:51:40,034 [ERROR] ServerAccessManage:1089 - Problem, file not found on Server
2024-02-05 10:51:41,061 [INFO] ServerAccessManage:473 - Download File STMicroelectronics.X-CUBE-BLE2.pdsc
2024-02-05 10:51:47,759 [INFO] ServerAccessManage:473 - Download File STMicroelectronics.X-CUBE-BLEMGR.pdsc
2024-02-05 10:51:49,638 [ERROR] LogOutputStream:75 - [STDERR_REDIRECT] SLF4J: Failed to load class "org.slf4j.impl.StaticLoggerBinder".
2024-02-05 10:51:49,643 [ERROR] LogOutputStream:75 - [STDERR_REDIRECT] SLF4J: Defaulting to no-operation (NOP) logger implementation
2024-02-05 10:51:49,648 [ERROR] LogOutputStream:75 - [STDERR_REDIRECT] SLF4J: See http://www.slf4j.org/codes.html#StaticLoggerBinder for further details.
2024-02-05 10:51:49,875 [INFO] ServerAccessManage:473 - Download File STMicroelectronics.X-CUBE-DISPLAY.pdsc
2024-02-05 10:51:56,319 [INFO] ServerAccessManage:473 - Download File STMicroelectronics.X-CUBE-EEPRMA1.pdsc
2024-02-05 10:51:56,949 [INFO] ApiDb:581 - Connected to CubeFinder SQLite database (C:\Users\tarun\.stmcufinder\plugins\mcufinder\mcu\cube-finder-db.db)
2024-02-05 10:51:57,212 [INFO] ApiDb:668 - CubeFinder database Data Model version=2.1
2024-02-05 10:51:57,212 [INFO] ApiDb:669 - CubeFinder database Configuration version=3.0.39
2024-02-05 10:51:57,213 [INFO] ApiDb:670 - CubeFinder database generation date=2023-11-06 (1699269565)
2024-02-05 10:51:57,214 [INFO] ApiDb:671 - CubeFinder database FW Pack versions=[FP-ATR-ASTRA1_V2.0.0, FP-SNS-FLIGHT1_V5.0.1, FP-SNS-FLIGHT1_V5.0.2, FP-SNS-MOTENV1_V4.3.1, FP-SNS-MOTENV1_V4.3.2, FP-SNS-MOTENVWB1_V1.3.0, FP-SNS-SMARTAG2_V1.2.0, STM32Cube_FW_C0_V1.1.0, STM32Cube_FW_F4_V1.28.0, STM32Cube_FW_F7_V1.17.0, STM32Cube_FW_G0_V1.6.1, STM32Cube_FW_G4_V1.5.1, STM32Cube_FW_H5_V0.5.1, STM32Cube_FW_H5_V1.1.1, STM32Cube_FW_H5_V1.2.0RC2, STM32Cube_FW_H7_V1.11.0, STM32Cube_FW_L0_V1.12.2, STM32Cube_FW_L5_V1.5.0, STM32Cube_FW_U5_V1.3.0RC4, STM32Cube_FW_U5_V1.4.0, STM32Cube_FW_WBA_V1.0.0RC1, STM32Cube_FW_WBA_V1.1.0RC1, STM32Cube_FW_WBA_V1.2.0, STM32Cube_FW_WBA_V1.2.0RC2, STM32Cube_FW_WB_V1.15.0RC1, STM32Cube_FW_WB_V1.16.0, STM32Cube_FW_WB_V1.16.0RC2, STM32Cube_FW_WB_V1.18.0, STM32Cube_FW_WL_V1.3.0, X-CUBE-ALGOBUILD_V1.3.0, X-CUBE-ALS_V1.0.1, X-CUBE-AZRTOS-F4_V1.1.0, X-CUBE-AZRTOS-F7_V1.1.0, X-CUBE-AZRTOS-G0_V1.1.0, X-CUBE-AZRTOS-G4_V2.0.0, X-CUBE-AZRTOS-H7_V3.1.0, X-CUBE-AZRTOS-L4_V1.0.0, X-CUBE-AZRTOS-L4_V2.0.0, X-CUBE-AZRTOS-L5_V1.1.0, X-CUBE-AZRTOS-WB_V2.0.0, X-CUBE-AZRTOS-WL_V2.0.0, X-CUBE-BLE1_V7.0.0, X-CUBE-BLE2_V3.3.0, X-CUBE-BLEMGR_V2.0.0, X-CUBE-EEPRMA1_V4.1.0, X-CUBE-EEPRMA1_V4.2.0, X-CUBE-FREERTOS_V1.1.0, X-CUBE-GNSS1_V6.0.0, X-CUBE-MEMS1_V10.0.0, X-CUBE-MEMS1_V9.1.0, X-CUBE-MEMS1_V9.4.0, X-CUBE-MEMS1_V9.6.0, X-CUBE-NFC4_V3.0.0, X-CUBE-NFC7_V1.0.1, X-CUBE-SFXS2LP1_V4.0.0, X-CUBE-SUBG2_V5.0.0, X-CUBE-TOF1_V3.3.1]
2024-02-05 10:51:57,637 [INFO] DbBoardsSqlite:226 - include board P-NUCLEO-WB55-NUCLEO as a kit item of type 'Nucleo-64'
2024-02-05 10:51:57,638 [INFO] DbBoardsSqlite:226 - include board P-NUCLEO-WB55-USBDONGLE as a kit item of type 'Nucleo USB Dongle'
2024-02-05 10:51:57,641 [INFO] DbBoardsSqlite:226 - include board STEVAL-IDP005V1 as a kit item of type 'Evaluation Board'
2024-02-05 10:51:57,642 [INFO] DbBoardsSqlite:226 - include board STEVAL-IDP005V2 as a kit item of type 'Evaluation Board'
2024-02-05 10:51:58,338 [INFO] ApiDb:240 - Found 371 in-development CPN: [B-G473E-ZEST1S, B-WB1M-WPAN1, B-WL5M-SUBG1, NUCLEO-C031C6, NUCLEO-H503RB, NUCLEO-H563ZI, NUCLEO-U545RE-Q, NUCLEO-U5A5ZJ-Q, NUCLEO-WBA52CG, NUCLEO-WBA55CG, STEVAL-MKBOXPRO, STEVAL-PROTEUS1, STEVAL-STWINBX1, STM320518-EVAL, STM32C0116-DK, STM32C011D6Y3TR, STM32C011D6Y6TR, STM32C011F4P3, STM32C011F4P6, STM32C011F4U3, STM32C011F4U6TR, STM32C011F6P3, STM32C011F6P6, STM32C011F6U3, STM32C011F6U6TR, STM32C011J4M3, STM32C011J4M6, STM32C011J6M3, STM32C011J6M6, STM32C0316-DK, STM32C031C4T3, STM32C031C4T6, STM32C031C4U3, STM32C031C4U6, STM32C031C6T3, STM32C031C6T6, STM32C031C6U3, STM32C031C6U6, STM32C031F4P3, STM32C031F4P6, STM32C031F6P3, STM32C031F6P6, STM32C031G4U3, STM32C031G4U6, STM32C031G6U3, STM32C031G6U6, STM32C031K4T3, STM32C031K4T6, STM32C031K4U3, STM32C031K4U6, STM32C031K6T3, STM32C031K6T6, STM32C031K6U3, STM32C031K6U6, STM32G071K8TXN, STM32G071K8UXN, STM32G081GBU6N, STM32G081KBT6N, STM32G081KBUXN, STM32G0B1CCT6N, STM32G0B1KCT6, STM32G0B1NEY6TR, STM32G0B1RCT6N, STM32G0C1CCT6, STM32G0C1CCT6N, STM32G0C1CCU6N, STM32G0C1CET6N, STM32G0C1CEU6N, STM32G0C1KCT6, STM32G0C1NEY6TR, STM32G0C1RCI6N, STM32G0C1RCT6N, STM32G0C1REI6N, STM32G0C1RET6N, STM32G0C1VCI6, STM32G0C1VEI6, STM32G471CCT6, STM32G471CCU6, STM32G471CET3, STM32G471CET6, STM32G471CEU3, STM32G471CEU6, STM32G471MCT6, STM32G471MET3, STM32G471MET6, STM32G471MEY6TR, STM32G471QCT6, STM32G471QET3, STM32G471RCT6, STM32G471RET3, STM32G471RET6, STM32G471VCH6, STM32G471VCI6, STM32G471VCT6, STM32G471VEH3, STM32G471VEH6, STM32G471VEI3, STM32G471VEI6, STM32G471VET3, STM32G471VET6, STM32G474CCT6, STM32H503CBT6, STM32H503CBU6, STM32H503EBY6TR, STM32H503KBU6, STM32H503RBT6, STM32H562AGI6, STM32H562AII6, STM32H562IGK6, STM32H562IGT6, STM32H562IIK6, STM32H562IIT6, STM32H562RGT6, STM32H562RGV6, STM32H562RIT6, STM32H562RIV6, STM32H562VGT6, STM32H562VIT6, STM32H562ZGT6, STM32H562ZIT6, STM32H563AGI6, STM32H563AII3Q, STM32H563AII6, STM32H563IGK6, STM32H563IGT6, STM32H563IIK3Q, STM32H563IIK6, STM32H563IIT3Q, STM32H563IIT6, STM32H563MIY3QTR, STM32H563RGT6, STM32H563RGV6, STM32H563RIT6, STM32H563RIV6, STM32H563VGT6, STM32H563VIT3Q, STM32H563VIT6, STM32H563ZGT6, STM32H563ZIT3Q, STM32H563ZIT6, STM32H573AII3Q, STM32H573AII6, STM32H573I-DK, STM32H573IIK3Q, STM32H573IIK6, STM32H573IIT3Q, STM32H573IIT6, STM32H573MIY3QTR, STM32H573RIT6, STM32H573RIV6, STM32H573VIT3Q, STM32H573VIT6, STM32H573ZIT3Q, STM32H573ZIT6, STM32L4R5QGI6STR, STM32MP131AAE3, STM32MP131AAF3, STM32MP131AAG3, STM32MP131CAE3, STM32MP131CAF3, STM32MP131CAG3, STM32MP131DAE7, STM32MP131DAF7, STM32MP131DAG7, STM32MP131FAE7, STM32MP131FAF7, STM32MP131FAG7, STM32MP133AAE3, STM32MP133AAF3, STM32MP133AAG3, STM32MP133CAE3, STM32MP133CAF3, STM32MP133CAG3, STM32MP133DAE7, STM32MP133DAF7, STM32MP133DAG7, STM32MP133FAE7, STM32MP133FAF7, STM32MP133FAG7, STM32MP135AAE3, STM32MP135AAF3, STM32MP135AAG3, STM32MP135CAE3, STM32MP135CAF3, STM32MP135CAG3, STM32MP135DAE7, STM32MP135DAF7, STM32MP135DAG7, STM32MP135F-DK, STM32MP135FAE7, STM32MP135FAF7, STM32MP135FAF7T, STM32MP135FAF7U, STM32MP135FAG7, STM32U535CBT6, STM32U535CBT6Q, STM32U535CBU6, STM32U535CBU6Q, STM32U535CCT6, STM32U535CCT6Q, STM32U535CCU6, STM32U535CCU6Q, STM32U535CET6, STM32U535CET6Q, STM32U535CEU6, STM32U535CEU6Q, STM32U535JEY6QTR, STM32U535NCY6QTR, STM32U535NEY6QTR, STM32U535RBI6, STM32U535RBI6Q, STM32U535RBT6, STM32U535RBT6Q, STM32U535RCI6, STM32U535RCI6Q, STM32U535RCT6, STM32U535RCT6Q, STM32U535REI6, STM32U535REI6Q, STM32U535RET6, STM32U535RET6Q, STM32U535VCI6, STM32U535VCI6Q, STM32U535VCT6, STM32U535VCT6Q, STM32U535VEI6, STM32U535VEI6Q, STM32U535VET6, STM32U535VET6Q, STM32U545CET6, STM32U545CET6Q, STM32U545CEU6, STM32U545CEU6Q, STM32U545JEY6QTR, STM32U545NEY6QTR, STM32U545REI6, STM32U545REI6Q, STM32U545RET6, STM32U545RET6Q, STM32U545VEI6, STM32U545VEI6Q, STM32U545VET6, STM32U545VET6Q, STM32U595AIH6, STM32U595AIH6Q, STM32U595AJH6, STM32U595AJH6Q, STM32U595QII6, STM32U595QII6Q, STM32U595QJI6, STM32U595QJI6Q, STM32U595RIT6, STM32U595RIT6Q, STM32U595RJT6, STM32U595RJT6Q, STM32U595VIT6, STM32U595VIT6Q, STM32U595VJT6, STM32U595VJT6Q, STM32U595ZIT6, STM32U595ZIT6Q, STM32U595ZIY6QTR, STM32U595ZJT6, STM32U595ZJT6Q, STM32U595ZJY6QTR, STM32U599BJY6QTR, STM32U599NIH6Q, STM32U599NJH6Q, STM32U599VIT6Q, STM32U599VJT6, STM32U599VJT6Q, STM32U599ZIT6Q, STM32U599ZIY6QTR, STM32U599ZJT6Q, STM32U599ZJY6QTR, STM32U5A5AJH6, STM32U5A5AJH6Q, STM32U5A5QJI6, STM32U5A5QJI6Q, STM32U5A5RJT6, STM32U5A5RJT6Q, STM32U5A5VJT6, STM32U5A5VJT6Q, STM32U5A5ZJT6, STM32U5A5ZJT6Q, STM32U5A5ZJY6QTR, STM32U5A9BJY6QTR, STM32U5A9J-DK, STM32U5A9NJH6Q, STM32U5A9VJT6Q, STM32U5A9ZJT6Q, STM32U5A9ZJY6QTR, STM32U5F7VIT6, STM32U5F7VIT6Q, STM32U5F7VJT6, STM32U5F7VJT6Q, STM32U5F9BJY6QTR, STM32U5F9NJH6Q, STM32U5F9VIT6Q, STM32U5F9VJT6Q, STM32U5F9ZIJ6QTR, STM32U5F9ZIT6Q, STM32U5F9ZJJ6QTR, STM32U5F9ZJT6Q, STM32U5G7VJT6, STM32U5G7VJT6Q, STM32U5G9BJY6QTR, STM32U5G9J-DK1, STM32U5G9J-DK2, STM32U5G9NJH6Q, STM32U5G9VJT6Q, STM32U5G9ZJJ6QTR, STM32U5G9ZJT6Q, STM32WB1MMCH6, STM32WBA50KEU6, STM32WBA50KEU6TR, STM32WBA50KGU6, STM32WBA50KGU6TR, STM32WBA52CEU6, STM32WBA52CEU6TR, STM32WBA52CEU7, STM32WBA52CEU7TR, STM32WBA52CGU6, STM32WBA52CGU6TR, STM32WBA52CGU6U, STM32WBA52CGU7, STM32WBA52CGU7TR, STM32WBA52KEU6, STM32WBA52KEU6TR, STM32WBA52KGU6, STM32WBA52KGU6TR, STM32WBA54CEU6, STM32WBA54CEU6TR, STM32WBA54CEU7, STM32WBA54CEU7TR, STM32WBA54CGU6, STM32WBA54CGU6TR, STM32WBA54CGU7, STM32WBA54CGU7TR, STM32WBA54KEU6, STM32WBA54KEU6TR, STM32WBA54KEU7, STM32WBA54KEU7TR, STM32WBA54KGU6, STM32WBA54KGU6TR, STM32WBA54KGU7, STM32WBA54KGU7TR, STM32WBA55CEU6, STM32WBA55CEU6TR, STM32WBA55CEU7, STM32WBA55CEU7TR, STM32WBA55CGU6, STM32WBA55CGU6TR, STM32WBA55CGU6U, STM32WBA55CGU7, STM32WBA55CGU7TR, STM32WBA55G-DK1, STM32WBA55HEF6, STM32WBA55HEF7, STM32WBA55HGF6, STM32WBA55HGF7, STM32WBA55UEI6, STM32WBA55UEI6TR, STM32WBA55UEI7, STM32WBA55UEI7TR, STM32WBA55UGI6, STM32WBA55UGI6TR, STM32WBA55UGI7, STM32WBA55UGI7TR, STM32WL5MOCH6, STM32WL5MOCH6TR]
2024-02-05 10:51:58,362 [ERROR] ServerAccessManage:1089 - Problem, file not found on Server
2024-02-05 10:51:58,925 [INFO] BoardInfo:889 - No configuration file found for board P-NUCLEO-WB55
2024-02-05 10:51:58,927 [INFO] DbBoards:161 - Kit is not supported: P-NUCLEO-WB55
2024-02-05 10:51:58,945 [INFO] BoardInfo:889 - No configuration file found for board STEVAL-BFA001V1B
2024-02-05 10:51:58,946 [INFO] DbBoards:161 - Kit is not supported: STEVAL-BFA001V1B
2024-02-05 10:51:58,951 [INFO] BoardInfo:889 - No configuration file found for board STEVAL-BFA001V2B
2024-02-05 10:51:58,953 [INFO] DbBoards:161 - Kit is not supported: STEVAL-BFA001V2B
2024-02-05 10:51:59,200 [ERROR] ServerAccessManage:1089 - Problem, file not found on Server
2024-02-05 10:51:59,360 [INFO] DbBoards:168 - Found 193 boards, 190 are supported
2024-02-05 10:51:59,360 [INFO] DbBoards:169 - Found 193 boards, 3 of them is supported for  Bsp
2024-02-05 10:51:59,368 [INFO] ApiDb:668 - CubeFinder database Data Model version=2.1
2024-02-05 10:51:59,369 [INFO] ApiDb:669 - CubeFinder database Configuration version=3.0.39
2024-02-05 10:51:59,369 [INFO] ApiDb:670 - CubeFinder database generation date=2023-11-06 (1699269565)
2024-02-05 10:51:59,369 [INFO] ApiDb:671 - CubeFinder database FW Pack versions=[FP-ATR-ASTRA1_V2.0.0, FP-SNS-FLIGHT1_V5.0.1, FP-SNS-FLIGHT1_V5.0.2, FP-SNS-MOTENV1_V4.3.1, FP-SNS-MOTENV1_V4.3.2, FP-SNS-MOTENVWB1_V1.3.0, FP-SNS-SMARTAG2_V1.2.0, STM32Cube_FW_C0_V1.1.0, STM32Cube_FW_F4_V1.28.0, STM32Cube_FW_F7_V1.17.0, STM32Cube_FW_G0_V1.6.1, STM32Cube_FW_G4_V1.5.1, STM32Cube_FW_H5_V0.5.1, STM32Cube_FW_H5_V1.1.1, STM32Cube_FW_H5_V1.2.0RC2, STM32Cube_FW_H7_V1.11.0, STM32Cube_FW_L0_V1.12.2, STM32Cube_FW_L5_V1.5.0, STM32Cube_FW_U5_V1.3.0RC4, STM32Cube_FW_U5_V1.4.0, STM32Cube_FW_WBA_V1.0.0RC1, STM32Cube_FW_WBA_V1.1.0RC1, STM32Cube_FW_WBA_V1.2.0, STM32Cube_FW_WBA_V1.2.0RC2, STM32Cube_FW_WB_V1.15.0RC1, STM32Cube_FW_WB_V1.16.0, STM32Cube_FW_WB_V1.16.0RC2, STM32Cube_FW_WB_V1.18.0, STM32Cube_FW_WL_V1.3.0, X-CUBE-ALGOBUILD_V1.3.0, X-CUBE-ALS_V1.0.1, X-CUBE-AZRTOS-F4_V1.1.0, X-CUBE-AZRTOS-F7_V1.1.0, X-CUBE-AZRTOS-G0_V1.1.0, X-CUBE-AZRTOS-G4_V2.0.0, X-CUBE-AZRTOS-H7_V3.1.0, X-CUBE-AZRTOS-L4_V1.0.0, X-CUBE-AZRTOS-L4_V2.0.0, X-CUBE-AZRTOS-L5_V1.1.0, X-CUBE-AZRTOS-WB_V2.0.0, X-CUBE-AZRTOS-WL_V2.0.0, X-CUBE-BLE1_V7.0.0, X-CUBE-BLE2_V3.3.0, X-CUBE-BLEMGR_V2.0.0, X-CUBE-EEPRMA1_V4.1.0, X-CUBE-EEPRMA1_V4.2.0, X-CUBE-FREERTOS_V1.1.0, X-CUBE-GNSS1_V6.0.0, X-CUBE-MEMS1_V10.0.0, X-CUBE-MEMS1_V9.1.0, X-CUBE-MEMS1_V9.4.0, X-CUBE-MEMS1_V9.6.0, X-CUBE-NFC4_V3.0.0, X-CUBE-NFC7_V1.0.1, X-CUBE-SFXS2LP1_V4.0.0, X-CUBE-SUBG2_V5.0.0, X-CUBE-TOF1_V3.3.1]
2024-02-05 10:52:00,687 [INFO] ServerAccessManage:473 - Download File STMicroelectronics.X-CUBE-FREERTOS.pdsc
2024-02-05 10:52:02,973 [INFO] ServerAccessManage:473 - Download File STMicroelectronics.X-CUBE-GNSS1.pdsc
2024-02-05 10:52:03,594 [INFO] ApiDb:240 - Found 371 in-development CPN: [B-G473E-ZEST1S, B-WB1M-WPAN1, B-WL5M-SUBG1, NUCLEO-C031C6, NUCLEO-H503RB, NUCLEO-H563ZI, NUCLEO-U545RE-Q, NUCLEO-U5A5ZJ-Q, NUCLEO-WBA52CG, NUCLEO-WBA55CG, STEVAL-MKBOXPRO, STEVAL-PROTEUS1, STEVAL-STWINBX1, STM320518-EVAL, STM32C0116-DK, STM32C011D6Y3TR, STM32C011D6Y6TR, STM32C011F4P3, STM32C011F4P6, STM32C011F4U3, STM32C011F4U6TR, STM32C011F6P3, STM32C011F6P6, STM32C011F6U3, STM32C011F6U6TR, STM32C011J4M3, STM32C011J4M6, STM32C011J6M3, STM32C011J6M6, STM32C0316-DK, STM32C031C4T3, STM32C031C4T6, STM32C031C4U3, STM32C031C4U6, STM32C031C6T3, STM32C031C6T6, STM32C031C6U3, STM32C031C6U6, STM32C031F4P3, STM32C031F4P6, STM32C031F6P3, STM32C031F6P6, STM32C031G4U3, STM32C031G4U6, STM32C031G6U3, STM32C031G6U6, STM32C031K4T3, STM32C031K4T6, STM32C031K4U3, STM32C031K4U6, STM32C031K6T3, STM32C031K6T6, STM32C031K6U3, STM32C031K6U6, STM32G071K8TXN, STM32G071K8UXN, STM32G081GBU6N, STM32G081KBT6N, STM32G081KBUXN, STM32G0B1CCT6N, STM32G0B1KCT6, STM32G0B1NEY6TR, STM32G0B1RCT6N, STM32G0C1CCT6, STM32G0C1CCT6N, STM32G0C1CCU6N, STM32G0C1CET6N, STM32G0C1CEU6N, STM32G0C1KCT6, STM32G0C1NEY6TR, STM32G0C1RCI6N, STM32G0C1RCT6N, STM32G0C1REI6N, STM32G0C1RET6N, STM32G0C1VCI6, STM32G0C1VEI6, STM32G471CCT6, STM32G471CCU6, STM32G471CET3, STM32G471CET6, STM32G471CEU3, STM32G471CEU6, STM32G471MCT6, STM32G471MET3, STM32G471MET6, STM32G471MEY6TR, STM32G471QCT6, STM32G471QET3, STM32G471RCT6, STM32G471RET3, STM32G471RET6, STM32G471VCH6, STM32G471VCI6, STM32G471VCT6, STM32G471VEH3, STM32G471VEH6, STM32G471VEI3, STM32G471VEI6, STM32G471VET3, STM32G471VET6, STM32G474CCT6, STM32H503CBT6, STM32H503CBU6, STM32H503EBY6TR, STM32H503KBU6, STM32H503RBT6, STM32H562AGI6, STM32H562AII6, STM32H562IGK6, STM32H562IGT6, STM32H562IIK6, STM32H562IIT6, STM32H562RGT6, STM32H562RGV6, STM32H562RIT6, STM32H562RIV6, STM32H562VGT6, STM32H562VIT6, STM32H562ZGT6, STM32H562ZIT6, STM32H563AGI6, STM32H563AII3Q, STM32H563AII6, STM32H563IGK6, STM32H563IGT6, STM32H563IIK3Q, STM32H563IIK6, STM32H563IIT3Q, STM32H563IIT6, STM32H563MIY3QTR, STM32H563RGT6, STM32H563RGV6, STM32H563RIT6, STM32H563RIV6, STM32H563VGT6, STM32H563VIT3Q, STM32H563VIT6, STM32H563ZGT6, STM32H563ZIT3Q, STM32H563ZIT6, STM32H573AII3Q, STM32H573AII6, STM32H573I-DK, STM32H573IIK3Q, STM32H573IIK6, STM32H573IIT3Q, STM32H573IIT6, STM32H573MIY3QTR, STM32H573RIT6, STM32H573RIV6, STM32H573VIT3Q, STM32H573VIT6, STM32H573ZIT3Q, STM32H573ZIT6, STM32L4R5QGI6STR, STM32MP131AAE3, STM32MP131AAF3, STM32MP131AAG3, STM32MP131CAE3, STM32MP131CAF3, STM32MP131CAG3, STM32MP131DAE7, STM32MP131DAF7, STM32MP131DAG7, STM32MP131FAE7, STM32MP131FAF7, STM32MP131FAG7, STM32MP133AAE3, STM32MP133AAF3, STM32MP133AAG3, STM32MP133CAE3, STM32MP133CAF3, STM32MP133CAG3, STM32MP133DAE7, STM32MP133DAF7, STM32MP133DAG7, STM32MP133FAE7, STM32MP133FAF7, STM32MP133FAG7, STM32MP135AAE3, STM32MP135AAF3, STM32MP135AAG3, STM32MP135CAE3, STM32MP135CAF3, STM32MP135CAG3, STM32MP135DAE7, STM32MP135DAF7, STM32MP135DAG7, STM32MP135F-DK, STM32MP135FAE7, STM32MP135FAF7, STM32MP135FAF7T, STM32MP135FAF7U, STM32MP135FAG7, STM32U535CBT6, STM32U535CBT6Q, STM32U535CBU6, STM32U535CBU6Q, STM32U535CCT6, STM32U535CCT6Q, STM32U535CCU6, STM32U535CCU6Q, STM32U535CET6, STM32U535CET6Q, STM32U535CEU6, STM32U535CEU6Q, STM32U535JEY6QTR, STM32U535NCY6QTR, STM32U535NEY6QTR, STM32U535RBI6, STM32U535RBI6Q, STM32U535RBT6, STM32U535RBT6Q, STM32U535RCI6, STM32U535RCI6Q, STM32U535RCT6, STM32U535RCT6Q, STM32U535REI6, STM32U535REI6Q, STM32U535RET6, STM32U535RET6Q, STM32U535VCI6, STM32U535VCI6Q, STM32U535VCT6, STM32U535VCT6Q, STM32U535VEI6, STM32U535VEI6Q, STM32U535VET6, STM32U535VET6Q, STM32U545CET6, STM32U545CET6Q, STM32U545CEU6, STM32U545CEU6Q, STM32U545JEY6QTR, STM32U545NEY6QTR, STM32U545REI6, STM32U545REI6Q, STM32U545RET6, STM32U545RET6Q, STM32U545VEI6, STM32U545VEI6Q, STM32U545VET6, STM32U545VET6Q, STM32U595AIH6, STM32U595AIH6Q, STM32U595AJH6, STM32U595AJH6Q, STM32U595QII6, STM32U595QII6Q, STM32U595QJI6, STM32U595QJI6Q, STM32U595RIT6, STM32U595RIT6Q, STM32U595RJT6, STM32U595RJT6Q, STM32U595VIT6, STM32U595VIT6Q, STM32U595VJT6, STM32U595VJT6Q, STM32U595ZIT6, STM32U595ZIT6Q, STM32U595ZIY6QTR, STM32U595ZJT6, STM32U595ZJT6Q, STM32U595ZJY6QTR, STM32U599BJY6QTR, STM32U599NIH6Q, STM32U599NJH6Q, STM32U599VIT6Q, STM32U599VJT6, STM32U599VJT6Q, STM32U599ZIT6Q, STM32U599ZIY6QTR, STM32U599ZJT6Q, STM32U599ZJY6QTR, STM32U5A5AJH6, STM32U5A5AJH6Q, STM32U5A5QJI6, STM32U5A5QJI6Q, STM32U5A5RJT6, STM32U5A5RJT6Q, STM32U5A5VJT6, STM32U5A5VJT6Q, STM32U5A5ZJT6, STM32U5A5ZJT6Q, STM32U5A5ZJY6QTR, STM32U5A9BJY6QTR, STM32U5A9J-DK, STM32U5A9NJH6Q, STM32U5A9VJT6Q, STM32U5A9ZJT6Q, STM32U5A9ZJY6QTR, STM32U5F7VIT6, STM32U5F7VIT6Q, STM32U5F7VJT6, STM32U5F7VJT6Q, STM32U5F9BJY6QTR, STM32U5F9NJH6Q, STM32U5F9VIT6Q, STM32U5F9VJT6Q, STM32U5F9ZIJ6QTR, STM32U5F9ZIT6Q, STM32U5F9ZJJ6QTR, STM32U5F9ZJT6Q, STM32U5G7VJT6, STM32U5G7VJT6Q, STM32U5G9BJY6QTR, STM32U5G9J-DK1, STM32U5G9J-DK2, STM32U5G9NJH6Q, STM32U5G9VJT6Q, STM32U5G9ZJJ6QTR, STM32U5G9ZJT6Q, STM32WB1MMCH6, STM32WBA50KEU6, STM32WBA50KEU6TR, STM32WBA50KGU6, STM32WBA50KGU6TR, STM32WBA52CEU6, STM32WBA52CEU6TR, STM32WBA52CEU7, STM32WBA52CEU7TR, STM32WBA52CGU6, STM32WBA52CGU6TR, STM32WBA52CGU6U, STM32WBA52CGU7, STM32WBA52CGU7TR, STM32WBA52KEU6, STM32WBA52KEU6TR, STM32WBA52KGU6, STM32WBA52KGU6TR, STM32WBA54CEU6, STM32WBA54CEU6TR, STM32WBA54CEU7, STM32WBA54CEU7TR, STM32WBA54CGU6, STM32WBA54CGU6TR, STM32WBA54CGU7, STM32WBA54CGU7TR, STM32WBA54KEU6, STM32WBA54KEU6TR, STM32WBA54KEU7, STM32WBA54KEU7TR, STM32WBA54KGU6, STM32WBA54KGU6TR, STM32WBA54KGU7, STM32WBA54KGU7TR, STM32WBA55CEU6, STM32WBA55CEU6TR, STM32WBA55CEU7, STM32WBA55CEU7TR, STM32WBA55CGU6, STM32WBA55CGU6TR, STM32WBA55CGU6U, STM32WBA55CGU7, STM32WBA55CGU7TR, STM32WBA55G-DK1, STM32WBA55HEF6, STM32WBA55HEF7, STM32WBA55HGF6, STM32WBA55HGF7, STM32WBA55UEI6, STM32WBA55UEI6TR, STM32WBA55UEI7, STM32WBA55UEI7TR, STM32WBA55UGI6, STM32WBA55UGI6TR, STM32WBA55UGI7, STM32WBA55UGI7TR, STM32WL5MOCH6, STM32WL5MOCH6TR]
2024-02-05 10:52:03,608 [INFO] DbMcus:218 - Found 3930 MCUs, 3930 are supported
2024-02-05 10:52:03,609 [INFO] ApiDb:414 - User favorites file not found: C:\Users\tarun/.stm32cubeide/favorites.mcus.txt
2024-02-05 10:52:03,611 [INFO] DbMcus:224 - Set 0 / 0 favorites MCUs
2024-02-05 10:52:04,108 [INFO] ApiDb:414 - User favorites file not found: C:\Users\tarun/.stm32cubeide/favorites.boards.txt
2024-02-05 10:52:04,109 [INFO] DbBoards:198 - Set 0 / 0 favorites Boards
2024-02-05 10:52:04,109 [INFO] McuFinderGlobals:76 - Set McuFinderConnectedMode to true
2024-02-05 10:52:04,134 [INFO] MultiScanPanel:200 - Auto-refresh data requested => check proxy status ongoing
2024-02-05 10:52:04,142 [INFO] FinderPluginLoader:95 - Searching for filters in installed packs
2024-02-05 10:52:08,844 [ERROR] WebUtils:396 - Updater is busy
2024-02-05 10:52:08,844 [WARN] DetailPanel:346 - Failed to get advertising image, set to default
2024-02-05 10:52:10,776 [ERROR] ServerAccessManage:1089 - Problem, file not found on Server
2024-02-05 10:52:11,612 [ERROR] ServerAccessManage:1089 - Problem, file not found on Server
2024-02-05 10:52:12,598 [ERROR] ServerAccessManage:1089 - Problem, file not found on Server
2024-02-05 10:52:13,518 [ERROR] ServerAccessManage:1089 - Problem, file not found on Server
2024-02-05 10:52:14,339 [ERROR] ServerAccessManage:1089 - Problem, file not found on Server
2024-02-05 10:52:15,157 [ERROR] ServerAccessManage:1089 - Problem, file not found on Server
2024-02-05 10:52:16,089 [INFO] ServerAccessManage:473 - Download File STMicroelectronics.X-CUBE-ISPU.pdsc
2024-02-05 10:52:18,989 [INFO] ServerAccessManage:473 - Download File STMicroelectronics.X-CUBE-MEMS1.pdsc
2024-02-05 10:52:32,170 [INFO] ServerAccessManage:473 - Download File STMicroelectronics.X-CUBE-NFC4.pdsc
2024-02-05 10:52:41,065 [INFO] ServerAccessManage:473 - Download File STMicroelectronics.X-CUBE-NFC6.pdsc
2024-02-05 10:52:42,125 [INFO] ServerAccessManage:473 - Download File STMicroelectronics.X-CUBE-NFC7.pdsc
2024-02-05 10:52:44,049 [INFO] ServerAccessManage:473 - Download File STMicroelectronics.X-CUBE-SFXS2LP1.pdsc
2024-02-05 10:52:47,310 [INFO] ServerAccessManage:473 - Download File STMicroelectronics.X-CUBE-SUBG2.pdsc
2024-02-05 10:52:53,966 [INFO] ServerAccessManage:473 - Download File STMicroelectronics.X-CUBE-SMBUS.pdsc
2024-02-05 10:52:55,402 [ERROR] ServerAccessManage:1089 - Problem, file not found on Server
2024-02-05 10:52:56,141 [INFO] ServerAccessManage:473 - Download File STMicroelectronics.X-CUBE-TOF1.pdsc
2024-02-05 10:53:01,543 [ERROR] ServerAccessManage:1089 - Problem, file not found on Server
2024-02-05 10:53:02,322 [INFO] ServerAccessManage:473 - Download File STMicroelectronics.X-CUBE-TOUCHGFX.pdsc
2024-02-05 10:53:14,139 [INFO] ServerAccessManage:473 - Download File STMicroelectronics.X-CUBE-ALGOBUILD.pdsc
2024-02-05 10:53:18,646 [INFO] ServerAccessManage:473 - Download File STMicroelectronics.X-CUBE-AZRTOS-H7.pdsc
2024-02-05 10:53:23,945 [INFO] ServerAccessManage:473 - Download File STMicroelectronics.X-CUBE-AZRTOS-F4.pdsc
2024-02-05 10:53:25,686 [INFO] ServerAccessManage:473 - Download File STMicroelectronics.X-CUBE-AZRTOS-F7.pdsc
2024-02-05 10:53:27,043 [INFO] ServerAccessManage:473 - Download File STMicroelectronics.X-CUBE-AZRTOS-L4.pdsc
2024-02-05 10:53:28,779 [INFO] ServerAccessManage:473 - Download File STMicroelectronics.X-CUBE-AZRTOS-L5.pdsc
2024-02-05 10:53:31,450 [INFO] ServerAccessManage:473 - Download File STMicroelectronics.X-CUBE-AZRTOS-G0.pdsc
2024-02-05 10:53:34,135 [INFO] ServerAccessManage:473 - Download File STMicroelectronics.X-CUBE-AZRTOS-G4.pdsc
2024-02-05 10:53:36,211 [INFO] ServerAccessManage:473 - Download File STMicroelectronics.X-CUBE-AZRTOS-WB.pdsc
2024-02-05 10:53:38,409 [INFO] ServerAccessManage:473 - Download File STMicroelectronics.X-CUBE-AZRTOS-WL.pdsc
2024-02-05 10:53:42,001 [INFO] ServerAccessManage:473 - Download File wolfSSL.I-CUBE-wolfSSL.pdsc
2024-02-05 10:53:50,288 [ERROR] ServerAccessManage:1089 - Problem, file not found on Server
2024-02-05 10:53:50,900 [ERROR] ServerAccessManage:1089 - Problem, file not found on Server
2024-02-05 10:53:51,516 [ERROR] ServerAccessManage:1089 - Problem, file not found on Server
2024-02-05 10:53:53,829 [ERROR] ServerAccessManage:1096 - Problem, Http access forbiden
2024-02-05 10:53:53,831 [ERROR] ServerAccessManage:651 - Problem, Http access forbiden : RoweBots.I-CUBE-UNISONRTOS.pdsc.
2024-02-05 10:53:54,775 [INFO] ServerAccessManage:473 - Download File SEGGER.I-CUBE-embOS.pdsc
2024-02-05 10:53:57,186 [INFO] ServerAccessManage:473 - Download File portGmbH.I-Cube-SoM-uGOAL.pdsc
2024-02-05 10:54:00,378 [ERROR] ServerAccessManage:1089 - Problem, file not found on Server
2024-02-05 10:54:00,534 [ERROR] ServerAccessManage:1089 - Problem, file not found on Server
2024-02-05 10:54:00,702 [ERROR] ServerAccessManage:1089 - Problem, file not found on Server
2024-02-05 10:54:02,083 [INFO] ServerAccessManage:473 - Download File emotas.I-CUBE-CANOPEN.pdsc
2024-02-05 10:54:06,269 [INFO] ServerAccessManage:473 - Download File WES.I-CUBE-Cesium.pdsc
2024-02-05 10:54:07,377 [ERROR] ServerAccessManage:1089 - Problem, file not found on Server
2024-02-05 10:54:07,823 [ERROR] ServerAccessManage:1089 - Problem, file not found on Server
2024-02-05 10:54:09,183 [INFO] ServerAccessManage:473 - Download File ITTIA_DB.I-CUBE-ITTIADB.pdsc
2024-02-05 10:54:16,610 [INFO] ServerAccessManage:473 - Download File Infineon.AIROC-Wi-Fi-Bluetooth-STM32.pdsc
2024-02-05 10:54:21,168 [WARN] CheckServerUpdateThread:151 - Open CheckUpdateFile Fail
2024-02-05 10:54:21,249 [WARN] PackLoader:240 - Cannot read IP mode file for STMicroelectronics.FP-ATR-ASTRA1.2.0.0
2024-02-05 10:54:21,270 [WARN] PackLoader:240 - Cannot read IP mode file for STMicroelectronics.FP-ATR-SIGFOX1.3.2.0
2024-02-05 10:54:21,304 [WARN] PackLoader:240 - Cannot read IP mode file for STMicroelectronics.FP-SNS-FLIGHT1.5.0.2
2024-02-05 10:54:21,338 [WARN] PackLoader:240 - Cannot read IP mode file for STMicroelectronics.FP-SNS-MOTENV1.4.3.2
2024-02-05 10:54:21,355 [WARN] PackLoader:240 - Cannot read IP mode file for STMicroelectronics.FP-SNS-MOTENVWB1.1.3.1
2024-02-05 10:54:21,376 [WARN] PackLoader:240 - Cannot read IP mode file for STMicroelectronics.FP-SNS-SMARTAG2.1.2.0
2024-02-05 10:54:21,390 [WARN] PackLoader:240 - Cannot read IP mode file for STMicroelectronics.X-CUBE-AI.8.1.0
2024-02-05 10:54:21,422 [INFO] CheckServerUpdateThread:120 - End of CheckServer Thread
2024-02-05 10:54:21,424 [WARN] PackLoader:240 - Cannot read IP mode file for STMicroelectronics.X-CUBE-ALS.1.0.1
2024-02-05 10:54:21,477 [WARN] PackLoader:240 - Cannot read IP mode file for STMicroelectronics.X-CUBE-BLE1.7.0.0
2024-02-05 10:54:21,497 [WARN] PackLoader:240 - Cannot read IP mode file for STMicroelectronics.X-CUBE-BLE2.3.3.0
2024-02-05 10:54:21,531 [WARN] PackLoader:240 - Cannot read IP mode file for STMicroelectronics.X-CUBE-BLEMGR.3.0.0
2024-02-05 10:54:21,581 [WARN] PackLoader:240 - Cannot read IP mode file for STMicroelectronics.X-CUBE-DISPLAY.3.0.0
2024-02-05 10:54:21,627 [WARN] PackLoader:240 - Cannot read IP mode file for STMicroelectronics.X-CUBE-EEPRMA1.5.1.0
2024-02-05 10:54:21,648 [WARN] PackLoader:240 - Cannot read IP mode file for STMicroelectronics.X-CUBE-FREERTOS.1.1.0
2024-02-05 10:54:21,666 [WARN] PackLoader:240 - Cannot read IP mode file for STMicroelectronics.X-CUBE-GNSS1.6.0.0
2024-02-05 10:54:21,678 [WARN] PackLoader:240 - Cannot read IP mode file for STMicroelectronics.X-CUBE-ISPU.2.0.0
2024-02-05 10:54:21,796 [WARN] PackLoader:240 - Cannot read IP mode file for STMicroelectronics.X-CUBE-MEMS1.10.0.0
2024-02-05 10:54:22,068 [WARN] PackLoader:240 - Cannot read IP mode file for STMicroelectronics.X-CUBE-NFC4.3.0.0
2024-02-05 10:54:22,085 [WARN] PackLoader:240 - Cannot read IP mode file for STMicroelectronics.X-CUBE-NFC6.3.0.0
2024-02-05 10:54:22,099 [WARN] PackLoader:240 - Cannot read IP mode file for STMicroelectronics.X-CUBE-NFC7.1.0.1
2024-02-05 10:54:22,114 [WARN] PackLoader:240 - Cannot read IP mode file for STMicroelectronics.X-CUBE-SFXS2LP1.4.0.0
2024-02-05 10:54:22,139 [WARN] PackLoader:240 - Cannot read IP mode file for STMicroelectronics.X-CUBE-SUBG2.5.0.0
2024-02-05 10:54:22,162 [WARN] PackLoader:240 - Cannot read IP mode file for STMicroelectronics.X-CUBE-SMBUS.2.1.0
2024-02-05 10:54:22,192 [WARN] PackLoader:240 - Cannot read IP mode file for STMicroelectronics.X-CUBE-TOF1.3.4.0
2024-02-05 10:54:22,233 [WARN] PackLoader:240 - Cannot read IP mode file for STMicroelectronics.X-CUBE-TOUCHGFX.4.23.0
2024-02-05 10:54:22,246 [WARN] PackLoader:240 - Cannot read IP mode file for STMicroelectronics.X-CUBE-ALGOBUILD.1.3.0
2024-02-05 10:54:22,284 [WARN] PackLoader:240 - Cannot read IP mode file for STMicroelectronics.X-CUBE-AZRTOS-H7.3.2.0
2024-02-05 10:54:22,424 [WARN] PackLoader:240 - Cannot read IP mode file for STMicroelectronics.X-CUBE-AZRTOS-F4.1.1.0
2024-02-05 10:54:22,482 [WARN] PackLoader:240 - Cannot read IP mode file for STMicroelectronics.X-CUBE-AZRTOS-F7.1.1.0
2024-02-05 10:54:22,551 [WARN] ConditionMgr:438 - getConditionDescription Invalid condition id : LAN8742 Phy interface Condition cause : null
2024-02-05 10:54:22,553 [WARN] PackLoader:240 - Cannot read IP mode file for STMicroelectronics.X-CUBE-AZRTOS-L4.2.0.0
2024-02-05 10:54:22,556 [WARN] ConditionMgr:1039 - genDependencies : Invalid condition id : LAN8742 Phy interface Condition cause : null
2024-02-05 10:54:22,557 [WARN] ConditionMgr:1039 - genDependencies : Invalid condition id : LAN8742 Phy interface Condition cause : null
2024-02-05 10:54:22,559 [WARN] ConditionMgr:1039 - genDependencies : Invalid condition id : LAN8742 Phy interface Condition cause : null
2024-02-05 10:54:22,597 [WARN] PackLoader:240 - Cannot read IP mode file for STMicroelectronics.X-CUBE-AZRTOS-L5.2.0.0
2024-02-05 10:54:22,704 [WARN] PackLoader:240 - Cannot read IP mode file for STMicroelectronics.X-CUBE-AZRTOS-G0.1.1.0
2024-02-05 10:54:22,764 [WARN] PackLoader:240 - Cannot read IP mode file for STMicroelectronics.X-CUBE-AZRTOS-G4.2.0.0
2024-02-05 10:54:22,810 [WARN] ConditionMgr:438 - getConditionDescription Invalid condition id : UX DEVICE CLASS RTOS Condition cause : null
2024-02-05 10:54:22,810 [WARN] ConditionMgr:438 - getConditionDescription Invalid condition id : UX DEVICE CLASS RTOS Condition cause : null
2024-02-05 10:54:22,814 [WARN] PackLoader:240 - Cannot read IP mode file for STMicroelectronics.X-CUBE-AZRTOS-WB.2.0.0
2024-02-05 10:54:22,815 [WARN] ConditionMgr:1039 - genDependencies : Invalid condition id : UX DEVICE CLASS RTOS Condition cause : null
2024-02-05 10:54:22,816 [WARN] ConditionMgr:1039 - genDependencies : Invalid condition id : UX DEVICE CLASS RTOS Condition cause : null
2024-02-05 10:54:22,817 [WARN] ConditionMgr:1039 - genDependencies : Invalid condition id : UX DEVICE CLASS RTOS Condition cause : null
2024-02-05 10:54:22,817 [WARN] ConditionMgr:1039 - genDependencies : Invalid condition id : UX DEVICE CLASS RTOS Condition cause : null
2024-02-05 10:54:22,817 [WARN] ConditionMgr:1039 - genDependencies : Invalid condition id : UX DEVICE CLASS RTOS Condition cause : null
2024-02-05 10:54:22,986 [INFO] LogOutputStream:77 - [STDOUT_REDIRECT] 1 : Invalid condition id : UX_CORESTACK_Condition cause : null
2024-02-05 10:54:22,989 [INFO] LogOutputStream:77 - [STDOUT_REDIRECT] 1 : Invalid condition id : UX_CORESTACK_Condition cause : null
2024-02-05 10:54:22,992 [INFO] LogOutputStream:77 - [STDOUT_REDIRECT] 1 : Invalid condition id : UX_CORESTACK_Condition cause : null
2024-02-05 10:54:22,994 [INFO] LogOutputStream:77 - [STDOUT_REDIRECT] 1 : Invalid condition id : UX_CORESTACK_Condition cause : null
2024-02-05 10:54:22,997 [INFO] LogOutputStream:77 - [STDOUT_REDIRECT] 1 : Invalid condition id : UX_CORESTACK_Condition cause : null
2024-02-05 10:54:23,001 [WARN] PackLoader:240 - Cannot read IP mode file for STMicroelectronics.X-CUBE-AZRTOS-WL.2.0.0
2024-02-05 10:54:23,013 [WARN] PackLoader:240 - Cannot read IP mode file for wolfSSL.I-CUBE-wolfSSL.5.6.6
2024-02-05 10:54:23,064 [WARN] PackLoader:240 - Cannot read IP mode file for SEGGER.I-CUBE-embOS.1.3.1
2024-02-05 10:54:23,152 [WARN] PackLoader:240 - Cannot read IP mode file for portGmbH.I-Cube-SoM-uGOAL.1.1.0
2024-02-05 10:54:23,163 [WARN] PackLoader:240 - Cannot read IP mode file for emotas.I-CUBE-CANOPEN.1.3.0
2024-02-05 10:54:23,177 [WARN] PackLoader:240 - Cannot read IP mode file for WES.I-CUBE-Cesium.1.3.0
2024-02-05 10:54:23,188 [WARN] PackLoader:240 - Cannot read IP mode file for ITTIA_DB.I-CUBE-ITTIADB.8.8.0
2024-02-05 10:54:23,209 [WARN] PackLoader:240 - Cannot read IP mode file for Infineon.AIROC-Wi-Fi-Bluetooth-STM32.1.5.1
2024-02-05 10:54:23,215 [INFO] PopulateThirdPartyThread:66 - Ending populate Thread
2024-02-05 10:54:23,222 [INFO] ThirdParty:1030 - CMSIS Pack Vendor :STMicroelectronics X-CUBE-DISPLAY 3.0.0
2024-02-05 10:54:23,222 [INFO] ThirdParty:1030 - CMSIS Pack Vendor :STMicroelectronics X-CUBE-GNSS1 6.0.0
2024-02-05 10:54:23,223 [INFO] ThirdParty:1030 - CMSIS Pack Vendor :STMicroelectronics FP-SNS-MOTENVWB1 1.3.1
2024-02-05 10:54:23,223 [INFO] ThirdParty:1030 - CMSIS Pack Vendor :STMicroelectronics X-CUBE-AZRTOS-F4 1.1.0
2024-02-05 10:54:23,223 [INFO] ThirdParty:1030 - CMSIS Pack Vendor :STMicroelectronics FP-ATR-SIGFOX1 3.2.0
2024-02-05 10:54:23,223 [INFO] ThirdParty:1030 - CMSIS Pack Vendor :STMicroelectronics X-CUBE-BLE1 7.0.0
2024-02-05 10:54:23,223 [INFO] ThirdParty:1030 - CMSIS Pack Vendor :STMicroelectronics X-CUBE-SMBUS 2.1.0
2024-02-05 10:54:23,223 [INFO] ThirdParty:1030 - CMSIS Pack Vendor :STMicroelectronics X-CUBE-ISPU 2.0.0
2024-02-05 10:54:23,223 [INFO] ThirdParty:1030 - CMSIS Pack Vendor :STMicroelectronics X-CUBE-EEPRMA1 5.1.0
2024-02-05 10:54:23,223 [INFO] ThirdParty:1030 - CMSIS Pack Vendor :STMicroelectronics X-CUBE-AZRTOS-WB 2.0.0
2024-02-05 10:54:23,223 [INFO] ThirdParty:1030 - CMSIS Pack Vendor :emotas I-CUBE-CANOPEN 1.3.0
2024-02-05 10:54:23,223 [INFO] ThirdParty:1030 - CMSIS Pack Vendor :STMicroelectronics X-CUBE-MEMS1 10.0.0
2024-02-05 10:54:23,223 [INFO] ThirdParty:1030 - CMSIS Pack Vendor :wolfSSL I-CUBE-wolfSSL 5.6.6
2024-02-05 10:54:23,223 [INFO] ThirdParty:1030 - CMSIS Pack Vendor :STMicroelectronics X-CUBE-FREERTOS 1.1.0
2024-02-05 10:54:23,223 [INFO] ThirdParty:1030 - CMSIS Pack Vendor :STMicroelectronics X-CUBE-NFC7 1.0.1
2024-02-05 10:54:23,224 [INFO] ThirdParty:1030 - CMSIS Pack Vendor :STMicroelectronics X-CUBE-TOUCHGFX 4.23.0
2024-02-05 10:54:23,224 [INFO] ThirdParty:1030 - CMSIS Pack Vendor :STMicroelectronics X-CUBE-AZRTOS-F7 1.1.0
2024-02-05 10:54:23,224 [INFO] ThirdParty:1030 - CMSIS Pack Vendor :STMicroelectronics X-CUBE-AZRTOS-L5 2.0.0
2024-02-05 10:54:23,224 [INFO] ThirdParty:1030 - CMSIS Pack Vendor :STMicroelectronics X-CUBE-NFC6 3.0.0
2024-02-05 10:54:23,224 [INFO] ThirdParty:1030 - CMSIS Pack Vendor :STMicroelectronics X-CUBE-ALS 1.0.1
2024-02-05 10:54:23,224 [INFO] ThirdParty:1030 - CMSIS Pack Vendor :portGmbH I-Cube-SoM-uGOAL 1.1.0
2024-02-05 10:54:23,224 [INFO] ThirdParty:1030 - CMSIS Pack Vendor :ITTIA_DB I-CUBE-ITTIADB 8.8.0
2024-02-05 10:54:23,224 [INFO] ThirdParty:1030 - CMSIS Pack Vendor :STMicroelectronics FP-SNS-SMARTAG2 1.2.0
2024-02-05 10:54:23,224 [INFO] ThirdParty:1030 - CMSIS Pack Vendor :STMicroelectronics FP-SNS-MOTENV1 4.3.2
2024-02-05 10:54:23,224 [INFO] ThirdParty:1030 - CMSIS Pack Vendor :STMicroelectronics X-CUBE-ALGOBUILD 1.3.0
2024-02-05 10:54:23,224 [INFO] ThirdParty:1030 - CMSIS Pack Vendor :STMicroelectronics X-CUBE-AZRTOS-WL 2.0.0
2024-02-05 10:54:23,224 [INFO] ThirdParty:1030 - CMSIS Pack Vendor :SEGGER I-CUBE-embOS 1.3.1
2024-02-05 10:54:23,224 [INFO] ThirdParty:1030 - CMSIS Pack Vendor :STMicroelectronics X-CUBE-AZRTOS-G0 1.1.0
2024-02-05 10:54:23,225 [INFO] ThirdParty:1030 - CMSIS Pack Vendor :STMicroelectronics X-CUBE-AI 8.1.0
2024-02-05 10:54:23,225 [INFO] ThirdParty:1030 - CMSIS Pack Vendor :STMicroelectronics X-CUBE-NFC4 3.0.0
2024-02-05 10:54:23,225 [INFO] ThirdParty:1030 - CMSIS Pack Vendor :STMicroelectronics X-CUBE-SUBG2 5.0.0
2024-02-05 10:54:23,225 [INFO] ThirdParty:1030 - CMSIS Pack Vendor :STMicroelectronics X-CUBE-AZRTOS-L4 2.0.0
2024-02-05 10:54:23,225 [INFO] ThirdParty:1030 - CMSIS Pack Vendor :STMicroelectronics FP-ATR-ASTRA1 2.0.0
2024-02-05 10:54:23,225 [INFO] ThirdParty:1030 - CMSIS Pack Vendor :WES I-CUBE-Cesium 1.3.0
2024-02-05 10:54:23,225 [INFO] ThirdParty:1030 - CMSIS Pack Vendor :STMicroelectronics X-CUBE-SFXS2LP1 4.0.0
2024-02-05 10:54:23,225 [INFO] ThirdParty:1030 - CMSIS Pack Vendor :STMicroelectronics FP-SNS-FLIGHT1 5.0.2
2024-02-05 10:54:23,225 [INFO] ThirdParty:1030 - CMSIS Pack Vendor :STMicroelectronics X-CUBE-BLE2 3.3.0
2024-02-05 10:54:23,225 [INFO] ThirdParty:1030 - CMSIS Pack Vendor :STMicroelectronics X-CUBE-TOF1 3.4.0
2024-02-05 10:54:23,225 [INFO] ThirdParty:1030 - CMSIS Pack Vendor :STMicroelectronics X-CUBE-AZRTOS-G4 2.0.0
2024-02-05 10:54:23,225 [INFO] ThirdParty:1030 - CMSIS Pack Vendor :STMicroelectronics X-CUBE-AZRTOS-H7 3.2.0
2024-02-05 10:54:23,225 [INFO] ThirdParty:1030 - CMSIS Pack Vendor :Infineon AIROC-Wi-Fi-Bluetooth-STM32 1.5.1
2024-02-05 10:54:23,225 [INFO] ThirdParty:1030 - CMSIS Pack Vendor :STMicroelectronics X-CUBE-BLEMGR 3.0.0
2024-02-05 10:54:23,227 [INFO] LoadServerUpdatesThread:375 - End of LoadServerUpdate Thread
2024-02-05 10:55:12,711 [INFO] MetaSearchPanel:329 - Collapse all filters sections
2024-02-05 10:55:14,079 [INFO] MetaSearchPanel:329 - Collapse all filters sections
2024-02-05 10:55:15,290 [INFO] MetaSearchPanel:329 - Expand all filters sections
2024-02-05 10:55:22,255 [INFO] McuFinderGlobals:76 - Set McuFinderConnectedMode to true
2024-02-05 10:55:22,868 [INFO] ApiDb:448 - Save user favorites file C:\Users\tarun/.stm32cubeide/favorites.mcus.txt: 0 item(s)
2024-02-05 10:55:22,869 [INFO] ApiDb:452 - User favorites MCUs=[]
2024-02-05 10:55:23,903 [INFO] McuFinderGlobals:76 - Set McuFinderConnectedMode to true
2024-02-05 10:55:24,001 [INFO] ApiDb:448 - Save user favorites file C:\Users\tarun/.stm32cubeide/favorites.mcus.txt: 0 item(s)
2024-02-05 10:55:24,002 [INFO] ApiDb:452 - User favorites MCUs=[]
2024-02-05 10:55:25,490 [INFO] MainUpdater:2873 - connection check result : 10
2024-02-05 10:55:25,491 [INFO] McuFinderGlobals:76 - Set McuFinderConnectedMode to true
2024-02-05 10:55:26,134 [INFO] ServerAccessManage:473 - Download File mcusAds.json._tmp_
2024-02-05 10:55:26,307 [INFO] LoadUrlFilesThread:156 - End of LoadUrlFiles Thread
2024-02-05 10:55:26,755 [INFO] ServerAccessManage:473 - Download File cube-finder-db.zip
2024-02-05 10:55:32,418 [INFO] FileExtend:240 - Unzip File : cube-finder-db.zip
2024-02-05 10:55:32,420 [INFO] FileExtend:255 - Standard Zip Deflate
2024-02-05 10:55:34,624 [INFO] LoadUrlFilesThread:156 - End of LoadUrlFiles Thread
2024-02-05 10:55:35,759 [INFO] ServerAccessManage:473 - Download File crdb.zip
2024-02-05 10:55:40,887 [INFO] FileExtend:240 - Unzip File : crdb.zip
2024-02-05 10:55:40,888 [INFO] FileExtend:255 - Standard Zip Deflate
2024-02-05 10:55:41,107 [INFO] LoadUrlFilesThread:156 - End of LoadUrlFiles Thread
2024-02-05 10:55:41,697 [INFO] ServerAccessManage:473 - Download File tutoVideoDB.zip
2024-02-05 10:55:41,912 [INFO] FileExtend:240 - Unzip File : tutoVideoDB.zip
2024-02-05 10:55:41,913 [INFO] FileExtend:255 - Standard Zip Deflate
2024-02-05 10:55:42,087 [INFO] LoadUrlFilesThread:156 - End of LoadUrlFiles Thread
2024-02-05 10:55:42,111 [WARN] DbFile:41 - Overriding database path with different value: C:\Users\tarun\.stmcufinder\plugins\mcufinder/ => C:\Users\tarun\.stmcufinder\plugins\mcufinder
2024-02-05 10:55:42,319 [INFO] ServerAccessManage:473 - Download File api_config.json
2024-02-05 10:55:42,482 [INFO] LoadUrlFilesThread:156 - End of LoadUrlFiles Thread
2024-02-05 10:55:42,511 [INFO] DbMcusAds:53 - JSON generation date=Wed Nov 29 16:22:27 IST 2023 (1701255147200)
2024-02-05 10:55:42,522 [INFO] ApiDb:448 - Save user favorites file C:\Users\tarun/.stm32cubeide/favorites.mcus.txt: 0 item(s)
2024-02-05 10:55:42,522 [INFO] ApiDb:452 - User favorites MCUs=[]
2024-02-05 10:55:42,544 [INFO] ApiDb:581 - Connected to CubeFinder SQLite database (C:\Users\tarun\.stmcufinder\plugins\mcufinder\mcu\cube-finder-db.db)
2024-02-05 10:55:42,801 [INFO] ApiDb:668 - CubeFinder database Data Model version=2.1
2024-02-05 10:55:42,802 [INFO] ApiDb:669 - CubeFinder database Configuration version=3.0.39
2024-02-05 10:55:42,802 [INFO] ApiDb:670 - CubeFinder database generation date=2024-01-11 (1704964531)
2024-02-05 10:55:42,802 [INFO] ApiDb:671 - CubeFinder database FW Pack versions=[FP-ATR-ASTRA1_V2.0.0, FP-SNS-FLIGHT1_V5.0.1, FP-SNS-FLIGHT1_V5.0.2, FP-SNS-MOTENV1_V4.3.1, FP-SNS-MOTENV1_V4.3.2, FP-SNS-MOTENVWB1_V1.3.1, FP-SNS-SMARTAG2_V1.2.0, STM32Cube_FW_C0_V1.1.0, STM32Cube_FW_F4_V1.28.0, STM32Cube_FW_F7_V1.17.0, STM32Cube_FW_G0_V1.6.2, STM32Cube_FW_G4_V1.5.2, STM32Cube_FW_H5_V0.5.1, STM32Cube_FW_H5_V1.1.1, STM32Cube_FW_H5_V1.2.0RC2, STM32Cube_FW_H7_V1.11.0, STM32Cube_FW_L0_V1.12.2, STM32Cube_FW_L5_V1.5.0, STM32Cube_FW_U5_V1.3.0RC4, STM32Cube_FW_U5_V1.4.0, STM32Cube_FW_WBA_V1.0.0RC1, STM32Cube_FW_WBA_V1.1.0RC1, STM32Cube_FW_WBA_V1.2.0, STM32Cube_FW_WBA_V1.2.0RC2, STM32Cube_FW_WB_V1.15.0RC1, STM32Cube_FW_WB_V1.16.0, STM32Cube_FW_WB_V1.16.0RC2, STM32Cube_FW_WB_V1.18.0, STM32Cube_FW_WL_V1.3.0, X-CUBE-ALGOBUILD_V1.3.0, X-CUBE-ALS_V1.0.1, X-CUBE-AZRTOS-F4_V1.1.0, X-CUBE-AZRTOS-F7_V1.1.0, X-CUBE-AZRTOS-G0_V1.1.0, X-CUBE-AZRTOS-G4_V2.0.0, X-CUBE-AZRTOS-H7_V3.2.0, X-CUBE-AZRTOS-L4_V1.0.0, X-CUBE-AZRTOS-L4_V2.0.0, X-CUBE-AZRTOS-L5_V1.1.0, X-CUBE-AZRTOS-WB_V2.0.0, X-CUBE-AZRTOS-WL_V2.0.0, X-CUBE-BLE1_V7.0.0, X-CUBE-BLE2_V3.3.0, X-CUBE-BLEMGR_V3.0.0, X-CUBE-EEPRMA1_V4.1.0, X-CUBE-EEPRMA1_V4.2.0, X-CUBE-FREERTOS_V1.1.0, X-CUBE-GNSS1_V6.0.0, X-CUBE-MEMS1_V10.0.0, X-CUBE-MEMS1_V9.1.0, X-CUBE-MEMS1_V9.4.0, X-CUBE-MEMS1_V9.6.0, X-CUBE-NFC4_V3.0.0, X-CUBE-NFC7_V1.0.1, X-CUBE-SFXS2LP1_V4.0.0, X-CUBE-SUBG2_V5.0.0, X-CUBE-TOF1_V3.4.0]
2024-02-05 10:55:47,907 [INFO] ApiDb:240 - Found 371 in-development CPN: [B-G473E-ZEST1S, B-WB1M-WPAN1, B-WL5M-SUBG1, NUCLEO-C031C6, NUCLEO-H503RB, NUCLEO-H563ZI, NUCLEO-U545RE-Q, NUCLEO-U5A5ZJ-Q, NUCLEO-WBA52CG, NUCLEO-WBA55CG, STEVAL-MKBOXPRO, STEVAL-PROTEUS1, STEVAL-STWINBX1, STM320518-EVAL, STM32C0116-DK, STM32C011D6Y3TR, STM32C011D6Y6TR, STM32C011F4P3, STM32C011F4P6, STM32C011F4U3, STM32C011F4U6TR, STM32C011F6P3, STM32C011F6P6, STM32C011F6U3, STM32C011F6U6TR, STM32C011J4M3, STM32C011J4M6, STM32C011J6M3, STM32C011J6M6, STM32C0316-DK, STM32C031C4T3, STM32C031C4T6, STM32C031C4U3, STM32C031C4U6, STM32C031C6T3, STM32C031C6T6, STM32C031C6U3, STM32C031C6U6, STM32C031F4P3, STM32C031F4P6, STM32C031F6P3, STM32C031F6P6, STM32C031G4U3, STM32C031G4U6, STM32C031G6U3, STM32C031G6U6, STM32C031K4T3, STM32C031K4T6, STM32C031K4U3, STM32C031K4U6, STM32C031K6T3, STM32C031K6T6, STM32C031K6U3, STM32C031K6U6, STM32G071K8TXN, STM32G071K8UXN, STM32G081GBU6N, STM32G081KBT6N, STM32G081KBUXN, STM32G0B1CCT6N, STM32G0B1KCT6, STM32G0B1NEY6TR, STM32G0B1RCT6N, STM32G0C1CCT6, STM32G0C1CCT6N, STM32G0C1CCU6N, STM32G0C1CET6N, STM32G0C1CEU6N, STM32G0C1KCT6, STM32G0C1NEY6TR, STM32G0C1RCI6N, STM32G0C1RCT6N, STM32G0C1REI6N, STM32G0C1RET6N, STM32G0C1VCI6, STM32G0C1VEI6, STM32G471CCT6, STM32G471CCU6, STM32G471CET3, STM32G471CET6, STM32G471CEU3, STM32G471CEU6, STM32G471MCT6, STM32G471MET3, STM32G471MET6, STM32G471MEY6TR, STM32G471QCT6, STM32G471QET3, STM32G471RCT6, STM32G471RET3, STM32G471RET6, STM32G471VCH6, STM32G471VCI6, STM32G471VCT6, STM32G471VEH3, STM32G471VEH6, STM32G471VEI3, STM32G471VEI6, STM32G471VET3, STM32G471VET6, STM32G474CCT6, STM32H503CBT6, STM32H503CBU6, STM32H503EBY6TR, STM32H503KBU6, STM32H503RBT6, STM32H562AGI6, STM32H562AII6, STM32H562IGK6, STM32H562IGT6, STM32H562IIK6, STM32H562IIT6, STM32H562RGT6, STM32H562RGV6, STM32H562RIT6, STM32H562RIV6, STM32H562VGT6, STM32H562VIT6, STM32H562ZGT6, STM32H562ZIT6, STM32H563AGI6, STM32H563AII3Q, STM32H563AII6, STM32H563IGK6, STM32H563IGT6, STM32H563IIK3Q, STM32H563IIK6, STM32H563IIT3Q, STM32H563IIT6, STM32H563MIY3QTR, STM32H563RGT6, STM32H563RGV6, STM32H563RIT6, STM32H563RIV6, STM32H563VGT6, STM32H563VIT3Q, STM32H563VIT6, STM32H563ZGT6, STM32H563ZIT3Q, STM32H563ZIT6, STM32H573AII3Q, STM32H573AII6, STM32H573I-DK, STM32H573IIK3Q, STM32H573IIK6, STM32H573IIT3Q, STM32H573IIT6, STM32H573MIY3QTR, STM32H573RIT6, STM32H573RIV6, STM32H573VIT3Q, STM32H573VIT6, STM32H573ZIT3Q, STM32H573ZIT6, STM32L4R5QGI6STR, STM32MP131AAE3, STM32MP131AAF3, STM32MP131AAG3, STM32MP131CAE3, STM32MP131CAF3, STM32MP131CAG3, STM32MP131DAE7, STM32MP131DAF7, STM32MP131DAG7, STM32MP131FAE7, STM32MP131FAF7, STM32MP131FAG7, STM32MP133AAE3, STM32MP133AAF3, STM32MP133AAG3, STM32MP133CAE3, STM32MP133CAF3, STM32MP133CAG3, STM32MP133DAE7, STM32MP133DAF7, STM32MP133DAG7, STM32MP133FAE7, STM32MP133FAF7, STM32MP133FAG7, STM32MP135AAE3, STM32MP135AAF3, STM32MP135AAG3, STM32MP135CAE3, STM32MP135CAF3, STM32MP135CAG3, STM32MP135DAE7, STM32MP135DAF7, STM32MP135DAG7, STM32MP135F-DK, STM32MP135FAE7, STM32MP135FAF7, STM32MP135FAF7T, STM32MP135FAF7U, STM32MP135FAG7, STM32U535CBT6, STM32U535CBT6Q, STM32U535CBU6, STM32U535CBU6Q, STM32U535CCT6, STM32U535CCT6Q, STM32U535CCU6, STM32U535CCU6Q, STM32U535CET6, STM32U535CET6Q, STM32U535CEU6, STM32U535CEU6Q, STM32U535JEY6QTR, STM32U535NCY6QTR, STM32U535NEY6QTR, STM32U535RBI6, STM32U535RBI6Q, STM32U535RBT6, STM32U535RBT6Q, STM32U535RCI6, STM32U535RCI6Q, STM32U535RCT6, STM32U535RCT6Q, STM32U535REI6, STM32U535REI6Q, STM32U535RET6, STM32U535RET6Q, STM32U535VCI6, STM32U535VCI6Q, STM32U535VCT6, STM32U535VCT6Q, STM32U535VEI6, STM32U535VEI6Q, STM32U535VET6, STM32U535VET6Q, STM32U545CET6, STM32U545CET6Q, STM32U545CEU6, STM32U545CEU6Q, STM32U545JEY6QTR, STM32U545NEY6QTR, STM32U545REI6, STM32U545REI6Q, STM32U545RET6, STM32U545RET6Q, STM32U545VEI6, STM32U545VEI6Q, STM32U545VET6, STM32U545VET6Q, STM32U595AIH6, STM32U595AIH6Q, STM32U595AJH6, STM32U595AJH6Q, STM32U595QII6, STM32U595QII6Q, STM32U595QJI6, STM32U595QJI6Q, STM32U595RIT6, STM32U595RIT6Q, STM32U595RJT6, STM32U595RJT6Q, STM32U595VIT6, STM32U595VIT6Q, STM32U595VJT6, STM32U595VJT6Q, STM32U595ZIT6, STM32U595ZIT6Q, STM32U595ZIY6QTR, STM32U595ZJT6, STM32U595ZJT6Q, STM32U595ZJY6QTR, STM32U599BJY6QTR, STM32U599NIH6Q, STM32U599NJH6Q, STM32U599VIT6Q, STM32U599VJT6, STM32U599VJT6Q, STM32U599ZIT6Q, STM32U599ZIY6QTR, STM32U599ZJT6Q, STM32U599ZJY6QTR, STM32U5A5AJH6, STM32U5A5AJH6Q, STM32U5A5QJI6, STM32U5A5QJI6Q, STM32U5A5RJT6, STM32U5A5RJT6Q, STM32U5A5VJT6, STM32U5A5VJT6Q, STM32U5A5ZJT6, STM32U5A5ZJT6Q, STM32U5A5ZJY6QTR, STM32U5A9BJY6QTR, STM32U5A9J-DK, STM32U5A9NJH6Q, STM32U5A9VJT6Q, STM32U5A9ZJT6Q, STM32U5A9ZJY6QTR, STM32U5F7VIT6, STM32U5F7VIT6Q, STM32U5F7VJT6, STM32U5F7VJT6Q, STM32U5F9BJY6QTR, STM32U5F9NJH6Q, STM32U5F9VIT6Q, STM32U5F9VJT6Q, STM32U5F9ZIJ6QTR, STM32U5F9ZIT6Q, STM32U5F9ZJJ6QTR, STM32U5F9ZJT6Q, STM32U5G7VJT6, STM32U5G7VJT6Q, STM32U5G9BJY6QTR, STM32U5G9J-DK1, STM32U5G9J-DK2, STM32U5G9NJH6Q, STM32U5G9VJT6Q, STM32U5G9ZJJ6QTR, STM32U5G9ZJT6Q, STM32WB1MMCH6, STM32WBA50KEU6, STM32WBA50KEU6TR, STM32WBA50KGU6, STM32WBA50KGU6TR, STM32WBA52CEU6, STM32WBA52CEU6TR, STM32WBA52CEU7, STM32WBA52CEU7TR, STM32WBA52CGU6, STM32WBA52CGU6TR, STM32WBA52CGU6U, STM32WBA52CGU7, STM32WBA52CGU7TR, STM32WBA52KEU6, STM32WBA52KEU6TR, STM32WBA52KGU6, STM32WBA52KGU6TR, STM32WBA54CEU6, STM32WBA54CEU6TR, STM32WBA54CEU7, STM32WBA54CEU7TR, STM32WBA54CGU6, STM32WBA54CGU6TR, STM32WBA54CGU7, STM32WBA54CGU7TR, STM32WBA54KEU6, STM32WBA54KEU6TR, STM32WBA54KEU7, STM32WBA54KEU7TR, STM32WBA54KGU6, STM32WBA54KGU6TR, STM32WBA54KGU7, STM32WBA54KGU7TR, STM32WBA55CEU6, STM32WBA55CEU6TR, STM32WBA55CEU7, STM32WBA55CEU7TR, STM32WBA55CGU6, STM32WBA55CGU6TR, STM32WBA55CGU6U, STM32WBA55CGU7, STM32WBA55CGU7TR, STM32WBA55G-DK1, STM32WBA55HEF6, STM32WBA55HEF7, STM32WBA55HGF6, STM32WBA55HGF7, STM32WBA55UEI6, STM32WBA55UEI6TR, STM32WBA55UEI7, STM32WBA55UEI7TR, STM32WBA55UGI6, STM32WBA55UGI6TR, STM32WBA55UGI7, STM32WBA55UGI7TR, STM32WL5MOCH6, STM32WL5MOCH6TR]
2024-02-05 10:55:47,916 [INFO] DbMcus:218 - Found 3930 MCUs, 3930 are supported
2024-02-05 10:55:47,918 [INFO] ApiDb:423 - Load user favorites file C:\Users\tarun/.stm32cubeide/favorites.mcus.txt: 0 item(s)
2024-02-05 10:55:47,918 [INFO] ApiDb:427 - User favorites MCUs=[]
2024-02-05 10:55:47,919 [INFO] DbMcus:224 - Set 0 / 0 favorites MCUs
2024-02-05 10:55:48,502 [INFO] ApiDb:448 - Save user favorites file C:\Users\tarun/.stm32cubeide/favorites.boards.txt: 0 item(s)
2024-02-05 10:55:48,502 [INFO] ApiDb:452 - User favorites Boards=[]
2024-02-05 10:55:48,507 [INFO] ApiDb:581 - Connected to CubeFinder SQLite database (C:\Users\tarun\.stmcufinder\plugins\mcufinder\mcu\cube-finder-db.db)
2024-02-05 10:55:48,646 [INFO] ApiDb:668 - CubeFinder database Data Model version=2.1
2024-02-05 10:55:48,647 [INFO] ApiDb:669 - CubeFinder database Configuration version=3.0.39
2024-02-05 10:55:48,647 [INFO] ApiDb:670 - CubeFinder database generation date=2024-01-11 (1704964531)
2024-02-05 10:55:48,647 [INFO] ApiDb:671 - CubeFinder database FW Pack versions=[FP-ATR-ASTRA1_V2.0.0, FP-SNS-FLIGHT1_V5.0.1, FP-SNS-FLIGHT1_V5.0.2, FP-SNS-MOTENV1_V4.3.1, FP-SNS-MOTENV1_V4.3.2, FP-SNS-MOTENVWB1_V1.3.1, FP-SNS-SMARTAG2_V1.2.0, STM32Cube_FW_C0_V1.1.0, STM32Cube_FW_F4_V1.28.0, STM32Cube_FW_F7_V1.17.0, STM32Cube_FW_G0_V1.6.2, STM32Cube_FW_G4_V1.5.2, STM32Cube_FW_H5_V0.5.1, STM32Cube_FW_H5_V1.1.1, STM32Cube_FW_H5_V1.2.0RC2, STM32Cube_FW_H7_V1.11.0, STM32Cube_FW_L0_V1.12.2, STM32Cube_FW_L5_V1.5.0, STM32Cube_FW_U5_V1.3.0RC4, STM32Cube_FW_U5_V1.4.0, STM32Cube_FW_WBA_V1.0.0RC1, STM32Cube_FW_WBA_V1.1.0RC1, STM32Cube_FW_WBA_V1.2.0, STM32Cube_FW_WBA_V1.2.0RC2, STM32Cube_FW_WB_V1.15.0RC1, STM32Cube_FW_WB_V1.16.0, STM32Cube_FW_WB_V1.16.0RC2, STM32Cube_FW_WB_V1.18.0, STM32Cube_FW_WL_V1.3.0, X-CUBE-ALGOBUILD_V1.3.0, X-CUBE-ALS_V1.0.1, X-CUBE-AZRTOS-F4_V1.1.0, X-CUBE-AZRTOS-F7_V1.1.0, X-CUBE-AZRTOS-G0_V1.1.0, X-CUBE-AZRTOS-G4_V2.0.0, X-CUBE-AZRTOS-H7_V3.2.0, X-CUBE-AZRTOS-L4_V1.0.0, X-CUBE-AZRTOS-L4_V2.0.0, X-CUBE-AZRTOS-L5_V1.1.0, X-CUBE-AZRTOS-WB_V2.0.0, X-CUBE-AZRTOS-WL_V2.0.0, X-CUBE-BLE1_V7.0.0, X-CUBE-BLE2_V3.3.0, X-CUBE-BLEMGR_V3.0.0, X-CUBE-EEPRMA1_V4.1.0, X-CUBE-EEPRMA1_V4.2.0, X-CUBE-FREERTOS_V1.1.0, X-CUBE-GNSS1_V6.0.0, X-CUBE-MEMS1_V10.0.0, X-CUBE-MEMS1_V9.1.0, X-CUBE-MEMS1_V9.4.0, X-CUBE-MEMS1_V9.6.0, X-CUBE-NFC4_V3.0.0, X-CUBE-NFC7_V1.0.1, X-CUBE-SFXS2LP1_V4.0.0, X-CUBE-SUBG2_V5.0.0, X-CUBE-TOF1_V3.4.0]
2024-02-05 10:55:48,821 [INFO] DbBoardsSqlite:226 - include board P-NUCLEO-WB55-NUCLEO as a kit item of type 'Nucleo-64'
2024-02-05 10:55:48,822 [INFO] DbBoardsSqlite:226 - include board P-NUCLEO-WB55-USBDONGLE as a kit item of type 'Nucleo USB Dongle'
2024-02-05 10:55:48,823 [INFO] DbBoardsSqlite:226 - include board STEVAL-IDP005V1 as a kit item of type 'Evaluation Board'
2024-02-05 10:55:48,823 [INFO] DbBoardsSqlite:226 - include board STEVAL-IDP005V2 as a kit item of type 'Evaluation Board'
2024-02-05 10:55:48,952 [INFO] ApiDb:240 - Found 371 in-development CPN: [B-G473E-ZEST1S, B-WB1M-WPAN1, B-WL5M-SUBG1, NUCLEO-C031C6, NUCLEO-H503RB, NUCLEO-H563ZI, NUCLEO-U545RE-Q, NUCLEO-U5A5ZJ-Q, NUCLEO-WBA52CG, NUCLEO-WBA55CG, STEVAL-MKBOXPRO, STEVAL-PROTEUS1, STEVAL-STWINBX1, STM320518-EVAL, STM32C0116-DK, STM32C011D6Y3TR, STM32C011D6Y6TR, STM32C011F4P3, STM32C011F4P6, STM32C011F4U3, STM32C011F4U6TR, STM32C011F6P3, STM32C011F6P6, STM32C011F6U3, STM32C011F6U6TR, STM32C011J4M3, STM32C011J4M6, STM32C011J6M3, STM32C011J6M6, STM32C0316-DK, STM32C031C4T3, STM32C031C4T6, STM32C031C4U3, STM32C031C4U6, STM32C031C6T3, STM32C031C6T6, STM32C031C6U3, STM32C031C6U6, STM32C031F4P3, STM32C031F4P6, STM32C031F6P3, STM32C031F6P6, STM32C031G4U3, STM32C031G4U6, STM32C031G6U3, STM32C031G6U6, STM32C031K4T3, STM32C031K4T6, STM32C031K4U3, STM32C031K4U6, STM32C031K6T3, STM32C031K6T6, STM32C031K6U3, STM32C031K6U6, STM32G071K8TXN, STM32G071K8UXN, STM32G081GBU6N, STM32G081KBT6N, STM32G081KBUXN, STM32G0B1CCT6N, STM32G0B1KCT6, STM32G0B1NEY6TR, STM32G0B1RCT6N, STM32G0C1CCT6, STM32G0C1CCT6N, STM32G0C1CCU6N, STM32G0C1CET6N, STM32G0C1CEU6N, STM32G0C1KCT6, STM32G0C1NEY6TR, STM32G0C1RCI6N, STM32G0C1RCT6N, STM32G0C1REI6N, STM32G0C1RET6N, STM32G0C1VCI6, STM32G0C1VEI6, STM32G471CCT6, STM32G471CCU6, STM32G471CET3, STM32G471CET6, STM32G471CEU3, STM32G471CEU6, STM32G471MCT6, STM32G471MET3, STM32G471MET6, STM32G471MEY6TR, STM32G471QCT6, STM32G471QET3, STM32G471RCT6, STM32G471RET3, STM32G471RET6, STM32G471VCH6, STM32G471VCI6, STM32G471VCT6, STM32G471VEH3, STM32G471VEH6, STM32G471VEI3, STM32G471VEI6, STM32G471VET3, STM32G471VET6, STM32G474CCT6, STM32H503CBT6, STM32H503CBU6, STM32H503EBY6TR, STM32H503KBU6, STM32H503RBT6, STM32H562AGI6, STM32H562AII6, STM32H562IGK6, STM32H562IGT6, STM32H562IIK6, STM32H562IIT6, STM32H562RGT6, STM32H562RGV6, STM32H562RIT6, STM32H562RIV6, STM32H562VGT6, STM32H562VIT6, STM32H562ZGT6, STM32H562ZIT6, STM32H563AGI6, STM32H563AII3Q, STM32H563AII6, STM32H563IGK6, STM32H563IGT6, STM32H563IIK3Q, STM32H563IIK6, STM32H563IIT3Q, STM32H563IIT6, STM32H563MIY3QTR, STM32H563RGT6, STM32H563RGV6, STM32H563RIT6, STM32H563RIV6, STM32H563VGT6, STM32H563VIT3Q, STM32H563VIT6, STM32H563ZGT6, STM32H563ZIT3Q, STM32H563ZIT6, STM32H573AII3Q, STM32H573AII6, STM32H573I-DK, STM32H573IIK3Q, STM32H573IIK6, STM32H573IIT3Q, STM32H573IIT6, STM32H573MIY3QTR, STM32H573RIT6, STM32H573RIV6, STM32H573VIT3Q, STM32H573VIT6, STM32H573ZIT3Q, STM32H573ZIT6, STM32L4R5QGI6STR, STM32MP131AAE3, STM32MP131AAF3, STM32MP131AAG3, STM32MP131CAE3, STM32MP131CAF3, STM32MP131CAG3, STM32MP131DAE7, STM32MP131DAF7, STM32MP131DAG7, STM32MP131FAE7, STM32MP131FAF7, STM32MP131FAG7, STM32MP133AAE3, STM32MP133AAF3, STM32MP133AAG3, STM32MP133CAE3, STM32MP133CAF3, STM32MP133CAG3, STM32MP133DAE7, STM32MP133DAF7, STM32MP133DAG7, STM32MP133FAE7, STM32MP133FAF7, STM32MP133FAG7, STM32MP135AAE3, STM32MP135AAF3, STM32MP135AAG3, STM32MP135CAE3, STM32MP135CAF3, STM32MP135CAG3, STM32MP135DAE7, STM32MP135DAF7, STM32MP135DAG7, STM32MP135F-DK, STM32MP135FAE7, STM32MP135FAF7, STM32MP135FAF7T, STM32MP135FAF7U, STM32MP135FAG7, STM32U535CBT6, STM32U535CBT6Q, STM32U535CBU6, STM32U535CBU6Q, STM32U535CCT6, STM32U535CCT6Q, STM32U535CCU6, STM32U535CCU6Q, STM32U535CET6, STM32U535CET6Q, STM32U535CEU6, STM32U535CEU6Q, STM32U535JEY6QTR, STM32U535NCY6QTR, STM32U535NEY6QTR, STM32U535RBI6, STM32U535RBI6Q, STM32U535RBT6, STM32U535RBT6Q, STM32U535RCI6, STM32U535RCI6Q, STM32U535RCT6, STM32U535RCT6Q, STM32U535REI6, STM32U535REI6Q, STM32U535RET6, STM32U535RET6Q, STM32U535VCI6, STM32U535VCI6Q, STM32U535VCT6, STM32U535VCT6Q, STM32U535VEI6, STM32U535VEI6Q, STM32U535VET6, STM32U535VET6Q, STM32U545CET6, STM32U545CET6Q, STM32U545CEU6, STM32U545CEU6Q, STM32U545JEY6QTR, STM32U545NEY6QTR, STM32U545REI6, STM32U545REI6Q, STM32U545RET6, STM32U545RET6Q, STM32U545VEI6, STM32U545VEI6Q, STM32U545VET6, STM32U545VET6Q, STM32U595AIH6, STM32U595AIH6Q, STM32U595AJH6, STM32U595AJH6Q, STM32U595QII6, STM32U595QII6Q, STM32U595QJI6, STM32U595QJI6Q, STM32U595RIT6, STM32U595RIT6Q, STM32U595RJT6, STM32U595RJT6Q, STM32U595VIT6, STM32U595VIT6Q, STM32U595VJT6, STM32U595VJT6Q, STM32U595ZIT6, STM32U595ZIT6Q, STM32U595ZIY6QTR, STM32U595ZJT6, STM32U595ZJT6Q, STM32U595ZJY6QTR, STM32U599BJY6QTR, STM32U599NIH6Q, STM32U599NJH6Q, STM32U599VIT6Q, STM32U599VJT6, STM32U599VJT6Q, STM32U599ZIT6Q, STM32U599ZIY6QTR, STM32U599ZJT6Q, STM32U599ZJY6QTR, STM32U5A5AJH6, STM32U5A5AJH6Q, STM32U5A5QJI6, STM32U5A5QJI6Q, STM32U5A5RJT6, STM32U5A5RJT6Q, STM32U5A5VJT6, STM32U5A5VJT6Q, STM32U5A5ZJT6, STM32U5A5ZJT6Q, STM32U5A5ZJY6QTR, STM32U5A9BJY6QTR, STM32U5A9J-DK, STM32U5A9NJH6Q, STM32U5A9VJT6Q, STM32U5A9ZJT6Q, STM32U5A9ZJY6QTR, STM32U5F7VIT6, STM32U5F7VIT6Q, STM32U5F7VJT6, STM32U5F7VJT6Q, STM32U5F9BJY6QTR, STM32U5F9NJH6Q, STM32U5F9VIT6Q, STM32U5F9VJT6Q, STM32U5F9ZIJ6QTR, STM32U5F9ZIT6Q, STM32U5F9ZJJ6QTR, STM32U5F9ZJT6Q, STM32U5G7VJT6, STM32U5G7VJT6Q, STM32U5G9BJY6QTR, STM32U5G9J-DK1, STM32U5G9J-DK2, STM32U5G9NJH6Q, STM32U5G9VJT6Q, STM32U5G9ZJJ6QTR, STM32U5G9ZJT6Q, STM32WB1MMCH6, STM32WBA50KEU6, STM32WBA50KEU6TR, STM32WBA50KGU6, STM32WBA50KGU6TR, STM32WBA52CEU6, STM32WBA52CEU6TR, STM32WBA52CEU7, STM32WBA52CEU7TR, STM32WBA52CGU6, STM32WBA52CGU6TR, STM32WBA52CGU6U, STM32WBA52CGU7, STM32WBA52CGU7TR, STM32WBA52KEU6, STM32WBA52KEU6TR, STM32WBA52KGU6, STM32WBA52KGU6TR, STM32WBA54CEU6, STM32WBA54CEU6TR, STM32WBA54CEU7, STM32WBA54CEU7TR, STM32WBA54CGU6, STM32WBA54CGU6TR, STM32WBA54CGU7, STM32WBA54CGU7TR, STM32WBA54KEU6, STM32WBA54KEU6TR, STM32WBA54KEU7, STM32WBA54KEU7TR, STM32WBA54KGU6, STM32WBA54KGU6TR, STM32WBA54KGU7, STM32WBA54KGU7TR, STM32WBA55CEU6, STM32WBA55CEU6TR, STM32WBA55CEU7, STM32WBA55CEU7TR, STM32WBA55CGU6, STM32WBA55CGU6TR, STM32WBA55CGU6U, STM32WBA55CGU7, STM32WBA55CGU7TR, STM32WBA55G-DK1, STM32WBA55HEF6, STM32WBA55HEF7, STM32WBA55HGF6, STM32WBA55HGF7, STM32WBA55UEI6, STM32WBA55UEI6TR, STM32WBA55UEI7, STM32WBA55UEI7TR, STM32WBA55UGI6, STM32WBA55UGI6TR, STM32WBA55UGI7, STM32WBA55UGI7TR, STM32WL5MOCH6, STM32WL5MOCH6TR]
2024-02-05 10:55:50,107 [INFO] BoardInfo:889 - No configuration file found for board P-NUCLEO-WB55
2024-02-05 10:55:50,108 [INFO] DbBoards:161 - Kit is not supported: P-NUCLEO-WB55
2024-02-05 10:55:50,356 [INFO] BoardInfo:889 - No configuration file found for board STEVAL-BFA001V1B
2024-02-05 10:55:50,358 [INFO] DbBoards:161 - Kit is not supported: STEVAL-BFA001V1B
2024-02-05 10:55:50,362 [INFO] BoardInfo:889 - No configuration file found for board STEVAL-BFA001V2B
2024-02-05 10:55:50,363 [INFO] DbBoards:161 - Kit is not supported: STEVAL-BFA001V2B
2024-02-05 10:55:50,762 [INFO] DbBoards:168 - Found 193 boards, 190 are supported
2024-02-05 10:55:50,762 [INFO] DbBoards:169 - Found 193 boards, 3 of them is supported for  Bsp
2024-02-05 10:55:50,769 [INFO] ApiDb:423 - Load user favorites file C:\Users\tarun/.stm32cubeide/favorites.boards.txt: 0 item(s)
2024-02-05 10:55:50,769 [INFO] ApiDb:427 - User favorites Boards=[]
2024-02-05 10:55:50,769 [INFO] DbBoards:198 - Set 0 / 0 favorites Boards
2024-02-05 10:55:51,120 [INFO] ServerAccessManage:473 - Download File 
2024-02-05 10:55:51,184 [INFO] LoadUrlFilesThread:185 - End of LoadServerUrlFiles without Thread
2024-02-05 10:55:51,185 [INFO] TargetSelectorAdapter:259 - Refresh data is successful
2024-02-05 10:55:51,195 [INFO] ApiDb:668 - CubeFinder database Data Model version=2.1
2024-02-05 10:55:51,195 [INFO] ApiDb:669 - CubeFinder database Configuration version=3.0.39
2024-02-05 10:55:51,195 [INFO] ApiDb:670 - CubeFinder database generation date=2024-01-11 (1704964531)
2024-02-05 10:55:51,195 [INFO] ApiDb:671 - CubeFinder database FW Pack versions=[FP-ATR-ASTRA1_V2.0.0, FP-SNS-FLIGHT1_V5.0.1, FP-SNS-FLIGHT1_V5.0.2, FP-SNS-MOTENV1_V4.3.1, FP-SNS-MOTENV1_V4.3.2, FP-SNS-MOTENVWB1_V1.3.1, FP-SNS-SMARTAG2_V1.2.0, STM32Cube_FW_C0_V1.1.0, STM32Cube_FW_F4_V1.28.0, STM32Cube_FW_F7_V1.17.0, STM32Cube_FW_G0_V1.6.2, STM32Cube_FW_G4_V1.5.2, STM32Cube_FW_H5_V0.5.1, STM32Cube_FW_H5_V1.1.1, STM32Cube_FW_H5_V1.2.0RC2, STM32Cube_FW_H7_V1.11.0, STM32Cube_FW_L0_V1.12.2, STM32Cube_FW_L5_V1.5.0, STM32Cube_FW_U5_V1.3.0RC4, STM32Cube_FW_U5_V1.4.0, STM32Cube_FW_WBA_V1.0.0RC1, STM32Cube_FW_WBA_V1.1.0RC1, STM32Cube_FW_WBA_V1.2.0, STM32Cube_FW_WBA_V1.2.0RC2, STM32Cube_FW_WB_V1.15.0RC1, STM32Cube_FW_WB_V1.16.0, STM32Cube_FW_WB_V1.16.0RC2, STM32Cube_FW_WB_V1.18.0, STM32Cube_FW_WL_V1.3.0, X-CUBE-ALGOBUILD_V1.3.0, X-CUBE-ALS_V1.0.1, X-CUBE-AZRTOS-F4_V1.1.0, X-CUBE-AZRTOS-F7_V1.1.0, X-CUBE-AZRTOS-G0_V1.1.0, X-CUBE-AZRTOS-G4_V2.0.0, X-CUBE-AZRTOS-H7_V3.2.0, X-CUBE-AZRTOS-L4_V1.0.0, X-CUBE-AZRTOS-L4_V2.0.0, X-CUBE-AZRTOS-L5_V1.1.0, X-CUBE-AZRTOS-WB_V2.0.0, X-CUBE-AZRTOS-WL_V2.0.0, X-CUBE-BLE1_V7.0.0, X-CUBE-BLE2_V3.3.0, X-CUBE-BLEMGR_V3.0.0, X-CUBE-EEPRMA1_V4.1.0, X-CUBE-EEPRMA1_V4.2.0, X-CUBE-FREERTOS_V1.1.0, X-CUBE-GNSS1_V6.0.0, X-CUBE-MEMS1_V10.0.0, X-CUBE-MEMS1_V9.1.0, X-CUBE-MEMS1_V9.4.0, X-CUBE-MEMS1_V9.6.0, X-CUBE-NFC4_V3.0.0, X-CUBE-NFC7_V1.0.1, X-CUBE-SFXS2LP1_V4.0.0, X-CUBE-SUBG2_V5.0.0, X-CUBE-TOF1_V3.4.0]
2024-02-05 10:55:53,450 [ERROR] DbExamplesSqlite:437 - Missing JSON key: board_cpn
2024-02-05 10:55:53,451 [ERROR] DbExamplesSqlite:437 - Missing JSON key: board_cpn
2024-02-05 10:55:53,452 [ERROR] DbExamplesSqlite:437 - Missing JSON key: board_cpn
2024-02-05 10:55:53,452 [ERROR] DbExamplesSqlite:437 - Missing JSON key: board_cpn
2024-02-05 10:55:53,604 [INFO] DbExamplesSqlite:395 - Ignored 55 examples not supported by CubeIDE
2024-02-05 10:55:53,605 [INFO] DbExamplesSqlite:396 - Found 7560 examples active
2024-02-05 10:55:53,607 [INFO] DbExamplesSqlite:397 - Found 844 examples obsolete
2024-02-05 10:55:53,608 [INFO] DbExamplesSqlite:398 - Found 0 examples under development
2024-02-05 10:55:53,610 [INFO] DbExamplesSqlite:399 - Found 8 examples not building
2024-02-05 10:55:53,615 [INFO] DbExamples:125 - Found 7513 examples
2024-02-05 10:55:53,663 [INFO] DbExamples:222 - Found 95 boards with related examples
2024-02-05 10:55:53,667 [INFO] DbExamples:235 - Found 80 MCUs with related examples
2024-02-05 10:55:53,747 [INFO] ApiDb:414 - User favorites file not found: C:\Users\tarun/.stm32cubeide/favorites.examples.txt
2024-02-05 10:55:53,748 [INFO] DbExamples:250 - Set 0 / 0 favorites Examples
2024-02-05 10:55:53,908 [INFO] McuFinderGlobals:76 - Set McuFinderConnectedMode to true
2024-02-05 10:55:53,912 [INFO] MultiScanPanel:200 - Auto-refresh data requested => check proxy status ongoing
2024-02-05 10:55:53,914 [INFO] FinderPluginLoader:95 - Searching for filters in installed packs
2024-02-05 10:55:56,136 [INFO] LoadUrlFilesThread:185 - End of LoadServerUrlFiles without Thread
2024-02-05 10:55:56,193 [INFO] DetailPanel:341 - Set advertising image to C:/Users/tarun/STM32Cube/Repository/\en.prom-stm32wl3-mcu-finder.jpg
2024-02-05 10:58:24,051 [INFO] MultiScanPanel:200 - Auto-refresh data requested => check proxy status ongoing
2024-02-05 10:58:24,448 [INFO] LoadUrlFilesThread:185 - End of LoadServerUrlFiles without Thread
2024-02-05 10:58:24,449 [INFO] DetailPanel:341 - Set advertising image to C:/Users/tarun/STM32Cube/Repository/\en.prom-stm32wl3-mcu-finder.jpg
2024-02-05 10:58:24,471 [INFO] DbBoards:642 - Loading board mini-images...
2024-02-05 10:58:26,946 [ERROR] DbBoards:659 - Image file not found for board NUCLEO-WBA55CG: C:\Users\tarun\.stmcufinder\plugins\mcufinder//mcu//boards_images/NUCLEO-WBA55CG.jpg
2024-02-05 10:58:28,874 [ERROR] DbBoards:659 - Image file not found for board STM32WBA55G-DK1: C:\Users\tarun\.stmcufinder\plugins\mcufinder//mcu//boards_images/STM32WBA55G-DK1.jpg
2024-02-05 10:58:28,874 [INFO] DbBoards:665 - Loaded 191 board mini-images
2024-02-05 11:01:29,925 [INFO] McuFinderGlobals:76 - Set McuFinderConnectedMode to true
2024-02-05 11:01:30,480 [INFO] ApiDb:448 - Save user favorites file C:\Users\tarun/.stm32cubeide/favorites.mcus.txt: 0 item(s)
2024-02-05 11:01:30,483 [INFO] ApiDb:452 - User favorites MCUs=[]
2024-02-05 11:01:30,488 [INFO] ApiDb:448 - Save user favorites file C:\Users\tarun/.stm32cubeide/favorites.boards.txt: 0 item(s)
2024-02-05 11:01:30,489 [INFO] ApiDb:452 - User favorites Boards=[]
2024-02-05 11:01:32,037 [INFO] McuFinderGlobals:76 - Set McuFinderConnectedMode to true
2024-02-05 11:01:32,130 [INFO] ApiDb:448 - Save user favorites file C:\Users\tarun/.stm32cubeide/favorites.mcus.txt: 0 item(s)
2024-02-05 11:01:32,131 [INFO] ApiDb:452 - User favorites MCUs=[]
2024-02-05 11:01:32,133 [INFO] ApiDb:448 - Save user favorites file C:\Users\tarun/.stm32cubeide/favorites.boards.txt: 0 item(s)
2024-02-05 11:01:32,134 [INFO] ApiDb:452 - User favorites Boards=[]
2024-02-05 11:01:46,113 [ERROR] LogOutputStream:75 - [STDERR_REDIRECT] 
