2024-06-20 10:04:07,109 [INFO] Activator:176 - 


2024-06-20 10:04:07,128 [INFO] Activator:177 - !SESSION log4j initialized
2024-06-20 10:04:43,817 [INFO] LogOutputStream:77 - [STDOUT_REDIRECT] 
2024-06-20 10:04:51,982 [ERROR] ConfigurationRetriever:142 - IOException on connection: Read timed out
2024-06-20 10:04:54,180 [ERROR] ConfigurationRetriever:142 - IOException on connection: Read timed out
2024-06-20 10:04:56,398 [ERROR] ConfigurationRetriever:142 - IOException on connection: Read timed out
2024-06-20 10:06:15,578 [INFO] ApplicationProperties:184 - Using Application install path: C:\ST\STM32CubeIDE_1.14.1\STM32CubeIDE\plugins\com.st.stm32cube.common.mx_6.10.0.202311202037
2024-06-20 10:06:15,698 [INFO] DbMcusXml:78 - Set database path to: C:\ST\STM32CubeIDE_1.14.1\STM32CubeIDE\plugins\com.st.stm32cube.common.mx_6.10.0.202311202037\\db\/mcu/
2024-06-20 10:06:15,698 [INFO] ApiDb:274 - Set plugin database path to: C:\ST\STM32CubeIDE_1.14.1\STM32CubeIDE\plugins\com.st.stm32cube.common.mx_6.10.0.202311202037\\db\/plugins/boardmanager/
2024-06-20 10:06:15,698 [WARN] ApiDb:259 - Overriding images path with different value:  => C:\ST\STM32CubeIDE_1.14.1\STM32CubeIDE\plugins\com.st.stm32cube.common.mx_6.10.0.202311202037\\db\/plugins/mcufinder/images/
2024-06-20 10:06:15,728 [INFO] ApiDb:250 - Set database path to: C:\Users\tarun\.stmcufinder\plugins\mcufinder//mcu/
2024-06-20 10:06:15,728 [INFO] DbMcusAds:125 - Set database path to: C:\Users\tarun\.stmcufinder\plugins\mcufinder//mcu/
2024-06-20 10:06:15,844 [INFO] CrossReferenceDbSqlite:203 - Set database path to: C:\Users\tarun\.stmcufinder\plugins\mcufinder//mcu/cs/
2024-06-20 10:06:16,669 [INFO] RulesReader:64 - Compatibility file has been processed (297 Rules)
2024-06-20 10:06:17,183 [INFO] DbMcusXml:78 - Set database path to: C:\ST\STM32CubeIDE_1.14.1\STM32CubeIDE\plugins\com.st.stm32cube.common.mx_6.10.0.202311202037\\db\/mcu/
2024-06-20 10:06:17,183 [INFO] ApiDb:274 - Set plugin database path to: C:\ST\STM32CubeIDE_1.14.1\STM32CubeIDE\plugins\com.st.stm32cube.common.mx_6.10.0.202311202037\\db\/plugins/boardmanager/
2024-06-20 10:06:17,183 [INFO] ApiDb:261 - Set plugin images path to: C:\ST\STM32CubeIDE_1.14.1\STM32CubeIDE\plugins\com.st.stm32cube.common.mx_6.10.0.202311202037\\db\/plugins/mcufinder/images/
2024-06-20 10:06:17,184 [WARN] DbFile:41 - Overriding database path with different value: C:\Users\tarun\.stmcufinder\plugins\mcufinder/ => C:\Users\tarun\.stmcufinder\plugins\mcufinder
2024-06-20 10:06:17,184 [INFO] ApiDb:250 - Set database path to: C:\Users\tarun\.stmcufinder\plugins\mcufinder//mcu/
2024-06-20 10:06:17,184 [WARN] DbFile:41 - Overriding database path with different value: C:\Users\tarun\.stmcufinder\plugins\mcufinder/ => C:\Users\tarun\.stmcufinder\plugins\mcufinder
2024-06-20 10:06:17,185 [INFO] DbMcusAds:125 - Set database path to: C:\Users\tarun\.stmcufinder\plugins\mcufinder//mcu/
2024-06-20 10:06:17,185 [WARN] DbFile:41 - Overriding database path with different value: C:\Users\tarun\.stmcufinder\plugins\mcufinder/ => C:\Users\tarun\.stmcufinder\plugins\mcufinder
2024-06-20 10:06:17,185 [WARN] DbFile:41 - Overriding database path with different value: C:\Users\tarun\.stmcufinder\plugins\mcufinder/ => C:\Users\tarun\.stmcufinder\plugins\mcufinder
2024-06-20 10:06:17,185 [INFO] CrossReferenceDbSqlite:203 - Set database path to: C:\Users\tarun\.stmcufinder\plugins\mcufinder//mcu/cs/
2024-06-20 10:06:17,578 [INFO] MainPanel:264 - HeapMemory: 268435456
2024-06-20 10:06:18,342 [INFO] DbMcusXml:78 - Set database path to: C:\ST\STM32CubeIDE_1.14.1\STM32CubeIDE\plugins\com.st.stm32cube.common.mx_6.10.0.202311202037\\db\/mcu/
2024-06-20 10:06:18,342 [INFO] ApiDb:274 - Set plugin database path to: C:\ST\STM32CubeIDE_1.14.1\STM32CubeIDE\plugins\com.st.stm32cube.common.mx_6.10.0.202311202037\\db\/plugins/boardmanager/
2024-06-20 10:06:18,343 [INFO] ApiDb:261 - Set plugin images path to: C:\ST\STM32CubeIDE_1.14.1\STM32CubeIDE\plugins\com.st.stm32cube.common.mx_6.10.0.202311202037\\db\/plugins/mcufinder/images/
2024-06-20 10:06:18,344 [WARN] DbFile:41 - Overriding database path with different value: C:\Users\tarun\.stmcufinder\plugins\mcufinder/ => C:\Users\tarun\.stmcufinder\plugins\mcufinder
2024-06-20 10:06:18,345 [INFO] ApiDb:250 - Set database path to: C:\Users\tarun\.stmcufinder\plugins\mcufinder//mcu/
2024-06-20 10:06:18,345 [WARN] DbFile:41 - Overriding database path with different value: C:\Users\tarun\.stmcufinder\plugins\mcufinder/ => C:\Users\tarun\.stmcufinder\plugins\mcufinder
2024-06-20 10:06:18,345 [INFO] DbMcusAds:125 - Set database path to: C:\Users\tarun\.stmcufinder\plugins\mcufinder//mcu/
2024-06-20 10:06:18,345 [WARN] DbFile:41 - Overriding database path with different value: C:\Users\tarun\.stmcufinder\plugins\mcufinder/ => C:\Users\tarun\.stmcufinder\plugins\mcufinder
2024-06-20 10:06:18,345 [WARN] DbFile:41 - Overriding database path with different value: C:\Users\tarun\.stmcufinder\plugins\mcufinder/ => C:\Users\tarun\.stmcufinder\plugins\mcufinder
2024-06-20 10:06:18,345 [INFO] CrossReferenceDbSqlite:203 - Set database path to: C:\Users\tarun\.stmcufinder\plugins\mcufinder//mcu/cs/
2024-06-20 10:06:18,550 [INFO] ApplicationProperties:184 - Using Application install path: C:\ST\STM32CubeIDE_1.14.1\STM32CubeIDE\plugins\com.st.stm32cube.common.mx_6.10.0.202311202037
2024-06-20 10:06:18,555 [INFO] PluginManage:196 - Search for loadable plugins [exclusion list=, ]
2024-06-20 10:06:18,562 [INFO] PluginManage:310 - Check plugin analytics
2024-06-20 10:06:20,828 [INFO] AnalyticsPlugin:253 - Accepted Software Licenses: 
2024-06-20 10:06:20,829 [INFO] AnalyticsPlugin:255 - Accepted CMSIS Pack Licenses: 
2024-06-20 10:06:20,829 [INFO] AnalyticsPlugin:257 - Accepted Firmware Licenses: FW.F4.1.28.0
2024-06-20 10:06:20,841 [INFO] PluginManage:359 - Loaded plugin analytics (category:tool,tabindex:-1)
2024-06-20 10:06:20,844 [INFO] PluginManage:310 - Check plugin cadmodel
2024-06-20 10:06:20,946 [INFO] CADModel:105 - Init CAD model plugin
2024-06-20 10:06:20,947 [INFO] PluginManage:359 - Loaded plugin cadmodel (category:power,tabindex:5)
2024-06-20 10:06:20,948 [INFO] PluginManage:310 - Check plugin clock
2024-06-20 10:06:21,074 [INFO] PluginManage:359 - Loaded plugin clock (category:base,tabindex:2)
2024-06-20 10:06:21,075 [INFO] PluginManage:310 - Check plugin ddr
2024-06-20 10:06:21,087 [INFO] PluginManage:359 - Loaded plugin ddr (category:tool,tabindex:6)
2024-06-20 10:06:21,087 [INFO] PluginManage:310 - Check plugin filemanager
2024-06-20 10:06:22,083 [INFO] PluginManage:359 - Loaded plugin filemanager (category:base,tabindex:10)
2024-06-20 10:06:22,083 [INFO] PluginManage:310 - Check plugin ipmanager
2024-06-20 10:06:22,106 [INFO] PluginManage:359 - Loaded plugin ipmanager (category:base,tabindex:5)
2024-06-20 10:06:22,107 [INFO] PluginManage:310 - Check plugin lpbam
2024-06-20 10:06:22,224 [INFO] PluginManage:359 - Loaded plugin lpbam (category:base,tabindex:0)
2024-06-20 10:06:22,224 [INFO] PluginManage:310 - Check plugin memorymap
2024-06-20 10:06:22,332 [INFO] PluginManage:359 - Loaded plugin memorymap (category:base,tabindex:4)
2024-06-20 10:06:22,335 [INFO] PluginManage:310 - Check plugin pinoutandconfiguration
2024-06-20 10:06:22,502 [INFO] PluginManage:359 - Loaded plugin pinoutandconfiguration (category:base,tabindex:1)
2024-06-20 10:06:22,503 [INFO] PluginManage:310 - Check plugin pinoutconfig
2024-06-20 10:06:23,060 [WARN] SupportedApi:132 - Cannot load RTOS API schema: s4s-elt-must-match.1: The content of 'definitions' must match (annotation?, (simpleType | complexType)?, (unique | key | keyref)*)). A problem was found starting at: attribute.
2024-06-20 10:06:24,249 [INFO] PluginManage:359 - Loaded plugin pinoutconfig (category:base,tabindex:0)
2024-06-20 10:06:24,250 [INFO] PluginManage:310 - Check plugin power
2024-06-20 10:06:24,341 [INFO] PluginManage:359 - Loaded plugin power (category:power,tabindex:4)
2024-06-20 10:06:24,341 [INFO] PluginManage:310 - Check plugin projectmanager
2024-06-20 10:06:24,574 [INFO] PluginManage:359 - Loaded plugin projectmanager (category:projectmanager,tabindex:3)
2024-06-20 10:06:24,575 [INFO] PluginManage:310 - Check plugin thirdparty
2024-06-20 10:06:27,157 [INFO] PluginManage:359 - Loaded plugin thirdparty (category:base,tabindex:-1)
2024-06-20 10:06:27,157 [INFO] PluginManage:310 - Check plugin tools
2024-06-20 10:06:27,171 [ERROR] ConfigurationRetriever:142 - IOException on connection: Read timed out
2024-06-20 10:06:27,190 [WARN] IntegrityCheckThread:84 - waiting for thirdparty lock release [integrity check]
2024-06-20 10:06:27,191 [INFO] IntegrityCheckThread:86 - entering critical section [integrity check]
2024-06-20 10:06:27,193 [INFO] ThirdPartyUpdaterWithRetryManager:70 - Updater plugin not ready yet. [1/15]
2024-06-20 10:06:27,290 [INFO] PluginManage:359 - Loaded plugin tools (category:base,tabindex:7)
2024-06-20 10:06:27,290 [INFO] PluginManage:310 - Check plugin tutovideos
2024-06-20 10:06:29,273 [INFO] PluginManage:359 - Loaded plugin tutovideos (category:base,tabindex:-1)
2024-06-20 10:06:29,273 [INFO] PluginManage:310 - Check plugin updater
2024-06-20 10:06:29,431 [INFO] PluginManage:359 - Loaded plugin updater (category:base,tabindex:12)
2024-06-20 10:06:29,431 [INFO] PluginManage:310 - Check plugin userauth
2024-06-20 10:06:29,461 [INFO] UserAuth:114 - Init User Auth plugin
2024-06-20 10:06:29,462 [INFO] PluginManage:359 - Loaded plugin userauth (category:base,tabindex:14)
2024-06-20 10:06:29,465 [INFO] PluginManage:283 - PluginManage : Loaded plugins [17]
2024-06-20 10:06:30,227 [INFO] ThirdPartyUpdaterWithRetryManager:70 - Updater plugin not ready yet. [2/15]
2024-06-20 10:06:31,207 [INFO] PinOutPanel:1499 - setPackage(No Configuration,No Configuration)
2024-06-20 10:06:31,679 [INFO] CADModel:165 - CPN selected for project level
2024-06-20 10:06:31,680 [INFO] CADModel:114 - Register for checkConnection events
2024-06-20 10:06:31,767 [INFO] IPUIPlugin:80 - create IPUIPlugin
2024-06-20 10:06:31,767 [INFO] PluginManager:220 - loadIPPluginJar : add adc
2024-06-20 10:06:31,864 [INFO] IPUIPlugin:80 - create IPUIPlugin
2024-06-20 10:06:31,865 [INFO] PluginManager:220 - loadIPPluginJar : add aes
2024-06-20 10:06:31,972 [INFO] IPUIPlugin:80 - create IPUIPlugin
2024-06-20 10:06:31,972 [INFO] PluginManager:220 - loadIPPluginJar : add can
2024-06-20 10:06:32,046 [INFO] IPUIPlugin:80 - create IPUIPlugin
2024-06-20 10:06:32,046 [INFO] PluginManager:220 - loadIPPluginJar : add comp
2024-06-20 10:06:32,179 [INFO] IPUIPlugin:80 - create IPUIPlugin
2024-06-20 10:06:32,180 [INFO] PluginManager:220 - loadIPPluginJar : add cryp
2024-06-20 10:06:32,260 [INFO] IPUIPlugin:80 - create IPUIPlugin
2024-06-20 10:06:32,260 [INFO] PluginManager:220 - loadIPPluginJar : add dfsdm
2024-06-20 10:06:32,296 [INFO] IPUIPlugin:80 - create IPUIPlugin
2024-06-20 10:06:32,298 [INFO] PluginManager:220 - loadIPPluginJar : add dma
2024-06-20 10:06:32,385 [ERROR] ConfigurationRetriever:142 - IOException on connection: Read timed out
2024-06-20 10:06:32,441 [INFO] IPUIPlugin:80 - create IPUIPlugin
2024-06-20 10:06:32,441 [INFO] PluginManager:220 - loadIPPluginJar : add dma3
2024-06-20 10:06:32,493 [INFO] IPUIPlugin:80 - create IPUIPlugin
2024-06-20 10:06:32,493 [INFO] PluginManager:220 - loadIPPluginJar : add fatfs
2024-06-20 10:06:32,627 [INFO] IPUIPlugin:80 - create IPUIPlugin
2024-06-20 10:06:32,627 [INFO] PluginManager:220 - loadIPPluginJar : add fmc
2024-06-20 10:06:32,666 [INFO] IPUIPlugin:80 - create IPUIPlugin
2024-06-20 10:06:32,667 [INFO] PluginManager:220 - loadIPPluginJar : add freertos
2024-06-20 10:06:32,719 [INFO] IPUIPlugin:80 - create IPUIPlugin
2024-06-20 10:06:32,720 [INFO] PluginManager:220 - loadIPPluginJar : add genericplugin
2024-06-20 10:06:32,967 [INFO] IPUIPlugin:80 - create IPUIPlugin
2024-06-20 10:06:32,968 [INFO] PluginManager:220 - loadIPPluginJar : add gfxmmu
2024-06-20 10:06:33,254 [INFO] ThirdPartyUpdaterWithRetryManager:70 - Updater plugin not ready yet. [3/15]
2024-06-20 10:06:33,397 [INFO] IPUIPlugin:80 - create IPUIPlugin
2024-06-20 10:06:33,397 [INFO] PluginManager:220 - loadIPPluginJar : add gic
2024-06-20 10:06:33,440 [INFO] IPUIPlugin:80 - create IPUIPlugin
2024-06-20 10:06:33,440 [INFO] PluginManager:220 - loadIPPluginJar : add gpio
2024-06-20 10:06:33,708 [INFO] IPUIPlugin:80 - create IPUIPlugin
2024-06-20 10:06:33,709 [INFO] PluginManager:220 - loadIPPluginJar : add gtzc
2024-06-20 10:06:33,809 [INFO] IPUIPlugin:80 - create IPUIPlugin
2024-06-20 10:06:33,810 [INFO] PluginManager:220 - loadIPPluginJar : add hash
2024-06-20 10:06:33,962 [INFO] IPUIPlugin:80 - create IPUIPlugin
2024-06-20 10:06:33,963 [INFO] PluginManager:220 - loadIPPluginJar : add i2c
2024-06-20 10:06:34,570 [INFO] IPUIPlugin:80 - create IPUIPlugin
2024-06-20 10:06:34,573 [INFO] PluginManager:220 - loadIPPluginJar : add i2s
2024-06-20 10:06:34,967 [INFO] IPUIPlugin:80 - create IPUIPlugin
2024-06-20 10:06:34,967 [INFO] PluginManager:220 - loadIPPluginJar : add i3c
2024-06-20 10:06:35,307 [INFO] IPUIPlugin:80 - create IPUIPlugin
2024-06-20 10:06:35,308 [INFO] PluginManager:220 - loadIPPluginJar : add ipddr
2024-06-20 10:06:35,618 [INFO] IPUIPlugin:80 - create IPUIPlugin
2024-06-20 10:06:35,620 [INFO] PluginManager:220 - loadIPPluginJar : add linkedlist
2024-06-20 10:06:35,741 [INFO] IPUIPlugin:80 - create IPUIPlugin
2024-06-20 10:06:35,744 [INFO] PluginManager:220 - loadIPPluginJar : add lorawan
2024-06-20 10:06:35,897 [INFO] IPUIPlugin:80 - create IPUIPlugin
2024-06-20 10:06:35,897 [INFO] PluginManager:220 - loadIPPluginJar : add ltdc
2024-06-20 10:06:35,939 [INFO] IPUIPlugin:80 - create IPUIPlugin
2024-06-20 10:06:35,940 [INFO] PluginManager:220 - loadIPPluginJar : add mdma
2024-06-20 10:06:36,105 [INFO] IPUIPlugin:80 - create IPUIPlugin
2024-06-20 10:06:36,105 [INFO] PluginManager:220 - loadIPPluginJar : add nvic
2024-06-20 10:06:36,245 [INFO] IPUIPlugin:80 - create IPUIPlugin
2024-06-20 10:06:36,245 [INFO] PluginManager:220 - loadIPPluginJar : add opamp
2024-06-20 10:06:36,304 [INFO] ThirdPartyUpdaterWithRetryManager:70 - Updater plugin not ready yet. [4/15]
2024-06-20 10:06:36,473 [INFO] IPUIPlugin:80 - create IPUIPlugin
2024-06-20 10:06:36,475 [INFO] PluginManager:220 - loadIPPluginJar : add openamp
2024-06-20 10:06:36,628 [INFO] IPUIPlugin:80 - create IPUIPlugin
2024-06-20 10:06:36,629 [INFO] PluginManager:220 - loadIPPluginJar : add pdm2pcm
2024-06-20 10:06:36,666 [INFO] IPUIPlugin:80 - create IPUIPlugin
2024-06-20 10:06:36,681 [INFO] PluginManager:220 - loadIPPluginJar : add plateformsettings
2024-06-20 10:06:36,739 [INFO] IPUIPlugin:80 - create IPUIPlugin
2024-06-20 10:06:36,739 [INFO] PluginManager:220 - loadIPPluginJar : add quadspi
2024-06-20 10:06:36,769 [INFO] IPUIPlugin:80 - create IPUIPlugin
2024-06-20 10:06:36,770 [INFO] PluginManager:220 - loadIPPluginJar : add resmgrutility
2024-06-20 10:06:36,901 [INFO] IPUIPlugin:80 - create IPUIPlugin
2024-06-20 10:06:36,901 [INFO] PluginManager:220 - loadIPPluginJar : add sai
2024-06-20 10:06:37,039 [INFO] IPUIPlugin:80 - create IPUIPlugin
2024-06-20 10:06:37,040 [INFO] PluginManager:220 - loadIPPluginJar : add spi
2024-06-20 10:06:37,232 [INFO] IPUIPlugin:80 - create IPUIPlugin
2024-06-20 10:06:37,232 [INFO] PluginManager:220 - loadIPPluginJar : add stm32_wpan
2024-06-20 10:06:37,312 [INFO] IPUIPlugin:80 - create IPUIPlugin
2024-06-20 10:06:37,312 [INFO] PluginManager:220 - loadIPPluginJar : add tim
2024-06-20 10:06:37,594 [INFO] IPUIPlugin:80 - create IPUIPlugin
2024-06-20 10:06:37,594 [INFO] PluginManager:220 - loadIPPluginJar : add touchsensing
2024-06-20 10:06:37,706 [INFO] IPUIPlugin:80 - create IPUIPlugin
2024-06-20 10:06:37,706 [INFO] PluginManager:220 - loadIPPluginJar : add tracer_emb
2024-06-20 10:06:37,833 [INFO] IPUIPlugin:80 - create IPUIPlugin
2024-06-20 10:06:37,833 [INFO] PluginManager:220 - loadIPPluginJar : add ts
2024-06-20 10:06:37,893 [INFO] IPUIPlugin:80 - create IPUIPlugin
2024-06-20 10:06:37,893 [INFO] PluginManager:220 - loadIPPluginJar : add tsc
2024-06-20 10:06:37,998 [INFO] IPUIPlugin:80 - create IPUIPlugin
2024-06-20 10:06:38,003 [INFO] PluginManager:220 - loadIPPluginJar : add ucpd
2024-06-20 10:06:38,134 [INFO] IPUIPlugin:80 - create IPUIPlugin
2024-06-20 10:06:38,134 [INFO] PluginManager:220 - loadIPPluginJar : add usart
2024-06-20 10:06:38,262 [INFO] IPUIPlugin:80 - create IPUIPlugin
2024-06-20 10:06:38,262 [INFO] PluginManager:220 - loadIPPluginJar : add usbx
2024-06-20 10:06:38,606 [INFO] CADModel:165 - CPN selected for project level
2024-06-20 10:06:38,607 [INFO] CADModel:114 - Register for checkConnection events
2024-06-20 10:06:38,608 [FATAL] Updater:308 - Updater called before beeing initialized
2024-06-20 10:06:38,608 [ERROR] CADModel:125 - Updater not yet initialized, retry later 
2024-06-20 10:06:39,209 [INFO] CADModel:165 - CPN selected for project level
2024-06-20 10:06:39,210 [INFO] CADModel:114 - Register for checkConnection events
2024-06-20 10:06:39,210 [FATAL] Updater:308 - Updater called before beeing initialized
2024-06-20 10:06:39,210 [ERROR] CADModel:125 - Updater not yet initialized, retry later 
2024-06-20 10:06:39,221 [FATAL] Updater:308 - Updater called before beeing initialized
2024-06-20 10:06:39,306 [INFO] ThirdPartyUpdaterWithRetryManager:70 - Updater plugin not ready yet. [5/15]
2024-06-20 10:06:39,556 [FATAL] Updater:308 - Updater called before beeing initialized
2024-06-20 10:06:39,589 [INFO] DbMcusAds:53 - JSON generation date=Wed Nov 29 16:22:27 IST 2023 (1701255147349)
2024-06-20 10:06:39,590 [FATAL] Updater:308 - Updater called before beeing initialized
2024-06-20 10:06:39,803 [WARN] DetailPanel:346 - Failed to get advertising image, set to default
2024-06-20 10:06:40,822 [FATAL] Updater:308 - Updater called before beeing initialized
2024-06-20 10:06:40,850 [FATAL] Updater:308 - Updater called before beeing initialized
2024-06-20 10:06:40,850 [FATAL] Updater:308 - Updater called before beeing initialized
2024-06-20 10:06:40,850 [WARN] DetailPanel:346 - Failed to get advertising image, set to default
2024-06-20 10:06:40,966 [FATAL] Updater:308 - Updater called before beeing initialized
2024-06-20 10:06:41,219 [ERROR] Updater:1120 - MainUpdater not yet initialized. External WinMGr cannot be set.
2024-06-20 10:06:41,277 [INFO] Updater:1056 - Updater Version found : 6.10.0
2024-06-20 10:06:41,345 [INFO] ApplicationProperties:184 - Using Application install path: C:\ST\STM32CubeIDE_1.14.1\STM32CubeIDE\plugins\com.st.stm32cube.common.mx_6.10.0.202311202037
2024-06-20 10:06:42,310 [FATAL] Updater:308 - Updater called before beeing initialized
2024-06-20 10:06:42,314 [ERROR] IntegrityCheckThread:130 - Cannot retrieve database content from updater: error 21
2024-06-20 10:06:42,315 [INFO] ThirdParty:978 - Integrity check success = false
2024-06-20 10:06:42,316 [INFO] IntegrityCheckThread:100 - exiting critical section [integrity check]
2024-06-20 10:06:42,316 [INFO] IntegrityCheckThread:103 - End integrity checks thread
2024-06-20 10:06:43,384 [ERROR] LogOutputStream:75 - [STDERR_REDIRECT] Jun 20, 2024 10:06:43 AM java.util.prefs.WindowsPreferences <init>
2024-06-20 10:06:43,401 [ERROR] LogOutputStream:75 - [STDERR_REDIRECT] WARNING: Could not open/create prefs root node Software\JavaSoft\Prefs at root 0xffffffff80000002. Windows RegCreateKeyEx(...) returned error code 5.
2024-06-20 10:06:43,402 [ERROR] LogOutputStream:75 - [STDERR_REDIRECT] 
2024-06-20 10:06:49,415 [WARN] CheckConnectionManager:291 - Warning during Server Connection :  timeout Connect to sw-center.st.com:443 [sw-center.st.com/23.195.74.42, sw-center.st.com/23.195.74.34] failed: Read timed out
2024-06-20 10:06:50,214 [INFO] MainUpdater:2873 - connection check result : 10
2024-06-20 10:06:50,215 [INFO] MainUpdater:3567 - Updater definition file requires update
2024-06-20 10:06:50,218 [INFO] MainUpdater:290 - Updater Check For Update Now.
2024-06-20 10:06:50,218 [INFO] MicroXplorer:498 - Change Database Version : DB.6.0.100
2024-06-20 10:06:50,284 [INFO] McuFinderGlobals:63 - Set McuFinder mode to 2 (CubeIDE integrated)
2024-06-20 10:06:50,800 [INFO] UserAuth:404 - Internet connection configuration mode: 1
2024-06-20 10:06:50,890 [INFO] JxBrowserEngine:152 - Initiate JxBrowser Engine with user profile folder
2024-06-20 10:07:00,013 [INFO] WebApp:161 - Instantiating new browser for Auth
2024-06-20 10:07:04,061 [INFO] WebApp:780 - Register for checkConnection events
2024-06-20 10:07:04,062 [INFO] WebApp:414 - Apply proxy settings
2024-06-20 10:07:04,063 [INFO] WebApp:499 - Chromium requires no authentication
2024-06-20 10:07:04,102 [INFO] WebApp:442 - Direct internet connection detected
2024-06-20 10:07:04,889 [INFO] WebApp:192 - Starting web application
2024-06-20 10:07:04,890 [INFO] WebApp:544 - Web application path used C:\ST\STM32CubeIDE_1.14.1\STM32CubeIDE\plugins\com.st.stm32cube.common.mx_6.10.0.202311202037\db\plugins\mcufinder\reactClient1\index.html
2024-06-20 10:07:33,724 [ERROR] LogOutputStream:75 - [STDERR_REDIRECT] SLF4J: Failed to load class "org.slf4j.impl.StaticLoggerBinder".
2024-06-20 10:07:33,741 [ERROR] LogOutputStream:75 - [STDERR_REDIRECT] SLF4J: Defaulting to no-operation (NOP) logger implementation
2024-06-20 10:07:33,750 [ERROR] LogOutputStream:75 - [STDERR_REDIRECT] SLF4J: See http://www.slf4j.org/codes.html#StaticLoggerBinder for further details.
2024-06-20 10:07:35,464 [WARN] ServerAccessManage:1168 - Warning during Server Connection :  timeout Read timed out
2024-06-20 10:07:36,115 [INFO] ServerAccessManage:473 - Download File updaters.zip
2024-06-20 10:07:38,099 [INFO] FileExtend:240 - Unzip File : updaters.zip
2024-06-20 10:07:38,099 [INFO] FileExtend:255 - Standard Zip Deflate
2024-06-20 10:07:40,309 [INFO] ServerAccessManage:473 - Download File PacksControlFlags.xml
2024-06-20 10:07:41,041 [INFO] ServerAccessManage:473 - Download File cubemx.pidx
2024-06-20 10:07:41,585 [INFO] LoadServerUpdatesThread:375 - End of LoadServerUpdate Thread
2024-06-20 10:07:42,618 [INFO] CheckServerUpdateThread:120 - End of CheckServer Thread
2024-06-20 13:17:25,232 [ERROR] ConfigurationRetriever:142 - IOException on connection: sw-center.st.com
2024-06-20 13:17:25,370 [ERROR] ConfigurationRetriever:142 - IOException on connection: sw-center.st.com
2024-06-20 13:17:25,372 [ERROR] ConfigurationRetriever:142 - IOException on connection: sw-center.st.com
2024-06-20 13:17:41,392 [ERROR] LogOutputStream:75 - [STDERR_REDIRECT] 
