2024-04-06 10:21:57,521 [INFO] Activator:176 - 


2024-04-06 10:21:57,538 [INFO] Activator:177 - !SESSION log4j initialized
2024-04-06 10:22:25,322 [INFO] LogOutputStream:77 - [STDOUT_REDIRECT] 
2024-04-06 10:22:54,725 [INFO] ApplicationProperties:184 - Using Application install path: C:\ST\STM32CubeIDE_1.14.1\STM32CubeIDE\plugins\com.st.stm32cube.common.mx_6.10.0.202311202037
2024-04-06 10:22:54,779 [INFO] DbMcusXml:78 - Set database path to: C:\ST\STM32CubeIDE_1.14.1\STM32CubeIDE\plugins\com.st.stm32cube.common.mx_6.10.0.202311202037\\db\/mcu/
2024-04-06 10:22:54,780 [INFO] ApiDb:274 - Set plugin database path to: C:\ST\STM32CubeIDE_1.14.1\STM32CubeIDE\plugins\com.st.stm32cube.common.mx_6.10.0.202311202037\\db\/plugins/boardmanager/
2024-04-06 10:22:54,782 [WARN] ApiDb:259 - Overriding images path with different value:  => C:\ST\STM32CubeIDE_1.14.1\STM32CubeIDE\plugins\com.st.stm32cube.common.mx_6.10.0.202311202037\\db\/plugins/mcufinder/images/
2024-04-06 10:22:54,805 [INFO] ApiDb:250 - Set database path to: C:\Users\tarun\.stmcufinder\plugins\mcufinder//mcu/
2024-04-06 10:22:54,807 [INFO] DbMcusAds:125 - Set database path to: C:\Users\tarun\.stmcufinder\plugins\mcufinder//mcu/
2024-04-06 10:22:54,853 [INFO] CrossReferenceDbSqlite:203 - Set database path to: C:\Users\tarun\.stmcufinder\plugins\mcufinder//mcu/cs/
2024-04-06 10:22:55,220 [INFO] RulesReader:64 - Compatibility file has been processed (297 Rules)
2024-04-06 10:22:55,421 [INFO] DbMcusXml:78 - Set database path to: C:\ST\STM32CubeIDE_1.14.1\STM32CubeIDE\plugins\com.st.stm32cube.common.mx_6.10.0.202311202037\\db\/mcu/
2024-04-06 10:22:55,421 [INFO] ApiDb:274 - Set plugin database path to: C:\ST\STM32CubeIDE_1.14.1\STM32CubeIDE\plugins\com.st.stm32cube.common.mx_6.10.0.202311202037\\db\/plugins/boardmanager/
2024-04-06 10:22:55,421 [INFO] ApiDb:261 - Set plugin images path to: C:\ST\STM32CubeIDE_1.14.1\STM32CubeIDE\plugins\com.st.stm32cube.common.mx_6.10.0.202311202037\\db\/plugins/mcufinder/images/
2024-04-06 10:22:55,422 [WARN] DbFile:41 - Overriding database path with different value: C:\Users\tarun\.stmcufinder\plugins\mcufinder/ => C:\Users\tarun\.stmcufinder\plugins\mcufinder
2024-04-06 10:22:55,422 [INFO] ApiDb:250 - Set database path to: C:\Users\tarun\.stmcufinder\plugins\mcufinder//mcu/
2024-04-06 10:22:55,422 [WARN] DbFile:41 - Overriding database path with different value: C:\Users\tarun\.stmcufinder\plugins\mcufinder/ => C:\Users\tarun\.stmcufinder\plugins\mcufinder
2024-04-06 10:22:55,422 [INFO] DbMcusAds:125 - Set database path to: C:\Users\tarun\.stmcufinder\plugins\mcufinder//mcu/
2024-04-06 10:22:55,422 [WARN] DbFile:41 - Overriding database path with different value: C:\Users\tarun\.stmcufinder\plugins\mcufinder/ => C:\Users\tarun\.stmcufinder\plugins\mcufinder
2024-04-06 10:22:55,423 [WARN] DbFile:41 - Overriding database path with different value: C:\Users\tarun\.stmcufinder\plugins\mcufinder/ => C:\Users\tarun\.stmcufinder\plugins\mcufinder
2024-04-06 10:22:55,423 [INFO] CrossReferenceDbSqlite:203 - Set database path to: C:\Users\tarun\.stmcufinder\plugins\mcufinder//mcu/cs/
2024-04-06 10:22:55,626 [INFO] MainPanel:264 - HeapMemory: 300941312
2024-04-06 10:22:55,814 [INFO] DbMcusXml:78 - Set database path to: C:\ST\STM32CubeIDE_1.14.1\STM32CubeIDE\plugins\com.st.stm32cube.common.mx_6.10.0.202311202037\\db\/mcu/
2024-04-06 10:22:55,815 [INFO] ApiDb:274 - Set plugin database path to: C:\ST\STM32CubeIDE_1.14.1\STM32CubeIDE\plugins\com.st.stm32cube.common.mx_6.10.0.202311202037\\db\/plugins/boardmanager/
2024-04-06 10:22:55,815 [INFO] ApiDb:261 - Set plugin images path to: C:\ST\STM32CubeIDE_1.14.1\STM32CubeIDE\plugins\com.st.stm32cube.common.mx_6.10.0.202311202037\\db\/plugins/mcufinder/images/
2024-04-06 10:22:55,816 [WARN] DbFile:41 - Overriding database path with different value: C:\Users\tarun\.stmcufinder\plugins\mcufinder/ => C:\Users\tarun\.stmcufinder\plugins\mcufinder
2024-04-06 10:22:55,816 [INFO] ApiDb:250 - Set database path to: C:\Users\tarun\.stmcufinder\plugins\mcufinder//mcu/
2024-04-06 10:22:55,816 [WARN] DbFile:41 - Overriding database path with different value: C:\Users\tarun\.stmcufinder\plugins\mcufinder/ => C:\Users\tarun\.stmcufinder\plugins\mcufinder
2024-04-06 10:22:55,817 [INFO] DbMcusAds:125 - Set database path to: C:\Users\tarun\.stmcufinder\plugins\mcufinder//mcu/
2024-04-06 10:22:55,817 [WARN] DbFile:41 - Overriding database path with different value: C:\Users\tarun\.stmcufinder\plugins\mcufinder/ => C:\Users\tarun\.stmcufinder\plugins\mcufinder
2024-04-06 10:22:55,817 [WARN] DbFile:41 - Overriding database path with different value: C:\Users\tarun\.stmcufinder\plugins\mcufinder/ => C:\Users\tarun\.stmcufinder\plugins\mcufinder
2024-04-06 10:22:55,817 [INFO] CrossReferenceDbSqlite:203 - Set database path to: C:\Users\tarun\.stmcufinder\plugins\mcufinder//mcu/cs/
2024-04-06 10:22:55,863 [INFO] ApplicationProperties:184 - Using Application install path: C:\ST\STM32CubeIDE_1.14.1\STM32CubeIDE\plugins\com.st.stm32cube.common.mx_6.10.0.202311202037
2024-04-06 10:22:55,869 [INFO] PluginManage:196 - Search for loadable plugins [exclusion list=, ]
2024-04-06 10:22:55,875 [INFO] PluginManage:310 - Check plugin analytics
2024-04-06 10:22:56,330 [INFO] AnalyticsPlugin:253 - Accepted Software Licenses: 
2024-04-06 10:22:56,331 [INFO] AnalyticsPlugin:255 - Accepted CMSIS Pack Licenses: 
2024-04-06 10:22:56,331 [INFO] AnalyticsPlugin:257 - Accepted Firmware Licenses: FW.F4.1.28.0
2024-04-06 10:22:56,338 [INFO] PluginManage:359 - Loaded plugin analytics (category:tool,tabindex:-1)
2024-04-06 10:22:56,339 [INFO] PluginManage:310 - Check plugin cadmodel
2024-04-06 10:22:56,369 [INFO] CADModel:105 - Init CAD model plugin
2024-04-06 10:22:56,370 [INFO] PluginManage:359 - Loaded plugin cadmodel (category:power,tabindex:5)
2024-04-06 10:22:56,370 [INFO] PluginManage:310 - Check plugin clock
2024-04-06 10:22:56,414 [INFO] PluginManage:359 - Loaded plugin clock (category:base,tabindex:2)
2024-04-06 10:22:56,414 [INFO] PluginManage:310 - Check plugin ddr
2024-04-06 10:22:56,421 [INFO] PluginManage:359 - Loaded plugin ddr (category:tool,tabindex:6)
2024-04-06 10:22:56,421 [INFO] PluginManage:310 - Check plugin filemanager
2024-04-06 10:22:56,775 [INFO] PluginManage:359 - Loaded plugin filemanager (category:base,tabindex:10)
2024-04-06 10:22:56,776 [INFO] PluginManage:310 - Check plugin ipmanager
2024-04-06 10:22:56,794 [INFO] PluginManage:359 - Loaded plugin ipmanager (category:base,tabindex:5)
2024-04-06 10:22:56,794 [INFO] PluginManage:310 - Check plugin lpbam
2024-04-06 10:22:56,831 [INFO] PluginManage:359 - Loaded plugin lpbam (category:base,tabindex:0)
2024-04-06 10:22:56,832 [INFO] PluginManage:310 - Check plugin memorymap
2024-04-06 10:22:56,887 [INFO] PluginManage:359 - Loaded plugin memorymap (category:base,tabindex:4)
2024-04-06 10:22:56,887 [INFO] PluginManage:310 - Check plugin pinoutandconfiguration
2024-04-06 10:22:56,923 [INFO] PluginManage:359 - Loaded plugin pinoutandconfiguration (category:base,tabindex:1)
2024-04-06 10:22:56,923 [INFO] PluginManage:310 - Check plugin pinoutconfig
2024-04-06 10:22:57,270 [WARN] SupportedApi:132 - Cannot load RTOS API schema: s4s-elt-must-match.1: The content of 'definitions' must match (annotation?, (simpleType | complexType)?, (unique | key | keyref)*)). A problem was found starting at: attribute.
2024-04-06 10:22:57,854 [INFO] PluginManage:359 - Loaded plugin pinoutconfig (category:base,tabindex:0)
2024-04-06 10:22:57,855 [INFO] PluginManage:310 - Check plugin power
2024-04-06 10:22:57,904 [INFO] PluginManage:359 - Loaded plugin power (category:power,tabindex:4)
2024-04-06 10:22:57,904 [INFO] PluginManage:310 - Check plugin projectmanager
2024-04-06 10:22:57,949 [INFO] PluginManage:359 - Loaded plugin projectmanager (category:projectmanager,tabindex:3)
2024-04-06 10:22:57,949 [INFO] PluginManage:310 - Check plugin thirdparty
2024-04-06 10:23:00,379 [INFO] PluginManage:359 - Loaded plugin thirdparty (category:base,tabindex:-1)
2024-04-06 10:23:00,378 [WARN] IntegrityCheckThread:84 - waiting for thirdparty lock release [integrity check]
2024-04-06 10:23:00,379 [INFO] PluginManage:310 - Check plugin tools
2024-04-06 10:23:00,379 [INFO] IntegrityCheckThread:86 - entering critical section [integrity check]
2024-04-06 10:23:00,380 [INFO] ThirdPartyUpdaterWithRetryManager:70 - Updater plugin not ready yet. [1/15]
2024-04-06 10:23:00,467 [INFO] PluginManage:359 - Loaded plugin tools (category:base,tabindex:7)
2024-04-06 10:23:00,467 [INFO] PluginManage:310 - Check plugin tutovideos
2024-04-06 10:23:01,041 [INFO] PluginManage:359 - Loaded plugin tutovideos (category:base,tabindex:-1)
2024-04-06 10:23:01,041 [INFO] PluginManage:310 - Check plugin updater
2024-04-06 10:23:01,072 [INFO] PluginManage:359 - Loaded plugin updater (category:base,tabindex:12)
2024-04-06 10:23:01,072 [INFO] PluginManage:310 - Check plugin userauth
2024-04-06 10:23:01,086 [INFO] UserAuth:114 - Init User Auth plugin
2024-04-06 10:23:01,087 [INFO] PluginManage:359 - Loaded plugin userauth (category:base,tabindex:14)
2024-04-06 10:23:01,088 [INFO] PluginManage:283 - PluginManage : Loaded plugins [17]
2024-04-06 10:23:01,743 [INFO] PinOutPanel:1499 - setPackage(No Configuration,No Configuration)
2024-04-06 10:23:01,989 [INFO] CADModel:165 - CPN selected for project level
2024-04-06 10:23:01,989 [INFO] CADModel:114 - Register for checkConnection events
2024-04-06 10:23:02,069 [INFO] IPUIPlugin:80 - create IPUIPlugin
2024-04-06 10:23:02,070 [INFO] PluginManager:220 - loadIPPluginJar : add adc
2024-04-06 10:23:02,158 [INFO] IPUIPlugin:80 - create IPUIPlugin
2024-04-06 10:23:02,159 [INFO] PluginManager:220 - loadIPPluginJar : add aes
2024-04-06 10:23:02,258 [INFO] IPUIPlugin:80 - create IPUIPlugin
2024-04-06 10:23:02,258 [INFO] PluginManager:220 - loadIPPluginJar : add can
2024-04-06 10:23:02,317 [INFO] IPUIPlugin:80 - create IPUIPlugin
2024-04-06 10:23:02,317 [INFO] PluginManager:220 - loadIPPluginJar : add comp
2024-04-06 10:23:02,387 [INFO] IPUIPlugin:80 - create IPUIPlugin
2024-04-06 10:23:02,387 [INFO] PluginManager:220 - loadIPPluginJar : add cryp
2024-04-06 10:23:02,440 [INFO] IPUIPlugin:80 - create IPUIPlugin
2024-04-06 10:23:02,440 [INFO] PluginManager:220 - loadIPPluginJar : add dfsdm
2024-04-06 10:23:02,472 [INFO] IPUIPlugin:80 - create IPUIPlugin
2024-04-06 10:23:02,473 [INFO] PluginManager:220 - loadIPPluginJar : add dma
2024-04-06 10:23:02,554 [INFO] IPUIPlugin:80 - create IPUIPlugin
2024-04-06 10:23:02,554 [INFO] PluginManager:220 - loadIPPluginJar : add dma3
2024-04-06 10:23:02,595 [INFO] IPUIPlugin:80 - create IPUIPlugin
2024-04-06 10:23:02,595 [INFO] PluginManager:220 - loadIPPluginJar : add fatfs
2024-04-06 10:23:02,698 [INFO] IPUIPlugin:80 - create IPUIPlugin
2024-04-06 10:23:02,699 [INFO] PluginManager:220 - loadIPPluginJar : add fmc
2024-04-06 10:23:02,733 [INFO] IPUIPlugin:80 - create IPUIPlugin
2024-04-06 10:23:02,733 [INFO] PluginManager:220 - loadIPPluginJar : add freertos
2024-04-06 10:23:02,771 [INFO] IPUIPlugin:80 - create IPUIPlugin
2024-04-06 10:23:02,771 [INFO] PluginManager:220 - loadIPPluginJar : add genericplugin
2024-04-06 10:23:02,961 [INFO] IPUIPlugin:80 - create IPUIPlugin
2024-04-06 10:23:02,962 [INFO] PluginManager:220 - loadIPPluginJar : add gfxmmu
2024-04-06 10:23:03,188 [INFO] IPUIPlugin:80 - create IPUIPlugin
2024-04-06 10:23:03,189 [INFO] PluginManager:220 - loadIPPluginJar : add gic
2024-04-06 10:23:03,209 [INFO] IPUIPlugin:80 - create IPUIPlugin
2024-04-06 10:23:03,209 [INFO] PluginManager:220 - loadIPPluginJar : add gpio
2024-04-06 10:23:03,345 [INFO] IPUIPlugin:80 - create IPUIPlugin
2024-04-06 10:23:03,346 [INFO] PluginManager:220 - loadIPPluginJar : add gtzc
2024-04-06 10:23:03,382 [INFO] ThirdPartyUpdaterWithRetryManager:70 - Updater plugin not ready yet. [2/15]
2024-04-06 10:23:03,393 [INFO] IPUIPlugin:80 - create IPUIPlugin
2024-04-06 10:23:03,393 [INFO] PluginManager:220 - loadIPPluginJar : add hash
2024-04-06 10:23:03,476 [INFO] IPUIPlugin:80 - create IPUIPlugin
2024-04-06 10:23:03,476 [INFO] PluginManager:220 - loadIPPluginJar : add i2c
2024-04-06 10:23:03,540 [INFO] IPUIPlugin:80 - create IPUIPlugin
2024-04-06 10:23:03,540 [INFO] PluginManager:220 - loadIPPluginJar : add i2s
2024-04-06 10:23:03,605 [INFO] IPUIPlugin:80 - create IPUIPlugin
2024-04-06 10:23:03,606 [INFO] PluginManager:220 - loadIPPluginJar : add i3c
2024-04-06 10:23:03,829 [INFO] IPUIPlugin:80 - create IPUIPlugin
2024-04-06 10:23:03,829 [INFO] PluginManager:220 - loadIPPluginJar : add ipddr
2024-04-06 10:23:03,984 [INFO] IPUIPlugin:80 - create IPUIPlugin
2024-04-06 10:23:03,984 [INFO] PluginManager:220 - loadIPPluginJar : add linkedlist
2024-04-06 10:23:04,036 [INFO] IPUIPlugin:80 - create IPUIPlugin
2024-04-06 10:23:04,036 [INFO] PluginManager:220 - loadIPPluginJar : add lorawan
2024-04-06 10:23:04,103 [INFO] IPUIPlugin:80 - create IPUIPlugin
2024-04-06 10:23:04,104 [INFO] PluginManager:220 - loadIPPluginJar : add ltdc
2024-04-06 10:23:04,134 [INFO] IPUIPlugin:80 - create IPUIPlugin
2024-04-06 10:23:04,135 [INFO] PluginManager:220 - loadIPPluginJar : add mdma
2024-04-06 10:23:04,160 [INFO] IPUIPlugin:80 - create IPUIPlugin
2024-04-06 10:23:04,160 [INFO] PluginManager:220 - loadIPPluginJar : add nvic
2024-04-06 10:23:04,227 [INFO] IPUIPlugin:80 - create IPUIPlugin
2024-04-06 10:23:04,227 [INFO] PluginManager:220 - loadIPPluginJar : add opamp
2024-04-06 10:23:04,325 [INFO] IPUIPlugin:80 - create IPUIPlugin
2024-04-06 10:23:04,325 [INFO] PluginManager:220 - loadIPPluginJar : add openamp
2024-04-06 10:23:04,391 [INFO] IPUIPlugin:80 - create IPUIPlugin
2024-04-06 10:23:04,391 [INFO] PluginManager:220 - loadIPPluginJar : add pdm2pcm
2024-04-06 10:23:04,414 [INFO] IPUIPlugin:80 - create IPUIPlugin
2024-04-06 10:23:04,417 [INFO] PluginManager:220 - loadIPPluginJar : add plateformsettings
2024-04-06 10:23:04,451 [INFO] IPUIPlugin:80 - create IPUIPlugin
2024-04-06 10:23:04,452 [INFO] PluginManager:220 - loadIPPluginJar : add quadspi
2024-04-06 10:23:04,471 [INFO] IPUIPlugin:80 - create IPUIPlugin
2024-04-06 10:23:04,471 [INFO] PluginManager:220 - loadIPPluginJar : add resmgrutility
2024-04-06 10:23:04,540 [INFO] IPUIPlugin:80 - create IPUIPlugin
2024-04-06 10:23:04,541 [INFO] PluginManager:220 - loadIPPluginJar : add sai
2024-04-06 10:23:04,591 [INFO] IPUIPlugin:80 - create IPUIPlugin
2024-04-06 10:23:04,591 [INFO] PluginManager:220 - loadIPPluginJar : add spi
2024-04-06 10:23:04,692 [INFO] IPUIPlugin:80 - create IPUIPlugin
2024-04-06 10:23:04,692 [INFO] PluginManager:220 - loadIPPluginJar : add stm32_wpan
2024-04-06 10:23:04,726 [INFO] IPUIPlugin:80 - create IPUIPlugin
2024-04-06 10:23:04,726 [INFO] PluginManager:220 - loadIPPluginJar : add tim
2024-04-06 10:23:04,822 [INFO] IPUIPlugin:80 - create IPUIPlugin
2024-04-06 10:23:04,822 [INFO] PluginManager:220 - loadIPPluginJar : add touchsensing
2024-04-06 10:23:04,854 [INFO] IPUIPlugin:80 - create IPUIPlugin
2024-04-06 10:23:04,855 [INFO] PluginManager:220 - loadIPPluginJar : add tracer_emb
2024-04-06 10:23:04,899 [INFO] IPUIPlugin:80 - create IPUIPlugin
2024-04-06 10:23:04,899 [INFO] PluginManager:220 - loadIPPluginJar : add ts
2024-04-06 10:23:04,942 [INFO] IPUIPlugin:80 - create IPUIPlugin
2024-04-06 10:23:04,942 [INFO] PluginManager:220 - loadIPPluginJar : add tsc
2024-04-06 10:23:04,986 [INFO] IPUIPlugin:80 - create IPUIPlugin
2024-04-06 10:23:04,986 [INFO] PluginManager:220 - loadIPPluginJar : add ucpd
2024-04-06 10:23:05,054 [INFO] IPUIPlugin:80 - create IPUIPlugin
2024-04-06 10:23:05,054 [INFO] PluginManager:220 - loadIPPluginJar : add usart
2024-04-06 10:23:05,120 [INFO] IPUIPlugin:80 - create IPUIPlugin
2024-04-06 10:23:05,120 [INFO] PluginManager:220 - loadIPPluginJar : add usbx
2024-04-06 10:23:05,361 [INFO] CADModel:165 - CPN selected for project level
2024-04-06 10:23:05,361 [INFO] CADModel:114 - Register for checkConnection events
2024-04-06 10:23:05,361 [FATAL] Updater:308 - Updater called before beeing initialized
2024-04-06 10:23:05,362 [ERROR] CADModel:125 - Updater not yet initialized, retry later 
2024-04-06 10:23:05,702 [INFO] CADModel:165 - CPN selected for project level
2024-04-06 10:23:05,703 [INFO] CADModel:114 - Register for checkConnection events
2024-04-06 10:23:05,703 [FATAL] Updater:308 - Updater called before beeing initialized
2024-04-06 10:23:05,703 [ERROR] CADModel:125 - Updater not yet initialized, retry later 
2024-04-06 10:23:05,712 [FATAL] Updater:308 - Updater called before beeing initialized
2024-04-06 10:23:05,971 [FATAL] Updater:308 - Updater called before beeing initialized
2024-04-06 10:23:05,995 [INFO] DbMcusAds:53 - JSON generation date=Wed Nov 29 16:22:27 IST 2023 (1701255147349)
2024-04-06 10:23:05,995 [FATAL] Updater:308 - Updater called before beeing initialized
2024-04-06 10:23:06,158 [WARN] DetailPanel:346 - Failed to get advertising image, set to default
2024-04-06 10:23:06,334 [FATAL] Updater:308 - Updater called before beeing initialized
2024-04-06 10:23:06,339 [FATAL] Updater:308 - Updater called before beeing initialized
2024-04-06 10:23:06,339 [FATAL] Updater:308 - Updater called before beeing initialized
2024-04-06 10:23:06,340 [WARN] DetailPanel:346 - Failed to get advertising image, set to default
2024-04-06 10:23:06,341 [FATAL] Updater:308 - Updater called before beeing initialized
2024-04-06 10:23:06,385 [INFO] ThirdPartyUpdaterWithRetryManager:70 - Updater plugin not ready yet. [3/15]
2024-04-06 10:23:06,492 [ERROR] Updater:1120 - MainUpdater not yet initialized. External WinMGr cannot be set.
2024-04-06 10:23:06,510 [INFO] Updater:1056 - Updater Version found : 6.10.0
2024-04-06 10:23:06,554 [INFO] ApplicationProperties:184 - Using Application install path: C:\ST\STM32CubeIDE_1.14.1\STM32CubeIDE\plugins\com.st.stm32cube.common.mx_6.10.0.202311202037
2024-04-06 10:23:08,165 [ERROR] LogOutputStream:75 - [STDERR_REDIRECT] Apr 06, 2024 10:23:08 AM java.util.prefs.WindowsPreferences <init>
2024-04-06 10:23:08,169 [ERROR] LogOutputStream:75 - [STDERR_REDIRECT] WARNING: Could not open/create prefs root node Software\JavaSoft\Prefs at root 0xffffffff80000002. Windows RegCreateKeyEx(...) returned error code 5.
2024-04-06 10:23:08,169 [ERROR] LogOutputStream:75 - [STDERR_REDIRECT] 
2024-04-06 10:23:08,939 [INFO] MainUpdater:2873 - connection check result : 10
2024-04-06 10:23:08,941 [INFO] MainUpdater:290 - Updater Check For Update Now.
2024-04-06 10:23:08,941 [INFO] MicroXplorer:498 - Change Database Version : DB.6.0.100
2024-04-06 10:23:09,001 [INFO] McuFinderGlobals:63 - Set McuFinder mode to 2 (CubeIDE integrated)
2024-04-06 10:23:09,348 [INFO] CheckServerUpdateThread:120 - End of CheckServer Thread
2024-04-06 10:23:09,752 [INFO] UserAuth:404 - Internet connection configuration mode: 1
2024-04-06 10:23:09,801 [INFO] JxBrowserEngine:152 - Initiate JxBrowser Engine with user profile folder
2024-04-06 10:23:09,885 [WARN] PackLoader:240 - Cannot read IP mode file for STMicroelectronics.X-CUBE-SMBUS.2.1.0
2024-04-06 10:23:09,927 [WARN] PackLoader:240 - Cannot read IP mode file for STMicroelectronics.X-CUBE-TOUCHGFX.4.23.1
2024-04-06 10:23:09,949 [WARN] PackLoader:240 - Cannot read IP mode file for STMicroelectronics.X-CUBE-TOUCHGFX.4.23.0
2024-04-06 10:23:09,971 [WARN] PackLoader:240 - Cannot read IP mode file for STMicroelectronics.X-CUBE-TOUCHGFX.4.23.2
2024-04-06 10:23:10,071 [WARN] PackLoader:240 - Cannot read IP mode file for STMicroelectronics.X-CUBE-AZRTOS-F7.1.1.0
2024-04-06 10:23:10,110 [WARN] PackLoader:240 - Cannot read IP mode file for STMicroelectronics.FP-SNS-MOTENV1.4.3.2
2024-04-06 10:23:10,139 [WARN] PackLoader:240 - Cannot read IP mode file for STMicroelectronics.FP-SNS-FLIGHT1.5.0.2
2024-04-06 10:23:10,174 [WARN] PackLoader:240 - Cannot read IP mode file for STMicroelectronics.X-CUBE-DISPLAY.3.0.0
2024-04-06 10:23:10,218 [WARN] PackLoader:240 - Cannot read IP mode file for STMicroelectronics.X-CUBE-BLE1.7.0.0
2024-04-06 10:23:10,257 [WARN] PackLoader:240 - Cannot read IP mode file for emotas.I-CUBE-CANOPEN.1.3.0
2024-04-06 10:23:10,299 [WARN] PackLoader:240 - Cannot read IP mode file for STMicroelectronics.X-CUBE-BLEMGR.3.1.0
2024-04-06 10:23:10,362 [WARN] PackLoader:240 - Cannot read IP mode file for STMicroelectronics.FP-SNS-SMARTAG2.1.2.0
2024-04-06 10:23:10,475 [INFO] LogOutputStream:77 - [STDOUT_REDIRECT] 1 : Invalid condition id : UX_CORESTACK_Condition cause : null
2024-04-06 10:23:10,477 [INFO] LogOutputStream:77 - [STDOUT_REDIRECT] 1 : Invalid condition id : UX_CORESTACK_Condition cause : null
2024-04-06 10:23:10,482 [INFO] LogOutputStream:77 - [STDOUT_REDIRECT] 1 : Invalid condition id : UX_CORESTACK_Condition cause : null
2024-04-06 10:23:10,486 [INFO] LogOutputStream:77 - [STDOUT_REDIRECT] 1 : Invalid condition id : UX_CORESTACK_Condition cause : null
2024-04-06 10:23:10,491 [INFO] LogOutputStream:77 - [STDOUT_REDIRECT] 1 : Invalid condition id : UX_CORESTACK_Condition cause : null
2024-04-06 10:23:10,499 [WARN] PackLoader:240 - Cannot read IP mode file for STMicroelectronics.X-CUBE-AZRTOS-WL.2.0.0
2024-04-06 10:23:10,578 [WARN] PackLoader:240 - Cannot read IP mode file for STMicroelectronics.FP-SNS-MOTENV1.5.0.0
2024-04-06 10:23:10,637 [WARN] PackLoader:240 - Cannot read IP mode file for WES.I-CUBE-Cesium.1.3.0
2024-04-06 10:23:10,691 [WARN] PackLoader:240 - Cannot read IP mode file for STMicroelectronics.X-CUBE-BLE2.3.3.0
2024-04-06 10:23:10,722 [WARN] PackLoader:240 - Cannot read IP mode file for STMicroelectronics.X-CUBE-ALGOBUILD.1.3.0
2024-04-06 10:23:10,806 [WARN] PackLoader:240 - Cannot read IP mode file for STMicroelectronics.X-CUBE-AZRTOS-G0.1.1.0
2024-04-06 10:23:10,848 [WARN] PackLoader:240 - Cannot read IP mode file for STMicroelectronics.X-CUBE-SAFEA1.1.2.2
2024-04-06 10:23:10,880 [WARN] PackLoader:240 - Cannot read IP mode file for STMicroelectronics.X-CUBE-NFC4.3.0.0
2024-04-06 10:23:10,914 [WARN] PackLoader:240 - Cannot read IP mode file for STMicroelectronics.X-CUBE-BLEMGR.3.0.0
2024-04-06 10:23:10,946 [WARN] PackLoader:240 - Cannot read IP mode file for STMicroelectronics.FP-ATR-SIGFOX1.3.2.0
2024-04-06 10:23:10,977 [WARN] PackLoader:240 - Cannot read IP mode file for STMicroelectronics.X-CUBE-EEPRMA1.5.1.0
2024-04-06 10:23:11,066 [WARN] PackLoader:240 - Cannot read IP mode file for SEGGER.I-CUBE-embOS.1.3.1
2024-04-06 10:23:11,189 [WARN] PackLoader:240 - Cannot read IP mode file for STMicroelectronics.X-CUBE-GNSS1.6.0.0
2024-04-06 10:23:11,257 [WARN] PackLoader:240 - Cannot read IP mode file for STMicroelectronics.X-CUBE-AZRTOS-F4.1.1.0
2024-04-06 10:23:11,285 [WARN] PackLoader:240 - Cannot read IP mode file for wolfSSL.I-CUBE-wolfSSL.5.6.6
2024-04-06 10:23:11,337 [WARN] PackLoader:240 - Cannot read IP mode file for STMicroelectronics.X-CUBE-AZRTOS-L5.2.0.0
2024-04-06 10:23:11,370 [WARN] PackLoader:240 - Cannot read IP mode file for STMicroelectronics.X-CUBE-NFC6.3.1.0
2024-04-06 10:23:11,397 [WARN] PackLoader:240 - Cannot read IP mode file for ITTIA_DB.I-CUBE-ITTIADB.8.8.0
2024-04-06 10:23:11,421 [WARN] PackLoader:240 - Cannot read IP mode file for STMicroelectronics.X-CUBE-NFC7.1.0.1
2024-04-06 10:23:11,447 [WARN] PackLoader:240 - Cannot read IP mode file for STMicroelectronics.X-CUBE-NFC6.3.0.0
2024-04-06 10:23:11,474 [WARN] PackLoader:240 - Cannot read IP mode file for STMicroelectronics.X-CUBE-AI.8.1.0
2024-04-06 10:23:11,539 [WARN] ConditionMgr:438 - getConditionDescription Invalid condition id : LAN8742 Phy interface Condition cause : null
2024-04-06 10:23:11,540 [WARN] PackLoader:240 - Cannot read IP mode file for STMicroelectronics.X-CUBE-AZRTOS-L4.2.0.0
2024-04-06 10:23:11,543 [WARN] ConditionMgr:1039 - genDependencies : Invalid condition id : LAN8742 Phy interface Condition cause : null
2024-04-06 10:23:11,544 [WARN] ConditionMgr:1039 - genDependencies : Invalid condition id : LAN8742 Phy interface Condition cause : null
2024-04-06 10:23:11,546 [WARN] ConditionMgr:1039 - genDependencies : Invalid condition id : LAN8742 Phy interface Condition cause : null
2024-04-06 10:23:11,579 [WARN] PackLoader:240 - Cannot read IP mode file for STMicroelectronics.X-CUBE-SFXS2LP1.4.0.0
2024-04-06 10:23:11,649 [WARN] ConditionMgr:438 - getConditionDescription Invalid condition id : UX DEVICE CLASS RTOS Condition cause : null
2024-04-06 10:23:11,649 [WARN] ConditionMgr:438 - getConditionDescription Invalid condition id : UX DEVICE CLASS RTOS Condition cause : null
2024-04-06 10:23:11,653 [WARN] PackLoader:240 - Cannot read IP mode file for STMicroelectronics.X-CUBE-AZRTOS-WB.2.0.0
2024-04-06 10:23:11,655 [WARN] ConditionMgr:1039 - genDependencies : Invalid condition id : UX DEVICE CLASS RTOS Condition cause : null
2024-04-06 10:23:11,655 [WARN] ConditionMgr:1039 - genDependencies : Invalid condition id : UX DEVICE CLASS RTOS Condition cause : null
2024-04-06 10:23:11,656 [WARN] ConditionMgr:1039 - genDependencies : Invalid condition id : UX DEVICE CLASS RTOS Condition cause : null
2024-04-06 10:23:11,657 [WARN] ConditionMgr:1039 - genDependencies : Invalid condition id : UX DEVICE CLASS RTOS Condition cause : null
2024-04-06 10:23:11,657 [WARN] ConditionMgr:1039 - genDependencies : Invalid condition id : UX DEVICE CLASS RTOS Condition cause : null
2024-04-06 10:23:11,716 [WARN] PackLoader:240 - Cannot read IP mode file for STMicroelectronics.X-CUBE-SUBG2.5.0.0
2024-04-06 10:23:11,788 [WARN] PackLoader:240 - Cannot read IP mode file for STMicroelectronics.X-CUBE-AZRTOS-G4.2.0.0
2024-04-06 10:23:11,839 [WARN] PackLoader:240 - Cannot read IP mode file for Infineon.AIROC-Wi-Fi-Bluetooth-STM32.1.5.1
2024-04-06 10:23:11,870 [WARN] PackLoader:240 - Cannot read IP mode file for STMicroelectronics.FP-SNS-MOTENVWB1.1.3.1
2024-04-06 10:23:11,895 [WARN] PackLoader:240 - Cannot read IP mode file for STMicroelectronics.X-CUBE-ISPU.2.0.0
2024-04-06 10:23:12,085 [WARN] PackLoader:240 - Cannot read IP mode file for STMicroelectronics.X-CUBE-MEMS1.10.0.0
2024-04-06 10:23:12,856 [WARN] PackLoader:240 - Cannot read IP mode file for STMicroelectronics.X-CUBE-FREERTOS.1.1.0
2024-04-06 10:23:12,906 [WARN] PackLoader:240 - Cannot read IP mode file for portGmbH.I-Cube-SoM-uGOAL.1.1.0
2024-04-06 10:23:12,933 [WARN] PackLoader:240 - Cannot read IP mode file for STMicroelectronics.X-CUBE-ALS.1.0.1
2024-04-06 10:23:12,967 [WARN] PackLoader:240 - Cannot read IP mode file for STMicroelectronics.FP-ATR-ASTRA1.2.0.0
2024-04-06 10:23:13,032 [WARN] PackLoader:240 - Cannot read IP mode file for STMicroelectronics.X-CUBE-TOF1.3.4.0
2024-04-06 10:23:13,158 [WARN] PackLoader:240 - Cannot read IP mode file for STMicroelectronics.X-CUBE-TOF1.3.4.1
2024-04-06 10:23:13,325 [WARN] PackLoader:240 - Cannot read IP mode file for STMicroelectronics.X-CUBE-AZRTOS-H7.3.2.0
2024-04-06 10:23:13,332 [INFO] ThirdParty:978 - Integrity check success = true
2024-04-06 10:23:13,333 [INFO] IntegrityCheckThread:100 - exiting critical section [integrity check]
2024-04-06 10:23:13,333 [INFO] IntegrityCheckThread:103 - End integrity checks thread
2024-04-06 10:23:17,997 [INFO] WebApp:161 - Instantiating new browser for Auth
2024-04-06 10:23:20,016 [INFO] WebApp:780 - Register for checkConnection events
2024-04-06 10:23:20,016 [INFO] WebApp:414 - Apply proxy settings
2024-04-06 10:23:20,017 [INFO] WebApp:499 - Chromium requires no authentication
2024-04-06 10:23:20,040 [INFO] WebApp:442 - Direct internet connection detected
2024-04-06 10:23:20,597 [INFO] WebApp:192 - Starting web application
2024-04-06 10:23:20,598 [INFO] WebApp:544 - Web application path used C:\ST\STM32CubeIDE_1.14.1\STM32CubeIDE\plugins\com.st.stm32cube.common.mx_6.10.0.202311202037\db\plugins\mcufinder\reactClient1\index.html
2024-04-06 10:23:42,750 [ERROR] LogOutputStream:75 - [STDERR_REDIRECT] SLF4J: Failed to load class "org.slf4j.impl.StaticLoggerBinder".
2024-04-06 10:23:42,761 [ERROR] LogOutputStream:75 - [STDERR_REDIRECT] SLF4J: Defaulting to no-operation (NOP) logger implementation
2024-04-06 10:23:42,766 [ERROR] LogOutputStream:75 - [STDERR_REDIRECT] SLF4J: See http://www.slf4j.org/codes.html#StaticLoggerBinder for further details.
2024-04-06 10:33:09,728 [INFO] McuFinderGlobals:63 - Set McuFinder mode to 2 (CubeIDE integrated)
2024-04-06 10:33:09,878 [INFO] MainUpdater:2873 - connection check result : 10
2024-04-06 10:33:09,904 [INFO] MainUpdater:2873 - connection check result : 10
2024-04-06 10:33:10,941 [INFO] MicroXplorer:468 - Change Database Path : 
2024-04-06 10:33:10,945 [INFO] MicroXplorer:498 - Change Database Version : DB.6.0.100
2024-04-06 10:33:11,015 [WARN] ThirdParty:871 - waiting for thirdparty lock release [close project]
2024-04-06 10:33:11,017 [INFO] ThirdParty:873 - entering critical section [close project]
2024-04-06 10:33:11,053 [INFO] ThirdParty:883 - exiting critical section [close project]
2024-04-06 10:33:11,107 [INFO] PinOutPanel:1499 - setPackage(No Configuration,No Configuration)
2024-04-06 10:33:11,208 [INFO] UtilMem:75 - Begin LoadConfig() Used Memory: 804939936 Bytes (1073741824)
2024-04-06 10:33:11,237 [INFO] MicroXplorer:468 - Change Database Path : 
2024-04-06 10:33:11,237 [INFO] MicroXplorer:498 - Change Database Version : DB.6.0.100
2024-04-06 10:33:11,241 [INFO] OpenFileManager:312 - Change cursor
2024-04-06 10:33:11,772 [INFO] Mcu:2016 - Initializing MCU STM32F446R(C-E)Tx STM32F446RETx STM32F446RET6
2024-04-06 10:33:21,924 [INFO] Context:659 - Trying to add GPIOservice into a context  which must be forbidden
2024-04-06 10:33:25,078 [INFO] RtosManager:555 - Registered RTOS mode: class=CMSIS, group=RTOS, mode=CMSIS_V1, owner=FREERTOS
2024-04-06 10:33:25,079 [INFO] RtosManager:555 - Registered RTOS mode: class=CMSIS, group=RTOS2, mode=CMSIS_V2, owner=FREERTOS
2024-04-06 10:33:25,080 [INFO] RtosManager:555 - Registered RTOS mode: class=RTOS, group=Core, mode=CMSIS_V1, owner=FREERTOS
2024-04-06 10:33:25,080 [INFO] RtosManager:555 - Registered RTOS mode: class=RTOS, group=Core, mode=CMSIS_V2, owner=FREERTOS
2024-04-06 10:33:25,081 [WARN] ModelIntegratedComponent:184 - Missing modes for component STMicroelectronics:FreeRTOS:0.0.1:STMicroelectronics:RTOS:FreeRTOS:Core:::10.2.0:
2024-04-06 10:33:25,149 [WARN] ModelIntegratedComponent:63 - No mode defined for component null
2024-04-06 10:33:25,149 [WARN] ModelIntegratedComponent:63 - No mode defined for component null
2024-04-06 10:33:25,150 [WARN] ModelIntegratedComponent:63 - No mode defined for component null
2024-04-06 10:33:25,150 [WARN] ModelIntegratedComponent:63 - No mode defined for component null
2024-04-06 10:33:25,150 [WARN] ModelIntegratedComponent:63 - No mode defined for component null
2024-04-06 10:33:25,150 [WARN] ModelIntegratedComponent:63 - No mode defined for component null
2024-04-06 10:33:25,150 [WARN] ModelIntegratedComponent:63 - No mode defined for component null
2024-04-06 10:33:25,150 [WARN] ModelIntegratedComponent:63 - No mode defined for component null
2024-04-06 10:33:25,150 [WARN] ModelIntegratedComponent:63 - No mode defined for component null
2024-04-06 10:33:25,151 [WARN] ModelIntegratedComponent:63 - No mode defined for component null
2024-04-06 10:33:25,151 [WARN] ModelIntegratedComponent:63 - No mode defined for component null
2024-04-06 10:33:25,151 [WARN] ModelIntegratedComponent:63 - No mode defined for component null
2024-04-06 10:33:25,151 [WARN] ModelIntegratedComponent:63 - No mode defined for component null
2024-04-06 10:33:25,151 [WARN] ModelIntegratedComponent:63 - No mode defined for component null
2024-04-06 10:33:25,151 [WARN] ModelIntegratedComponent:63 - No mode defined for component null
2024-04-06 10:33:25,151 [WARN] ModelIntegratedComponent:63 - No mode defined for component null
2024-04-06 10:33:25,152 [WARN] ModelIntegratedComponent:63 - No mode defined for component null
2024-04-06 10:33:25,152 [WARN] ModelIntegratedComponent:63 - No mode defined for component null
2024-04-06 10:33:25,152 [WARN] ModelIntegratedComponent:63 - No mode defined for component null
2024-04-06 10:33:25,152 [WARN] ModelIntegratedComponent:63 - No mode defined for component null
2024-04-06 10:33:25,152 [WARN] ModelIntegratedComponent:63 - No mode defined for component null
2024-04-06 10:33:25,152 [WARN] ModelIntegratedComponent:63 - No mode defined for component null
2024-04-06 10:33:25,153 [WARN] ModelIntegratedComponent:63 - No mode defined for component null
2024-04-06 10:33:25,154 [WARN] ModelIntegratedComponent:63 - No mode defined for component null
2024-04-06 10:33:25,154 [WARN] ModelIntegratedComponent:63 - No mode defined for component null
2024-04-06 10:33:25,155 [WARN] ModelIntegratedComponent:63 - No mode defined for component null
2024-04-06 10:33:25,155 [WARN] ModelIntegratedComponent:63 - No mode defined for component null
2024-04-06 10:33:25,155 [WARN] ModelIntegratedComponent:63 - No mode defined for component null
2024-04-06 10:33:25,155 [WARN] ModelIntegratedComponent:63 - No mode defined for component null
2024-04-06 10:33:25,156 [WARN] ModelIntegratedComponent:63 - No mode defined for component null
2024-04-06 10:33:25,156 [WARN] ModelIntegratedComponent:63 - No mode defined for component null
2024-04-06 10:33:25,156 [WARN] ModelIntegratedComponent:63 - No mode defined for component null
2024-04-06 10:33:25,156 [WARN] ModelIntegratedComponent:63 - No mode defined for component null
2024-04-06 10:33:26,132 [INFO] ThirdPartyModel:298 - Start build external matchings
2024-04-06 10:33:28,599 [INFO] ThirdPartyModel:316 - End build external matchings
2024-04-06 10:33:28,683 [INFO] ImportTextPane:194 - (OptionalMessage_ERROR) IP (RCC) : Invalid parameter (48MHZClocksFreq_Value)
2024-04-06 10:33:28,685 [INFO] ImportTextPane:194 - (OptionalMessage_ERROR) IP (RCC) : Invalid parameter (EthernetFreq_Value)
2024-04-06 10:33:28,691 [INFO] ImportTextPane:194 - (OptionalMessage_ERROR) IP (RCC) : Parameter (FLatency) has Id (AdvancedSettings) currently not set
2024-04-06 10:33:28,692 [INFO] ImportTextPane:194 - (OptionalMessage_ERROR) IP (RCC) : Invalid parameter (FamilyName)
2024-04-06 10:33:28,692 [INFO] ImportTextPane:194 - (OptionalMessage_ERROR) IP (RCC) : Invalid parameter (I2SClocksFreq_Value)
2024-04-06 10:33:28,697 [INFO] ImportTextPane:194 - (OptionalMessage_ERROR) IP (RCC) : Parameter (SDIOFreq_Value) has invalid value (74000000)
2024-04-06 10:33:28,698 [INFO] ImportTextPane:194 - (OptionalMessage_ERROR) IP (RCC) : Parameter (USBFreq_Value) has invalid value (74000000)
2024-04-06 10:33:28,700 [INFO] ImportTextPane:194 - (OptionalMessage_ERROR) IP (RCC) : Invalid parameter (VCOInputMFreq_Value)
2024-04-06 10:33:28,701 [INFO] ImportTextPane:194 - (OptionalMessage_ERROR) IP (RCC) : Invalid parameter (VcooutputI2S)
2024-04-06 10:33:31,566 [INFO] UtilMem:75 - End LoadConfig() Used Memory: 614596456 Bytes (1073741824)
2024-04-06 10:33:32,314 [INFO] ApiDb:581 - Connected to CubeFinder SQLite database (C:\Users\tarun\.stmcufinder\plugins\mcufinder\mcu\cube-finder-db.db)
2024-04-06 10:33:32,611 [INFO] ApiDb:668 - CubeFinder database Data Model version=2.1
2024-04-06 10:33:32,612 [INFO] ApiDb:669 - CubeFinder database Configuration version=3.0.39
2024-04-06 10:33:32,618 [INFO] ApiDb:670 - CubeFinder database generation date=2024-03-25 (1711369621)
2024-04-06 10:33:32,618 [INFO] ApiDb:671 - CubeFinder database FW Pack versions=[FP-ATR-ASTRA1_V2.0.0, FP-SNS-FLIGHT1_V5.0.1, FP-SNS-FLIGHT1_V5.0.2, FP-SNS-MOTENV1_V4.3.1, FP-SNS-MOTENV1_V4.3.2, FP-SNS-MOTENVWB1_V1.3.1, FP-SNS-SMARTAG2_V1.2.0, STM32Cube_FW_C0_V1.1.0, STM32Cube_FW_F4_V1.28.0, STM32Cube_FW_F7_V1.17.0, STM32Cube_FW_G0_V1.6.2, STM32Cube_FW_G4_V1.5.2, STM32Cube_FW_H5_V0.5.1, STM32Cube_FW_H5_V1.1.1, STM32Cube_FW_H5_V1.2.0, STM32Cube_FW_H5_V1.2.0RC4, STM32Cube_FW_H7RS_V1.0.0, STM32Cube_FW_H7RS_V1.0.0RC4, STM32Cube_FW_H7_V1.11.0, STM32Cube_FW_L0_V1.12.2, STM32Cube_FW_L5_V1.5.1, STM32Cube_FW_U0_V1.0.0, STM32Cube_FW_U0_V1.0.0RC1, STM32Cube_FW_U5_V1.3.0RC4, STM32Cube_FW_U5_V1.5.0, STM32Cube_FW_U5_V1.5.0RC1, STM32Cube_FW_WBA_V1.0.0RC1, STM32Cube_FW_WBA_V1.2.0, STM32Cube_FW_WBA_V1.2.0RC2, STM32Cube_FW_WBA_V1.3.0, STM32Cube_FW_WBA_V1.3.0RC1, STM32Cube_FW_WB_V1.15.0RC1, STM32Cube_FW_WB_V1.16.0, STM32Cube_FW_WB_V1.16.0RC2, STM32Cube_FW_WB_V1.18.0, STM32Cube_FW_WB_V1.19.0, STM32Cube_FW_WL_V1.3.0, X-CUBE-ALGOBUILD_V1.3.0, X-CUBE-ALS_V1.0.1, X-CUBE-AZRTOS-F4_V1.1.0, X-CUBE-AZRTOS-F7_V1.1.0, X-CUBE-AZRTOS-G0_V1.1.0, X-CUBE-AZRTOS-G4_V2.0.0, X-CUBE-AZRTOS-H7_V3.2.0, X-CUBE-AZRTOS-L4_V1.0.0, X-CUBE-AZRTOS-L4_V2.0.0, X-CUBE-AZRTOS-L5_V1.1.0, X-CUBE-AZRTOS-WB_V2.0.0, X-CUBE-AZRTOS-WL_V2.0.0, X-CUBE-BLE1_V7.0.0, X-CUBE-BLE2_V3.3.0, X-CUBE-BLEMGR_V3.1.0, X-CUBE-EEPRMA1_V4.1.0, X-CUBE-EEPRMA1_V5.1.0, X-CUBE-FREERTOS_V1.1.0, X-CUBE-GNSS1_V6.0.0, X-CUBE-MEMS1_V10.0.0, X-CUBE-MEMS1_V9.1.0, X-CUBE-MEMS1_V9.4.0, X-CUBE-MEMS1_V9.6.0, X-CUBE-NFC4_V3.0.0, X-CUBE-NFC7_V1.0.1, X-CUBE-SFXS2LP1_V4.0.0, X-CUBE-SUBG2_V5.0.0, X-CUBE-TOF1_V3.4.0]
2024-04-06 10:33:38,743 [INFO] ApiDb:240 - Found 371 in-development CPN: [B-G473E-ZEST1S, B-WB1M-WPAN1, B-WL5M-SUBG1, NUCLEO-C031C6, NUCLEO-H503RB, NUCLEO-H563ZI, NUCLEO-U545RE-Q, NUCLEO-U5A5ZJ-Q, NUCLEO-WBA52CG, NUCLEO-WBA55CG, STEVAL-MKBOXPRO, STEVAL-PROTEUS1, STEVAL-STWINBX1, STM320518-EVAL, STM32C0116-DK, STM32C011D6Y3TR, STM32C011D6Y6TR, STM32C011F4P3, STM32C011F4P6, STM32C011F4U3, STM32C011F4U6TR, STM32C011F6P3, STM32C011F6P6, STM32C011F6U3, STM32C011F6U6TR, STM32C011J4M3, STM32C011J4M6, STM32C011J6M3, STM32C011J6M6, STM32C0316-DK, STM32C031C4T3, STM32C031C4T6, STM32C031C4U3, STM32C031C4U6, STM32C031C6T3, STM32C031C6T6, STM32C031C6U3, STM32C031C6U6, STM32C031F4P3, STM32C031F4P6, STM32C031F6P3, STM32C031F6P6, STM32C031G4U3, STM32C031G4U6, STM32C031G6U3, STM32C031G6U6, STM32C031K4T3, STM32C031K4T6, STM32C031K4U3, STM32C031K4U6, STM32C031K6T3, STM32C031K6T6, STM32C031K6U3, STM32C031K6U6, STM32G071K8TXN, STM32G071K8UXN, STM32G081GBU6N, STM32G081KBT6N, STM32G081KBUXN, STM32G0B1CCT6N, STM32G0B1KCT6, STM32G0B1NEY6TR, STM32G0B1RCT6N, STM32G0C1CCT6, STM32G0C1CCT6N, STM32G0C1CCU6N, STM32G0C1CET6N, STM32G0C1CEU6N, STM32G0C1KCT6, STM32G0C1NEY6TR, STM32G0C1RCI6N, STM32G0C1RCT6N, STM32G0C1REI6N, STM32G0C1RET6N, STM32G0C1VCI6, STM32G0C1VEI6, STM32G471CCT6, STM32G471CCU6, STM32G471CET3, STM32G471CET6, STM32G471CEU3, STM32G471CEU6, STM32G471MCT6, STM32G471MET3, STM32G471MET6, STM32G471MEY6TR, STM32G471QCT6, STM32G471QET3, STM32G471RCT6, STM32G471RET3, STM32G471RET6, STM32G471VCH6, STM32G471VCI6, STM32G471VCT6, STM32G471VEH3, STM32G471VEH6, STM32G471VEI3, STM32G471VEI6, STM32G471VET3, STM32G471VET6, STM32G474CCT6, STM32H503CBT6, STM32H503CBU6, STM32H503EBY6TR, STM32H503KBU6, STM32H503RBT6, STM32H562AGI6, STM32H562AII6, STM32H562IGK6, STM32H562IGT6, STM32H562IIK6, STM32H562IIT6, STM32H562RGT6, STM32H562RGV6, STM32H562RIT6, STM32H562RIV6, STM32H562VGT6, STM32H562VIT6, STM32H562ZGT6, STM32H562ZIT6, STM32H563AGI6, STM32H563AII3Q, STM32H563AII6, STM32H563IGK6, STM32H563IGT6, STM32H563IIK3Q, STM32H563IIK6, STM32H563IIT3Q, STM32H563IIT6, STM32H563MIY3QTR, STM32H563RGT6, STM32H563RGV6, STM32H563RIT6, STM32H563RIV6, STM32H563VGT6, STM32H563VIT3Q, STM32H563VIT6, STM32H563ZGT6, STM32H563ZIT3Q, STM32H563ZIT6, STM32H573AII3Q, STM32H573AII6, STM32H573I-DK, STM32H573IIK3Q, STM32H573IIK6, STM32H573IIT3Q, STM32H573IIT6, STM32H573MIY3QTR, STM32H573RIT6, STM32H573RIV6, STM32H573VIT3Q, STM32H573VIT6, STM32H573ZIT3Q, STM32H573ZIT6, STM32L4R5QGI6STR, STM32MP131AAE3, STM32MP131AAF3, STM32MP131AAG3, STM32MP131CAE3, STM32MP131CAF3, STM32MP131CAG3, STM32MP131DAE7, STM32MP131DAF7, STM32MP131DAG7, STM32MP131FAE7, STM32MP131FAF7, STM32MP131FAG7, STM32MP133AAE3, STM32MP133AAF3, STM32MP133AAG3, STM32MP133CAE3, STM32MP133CAF3, STM32MP133CAG3, STM32MP133DAE7, STM32MP133DAF7, STM32MP133DAG7, STM32MP133FAE7, STM32MP133FAF7, STM32MP133FAG7, STM32MP135AAE3, STM32MP135AAF3, STM32MP135AAG3, STM32MP135CAE3, STM32MP135CAF3, STM32MP135CAG3, STM32MP135DAE7, STM32MP135DAF7, STM32MP135DAG7, STM32MP135F-DK, STM32MP135FAE7, STM32MP135FAF7, STM32MP135FAF7T, STM32MP135FAF7U, STM32MP135FAG7, STM32U535CBT6, STM32U535CBT6Q, STM32U535CBU6, STM32U535CBU6Q, STM32U535CCT6, STM32U535CCT6Q, STM32U535CCU6, STM32U535CCU6Q, STM32U535CET6, STM32U535CET6Q, STM32U535CEU6, STM32U535CEU6Q, STM32U535JEY6QTR, STM32U535NCY6QTR, STM32U535NEY6QTR, STM32U535RBI6, STM32U535RBI6Q, STM32U535RBT6, STM32U535RBT6Q, STM32U535RCI6, STM32U535RCI6Q, STM32U535RCT6, STM32U535RCT6Q, STM32U535REI6, STM32U535REI6Q, STM32U535RET6, STM32U535RET6Q, STM32U535VCI6, STM32U535VCI6Q, STM32U535VCT6, STM32U535VCT6Q, STM32U535VEI6, STM32U535VEI6Q, STM32U535VET6, STM32U535VET6Q, STM32U545CET6, STM32U545CET6Q, STM32U545CEU6, STM32U545CEU6Q, STM32U545JEY6QTR, STM32U545NEY6QTR, STM32U545REI6, STM32U545REI6Q, STM32U545RET6, STM32U545RET6Q, STM32U545VEI6, STM32U545VEI6Q, STM32U545VET6, STM32U545VET6Q, STM32U595AIH6, STM32U595AIH6Q, STM32U595AJH6, STM32U595AJH6Q, STM32U595QII6, STM32U595QII6Q, STM32U595QJI6, STM32U595QJI6Q, STM32U595RIT6, STM32U595RIT6Q, STM32U595RJT6, STM32U595RJT6Q, STM32U595VIT6, STM32U595VIT6Q, STM32U595VJT6, STM32U595VJT6Q, STM32U595ZIT6, STM32U595ZIT6Q, STM32U595ZIY6QTR, STM32U595ZJT6, STM32U595ZJT6Q, STM32U595ZJY6QTR, STM32U599BJY6QTR, STM32U599NIH6Q, STM32U599NJH6Q, STM32U599VIT6Q, STM32U599VJT6, STM32U599VJT6Q, STM32U599ZIT6Q, STM32U599ZIY6QTR, STM32U599ZJT6Q, STM32U599ZJY6QTR, STM32U5A5AJH6, STM32U5A5AJH6Q, STM32U5A5QJI6, STM32U5A5QJI6Q, STM32U5A5RJT6, STM32U5A5RJT6Q, STM32U5A5VJT6, STM32U5A5VJT6Q, STM32U5A5ZJT6, STM32U5A5ZJT6Q, STM32U5A5ZJY6QTR, STM32U5A9BJY6QTR, STM32U5A9J-DK, STM32U5A9NJH6Q, STM32U5A9VJT6Q, STM32U5A9ZJT6Q, STM32U5A9ZJY6QTR, STM32U5F7VIT6, STM32U5F7VIT6Q, STM32U5F7VJT6, STM32U5F7VJT6Q, STM32U5F9BJY6QTR, STM32U5F9NJH6Q, STM32U5F9VIT6Q, STM32U5F9VJT6Q, STM32U5F9ZIJ6QTR, STM32U5F9ZIT6Q, STM32U5F9ZJJ6QTR, STM32U5F9ZJT6Q, STM32U5G7VJT6, STM32U5G7VJT6Q, STM32U5G9BJY6QTR, STM32U5G9J-DK1, STM32U5G9J-DK2, STM32U5G9NJH6Q, STM32U5G9VJT6Q, STM32U5G9ZJJ6QTR, STM32U5G9ZJT6Q, STM32WB1MMCH6, STM32WBA50KEU6, STM32WBA50KEU6TR, STM32WBA50KGU6, STM32WBA50KGU6TR, STM32WBA52CEU6, STM32WBA52CEU6TR, STM32WBA52CEU7, STM32WBA52CEU7TR, STM32WBA52CGU6, STM32WBA52CGU6TR, STM32WBA52CGU6U, STM32WBA52CGU7, STM32WBA52CGU7TR, STM32WBA52KEU6, STM32WBA52KEU6TR, STM32WBA52KGU6, STM32WBA52KGU6TR, STM32WBA54CEU6, STM32WBA54CEU6TR, STM32WBA54CEU7, STM32WBA54CEU7TR, STM32WBA54CGU6, STM32WBA54CGU6TR, STM32WBA54CGU7, STM32WBA54CGU7TR, STM32WBA54KEU6, STM32WBA54KEU6TR, STM32WBA54KEU7, STM32WBA54KEU7TR, STM32WBA54KGU6, STM32WBA54KGU6TR, STM32WBA54KGU7, STM32WBA54KGU7TR, STM32WBA55CEU6, STM32WBA55CEU6TR, STM32WBA55CEU7, STM32WBA55CEU7TR, STM32WBA55CGU6, STM32WBA55CGU6TR, STM32WBA55CGU6U, STM32WBA55CGU7, STM32WBA55CGU7TR, STM32WBA55G-DK1, STM32WBA55HEF6, STM32WBA55HEF7, STM32WBA55HGF6, STM32WBA55HGF7, STM32WBA55UEI6, STM32WBA55UEI6TR, STM32WBA55UEI7, STM32WBA55UEI7TR, STM32WBA55UGI6, STM32WBA55UGI6TR, STM32WBA55UGI7, STM32WBA55UGI7TR, STM32WL5MOCH6, STM32WL5MOCH6TR]
2024-04-06 10:33:38,751 [INFO] DbMcus:218 - Found 4069 MCUs, 4069 are supported
2024-04-06 10:33:38,753 [INFO] ApiDb:423 - Load user favorites file C:\Users\tarun/.stm32cubeide/favorites.mcus.txt: 0 item(s)
2024-04-06 10:33:38,753 [INFO] ApiDb:427 - User favorites MCUs=[]
2024-04-06 10:33:38,753 [INFO] DbMcus:224 - Set 0 / 0 favorites MCUs
2024-04-06 10:33:40,137 [INFO] MicroXplorer:468 - Change Database Path : 
2024-04-06 10:33:40,138 [INFO] MicroXplorer:498 - Change Database Version : DB.6.0.100
2024-04-06 10:33:40,140 [WARN] ThirdParty:833 - waiting for thirdparty lock release [change project]
2024-04-06 10:33:40,141 [INFO] ThirdParty:835 - entering critical section [change project]
2024-04-06 10:33:40,141 [INFO] ThirdParty:1030 - CMSIS Pack Vendor :STMicroelectronics USBPD 4.1
2024-04-06 10:33:40,141 [INFO] ThirdParty:1030 - CMSIS Pack Vendor :STMicroelectronics X-CUBE-GNSS1 6.0.0
2024-04-06 10:33:40,142 [INFO] ThirdParty:1030 - CMSIS Pack Vendor :STMicroelectronics USB_HOST 2.0.0
2024-04-06 10:33:40,142 [INFO] ThirdParty:1030 - CMSIS Pack Vendor :STMicroelectronics X-CUBE-AZRTOS-F4 1.1.0
2024-04-06 10:33:40,142 [INFO] ThirdParty:1030 - CMSIS Pack Vendor :STMicroelectronics LIBJPEG 8.0.0
2024-04-06 10:33:40,142 [INFO] ThirdParty:1030 - CMSIS Pack Vendor :STMicroelectronics X-CUBE-SMBUS 2.1.0
2024-04-06 10:33:40,142 [INFO] ThirdParty:1030 - CMSIS Pack Vendor :STMicroelectronics USB_DEVICE 3.0.0
2024-04-06 10:33:40,142 [INFO] ThirdParty:1030 - CMSIS Pack Vendor :STMicroelectronics X-CUBE-AZRTOS-WB 2.0.0
2024-04-06 10:33:40,142 [INFO] ThirdParty:1030 - CMSIS Pack Vendor :wolfSSL I-CUBE-wolfSSL 5.6.6
2024-04-06 10:33:40,143 [INFO] ThirdParty:1030 - CMSIS Pack Vendor :STMicroelectronics X-CUBE-TOUCHGFX 4.23.1
2024-04-06 10:33:40,143 [INFO] ThirdParty:1030 - CMSIS Pack Vendor :STMicroelectronics X-CUBE-TOUCHGFX 4.23.0
2024-04-06 10:33:40,143 [INFO] ThirdParty:1030 - CMSIS Pack Vendor :STMicroelectronics X-CUBE-TOUCHGFX 4.23.2
2024-04-06 10:33:40,143 [INFO] ThirdParty:1030 - CMSIS Pack Vendor :STMicroelectronics X-CUBE-AZRTOS-F7 1.1.0
2024-04-06 10:33:40,143 [INFO] ThirdParty:1030 - CMSIS Pack Vendor :STMicroelectronics X-CUBE-AZRTOS-L5 2.0.0
2024-04-06 10:33:40,143 [INFO] ThirdParty:1030 - CMSIS Pack Vendor :STMicroelectronics USB_DEVICE 2.0.0
2024-04-06 10:33:40,143 [INFO] ThirdParty:1030 - CMSIS Pack Vendor :STMicroelectronics X-CUBE-NFC6 3.1.0
2024-04-06 10:33:40,144 [INFO] ThirdParty:1030 - CMSIS Pack Vendor :ITTIA_DB I-CUBE-ITTIADB 8.8.0
2024-04-06 10:33:40,144 [INFO] ThirdParty:1030 - CMSIS Pack Vendor :STMicroelectronics FP-SNS-MOTENV1 4.3.2
2024-04-06 10:33:40,144 [INFO] ThirdParty:1030 - CMSIS Pack Vendor :STMicroelectronics X-CUBE-ALGOBUILD 1.3.0
2024-04-06 10:33:40,144 [INFO] ThirdParty:1030 - CMSIS Pack Vendor :STMicroelectronics FreeRTOS 0.0.1
2024-04-06 10:33:40,144 [INFO] ThirdParty:1030 - CMSIS Pack Vendor :STMicroelectronics X-CUBE-AZRTOS-G0 1.1.0
2024-04-06 10:33:40,144 [INFO] ThirdParty:1030 - CMSIS Pack Vendor :STMicroelectronics X-CUBE-SAFEA1 1.2.2
2024-04-06 10:33:40,144 [INFO] ThirdParty:1030 - CMSIS Pack Vendor :STMicroelectronics X-CUBE-NFC4 3.0.0
2024-04-06 10:33:40,145 [INFO] ThirdParty:1030 - CMSIS Pack Vendor :STMicroelectronics X-CUBE-SUBG2 5.0.0
2024-04-06 10:33:40,145 [INFO] ThirdParty:1030 - CMSIS Pack Vendor :STMicroelectronics STM32_WPAN 1.0.0
2024-04-06 10:33:40,145 [INFO] ThirdParty:1030 - CMSIS Pack Vendor :STMicroelectronics lwIP 2.0.3
2024-04-06 10:33:40,145 [INFO] ThirdParty:1030 - CMSIS Pack Vendor :STMicroelectronics FP-SNS-FLIGHT1 5.0.2
2024-04-06 10:33:40,145 [INFO] ThirdParty:1030 - CMSIS Pack Vendor :STMicroelectronics USB_HOST 1.0.0
2024-04-06 10:33:40,145 [INFO] ThirdParty:1030 - CMSIS Pack Vendor :STMicroelectronics X-CUBE-AZRTOS-G4 2.0.0
2024-04-06 10:33:40,145 [INFO] ThirdParty:1030 - CMSIS Pack Vendor :STMicroelectronics PDM2PCM 3.1.0
2024-04-06 10:33:40,146 [INFO] ThirdParty:1030 - CMSIS Pack Vendor :Infineon AIROC-Wi-Fi-Bluetooth-STM32 1.5.1
2024-04-06 10:33:40,146 [INFO] ThirdParty:1030 - CMSIS Pack Vendor :STMicroelectronics X-CUBE-BLEMGR 3.0.0
2024-04-06 10:33:40,146 [INFO] ThirdParty:1030 - CMSIS Pack Vendor :STMicroelectronics PDM2PCM 3.3.0
2024-04-06 10:33:40,146 [INFO] ThirdParty:1030 - CMSIS Pack Vendor :STMicroelectronics X-CUBE-DISPLAY 3.0.0
2024-04-06 10:33:40,146 [INFO] ThirdParty:1030 - CMSIS Pack Vendor :STMicroelectronics FP-SNS-MOTENVWB1 1.3.1
2024-04-06 10:33:40,146 [INFO] ThirdParty:1030 - CMSIS Pack Vendor :STMicroelectronics X-CUBE-BLE1 7.0.0
2024-04-06 10:33:40,146 [INFO] ThirdParty:1030 - CMSIS Pack Vendor :STMicroelectronics FP-ATR-SIGFOX1 3.2.0
2024-04-06 10:33:40,146 [INFO] ThirdParty:1030 - CMSIS Pack Vendor :STMicroelectronics X-CUBE-ISPU 2.0.0
2024-04-06 10:33:40,147 [INFO] ThirdParty:1030 - CMSIS Pack Vendor :STMicroelectronics X-CUBE-EEPRMA1 5.1.0
2024-04-06 10:33:40,147 [INFO] ThirdParty:1030 - CMSIS Pack Vendor :STMicroelectronics HAL Drivers 0.0.0
2024-04-06 10:33:40,147 [INFO] ThirdParty:1030 - CMSIS Pack Vendor :STMicroelectronics MBEDTLS 2.16.2
2024-04-06 10:33:40,147 [INFO] ThirdParty:1030 - CMSIS Pack Vendor :emotas I-CUBE-CANOPEN 1.3.0
2024-04-06 10:33:40,147 [INFO] ThirdParty:1030 - CMSIS Pack Vendor :STMicroelectronics X-CUBE-MEMS1 10.0.0
2024-04-06 10:33:40,147 [INFO] ThirdParty:1030 - CMSIS Pack Vendor :STMicroelectronics X-CUBE-FREERTOS 1.1.0
2024-04-06 10:33:40,147 [INFO] ThirdParty:1030 - CMSIS Pack Vendor :STMicroelectronics X-CUBE-NFC7 1.0.1
2024-04-06 10:33:40,147 [INFO] ThirdParty:1030 - CMSIS Pack Vendor :STMicroelectronics MBEDTLS 2.14.1
2024-04-06 10:33:40,148 [INFO] ThirdParty:1030 - CMSIS Pack Vendor :STMicroelectronics X-CUBE-NFC6 3.0.0
2024-04-06 10:33:40,148 [INFO] ThirdParty:1030 - CMSIS Pack Vendor :portGmbH I-Cube-SoM-uGOAL 1.1.0
2024-04-06 10:33:40,148 [INFO] ThirdParty:1030 - CMSIS Pack Vendor :STMicroelectronics X-CUBE-ALS 1.0.1
2024-04-06 10:33:40,148 [INFO] ThirdParty:1030 - CMSIS Pack Vendor :STMicroelectronics X-CUBE-BLEMGR 3.1.0
2024-04-06 10:33:40,148 [INFO] ThirdParty:1030 - CMSIS Pack Vendor :STMicroelectronics ThreadX 1.0.0
2024-04-06 10:33:40,148 [INFO] ThirdParty:1030 - CMSIS Pack Vendor :STMicroelectronics FP-SNS-SMARTAG2 1.2.0
2024-04-06 10:33:40,148 [INFO] ThirdParty:1030 - CMSIS Pack Vendor :STMicroelectronics X-CUBE-AZRTOS-WL 2.0.0
2024-04-06 10:33:40,149 [INFO] ThirdParty:1030 - CMSIS Pack Vendor :SEGGER I-CUBE-embOS 1.3.1
2024-04-06 10:33:40,149 [INFO] ThirdParty:1030 - CMSIS Pack Vendor :STMicroelectronics FP-SNS-MOTENV1 5.0.0
2024-04-06 10:33:40,149 [INFO] ThirdParty:1030 - CMSIS Pack Vendor :STMicroelectronics USB_DEVICE 1.0.0
2024-04-06 10:33:40,149 [INFO] ThirdParty:1030 - CMSIS Pack Vendor :STMicroelectronics X-CUBE-AI 8.1.0
2024-04-06 10:33:40,149 [INFO] ThirdParty:1030 - CMSIS Pack Vendor :STMicroelectronics X-CUBE-AZRTOS-L4 2.0.0
2024-04-06 10:33:40,149 [INFO] ThirdParty:1030 - CMSIS Pack Vendor :STMicroelectronics ThreadX 0.0.2
2024-04-06 10:33:40,150 [INFO] ThirdParty:1030 - CMSIS Pack Vendor :WES I-CUBE-Cesium 1.3.0
2024-04-06 10:33:40,150 [INFO] ThirdParty:1030 - CMSIS Pack Vendor :STMicroelectronics FP-ATR-ASTRA1 2.0.0
2024-04-06 10:33:40,150 [INFO] ThirdParty:1030 - CMSIS Pack Vendor :STMicroelectronics lwIP 2.1.2
2024-04-06 10:33:40,150 [INFO] ThirdParty:1030 - CMSIS Pack Vendor :STMicroelectronics X-CUBE-SFXS2LP1 4.0.0
2024-04-06 10:33:40,150 [INFO] ThirdParty:1030 - CMSIS Pack Vendor :STMicroelectronics X-CUBE-BLE2 3.3.0
2024-04-06 10:33:40,150 [INFO] ThirdParty:1030 - CMSIS Pack Vendor :STMicroelectronics X-CUBE-TOF1 3.4.0
2024-04-06 10:33:40,151 [INFO] ThirdParty:1030 - CMSIS Pack Vendor :STMicroelectronics X-CUBE-TOF1 3.4.1
2024-04-06 10:33:40,151 [INFO] ThirdParty:1030 - CMSIS Pack Vendor :STMicroelectronics X-CUBE-AZRTOS-H7 3.2.0
2024-04-06 10:33:40,151 [INFO] ThirdParty:1030 - CMSIS Pack Vendor :STMicroelectronics PDM2PCM 3.2.0
2024-04-06 10:33:40,152 [INFO] ThirdParty:841 - exiting critical section [change project]
2024-04-06 10:33:41,847 [INFO] PinOutPanel:1499 - setPackage(No Configuration,No Configuration)
2024-04-06 10:33:41,856 [INFO] PinOutPanel:1499 - setPackage(STM32F446RETx,LQFP64)
2024-04-06 10:33:44,616 [INFO] UtilMem:75 - Before build in PCC Used Memory: 638614776 Bytes (1073741824)
2024-04-06 10:33:50,671 [INFO] UtilMem:75 - After build in PCC Used Memory: 721012320 Bytes (1073741824)
2024-04-06 10:33:50,799 [INFO] IPUIPlugin:80 - create IPUIPlugin
2024-04-06 10:33:50,801 [INFO] IPUIPlugin:80 - create IPUIPlugin
2024-04-06 10:33:50,801 [INFO] IPUIPlugin:80 - create IPUIPlugin
2024-04-06 10:33:50,802 [INFO] IPUIPlugin:80 - create IPUIPlugin
2024-04-06 10:33:50,802 [INFO] IPUIPlugin:80 - create IPUIPlugin
2024-04-06 10:33:50,804 [INFO] IPUIPlugin:80 - create IPUIPlugin
2024-04-06 10:33:50,806 [INFO] IPUIPlugin:80 - create IPUIPlugin
2024-04-06 10:33:50,808 [INFO] IPUIPlugin:80 - create IPUIPlugin
2024-04-06 10:33:50,813 [INFO] IPUIPlugin:80 - create IPUIPlugin
2024-04-06 10:33:50,813 [INFO] IPUIPlugin:80 - create IPUIPlugin
2024-04-06 10:33:50,815 [INFO] IPUIPlugin:80 - create IPUIPlugin
2024-04-06 10:33:50,817 [INFO] IPUIPlugin:80 - create IPUIPlugin
2024-04-06 10:33:50,818 [INFO] IPUIPlugin:80 - create IPUIPlugin
2024-04-06 10:33:50,819 [INFO] IPUIPlugin:80 - create IPUIPlugin
2024-04-06 10:33:50,819 [INFO] IPUIPlugin:80 - create IPUIPlugin
2024-04-06 10:33:50,820 [INFO] IPUIPlugin:80 - create IPUIPlugin
2024-04-06 10:33:50,820 [INFO] IPUIPlugin:80 - create IPUIPlugin
2024-04-06 10:33:50,821 [INFO] IPUIPlugin:80 - create IPUIPlugin
2024-04-06 10:33:50,821 [INFO] IPUIPlugin:80 - create IPUIPlugin
2024-04-06 10:33:50,822 [INFO] IPUIPlugin:80 - create IPUIPlugin
2024-04-06 10:33:50,824 [INFO] IPUIPlugin:80 - create IPUIPlugin
2024-04-06 10:33:50,825 [INFO] IPUIPlugin:80 - create IPUIPlugin
2024-04-06 10:33:50,827 [INFO] IPUIPlugin:80 - create IPUIPlugin
2024-04-06 10:33:50,829 [INFO] IPUIPlugin:80 - create IPUIPlugin
2024-04-06 10:33:50,830 [INFO] IPUIPlugin:80 - create IPUIPlugin
2024-04-06 10:33:50,831 [INFO] IPUIPlugin:80 - create IPUIPlugin
2024-04-06 10:33:50,833 [INFO] IPUIPlugin:80 - create IPUIPlugin
2024-04-06 10:33:50,834 [INFO] IPUIPlugin:80 - create IPUIPlugin
2024-04-06 10:33:50,837 [INFO] IPUIPlugin:80 - create IPUIPlugin
2024-04-06 10:33:50,840 [INFO] IPUIPlugin:80 - create IPUIPlugin
2024-04-06 10:33:50,842 [INFO] IPUIPlugin:80 - create IPUIPlugin
2024-04-06 10:33:50,844 [INFO] IPUIPlugin:80 - create IPUIPlugin
2024-04-06 10:33:50,846 [INFO] IPUIPlugin:80 - create IPUIPlugin
2024-04-06 10:33:50,848 [INFO] IPUIPlugin:80 - create IPUIPlugin
2024-04-06 10:33:50,850 [INFO] IPUIPlugin:80 - create IPUIPlugin
2024-04-06 10:33:50,853 [INFO] IPUIPlugin:80 - create IPUIPlugin
2024-04-06 10:33:50,856 [INFO] IPUIPlugin:80 - create IPUIPlugin
2024-04-06 10:33:50,858 [INFO] IPUIPlugin:80 - create IPUIPlugin
2024-04-06 10:33:50,859 [INFO] IPUIPlugin:80 - create IPUIPlugin
2024-04-06 10:33:50,861 [INFO] IPUIPlugin:80 - create IPUIPlugin
2024-04-06 10:33:50,863 [INFO] IPUIPlugin:80 - create IPUIPlugin
2024-04-06 10:33:50,867 [INFO] IPUIPlugin:80 - create IPUIPlugin
2024-04-06 10:33:50,869 [INFO] IPUIPlugin:80 - create IPUIPlugin
2024-04-06 10:33:50,872 [INFO] IPUIPlugin:80 - create IPUIPlugin
2024-04-06 10:33:50,874 [INFO] IPUIPlugin:80 - create IPUIPlugin
2024-04-06 10:33:50,877 [INFO] IPUIPlugin:80 - create IPUIPlugin
2024-04-06 10:33:50,880 [INFO] IPUIPlugin:80 - create IPUIPlugin
2024-04-06 10:33:50,882 [INFO] IPUIPlugin:80 - create IPUIPlugin
2024-04-06 10:33:50,885 [INFO] IPUIPlugin:80 - create IPUIPlugin
2024-04-06 10:33:50,888 [INFO] IPUIPlugin:80 - create IPUIPlugin
2024-04-06 10:33:50,891 [INFO] IPUIPlugin:80 - create IPUIPlugin
2024-04-06 10:33:50,894 [INFO] IPUIPlugin:80 - create IPUIPlugin
2024-04-06 10:33:50,897 [INFO] IPUIPlugin:80 - create IPUIPlugin
2024-04-06 10:33:50,900 [INFO] IPUIPlugin:80 - create IPUIPlugin
2024-04-06 10:33:50,904 [INFO] IPUIPlugin:80 - create IPUIPlugin
2024-04-06 10:33:50,909 [INFO] IPUIPlugin:80 - create IPUIPlugin
2024-04-06 10:33:50,911 [INFO] IPUIPlugin:80 - create IPUIPlugin
2024-04-06 10:33:50,914 [INFO] IPUIPlugin:80 - create IPUIPlugin
2024-04-06 10:33:50,918 [INFO] IPUIPlugin:80 - create IPUIPlugin
2024-04-06 10:33:50,923 [INFO] IPUIPlugin:80 - create IPUIPlugin
2024-04-06 10:33:51,259 [INFO] ApiDbMcu:508 - Load IP Config File for PDM2PCM
2024-04-06 10:33:51,291 [WARN] IP:2119 - I2C_Coeff_DF not found: check if there is a RefParameter without a condition.
2024-04-06 10:33:51,291 [WARN] IP:2119 - Analog_Filter not found: check if there is a RefParameter without a condition.
2024-04-06 10:33:52,068 [INFO] CADModel:165 - CPN selected for project levelSTM32F446RET6
2024-04-06 10:33:52,069 [INFO] CADModel:114 - Register for checkConnection events
2024-04-06 10:33:52,202 [INFO] OpenFileManager:343 - Restore cursor
2024-04-06 10:33:52,798 [WARN] IP:2119 - I2C_Coeff_DF not found: check if there is a RefParameter without a condition.
2024-04-06 10:33:52,798 [WARN] IP:2119 - Analog_Filter not found: check if there is a RefParameter without a condition.
2024-04-06 10:33:52,800 [WARN] IP:2119 - I2C_Coeff_DF not found: check if there is a RefParameter without a condition.
2024-04-06 10:33:52,800 [WARN] IP:2119 - Analog_Filter not found: check if there is a RefParameter without a condition.
2024-04-06 10:35:54,745 [INFO] Gpio:277 - dependency for GPIO [I2C1, RCC, SYS, USART2]
2024-04-06 10:36:26,730 [INFO] Gpio:277 - dependency for GPIO [I2C1, RCC, SYS, USART2]
2024-04-06 10:36:27,145 [WARN] IP:2119 - I2C_Coeff_DF not found: check if there is a RefParameter without a condition.
2024-04-06 10:36:27,145 [WARN] IP:2119 - Analog_Filter not found: check if there is a RefParameter without a condition.
2024-04-06 10:36:29,531 [INFO] NvicIntPanel:101 - NVIC parent = com.st.microxplorer.plugins.ip.nvic.MultiNvicIntPanel[,0,0,510x165,layout=javax.swing.BoxLayout,alignmentX=0.0,alignmentY=0.0,border=,flags=9,maximumSize=,minimumSize=,preferredSize=]
2024-04-06 10:36:32,594 [INFO] NvicIntPanel:101 - NVIC parent = com.st.microxplorer.plugins.ip.nvic.MultiNvicIntPanel[,0,0,0x0,invalid,layout=javax.swing.BoxLayout,alignmentX=0.0,alignmentY=0.0,border=,flags=9,maximumSize=,minimumSize=,preferredSize=]
2024-04-06 10:36:34,494 [INFO] NvicIntPanel:101 - NVIC parent = com.st.microxplorer.plugins.ip.nvic.MultiNvicIntPanel[,0,0,0x0,invalid,layout=javax.swing.BoxLayout,alignmentX=0.0,alignmentY=0.0,border=,flags=9,maximumSize=,minimumSize=,preferredSize=]
2024-04-06 10:36:48,742 [INFO] UtilMem:75 - End SaveConfig() Used Memory: 885259112 Bytes (1073741824)
2024-04-06 10:36:49,282 [INFO] UtilMem:75 - End SaveConfig() Used Memory: 904655920 Bytes (1073741824)
2024-04-06 10:36:50,517 [INFO] UtilMem:75 - End SaveConfig() Used Memory: 933493808 Bytes (1073741824)
2024-04-06 10:36:54,242 [INFO] BlockDiagram:2759 - set Specific Code input for plugin: SYS
2024-04-06 10:36:54,244 [INFO] BlockDiagram:2759 - set Specific Code input for plugin: RCC
2024-04-06 10:36:54,244 [INFO] BlockDiagram:2759 - set Specific Code input for plugin: I2C
2024-04-06 10:36:54,244 [INFO] BlockDiagram:2759 - set Specific Code input for plugin: NVIC
2024-04-06 10:36:54,244 [INFO] BlockDiagram:2759 - set Specific Code input for plugin: USART
2024-04-06 10:36:54,246 [INFO] BlockDiagram:2759 - set Specific Code input for plugin: GPIO
2024-04-06 10:36:54,258 [INFO] CodeGenerator:807 - code generatio: config db path: C:\ST\STM32CubeIDE_1.14.1\STM32CubeIDE\plugins\com.st.stm32cube.common.mx_6.10.0.202311202037\\db\
2024-04-06 10:36:54,306 [WARN] IP:2119 - I2C_Coeff_DF not found: check if there is a RefParameter without a condition.
2024-04-06 10:36:54,307 [WARN] IP:2119 - Analog_Filter not found: check if there is a RefParameter without a condition.
2024-04-06 10:36:57,280 [INFO] CodeEngine:255 - oldGeneratedFile, C:\Users\tarun\STM32CubeIDE\workspace_1.14.1\RTCC\MXTmpFiles\license.tmp_save
2024-04-06 10:36:59,584 [INFO] CodeEngine:279 - Generated code: C:\Users\tarun\STM32CubeIDE\workspace_1.14.1\RTCC\MXTmpFiles\license.tmp
2024-04-06 10:37:00,100 [INFO] CodeEngine:255 - oldGeneratedFile, C:\Users\tarun\STM32CubeIDE\workspace_1.14.1\RTCC\MXTmpFiles\gpio.tmp_save
2024-04-06 10:37:01,109 [INFO] CodeEngine:279 - Generated code: C:\Users\tarun\STM32CubeIDE\workspace_1.14.1\RTCC\MXTmpFiles\gpio.tmp
2024-04-06 10:37:01,837 [INFO] CodeEngine:255 - oldGeneratedFile, C:\Users\tarun\STM32CubeIDE\workspace_1.14.1\RTCC\Core\Src\stm32f4xx_it.c_save
2024-04-06 10:37:03,618 [INFO] CodeEngine:279 - Generated code: C:\Users\tarun\STM32CubeIDE\workspace_1.14.1\RTCC\Core\Src\stm32f4xx_it.c
2024-04-06 10:37:03,715 [INFO] CodeEngine:255 - oldGeneratedFile, C:\Users\tarun\STM32CubeIDE\workspace_1.14.1\RTCC\Core\Inc\stm32f4xx_it.h_save
2024-04-06 10:37:04,176 [INFO] CodeEngine:279 - Generated code: C:\Users\tarun\STM32CubeIDE\workspace_1.14.1\RTCC\Core\Inc\stm32f4xx_it.h
2024-04-06 10:37:04,716 [INFO] CodeEngine:255 - oldGeneratedFile, C:\Users\tarun\STM32CubeIDE\workspace_1.14.1\RTCC\Core\Src\stm32f4xx_hal_msp.c_save
2024-04-06 10:37:05,658 [INFO] CodeEngine:279 - Generated code: C:\Users\tarun\STM32CubeIDE\workspace_1.14.1\RTCC\Core\Src\stm32f4xx_hal_msp.c
2024-04-06 10:37:05,698 [INFO] CodeEngine:255 - oldGeneratedFile, C:\Users\tarun\STM32CubeIDE\workspace_1.14.1\RTCC\MXTmpFiles\system.tmp_save
2024-04-06 10:37:05,969 [INFO] CodeEngine:279 - Generated code: C:\Users\tarun\STM32CubeIDE\workspace_1.14.1\RTCC\MXTmpFiles\system.tmp
2024-04-06 10:37:06,065 [INFO] CodeEngine:311 - oldGeneratedFile, C:\Users\tarun\STM32CubeIDE\workspace_1.14.1\RTCC\Core\Inc\stm32f4xx_hal_conf.h_save
2024-04-06 10:37:06,831 [INFO] CodeEngine:335 - Generated code: C:\Users\tarun\STM32CubeIDE\workspace_1.14.1\RTCC\Core\Inc\stm32f4xx_hal_conf.h
2024-04-06 10:37:07,001 [WARN] IPConfigManager:2946 - Warning: the RefConfig PLL2P_FOR_MCO is not available in your config.xml file
2024-04-06 10:37:07,109 [INFO] CodeEngine:255 - oldGeneratedFile, C:\Users\tarun\STM32CubeIDE\workspace_1.14.1\RTCC\Core\Inc\main.h_save
2024-04-06 10:37:07,711 [INFO] CodeEngine:279 - Generated code: C:\Users\tarun\STM32CubeIDE\workspace_1.14.1\RTCC\Core\Inc\main.h
2024-04-06 10:37:07,763 [INFO] CodeEngine:255 - oldGeneratedFile, C:\Users\tarun\STM32CubeIDE\workspace_1.14.1\RTCC\Core\Src\main.c_save
2024-04-06 10:37:08,696 [INFO] CodeEngine:279 - Generated code: C:\Users\tarun\STM32CubeIDE\workspace_1.14.1\RTCC\Core\Src\main.c
2024-04-06 10:37:12,456 [INFO] ProjectBuilder:3076 - Time for Copy HAL[1] : 1517mS.
2024-04-06 10:37:12,539 [INFO] ProjectBuilder:4485 - Project Generator version: 4.2.0-B44
2024-04-06 10:37:14,320 [INFO] ConfigFileManager:1495 - The Die is : DIE421
2024-04-06 10:37:14,416 [INFO] ApiDbMcu:508 - Load IP Config File for FATFS
2024-04-06 10:37:14,459 [INFO] ApiDbMcu:508 - Load IP Config File for FREERTOS
2024-04-06 10:37:14,492 [INFO] ApiDbMcu:508 - Load IP Config File for LIBJPEG
2024-04-06 10:37:14,546 [INFO] ApiDbMcu:508 - Load IP Config File for MBEDTLS
2024-04-06 10:37:14,743 [INFO] ApiDbMcu:508 - Load IP Config File for USB_DEVICE
2024-04-06 10:37:14,845 [INFO] ApiDbMcu:508 - Load IP Config File for USB_HOST
2024-04-06 10:37:27,634 [INFO] LogOutputStream:77 - [STDOUT_REDIRECT] 
2024-04-06 10:37:40,133 [INFO] ProjectBuilder:4747 - Time for Generating toolchain IDE Files: 27593mS.
2024-04-06 10:37:40,142 [INFO] ProjectBuilder:2947 - Time for Copy CMSIS : 4mS.
2024-04-06 10:37:40,150 [INFO] ProjectBuilder:2947 - Time for Copy CMSIS : 0mS.
2024-04-06 10:40:08,258 [INFO] LogOutputStream:77 - [STDOUT_REDIRECT] StartTraceHandler.execute(), success : Collect=true
2024-04-06 10:41:13,269 [INFO] LogOutputStream:77 - [STDOUT_REDIRECT] StartTraceHandler.execute(), success : Collect=false
2024-04-06 11:22:58,907 [INFO] LogOutputStream:77 - [STDOUT_REDIRECT] StartTraceHandler.execute(), success : Collect=true
2024-04-06 11:24:13,544 [INFO] Gpio:277 - dependency for GPIO [I2C1, RCC, SYS, USART2]
2024-04-06 11:25:12,431 [INFO] UtilMem:75 - End SaveConfig() Used Memory: 851881880 Bytes (1073741824)
2024-04-06 11:25:13,099 [INFO] BlockDiagram:2759 - set Specific Code input for plugin: SYS
2024-04-06 11:25:13,099 [INFO] BlockDiagram:2759 - set Specific Code input for plugin: RCC
2024-04-06 11:25:13,100 [INFO] BlockDiagram:2759 - set Specific Code input for plugin: I2C
2024-04-06 11:25:13,100 [INFO] BlockDiagram:2759 - set Specific Code input for plugin: NVIC
2024-04-06 11:25:13,100 [INFO] BlockDiagram:2759 - set Specific Code input for plugin: USART
2024-04-06 11:25:13,100 [INFO] BlockDiagram:2759 - set Specific Code input for plugin: GPIO
2024-04-06 11:25:13,110 [INFO] CodeGenerator:807 - code generatio: config db path: C:\ST\STM32CubeIDE_1.14.1\STM32CubeIDE\plugins\com.st.stm32cube.common.mx_6.10.0.202311202037\\db\
2024-04-06 11:25:13,115 [WARN] IP:2119 - I2C_Coeff_DF not found: check if there is a RefParameter without a condition.
2024-04-06 11:25:13,116 [WARN] IP:2119 - Analog_Filter not found: check if there is a RefParameter without a condition.
2024-04-06 11:25:14,407 [INFO] CodeEngine:255 - oldGeneratedFile, C:\Users\tarun\STM32CubeIDE\workspace_1.14.1\RTCC\MXTmpFiles\license.tmp_save
2024-04-06 11:25:19,307 [INFO] CodeEngine:279 - Generated code: C:\Users\tarun\STM32CubeIDE\workspace_1.14.1\RTCC\MXTmpFiles\license.tmp
2024-04-06 11:25:19,406 [INFO] CodeEngine:255 - oldGeneratedFile, C:\Users\tarun\STM32CubeIDE\workspace_1.14.1\RTCC\MXTmpFiles\gpio.tmp_save
2024-04-06 11:25:20,254 [INFO] CodeEngine:279 - Generated code: C:\Users\tarun\STM32CubeIDE\workspace_1.14.1\RTCC\MXTmpFiles\gpio.tmp
2024-04-06 11:25:20,925 [INFO] CodeEngine:255 - oldGeneratedFile, C:\Users\tarun\STM32CubeIDE\workspace_1.14.1\RTCC\Core\Src\stm32f4xx_it.c_save
2024-04-06 11:25:21,810 [INFO] CodeEngine:279 - Generated code: C:\Users\tarun\STM32CubeIDE\workspace_1.14.1\RTCC\Core\Src\stm32f4xx_it.c
2024-04-06 11:25:21,830 [INFO] CodeEngine:255 - oldGeneratedFile, C:\Users\tarun\STM32CubeIDE\workspace_1.14.1\RTCC\Core\Inc\stm32f4xx_it.h_save
2024-04-06 11:25:22,044 [INFO] CodeEngine:279 - Generated code: C:\Users\tarun\STM32CubeIDE\workspace_1.14.1\RTCC\Core\Inc\stm32f4xx_it.h
2024-04-06 11:25:22,280 [INFO] CodeEngine:255 - oldGeneratedFile, C:\Users\tarun\STM32CubeIDE\workspace_1.14.1\RTCC\Core\Src\stm32f4xx_hal_msp.c_save
2024-04-06 11:25:22,753 [INFO] CodeEngine:279 - Generated code: C:\Users\tarun\STM32CubeIDE\workspace_1.14.1\RTCC\Core\Src\stm32f4xx_hal_msp.c
2024-04-06 11:25:22,768 [INFO] CodeEngine:255 - oldGeneratedFile, C:\Users\tarun\STM32CubeIDE\workspace_1.14.1\RTCC\MXTmpFiles\system.tmp_save
2024-04-06 11:25:22,957 [INFO] CodeEngine:279 - Generated code: C:\Users\tarun\STM32CubeIDE\workspace_1.14.1\RTCC\MXTmpFiles\system.tmp
2024-04-06 11:25:23,059 [INFO] CodeEngine:311 - oldGeneratedFile, C:\Users\tarun\STM32CubeIDE\workspace_1.14.1\RTCC\Core\Inc\stm32f4xx_hal_conf.h_save
2024-04-06 11:25:23,295 [INFO] CodeEngine:335 - Generated code: C:\Users\tarun\STM32CubeIDE\workspace_1.14.1\RTCC\Core\Inc\stm32f4xx_hal_conf.h
2024-04-06 11:25:23,378 [WARN] IPConfigManager:2946 - Warning: the RefConfig PLL2P_FOR_MCO is not available in your config.xml file
2024-04-06 11:25:23,439 [INFO] CodeEngine:255 - oldGeneratedFile, C:\Users\tarun\STM32CubeIDE\workspace_1.14.1\RTCC\Core\Inc\main.h_save
2024-04-06 11:25:23,619 [INFO] CodeEngine:279 - Generated code: C:\Users\tarun\STM32CubeIDE\workspace_1.14.1\RTCC\Core\Inc\main.h
2024-04-06 11:25:23,672 [INFO] CodeEngine:255 - oldGeneratedFile, C:\Users\tarun\STM32CubeIDE\workspace_1.14.1\RTCC\Core\Src\main.c_save
2024-04-06 11:25:24,234 [INFO] CodeEngine:279 - Generated code: C:\Users\tarun\STM32CubeIDE\workspace_1.14.1\RTCC\Core\Src\main.c
2024-04-06 11:25:26,824 [INFO] ProjectBuilder:3076 - Time for Copy HAL[1] : 1293mS.
2024-04-06 11:25:26,835 [INFO] ProjectBuilder:4485 - Project Generator version: 4.2.0-B44
2024-04-06 11:25:27,637 [INFO] ConfigFileManager:1495 - The Die is : DIE421
2024-04-06 11:25:34,926 [INFO] ProjectBuilder:4747 - Time for Generating toolchain IDE Files: 8090mS.
2024-04-06 11:25:34,928 [INFO] ProjectBuilder:2947 - Time for Copy CMSIS : 1mS.
2024-04-06 11:25:34,940 [INFO] ProjectBuilder:2947 - Time for Copy CMSIS : 0mS.
2024-04-06 11:56:14,073 [INFO] LogOutputStream:77 - [STDOUT_REDIRECT] StartTraceHandler.execute(), success : Collect=false
2024-04-06 11:56:17,774 [INFO] LogOutputStream:77 - [STDOUT_REDIRECT] StartTraceHandler.execute(), success : Collect=true
2024-04-06 13:46:35,273 [ERROR] LogOutputStream:75 - [STDERR_REDIRECT] Exception in thread "SWV client thread" java.lang.NullPointerException: Cannot invoke "com.st.stm32cube.ide.mcu.debug.swv.core.SWVPlugin.isDebugging()" because "com.st.stm32cube.ide.mcu.debug.swv.core.SWVPlugin.plugin" is null
2024-04-06 13:46:35,306 [ERROR] LogOutputStream:75 - [STDERR_REDIRECT] 	at com.st.stm32cube.ide.mcu.debug.swv.core.SWVPlugin.debugTrace(SWVPlugin.java:85)
2024-04-06 13:46:35,318 [ERROR] LogOutputStream:75 - [STDERR_REDIRECT] 	at com.st.stm32cube.ide.mcu.debug.swv.core.SWVClient.TRACE(SWVClient.java:768)
2024-04-06 13:46:35,325 [ERROR] LogOutputStream:75 - [STDERR_REDIRECT] 	at com.st.stm32cube.ide.mcu.debug.swv.core.SWVClient.createProtocolPacket(SWVClient.java:472)
2024-04-06 13:46:35,335 [ERROR] LogOutputStream:75 - [STDERR_REDIRECT] 	at com.st.stm32cube.ide.mcu.debug.swv.core.SWVClient.run(SWVClient.java:370)
2024-04-06 13:46:42,279 [ERROR] LogOutputStream:75 - [STDERR_REDIRECT] 
2024-04-06 13:46:42,292 [ERROR] LogOutputStream:75 - [STDERR_REDIRECT] 
