2024-04-04 10:49:17,133 [INFO] Activator:176 - 


2024-04-04 10:49:17,151 [INFO] Activator:177 - !SESSION log4j initialized
2024-04-04 10:49:42,597 [INFO] LogOutputStream:77 - [STDOUT_REDIRECT] 
2024-04-04 10:50:23,165 [INFO] ApplicationProperties:184 - Using Application install path: C:\ST\STM32CubeIDE_1.14.1\STM32CubeIDE\plugins\com.st.stm32cube.common.mx_6.10.0.202311202037
2024-04-04 10:50:23,223 [INFO] DbMcusXml:78 - Set database path to: C:\ST\STM32CubeIDE_1.14.1\STM32CubeIDE\plugins\com.st.stm32cube.common.mx_6.10.0.202311202037\\db\/mcu/
2024-04-04 10:50:23,224 [INFO] ApiDb:274 - Set plugin database path to: C:\ST\STM32CubeIDE_1.14.1\STM32CubeIDE\plugins\com.st.stm32cube.common.mx_6.10.0.202311202037\\db\/plugins/boardmanager/
2024-04-04 10:50:23,225 [WARN] ApiDb:259 - Overriding images path with different value:  => C:\ST\STM32CubeIDE_1.14.1\STM32CubeIDE\plugins\com.st.stm32cube.common.mx_6.10.0.202311202037\\db\/plugins/mcufinder/images/
2024-04-04 10:50:23,252 [INFO] ApiDb:250 - Set database path to: C:\Users\tarun\.stmcufinder\plugins\mcufinder//mcu/
2024-04-04 10:50:23,255 [INFO] DbMcusAds:125 - Set database path to: C:\Users\tarun\.stmcufinder\plugins\mcufinder//mcu/
2024-04-04 10:50:23,292 [INFO] CrossReferenceDbSqlite:203 - Set database path to: C:\Users\tarun\.stmcufinder\plugins\mcufinder//mcu/cs/
2024-04-04 10:50:23,689 [INFO] RulesReader:64 - Compatibility file has been processed (297 Rules)
2024-04-04 10:50:23,946 [INFO] DbMcusXml:78 - Set database path to: C:\ST\STM32CubeIDE_1.14.1\STM32CubeIDE\plugins\com.st.stm32cube.common.mx_6.10.0.202311202037\\db\/mcu/
2024-04-04 10:50:23,947 [INFO] ApiDb:274 - Set plugin database path to: C:\ST\STM32CubeIDE_1.14.1\STM32CubeIDE\plugins\com.st.stm32cube.common.mx_6.10.0.202311202037\\db\/plugins/boardmanager/
2024-04-04 10:50:23,947 [INFO] ApiDb:261 - Set plugin images path to: C:\ST\STM32CubeIDE_1.14.1\STM32CubeIDE\plugins\com.st.stm32cube.common.mx_6.10.0.202311202037\\db\/plugins/mcufinder/images/
2024-04-04 10:50:23,948 [WARN] DbFile:41 - Overriding database path with different value: C:\Users\tarun\.stmcufinder\plugins\mcufinder/ => C:\Users\tarun\.stmcufinder\plugins\mcufinder
2024-04-04 10:50:23,948 [INFO] ApiDb:250 - Set database path to: C:\Users\tarun\.stmcufinder\plugins\mcufinder//mcu/
2024-04-04 10:50:23,948 [WARN] DbFile:41 - Overriding database path with different value: C:\Users\tarun\.stmcufinder\plugins\mcufinder/ => C:\Users\tarun\.stmcufinder\plugins\mcufinder
2024-04-04 10:50:23,949 [INFO] DbMcusAds:125 - Set database path to: C:\Users\tarun\.stmcufinder\plugins\mcufinder//mcu/
2024-04-04 10:50:23,949 [WARN] DbFile:41 - Overriding database path with different value: C:\Users\tarun\.stmcufinder\plugins\mcufinder/ => C:\Users\tarun\.stmcufinder\plugins\mcufinder
2024-04-04 10:50:23,949 [WARN] DbFile:41 - Overriding database path with different value: C:\Users\tarun\.stmcufinder\plugins\mcufinder/ => C:\Users\tarun\.stmcufinder\plugins\mcufinder
2024-04-04 10:50:23,949 [INFO] CrossReferenceDbSqlite:203 - Set database path to: C:\Users\tarun\.stmcufinder\plugins\mcufinder//mcu/cs/
2024-04-04 10:50:24,234 [INFO] MainPanel:264 - HeapMemory: 268435456
2024-04-04 10:50:24,468 [INFO] DbMcusXml:78 - Set database path to: C:\ST\STM32CubeIDE_1.14.1\STM32CubeIDE\plugins\com.st.stm32cube.common.mx_6.10.0.202311202037\\db\/mcu/
2024-04-04 10:50:24,468 [INFO] ApiDb:274 - Set plugin database path to: C:\ST\STM32CubeIDE_1.14.1\STM32CubeIDE\plugins\com.st.stm32cube.common.mx_6.10.0.202311202037\\db\/plugins/boardmanager/
2024-04-04 10:50:24,468 [INFO] ApiDb:261 - Set plugin images path to: C:\ST\STM32CubeIDE_1.14.1\STM32CubeIDE\plugins\com.st.stm32cube.common.mx_6.10.0.202311202037\\db\/plugins/mcufinder/images/
2024-04-04 10:50:24,470 [WARN] DbFile:41 - Overriding database path with different value: C:\Users\tarun\.stmcufinder\plugins\mcufinder/ => C:\Users\tarun\.stmcufinder\plugins\mcufinder
2024-04-04 10:50:24,470 [INFO] ApiDb:250 - Set database path to: C:\Users\tarun\.stmcufinder\plugins\mcufinder//mcu/
2024-04-04 10:50:24,470 [WARN] DbFile:41 - Overriding database path with different value: C:\Users\tarun\.stmcufinder\plugins\mcufinder/ => C:\Users\tarun\.stmcufinder\plugins\mcufinder
2024-04-04 10:50:24,471 [INFO] DbMcusAds:125 - Set database path to: C:\Users\tarun\.stmcufinder\plugins\mcufinder//mcu/
2024-04-04 10:50:24,471 [WARN] DbFile:41 - Overriding database path with different value: C:\Users\tarun\.stmcufinder\plugins\mcufinder/ => C:\Users\tarun\.stmcufinder\plugins\mcufinder
2024-04-04 10:50:24,471 [WARN] DbFile:41 - Overriding database path with different value: C:\Users\tarun\.stmcufinder\plugins\mcufinder/ => C:\Users\tarun\.stmcufinder\plugins\mcufinder
2024-04-04 10:50:24,471 [INFO] CrossReferenceDbSqlite:203 - Set database path to: C:\Users\tarun\.stmcufinder\plugins\mcufinder//mcu/cs/
2024-04-04 10:50:24,519 [INFO] ApplicationProperties:184 - Using Application install path: C:\ST\STM32CubeIDE_1.14.1\STM32CubeIDE\plugins\com.st.stm32cube.common.mx_6.10.0.202311202037
2024-04-04 10:50:24,523 [INFO] PluginManage:196 - Search for loadable plugins [exclusion list=, ]
2024-04-04 10:50:24,527 [INFO] PluginManage:310 - Check plugin analytics
2024-04-04 10:50:25,125 [INFO] AnalyticsPlugin:253 - Accepted Software Licenses: 
2024-04-04 10:50:25,126 [INFO] AnalyticsPlugin:255 - Accepted CMSIS Pack Licenses: 
2024-04-04 10:50:25,126 [INFO] AnalyticsPlugin:257 - Accepted Firmware Licenses: FW.F4.1.28.0
2024-04-04 10:50:25,133 [INFO] PluginManage:359 - Loaded plugin analytics (category:tool,tabindex:-1)
2024-04-04 10:50:25,134 [INFO] PluginManage:310 - Check plugin cadmodel
2024-04-04 10:50:25,166 [INFO] CADModel:105 - Init CAD model plugin
2024-04-04 10:50:25,166 [INFO] PluginManage:359 - Loaded plugin cadmodel (category:power,tabindex:5)
2024-04-04 10:50:25,166 [INFO] PluginManage:310 - Check plugin clock
2024-04-04 10:50:25,216 [INFO] PluginManage:359 - Loaded plugin clock (category:base,tabindex:2)
2024-04-04 10:50:25,217 [INFO] PluginManage:310 - Check plugin ddr
2024-04-04 10:50:25,223 [INFO] PluginManage:359 - Loaded plugin ddr (category:tool,tabindex:6)
2024-04-04 10:50:25,225 [INFO] PluginManage:310 - Check plugin filemanager
2024-04-04 10:50:25,596 [INFO] PluginManage:359 - Loaded plugin filemanager (category:base,tabindex:10)
2024-04-04 10:50:25,597 [INFO] PluginManage:310 - Check plugin ipmanager
2024-04-04 10:50:25,617 [INFO] PluginManage:359 - Loaded plugin ipmanager (category:base,tabindex:5)
2024-04-04 10:50:25,617 [INFO] PluginManage:310 - Check plugin lpbam
2024-04-04 10:50:25,660 [INFO] PluginManage:359 - Loaded plugin lpbam (category:base,tabindex:0)
2024-04-04 10:50:25,660 [INFO] PluginManage:310 - Check plugin memorymap
2024-04-04 10:50:25,724 [INFO] PluginManage:359 - Loaded plugin memorymap (category:base,tabindex:4)
2024-04-04 10:50:25,725 [INFO] PluginManage:310 - Check plugin pinoutandconfiguration
2024-04-04 10:50:25,769 [INFO] PluginManage:359 - Loaded plugin pinoutandconfiguration (category:base,tabindex:1)
2024-04-04 10:50:25,769 [INFO] PluginManage:310 - Check plugin pinoutconfig
2024-04-04 10:50:26,052 [WARN] SupportedApi:132 - Cannot load RTOS API schema: s4s-elt-must-match.1: The content of 'definitions' must match (annotation?, (simpleType | complexType)?, (unique | key | keyref)*)). A problem was found starting at: attribute.
2024-04-04 10:50:26,548 [INFO] PluginManage:359 - Loaded plugin pinoutconfig (category:base,tabindex:0)
2024-04-04 10:50:26,549 [INFO] PluginManage:310 - Check plugin power
2024-04-04 10:50:26,649 [INFO] PluginManage:359 - Loaded plugin power (category:power,tabindex:4)
2024-04-04 10:50:26,649 [INFO] PluginManage:310 - Check plugin projectmanager
2024-04-04 10:50:26,691 [INFO] PluginManage:359 - Loaded plugin projectmanager (category:projectmanager,tabindex:3)
2024-04-04 10:50:26,691 [INFO] PluginManage:310 - Check plugin thirdparty
2024-04-04 10:50:28,023 [INFO] PluginManage:359 - Loaded plugin thirdparty (category:base,tabindex:-1)
2024-04-04 10:50:28,023 [WARN] IntegrityCheckThread:84 - waiting for thirdparty lock release [integrity check]
2024-04-04 10:50:28,023 [INFO] PluginManage:310 - Check plugin tools
2024-04-04 10:50:28,023 [INFO] IntegrityCheckThread:86 - entering critical section [integrity check]
2024-04-04 10:50:28,025 [INFO] ThirdPartyUpdaterWithRetryManager:70 - Updater plugin not ready yet. [1/15]
2024-04-04 10:50:28,106 [INFO] PluginManage:359 - Loaded plugin tools (category:base,tabindex:7)
2024-04-04 10:50:28,107 [INFO] PluginManage:310 - Check plugin tutovideos
2024-04-04 10:50:28,891 [INFO] PluginManage:359 - Loaded plugin tutovideos (category:base,tabindex:-1)
2024-04-04 10:50:28,892 [INFO] PluginManage:310 - Check plugin updater
2024-04-04 10:50:28,932 [INFO] PluginManage:359 - Loaded plugin updater (category:base,tabindex:12)
2024-04-04 10:50:28,933 [INFO] PluginManage:310 - Check plugin userauth
2024-04-04 10:50:28,949 [INFO] UserAuth:114 - Init User Auth plugin
2024-04-04 10:50:28,949 [INFO] PluginManage:359 - Loaded plugin userauth (category:base,tabindex:14)
2024-04-04 10:50:28,951 [INFO] PluginManage:283 - PluginManage : Loaded plugins [17]
2024-04-04 10:50:29,603 [INFO] PinOutPanel:1499 - setPackage(No Configuration,No Configuration)
2024-04-04 10:50:29,840 [INFO] CADModel:165 - CPN selected for project level
2024-04-04 10:50:29,841 [INFO] CADModel:114 - Register for checkConnection events
2024-04-04 10:50:29,908 [INFO] IPUIPlugin:80 - create IPUIPlugin
2024-04-04 10:50:29,908 [INFO] PluginManager:220 - loadIPPluginJar : add adc
2024-04-04 10:50:30,057 [INFO] IPUIPlugin:80 - create IPUIPlugin
2024-04-04 10:50:30,057 [INFO] PluginManager:220 - loadIPPluginJar : add aes
2024-04-04 10:50:30,208 [INFO] IPUIPlugin:80 - create IPUIPlugin
2024-04-04 10:50:30,208 [INFO] PluginManager:220 - loadIPPluginJar : add can
2024-04-04 10:50:31,026 [INFO] ThirdPartyUpdaterWithRetryManager:70 - Updater plugin not ready yet. [2/15]
2024-04-04 10:50:31,675 [INFO] IPUIPlugin:80 - create IPUIPlugin
2024-04-04 10:50:31,676 [INFO] PluginManager:220 - loadIPPluginJar : add comp
2024-04-04 10:50:31,851 [INFO] IPUIPlugin:80 - create IPUIPlugin
2024-04-04 10:50:31,851 [INFO] PluginManager:220 - loadIPPluginJar : add cryp
2024-04-04 10:50:32,111 [INFO] IPUIPlugin:80 - create IPUIPlugin
2024-04-04 10:50:32,112 [INFO] PluginManager:220 - loadIPPluginJar : add dfsdm
2024-04-04 10:50:32,170 [INFO] IPUIPlugin:80 - create IPUIPlugin
2024-04-04 10:50:32,171 [INFO] PluginManager:220 - loadIPPluginJar : add dma
2024-04-04 10:50:32,292 [INFO] IPUIPlugin:80 - create IPUIPlugin
2024-04-04 10:50:32,292 [INFO] PluginManager:220 - loadIPPluginJar : add dma3
2024-04-04 10:50:32,342 [INFO] IPUIPlugin:80 - create IPUIPlugin
2024-04-04 10:50:32,342 [INFO] PluginManager:220 - loadIPPluginJar : add fatfs
2024-04-04 10:50:32,460 [INFO] IPUIPlugin:80 - create IPUIPlugin
2024-04-04 10:50:32,461 [INFO] PluginManager:220 - loadIPPluginJar : add fmc
2024-04-04 10:50:32,498 [INFO] IPUIPlugin:80 - create IPUIPlugin
2024-04-04 10:50:32,500 [INFO] PluginManager:220 - loadIPPluginJar : add freertos
2024-04-04 10:50:32,556 [INFO] IPUIPlugin:80 - create IPUIPlugin
2024-04-04 10:50:32,556 [INFO] PluginManager:220 - loadIPPluginJar : add genericplugin
2024-04-04 10:50:32,848 [INFO] IPUIPlugin:80 - create IPUIPlugin
2024-04-04 10:50:32,848 [INFO] PluginManager:220 - loadIPPluginJar : add gfxmmu
2024-04-04 10:50:33,169 [INFO] IPUIPlugin:80 - create IPUIPlugin
2024-04-04 10:50:33,169 [INFO] PluginManager:220 - loadIPPluginJar : add gic
2024-04-04 10:50:33,198 [INFO] IPUIPlugin:80 - create IPUIPlugin
2024-04-04 10:50:33,198 [INFO] PluginManager:220 - loadIPPluginJar : add gpio
2024-04-04 10:50:33,400 [INFO] IPUIPlugin:80 - create IPUIPlugin
2024-04-04 10:50:33,401 [INFO] PluginManager:220 - loadIPPluginJar : add gtzc
2024-04-04 10:50:33,470 [INFO] IPUIPlugin:80 - create IPUIPlugin
2024-04-04 10:50:33,471 [INFO] PluginManager:220 - loadIPPluginJar : add hash
2024-04-04 10:50:33,567 [INFO] IPUIPlugin:80 - create IPUIPlugin
2024-04-04 10:50:33,567 [INFO] PluginManager:220 - loadIPPluginJar : add i2c
2024-04-04 10:50:33,663 [INFO] IPUIPlugin:80 - create IPUIPlugin
2024-04-04 10:50:33,664 [INFO] PluginManager:220 - loadIPPluginJar : add i2s
2024-04-04 10:50:33,761 [INFO] IPUIPlugin:80 - create IPUIPlugin
2024-04-04 10:50:33,761 [INFO] PluginManager:220 - loadIPPluginJar : add i3c
2024-04-04 10:50:33,995 [INFO] IPUIPlugin:80 - create IPUIPlugin
2024-04-04 10:50:33,996 [INFO] PluginManager:220 - loadIPPluginJar : add ipddr
2024-04-04 10:50:34,030 [INFO] ThirdPartyUpdaterWithRetryManager:70 - Updater plugin not ready yet. [3/15]
2024-04-04 10:50:34,194 [INFO] IPUIPlugin:80 - create IPUIPlugin
2024-04-04 10:50:34,195 [INFO] PluginManager:220 - loadIPPluginJar : add linkedlist
2024-04-04 10:50:34,268 [INFO] IPUIPlugin:80 - create IPUIPlugin
2024-04-04 10:50:34,268 [INFO] PluginManager:220 - loadIPPluginJar : add lorawan
2024-04-04 10:50:34,349 [INFO] IPUIPlugin:80 - create IPUIPlugin
2024-04-04 10:50:34,350 [INFO] PluginManager:220 - loadIPPluginJar : add ltdc
2024-04-04 10:50:34,384 [INFO] IPUIPlugin:80 - create IPUIPlugin
2024-04-04 10:50:34,385 [INFO] PluginManager:220 - loadIPPluginJar : add mdma
2024-04-04 10:50:34,414 [INFO] IPUIPlugin:80 - create IPUIPlugin
2024-04-04 10:50:34,414 [INFO] PluginManager:220 - loadIPPluginJar : add nvic
2024-04-04 10:50:34,505 [INFO] IPUIPlugin:80 - create IPUIPlugin
2024-04-04 10:50:34,505 [INFO] PluginManager:220 - loadIPPluginJar : add opamp
2024-04-04 10:50:34,687 [INFO] IPUIPlugin:80 - create IPUIPlugin
2024-04-04 10:50:34,689 [INFO] PluginManager:220 - loadIPPluginJar : add openamp
2024-04-04 10:50:34,798 [INFO] IPUIPlugin:80 - create IPUIPlugin
2024-04-04 10:50:34,799 [INFO] PluginManager:220 - loadIPPluginJar : add pdm2pcm
2024-04-04 10:50:35,139 [INFO] IPUIPlugin:80 - create IPUIPlugin
2024-04-04 10:50:35,156 [INFO] PluginManager:220 - loadIPPluginJar : add plateformsettings
2024-04-04 10:50:35,259 [INFO] IPUIPlugin:80 - create IPUIPlugin
2024-04-04 10:50:35,259 [INFO] PluginManager:220 - loadIPPluginJar : add quadspi
2024-04-04 10:50:35,288 [INFO] IPUIPlugin:80 - create IPUIPlugin
2024-04-04 10:50:35,288 [INFO] PluginManager:220 - loadIPPluginJar : add resmgrutility
2024-04-04 10:50:35,424 [INFO] IPUIPlugin:80 - create IPUIPlugin
2024-04-04 10:50:35,424 [INFO] PluginManager:220 - loadIPPluginJar : add sai
2024-04-04 10:50:35,513 [INFO] IPUIPlugin:80 - create IPUIPlugin
2024-04-04 10:50:35,514 [INFO] PluginManager:220 - loadIPPluginJar : add spi
2024-04-04 10:50:35,675 [INFO] IPUIPlugin:80 - create IPUIPlugin
2024-04-04 10:50:35,675 [INFO] PluginManager:220 - loadIPPluginJar : add stm32_wpan
2024-04-04 10:50:35,732 [INFO] IPUIPlugin:80 - create IPUIPlugin
2024-04-04 10:50:35,732 [INFO] PluginManager:220 - loadIPPluginJar : add tim
2024-04-04 10:50:35,871 [INFO] IPUIPlugin:80 - create IPUIPlugin
2024-04-04 10:50:35,871 [INFO] PluginManager:220 - loadIPPluginJar : add touchsensing
2024-04-04 10:50:35,925 [INFO] IPUIPlugin:80 - create IPUIPlugin
2024-04-04 10:50:35,925 [INFO] PluginManager:220 - loadIPPluginJar : add tracer_emb
2024-04-04 10:50:35,982 [INFO] IPUIPlugin:80 - create IPUIPlugin
2024-04-04 10:50:35,982 [INFO] PluginManager:220 - loadIPPluginJar : add ts
2024-04-04 10:50:36,031 [INFO] IPUIPlugin:80 - create IPUIPlugin
2024-04-04 10:50:36,032 [INFO] PluginManager:220 - loadIPPluginJar : add tsc
2024-04-04 10:50:36,088 [INFO] IPUIPlugin:80 - create IPUIPlugin
2024-04-04 10:50:36,089 [INFO] PluginManager:220 - loadIPPluginJar : add ucpd
2024-04-04 10:50:36,193 [INFO] IPUIPlugin:80 - create IPUIPlugin
2024-04-04 10:50:36,193 [INFO] PluginManager:220 - loadIPPluginJar : add usart
2024-04-04 10:50:36,313 [INFO] IPUIPlugin:80 - create IPUIPlugin
2024-04-04 10:50:36,313 [INFO] PluginManager:220 - loadIPPluginJar : add usbx
2024-04-04 10:50:36,659 [INFO] CADModel:165 - CPN selected for project level
2024-04-04 10:50:36,660 [INFO] CADModel:114 - Register for checkConnection events
2024-04-04 10:50:36,661 [FATAL] Updater:308 - Updater called before beeing initialized
2024-04-04 10:50:36,661 [ERROR] CADModel:125 - Updater not yet initialized, retry later 
2024-04-04 10:50:37,033 [INFO] ThirdPartyUpdaterWithRetryManager:70 - Updater plugin not ready yet. [4/15]
2024-04-04 10:50:37,241 [INFO] CADModel:165 - CPN selected for project level
2024-04-04 10:50:37,242 [INFO] CADModel:114 - Register for checkConnection events
2024-04-04 10:50:37,243 [FATAL] Updater:308 - Updater called before beeing initialized
2024-04-04 10:50:37,243 [ERROR] CADModel:125 - Updater not yet initialized, retry later 
2024-04-04 10:50:37,257 [FATAL] Updater:308 - Updater called before beeing initialized
2024-04-04 10:50:37,608 [FATAL] Updater:308 - Updater called before beeing initialized
2024-04-04 10:50:37,635 [INFO] DbMcusAds:53 - JSON generation date=Wed Nov 29 16:22:27 IST 2023 (1701255147349)
2024-04-04 10:50:37,635 [FATAL] Updater:308 - Updater called before beeing initialized
2024-04-04 10:50:37,842 [WARN] DetailPanel:346 - Failed to get advertising image, set to default
2024-04-04 10:50:38,268 [FATAL] Updater:308 - Updater called before beeing initialized
2024-04-04 10:50:38,275 [FATAL] Updater:308 - Updater called before beeing initialized
2024-04-04 10:50:38,276 [FATAL] Updater:308 - Updater called before beeing initialized
2024-04-04 10:50:38,276 [WARN] DetailPanel:346 - Failed to get advertising image, set to default
2024-04-04 10:50:38,279 [FATAL] Updater:308 - Updater called before beeing initialized
2024-04-04 10:50:38,470 [ERROR] Updater:1120 - MainUpdater not yet initialized. External WinMGr cannot be set.
2024-04-04 10:50:38,495 [INFO] Updater:1056 - Updater Version found : 6.10.0
2024-04-04 10:50:38,539 [INFO] ApplicationProperties:184 - Using Application install path: C:\ST\STM32CubeIDE_1.14.1\STM32CubeIDE\plugins\com.st.stm32cube.common.mx_6.10.0.202311202037
2024-04-04 10:50:40,035 [FATAL] Updater:308 - Updater called before beeing initialized
2024-04-04 10:50:40,036 [ERROR] IntegrityCheckThread:130 - Cannot retrieve database content from updater: error 21
2024-04-04 10:50:40,037 [INFO] ThirdParty:978 - Integrity check success = false
2024-04-04 10:50:40,038 [INFO] IntegrityCheckThread:100 - exiting critical section [integrity check]
2024-04-04 10:50:40,038 [INFO] IntegrityCheckThread:103 - End integrity checks thread
2024-04-04 10:50:40,179 [ERROR] LogOutputStream:75 - [STDERR_REDIRECT] Apr 04, 2024 10:50:40 AM java.util.prefs.WindowsPreferences <init>
2024-04-04 10:50:40,191 [ERROR] LogOutputStream:75 - [STDERR_REDIRECT] WARNING: Could not open/create prefs root node Software\JavaSoft\Prefs at root 0xffffffff80000002. Windows RegCreateKeyEx(...) returned error code 5.
2024-04-04 10:50:40,192 [ERROR] LogOutputStream:75 - [STDERR_REDIRECT] 
2024-04-04 10:50:41,150 [INFO] MainUpdater:2873 - connection check result : 10
2024-04-04 10:50:41,151 [INFO] MainUpdater:3567 - Updater definition file requires update
2024-04-04 10:50:41,153 [INFO] MainUpdater:290 - Updater Check For Update Now.
2024-04-04 10:50:41,154 [INFO] MicroXplorer:498 - Change Database Version : DB.6.0.100
2024-04-04 10:50:41,206 [INFO] McuFinderGlobals:63 - Set McuFinder mode to 2 (CubeIDE integrated)
2024-04-04 10:50:41,262 [INFO] ServerAccessManage:473 - Download File updaters.zip
2024-04-04 10:50:41,630 [INFO] FileExtend:240 - Unzip File : updaters.zip
2024-04-04 10:50:41,630 [INFO] FileExtend:255 - Standard Zip Deflate
2024-04-04 10:50:42,120 [INFO] UserAuth:404 - Internet connection configuration mode: 1
2024-04-04 10:50:42,933 [INFO] ServerAccessManage:473 - Download File PacksControlFlags.xml
2024-04-04 10:50:43,442 [INFO] JxBrowserEngine:152 - Initiate JxBrowser Engine with user profile folder
2024-04-04 10:50:43,664 [INFO] ServerAccessManage:473 - Download File cubemx.pidx
2024-04-04 10:50:46,135 [INFO] ServerAccessManage:473 - Download File STMicroelectronics.X-CUBE-TOUCHGFX.pdsc
2024-04-04 10:50:48,827 [WARN] PackLoader:240 - Cannot read IP mode file for STMicroelectronics.X-CUBE-TOUCHGFX.4.23.2
2024-04-04 10:50:48,831 [INFO] PopulateThirdPartyThread:66 - Ending populate Thread
2024-04-04 10:50:48,833 [INFO] ThirdParty:1030 - CMSIS Pack Vendor :STMicroelectronics X-CUBE-TOUCHGFX 4.23.2
2024-04-04 10:50:48,834 [INFO] LoadServerUpdatesThread:375 - End of LoadServerUpdate Thread
2024-04-04 10:50:49,090 [INFO] CheckServerUpdateThread:120 - End of CheckServer Thread
2024-04-04 10:50:53,662 [INFO] WebApp:161 - Instantiating new browser for Auth
2024-04-04 10:50:56,639 [INFO] WebApp:780 - Register for checkConnection events
2024-04-04 10:50:56,651 [INFO] WebApp:414 - Apply proxy settings
2024-04-04 10:50:56,655 [INFO] WebApp:499 - Chromium requires no authentication
2024-04-04 10:50:56,685 [INFO] WebApp:442 - Direct internet connection detected
2024-04-04 10:50:57,485 [INFO] WebApp:192 - Starting web application
2024-04-04 10:50:57,485 [INFO] WebApp:544 - Web application path used C:\ST\STM32CubeIDE_1.14.1\STM32CubeIDE\plugins\com.st.stm32cube.common.mx_6.10.0.202311202037\db\plugins\mcufinder\reactClient1\index.html
2024-04-04 10:51:23,625 [ERROR] LogOutputStream:75 - [STDERR_REDIRECT] SLF4J: Failed to load class "org.slf4j.impl.StaticLoggerBinder".
2024-04-04 10:51:23,647 [ERROR] LogOutputStream:75 - [STDERR_REDIRECT] SLF4J: Defaulting to no-operation (NOP) logger implementation
2024-04-04 10:51:23,657 [ERROR] LogOutputStream:75 - [STDERR_REDIRECT] SLF4J: See http://www.slf4j.org/codes.html#StaticLoggerBinder for further details.
2024-04-04 13:43:16,606 [ERROR] LogOutputStream:75 - [STDERR_REDIRECT] 
