2024-03-29 10:17:58,498 [INFO] Activator:176 - 


2024-03-29 10:17:58,514 [INFO] Activator:177 - !SESSION log4j initialized
2024-03-29 10:18:26,856 [INFO] LogOutputStream:77 - [STDOUT_REDIRECT] 
2024-03-29 10:19:01,212 [INFO] ApplicationProperties:184 - Using Application install path: C:\ST\STM32CubeIDE_1.14.1\STM32CubeIDE\plugins\com.st.stm32cube.common.mx_6.10.0.202311202037
2024-03-29 10:19:01,292 [INFO] DbMcusXml:78 - Set database path to: C:\ST\STM32CubeIDE_1.14.1\STM32CubeIDE\plugins\com.st.stm32cube.common.mx_6.10.0.202311202037\\db\/mcu/
2024-03-29 10:19:01,293 [INFO] ApiDb:274 - Set plugin database path to: C:\ST\STM32CubeIDE_1.14.1\STM32CubeIDE\plugins\com.st.stm32cube.common.mx_6.10.0.202311202037\\db\/plugins/boardmanager/
2024-03-29 10:19:01,295 [WARN] ApiDb:259 - Overriding images path with different value:  => C:\ST\STM32CubeIDE_1.14.1\STM32CubeIDE\plugins\com.st.stm32cube.common.mx_6.10.0.202311202037\\db\/plugins/mcufinder/images/
2024-03-29 10:19:01,325 [INFO] ApiDb:250 - Set database path to: C:\Users\tarun\.stmcufinder\plugins\mcufinder//mcu/
2024-03-29 10:19:01,329 [INFO] DbMcusAds:125 - Set database path to: C:\Users\tarun\.stmcufinder\plugins\mcufinder//mcu/
2024-03-29 10:19:01,366 [INFO] CrossReferenceDbSqlite:203 - Set database path to: C:\Users\tarun\.stmcufinder\plugins\mcufinder//mcu/cs/
2024-03-29 10:19:01,786 [INFO] RulesReader:64 - Compatibility file has been processed (297 Rules)
2024-03-29 10:19:02,092 [INFO] DbMcusXml:78 - Set database path to: C:\ST\STM32CubeIDE_1.14.1\STM32CubeIDE\plugins\com.st.stm32cube.common.mx_6.10.0.202311202037\\db\/mcu/
2024-03-29 10:19:02,092 [INFO] ApiDb:274 - Set plugin database path to: C:\ST\STM32CubeIDE_1.14.1\STM32CubeIDE\plugins\com.st.stm32cube.common.mx_6.10.0.202311202037\\db\/plugins/boardmanager/
2024-03-29 10:19:02,093 [INFO] ApiDb:261 - Set plugin images path to: C:\ST\STM32CubeIDE_1.14.1\STM32CubeIDE\plugins\com.st.stm32cube.common.mx_6.10.0.202311202037\\db\/plugins/mcufinder/images/
2024-03-29 10:19:02,094 [WARN] DbFile:41 - Overriding database path with different value: C:\Users\tarun\.stmcufinder\plugins\mcufinder/ => C:\Users\tarun\.stmcufinder\plugins\mcufinder
2024-03-29 10:19:02,094 [INFO] ApiDb:250 - Set database path to: C:\Users\tarun\.stmcufinder\plugins\mcufinder//mcu/
2024-03-29 10:19:02,094 [WARN] DbFile:41 - Overriding database path with different value: C:\Users\tarun\.stmcufinder\plugins\mcufinder/ => C:\Users\tarun\.stmcufinder\plugins\mcufinder
2024-03-29 10:19:02,095 [INFO] DbMcusAds:125 - Set database path to: C:\Users\tarun\.stmcufinder\plugins\mcufinder//mcu/
2024-03-29 10:19:02,095 [WARN] DbFile:41 - Overriding database path with different value: C:\Users\tarun\.stmcufinder\plugins\mcufinder/ => C:\Users\tarun\.stmcufinder\plugins\mcufinder
2024-03-29 10:19:02,095 [WARN] DbFile:41 - Overriding database path with different value: C:\Users\tarun\.stmcufinder\plugins\mcufinder/ => C:\Users\tarun\.stmcufinder\plugins\mcufinder
2024-03-29 10:19:02,096 [INFO] CrossReferenceDbSqlite:203 - Set database path to: C:\Users\tarun\.stmcufinder\plugins\mcufinder//mcu/cs/
2024-03-29 10:19:02,382 [INFO] MainPanel:264 - HeapMemory: 268435456
2024-03-29 10:19:02,661 [INFO] DbMcusXml:78 - Set database path to: C:\ST\STM32CubeIDE_1.14.1\STM32CubeIDE\plugins\com.st.stm32cube.common.mx_6.10.0.202311202037\\db\/mcu/
2024-03-29 10:19:02,661 [INFO] ApiDb:274 - Set plugin database path to: C:\ST\STM32CubeIDE_1.14.1\STM32CubeIDE\plugins\com.st.stm32cube.common.mx_6.10.0.202311202037\\db\/plugins/boardmanager/
2024-03-29 10:19:02,661 [INFO] ApiDb:261 - Set plugin images path to: C:\ST\STM32CubeIDE_1.14.1\STM32CubeIDE\plugins\com.st.stm32cube.common.mx_6.10.0.202311202037\\db\/plugins/mcufinder/images/
2024-03-29 10:19:02,663 [WARN] DbFile:41 - Overriding database path with different value: C:\Users\tarun\.stmcufinder\plugins\mcufinder/ => C:\Users\tarun\.stmcufinder\plugins\mcufinder
2024-03-29 10:19:02,664 [INFO] ApiDb:250 - Set database path to: C:\Users\tarun\.stmcufinder\plugins\mcufinder//mcu/
2024-03-29 10:19:02,664 [WARN] DbFile:41 - Overriding database path with different value: C:\Users\tarun\.stmcufinder\plugins\mcufinder/ => C:\Users\tarun\.stmcufinder\plugins\mcufinder
2024-03-29 10:19:02,664 [INFO] DbMcusAds:125 - Set database path to: C:\Users\tarun\.stmcufinder\plugins\mcufinder//mcu/
2024-03-29 10:19:02,664 [WARN] DbFile:41 - Overriding database path with different value: C:\Users\tarun\.stmcufinder\plugins\mcufinder/ => C:\Users\tarun\.stmcufinder\plugins\mcufinder
2024-03-29 10:19:02,665 [WARN] DbFile:41 - Overriding database path with different value: C:\Users\tarun\.stmcufinder\plugins\mcufinder/ => C:\Users\tarun\.stmcufinder\plugins\mcufinder
2024-03-29 10:19:02,665 [INFO] CrossReferenceDbSqlite:203 - Set database path to: C:\Users\tarun\.stmcufinder\plugins\mcufinder//mcu/cs/
2024-03-29 10:19:02,720 [INFO] ApplicationProperties:184 - Using Application install path: C:\ST\STM32CubeIDE_1.14.1\STM32CubeIDE\plugins\com.st.stm32cube.common.mx_6.10.0.202311202037
2024-03-29 10:19:02,727 [INFO] PluginManage:196 - Search for loadable plugins [exclusion list=, ]
2024-03-29 10:19:02,732 [INFO] PluginManage:310 - Check plugin analytics
2024-03-29 10:19:03,418 [INFO] AnalyticsPlugin:253 - Accepted Software Licenses: 
2024-03-29 10:19:03,419 [INFO] AnalyticsPlugin:255 - Accepted CMSIS Pack Licenses: 
2024-03-29 10:19:03,420 [INFO] AnalyticsPlugin:257 - Accepted Firmware Licenses: FW.F4.1.28.0
2024-03-29 10:19:03,430 [INFO] PluginManage:359 - Loaded plugin analytics (category:tool,tabindex:-1)
2024-03-29 10:19:03,431 [INFO] PluginManage:310 - Check plugin cadmodel
2024-03-29 10:19:03,482 [INFO] CADModel:105 - Init CAD model plugin
2024-03-29 10:19:03,483 [INFO] PluginManage:359 - Loaded plugin cadmodel (category:power,tabindex:5)
2024-03-29 10:19:03,484 [INFO] PluginManage:310 - Check plugin clock
2024-03-29 10:19:03,548 [INFO] PluginManage:359 - Loaded plugin clock (category:base,tabindex:2)
2024-03-29 10:19:03,549 [INFO] PluginManage:310 - Check plugin ddr
2024-03-29 10:19:03,557 [INFO] PluginManage:359 - Loaded plugin ddr (category:tool,tabindex:6)
2024-03-29 10:19:03,557 [INFO] PluginManage:310 - Check plugin filemanager
2024-03-29 10:19:04,027 [INFO] PluginManage:359 - Loaded plugin filemanager (category:base,tabindex:10)
2024-03-29 10:19:04,027 [INFO] PluginManage:310 - Check plugin ipmanager
2024-03-29 10:19:04,052 [INFO] PluginManage:359 - Loaded plugin ipmanager (category:base,tabindex:5)
2024-03-29 10:19:04,053 [INFO] PluginManage:310 - Check plugin lpbam
2024-03-29 10:19:04,100 [INFO] PluginManage:359 - Loaded plugin lpbam (category:base,tabindex:0)
2024-03-29 10:19:04,100 [INFO] PluginManage:310 - Check plugin memorymap
2024-03-29 10:19:04,172 [INFO] PluginManage:359 - Loaded plugin memorymap (category:base,tabindex:4)
2024-03-29 10:19:04,173 [INFO] PluginManage:310 - Check plugin pinoutandconfiguration
2024-03-29 10:19:04,214 [INFO] PluginManage:359 - Loaded plugin pinoutandconfiguration (category:base,tabindex:1)
2024-03-29 10:19:04,214 [INFO] PluginManage:310 - Check plugin pinoutconfig
2024-03-29 10:19:04,561 [WARN] SupportedApi:132 - Cannot load RTOS API schema: s4s-elt-must-match.1: The content of 'definitions' must match (annotation?, (simpleType | complexType)?, (unique | key | keyref)*)). A problem was found starting at: attribute.
2024-03-29 10:19:05,087 [INFO] PluginManage:359 - Loaded plugin pinoutconfig (category:base,tabindex:0)
2024-03-29 10:19:05,087 [INFO] PluginManage:310 - Check plugin power
2024-03-29 10:19:05,145 [INFO] PluginManage:359 - Loaded plugin power (category:power,tabindex:4)
2024-03-29 10:19:05,146 [INFO] PluginManage:310 - Check plugin projectmanager
2024-03-29 10:19:05,198 [INFO] PluginManage:359 - Loaded plugin projectmanager (category:projectmanager,tabindex:3)
2024-03-29 10:19:05,199 [INFO] PluginManage:310 - Check plugin thirdparty
2024-03-29 10:19:06,007 [INFO] PluginManage:359 - Loaded plugin thirdparty (category:base,tabindex:-1)
2024-03-29 10:19:06,008 [INFO] PluginManage:310 - Check plugin tools
2024-03-29 10:19:06,007 [WARN] IntegrityCheckThread:84 - waiting for thirdparty lock release [integrity check]
2024-03-29 10:19:06,008 [INFO] IntegrityCheckThread:86 - entering critical section [integrity check]
2024-03-29 10:19:06,009 [INFO] ThirdPartyUpdaterWithRetryManager:70 - Updater plugin not ready yet. [1/15]
2024-03-29 10:19:06,098 [INFO] PluginManage:359 - Loaded plugin tools (category:base,tabindex:7)
2024-03-29 10:19:06,099 [INFO] PluginManage:310 - Check plugin tutovideos
2024-03-29 10:19:06,845 [INFO] PluginManage:359 - Loaded plugin tutovideos (category:base,tabindex:-1)
2024-03-29 10:19:06,846 [INFO] PluginManage:310 - Check plugin updater
2024-03-29 10:19:06,872 [INFO] PluginManage:359 - Loaded plugin updater (category:base,tabindex:12)
2024-03-29 10:19:06,872 [INFO] PluginManage:310 - Check plugin userauth
2024-03-29 10:19:06,885 [INFO] UserAuth:114 - Init User Auth plugin
2024-03-29 10:19:06,886 [INFO] PluginManage:359 - Loaded plugin userauth (category:base,tabindex:14)
2024-03-29 10:19:06,888 [INFO] PluginManage:283 - PluginManage : Loaded plugins [17]
2024-03-29 10:19:07,573 [INFO] PinOutPanel:1499 - setPackage(No Configuration,No Configuration)
2024-03-29 10:19:07,801 [INFO] CADModel:165 - CPN selected for project level
2024-03-29 10:19:07,802 [INFO] CADModel:114 - Register for checkConnection events
2024-03-29 10:19:07,867 [INFO] IPUIPlugin:80 - create IPUIPlugin
2024-03-29 10:19:07,867 [INFO] PluginManager:220 - loadIPPluginJar : add adc
2024-03-29 10:19:07,955 [INFO] IPUIPlugin:80 - create IPUIPlugin
2024-03-29 10:19:07,955 [INFO] PluginManager:220 - loadIPPluginJar : add aes
2024-03-29 10:19:08,028 [INFO] IPUIPlugin:80 - create IPUIPlugin
2024-03-29 10:19:08,028 [INFO] PluginManager:220 - loadIPPluginJar : add can
2024-03-29 10:19:08,074 [INFO] IPUIPlugin:80 - create IPUIPlugin
2024-03-29 10:19:08,075 [INFO] PluginManager:220 - loadIPPluginJar : add comp
2024-03-29 10:19:08,128 [INFO] IPUIPlugin:80 - create IPUIPlugin
2024-03-29 10:19:08,128 [INFO] PluginManager:220 - loadIPPluginJar : add cryp
2024-03-29 10:19:08,179 [INFO] IPUIPlugin:80 - create IPUIPlugin
2024-03-29 10:19:08,179 [INFO] PluginManager:220 - loadIPPluginJar : add dfsdm
2024-03-29 10:19:08,206 [INFO] IPUIPlugin:80 - create IPUIPlugin
2024-03-29 10:19:08,207 [INFO] PluginManager:220 - loadIPPluginJar : add dma
2024-03-29 10:19:08,294 [INFO] IPUIPlugin:80 - create IPUIPlugin
2024-03-29 10:19:08,294 [INFO] PluginManager:220 - loadIPPluginJar : add dma3
2024-03-29 10:19:08,337 [INFO] IPUIPlugin:80 - create IPUIPlugin
2024-03-29 10:19:08,338 [INFO] PluginManager:220 - loadIPPluginJar : add fatfs
2024-03-29 10:19:08,431 [INFO] IPUIPlugin:80 - create IPUIPlugin
2024-03-29 10:19:08,431 [INFO] PluginManager:220 - loadIPPluginJar : add fmc
2024-03-29 10:19:08,460 [INFO] IPUIPlugin:80 - create IPUIPlugin
2024-03-29 10:19:08,460 [INFO] PluginManager:220 - loadIPPluginJar : add freertos
2024-03-29 10:19:08,498 [INFO] IPUIPlugin:80 - create IPUIPlugin
2024-03-29 10:19:08,498 [INFO] PluginManager:220 - loadIPPluginJar : add genericplugin
2024-03-29 10:19:08,694 [INFO] IPUIPlugin:80 - create IPUIPlugin
2024-03-29 10:19:08,695 [INFO] PluginManager:220 - loadIPPluginJar : add gfxmmu
2024-03-29 10:19:08,932 [INFO] IPUIPlugin:80 - create IPUIPlugin
2024-03-29 10:19:08,932 [INFO] PluginManager:220 - loadIPPluginJar : add gic
2024-03-29 10:19:08,956 [INFO] IPUIPlugin:80 - create IPUIPlugin
2024-03-29 10:19:08,957 [INFO] PluginManager:220 - loadIPPluginJar : add gpio
2024-03-29 10:19:09,011 [INFO] ThirdPartyUpdaterWithRetryManager:70 - Updater plugin not ready yet. [2/15]
2024-03-29 10:19:09,137 [INFO] IPUIPlugin:80 - create IPUIPlugin
2024-03-29 10:19:09,138 [INFO] PluginManager:220 - loadIPPluginJar : add gtzc
2024-03-29 10:19:09,209 [INFO] IPUIPlugin:80 - create IPUIPlugin
2024-03-29 10:19:09,210 [INFO] PluginManager:220 - loadIPPluginJar : add hash
2024-03-29 10:19:09,342 [INFO] IPUIPlugin:80 - create IPUIPlugin
2024-03-29 10:19:09,342 [INFO] PluginManager:220 - loadIPPluginJar : add i2c
2024-03-29 10:19:09,445 [INFO] IPUIPlugin:80 - create IPUIPlugin
2024-03-29 10:19:09,446 [INFO] PluginManager:220 - loadIPPluginJar : add i2s
2024-03-29 10:19:09,564 [INFO] IPUIPlugin:80 - create IPUIPlugin
2024-03-29 10:19:09,564 [INFO] PluginManager:220 - loadIPPluginJar : add i3c
2024-03-29 10:19:09,817 [INFO] IPUIPlugin:80 - create IPUIPlugin
2024-03-29 10:19:09,817 [INFO] PluginManager:220 - loadIPPluginJar : add ipddr
2024-03-29 10:19:10,011 [INFO] IPUIPlugin:80 - create IPUIPlugin
2024-03-29 10:19:10,011 [INFO] PluginManager:220 - loadIPPluginJar : add linkedlist
2024-03-29 10:19:10,079 [INFO] IPUIPlugin:80 - create IPUIPlugin
2024-03-29 10:19:10,079 [INFO] PluginManager:220 - loadIPPluginJar : add lorawan
2024-03-29 10:19:10,151 [INFO] IPUIPlugin:80 - create IPUIPlugin
2024-03-29 10:19:10,151 [INFO] PluginManager:220 - loadIPPluginJar : add ltdc
2024-03-29 10:19:10,178 [INFO] IPUIPlugin:80 - create IPUIPlugin
2024-03-29 10:19:10,179 [INFO] PluginManager:220 - loadIPPluginJar : add mdma
2024-03-29 10:19:10,206 [INFO] IPUIPlugin:80 - create IPUIPlugin
2024-03-29 10:19:10,207 [INFO] PluginManager:220 - loadIPPluginJar : add nvic
2024-03-29 10:19:10,272 [INFO] IPUIPlugin:80 - create IPUIPlugin
2024-03-29 10:19:10,272 [INFO] PluginManager:220 - loadIPPluginJar : add opamp
2024-03-29 10:19:10,396 [INFO] IPUIPlugin:80 - create IPUIPlugin
2024-03-29 10:19:10,397 [INFO] PluginManager:220 - loadIPPluginJar : add openamp
2024-03-29 10:19:10,466 [INFO] IPUIPlugin:80 - create IPUIPlugin
2024-03-29 10:19:10,467 [INFO] PluginManager:220 - loadIPPluginJar : add pdm2pcm
2024-03-29 10:19:10,497 [INFO] IPUIPlugin:80 - create IPUIPlugin
2024-03-29 10:19:10,503 [INFO] PluginManager:220 - loadIPPluginJar : add plateformsettings
2024-03-29 10:19:10,539 [INFO] IPUIPlugin:80 - create IPUIPlugin
2024-03-29 10:19:10,539 [INFO] PluginManager:220 - loadIPPluginJar : add quadspi
2024-03-29 10:19:10,562 [INFO] IPUIPlugin:80 - create IPUIPlugin
2024-03-29 10:19:10,562 [INFO] PluginManager:220 - loadIPPluginJar : add resmgrutility
2024-03-29 10:19:10,655 [INFO] IPUIPlugin:80 - create IPUIPlugin
2024-03-29 10:19:10,656 [INFO] PluginManager:220 - loadIPPluginJar : add sai
2024-03-29 10:19:10,733 [INFO] IPUIPlugin:80 - create IPUIPlugin
2024-03-29 10:19:10,733 [INFO] PluginManager:220 - loadIPPluginJar : add spi
2024-03-29 10:19:10,868 [INFO] IPUIPlugin:80 - create IPUIPlugin
2024-03-29 10:19:10,868 [INFO] PluginManager:220 - loadIPPluginJar : add stm32_wpan
2024-03-29 10:19:10,914 [INFO] IPUIPlugin:80 - create IPUIPlugin
2024-03-29 10:19:10,914 [INFO] PluginManager:220 - loadIPPluginJar : add tim
2024-03-29 10:19:11,011 [INFO] IPUIPlugin:80 - create IPUIPlugin
2024-03-29 10:19:11,012 [INFO] PluginManager:220 - loadIPPluginJar : add touchsensing
2024-03-29 10:19:11,053 [INFO] IPUIPlugin:80 - create IPUIPlugin
2024-03-29 10:19:11,053 [INFO] PluginManager:220 - loadIPPluginJar : add tracer_emb
2024-03-29 10:19:11,087 [INFO] IPUIPlugin:80 - create IPUIPlugin
2024-03-29 10:19:11,087 [INFO] PluginManager:220 - loadIPPluginJar : add ts
2024-03-29 10:19:11,121 [INFO] IPUIPlugin:80 - create IPUIPlugin
2024-03-29 10:19:11,121 [INFO] PluginManager:220 - loadIPPluginJar : add tsc
2024-03-29 10:19:11,162 [INFO] IPUIPlugin:80 - create IPUIPlugin
2024-03-29 10:19:11,163 [INFO] PluginManager:220 - loadIPPluginJar : add ucpd
2024-03-29 10:19:11,250 [INFO] IPUIPlugin:80 - create IPUIPlugin
2024-03-29 10:19:11,250 [INFO] PluginManager:220 - loadIPPluginJar : add usart
2024-03-29 10:19:11,342 [INFO] IPUIPlugin:80 - create IPUIPlugin
2024-03-29 10:19:11,342 [INFO] PluginManager:220 - loadIPPluginJar : add usbx
2024-03-29 10:19:11,611 [INFO] CADModel:165 - CPN selected for project level
2024-03-29 10:19:11,612 [INFO] CADModel:114 - Register for checkConnection events
2024-03-29 10:19:11,613 [FATAL] Updater:308 - Updater called before beeing initialized
2024-03-29 10:19:11,613 [ERROR] CADModel:125 - Updater not yet initialized, retry later 
2024-03-29 10:19:12,012 [INFO] ThirdPartyUpdaterWithRetryManager:70 - Updater plugin not ready yet. [3/15]
2024-03-29 10:19:12,106 [INFO] CADModel:165 - CPN selected for project level
2024-03-29 10:19:12,107 [INFO] CADModel:114 - Register for checkConnection events
2024-03-29 10:19:12,107 [FATAL] Updater:308 - Updater called before beeing initialized
2024-03-29 10:19:12,108 [ERROR] CADModel:125 - Updater not yet initialized, retry later 
2024-03-29 10:19:12,118 [FATAL] Updater:308 - Updater called before beeing initialized
2024-03-29 10:19:13,291 [FATAL] Updater:308 - Updater called before beeing initialized
2024-03-29 10:19:13,330 [INFO] DbMcusAds:53 - JSON generation date=Wed Nov 29 16:22:27 IST 2023 (1701255147349)
2024-03-29 10:19:13,330 [FATAL] Updater:308 - Updater called before beeing initialized
2024-03-29 10:19:13,768 [WARN] DetailPanel:346 - Failed to get advertising image, set to default
2024-03-29 10:19:14,148 [FATAL] Updater:308 - Updater called before beeing initialized
2024-03-29 10:19:14,154 [FATAL] Updater:308 - Updater called before beeing initialized
2024-03-29 10:19:14,154 [FATAL] Updater:308 - Updater called before beeing initialized
2024-03-29 10:19:14,155 [WARN] DetailPanel:346 - Failed to get advertising image, set to default
2024-03-29 10:19:14,156 [FATAL] Updater:308 - Updater called before beeing initialized
2024-03-29 10:19:14,392 [ERROR] Updater:1120 - MainUpdater not yet initialized. External WinMGr cannot be set.
2024-03-29 10:19:14,424 [INFO] Updater:1056 - Updater Version found : 6.10.0
2024-03-29 10:19:14,468 [INFO] ApplicationProperties:184 - Using Application install path: C:\ST\STM32CubeIDE_1.14.1\STM32CubeIDE\plugins\com.st.stm32cube.common.mx_6.10.0.202311202037
2024-03-29 10:19:15,014 [FATAL] Updater:308 - Updater called before beeing initialized
2024-03-29 10:19:15,015 [ERROR] IntegrityCheckThread:130 - Cannot retrieve database content from updater: error 21
2024-03-29 10:19:15,016 [INFO] ThirdParty:978 - Integrity check success = false
2024-03-29 10:19:15,016 [INFO] IntegrityCheckThread:100 - exiting critical section [integrity check]
2024-03-29 10:19:15,016 [INFO] IntegrityCheckThread:103 - End integrity checks thread
2024-03-29 10:19:16,105 [ERROR] LogOutputStream:75 - [STDERR_REDIRECT] Mar 29, 2024 10:19:16 AM java.util.prefs.WindowsPreferences <init>
2024-03-29 10:19:16,113 [ERROR] LogOutputStream:75 - [STDERR_REDIRECT] WARNING: Could not open/create prefs root node Software\JavaSoft\Prefs at root 0xffffffff80000002. Windows RegCreateKeyEx(...) returned error code 5.
2024-03-29 10:19:16,114 [ERROR] LogOutputStream:75 - [STDERR_REDIRECT] 
2024-03-29 10:19:17,579 [INFO] MainUpdater:2873 - connection check result : 10
2024-03-29 10:19:17,580 [INFO] MainUpdater:290 - Updater Check For Update Now.
2024-03-29 10:19:17,581 [INFO] MicroXplorer:498 - Change Database Version : DB.6.0.100
2024-03-29 10:19:17,901 [INFO] McuFinderGlobals:63 - Set McuFinder mode to 2 (CubeIDE integrated)
2024-03-29 10:19:18,540 [INFO] CheckServerUpdateThread:120 - End of CheckServer Thread
2024-03-29 10:19:19,958 [INFO] UserAuth:404 - Internet connection configuration mode: 1
2024-03-29 10:19:20,065 [INFO] JxBrowserEngine:152 - Initiate JxBrowser Engine with user profile folder
2024-03-29 10:19:27,770 [INFO] WebApp:161 - Instantiating new browser for Auth
2024-03-29 10:19:30,461 [INFO] WebApp:780 - Register for checkConnection events
2024-03-29 10:19:30,462 [INFO] WebApp:414 - Apply proxy settings
2024-03-29 10:19:30,462 [INFO] WebApp:499 - Chromium requires no authentication
2024-03-29 10:19:30,482 [INFO] WebApp:442 - Direct internet connection detected
2024-03-29 10:19:31,076 [INFO] WebApp:192 - Starting web application
2024-03-29 10:19:31,076 [INFO] WebApp:544 - Web application path used C:\ST\STM32CubeIDE_1.14.1\STM32CubeIDE\plugins\com.st.stm32cube.common.mx_6.10.0.202311202037\db\plugins\mcufinder\reactClient1\index.html
2024-03-29 10:19:54,041 [ERROR] LogOutputStream:75 - [STDERR_REDIRECT] SLF4J: Failed to load class "org.slf4j.impl.StaticLoggerBinder".
2024-03-29 10:19:54,045 [ERROR] LogOutputStream:75 - [STDERR_REDIRECT] SLF4J: Defaulting to no-operation (NOP) logger implementation
2024-03-29 10:19:54,052 [ERROR] LogOutputStream:75 - [STDERR_REDIRECT] SLF4J: See http://www.slf4j.org/codes.html#StaticLoggerBinder for further details.
2024-03-29 12:38:07,340 [INFO] McuFinderGlobals:63 - Set McuFinder mode to 2 (CubeIDE integrated)
2024-03-29 12:38:07,476 [INFO] MainUpdater:2873 - connection check result : 10
2024-03-29 12:38:07,489 [INFO] MainUpdater:2873 - connection check result : 10
2024-03-29 12:38:08,849 [INFO] MicroXplorer:468 - Change Database Path : 
2024-03-29 12:38:08,852 [INFO] MicroXplorer:498 - Change Database Version : DB.6.0.100
2024-03-29 12:38:08,903 [WARN] ThirdParty:871 - waiting for thirdparty lock release [close project]
2024-03-29 12:38:08,906 [INFO] ThirdParty:873 - entering critical section [close project]
2024-03-29 12:38:08,939 [INFO] ThirdParty:883 - exiting critical section [close project]
2024-03-29 12:38:08,970 [INFO] PinOutPanel:1499 - setPackage(No Configuration,No Configuration)
2024-03-29 12:38:09,057 [INFO] UtilMem:75 - Begin LoadConfig() Used Memory: 541560304 Bytes (1073741824)
2024-03-29 12:38:09,086 [INFO] MicroXplorer:468 - Change Database Path : 
2024-03-29 12:38:09,086 [INFO] MicroXplorer:498 - Change Database Version : DB.6.0.100
2024-03-29 12:38:09,088 [INFO] OpenFileManager:312 - Change cursor
2024-03-29 12:38:09,458 [WARN] IntegrityCheckThread:84 - waiting for thirdparty lock release [integrity check]
2024-03-29 12:38:09,459 [INFO] IntegrityCheckThread:86 - entering critical section [integrity check]
2024-03-29 12:38:10,651 [WARN] PackLoader:240 - Cannot read IP mode file for STMicroelectronics.X-CUBE-SMBUS.2.1.0
2024-03-29 12:38:10,740 [WARN] PackLoader:240 - Cannot read IP mode file for STMicroelectronics.X-CUBE-TOUCHGFX.4.23.0
2024-03-29 12:38:10,979 [WARN] PackLoader:240 - Cannot read IP mode file for STMicroelectronics.X-CUBE-AZRTOS-F7.1.1.0
2024-03-29 12:38:11,319 [WARN] PackLoader:240 - Cannot read IP mode file for STMicroelectronics.FP-SNS-MOTENV1.4.3.2
2024-03-29 12:38:11,368 [WARN] PackLoader:240 - Cannot read IP mode file for STMicroelectronics.FP-SNS-FLIGHT1.5.0.2
2024-03-29 12:38:11,486 [WARN] PackLoader:240 - Cannot read IP mode file for STMicroelectronics.X-CUBE-DISPLAY.3.0.0
2024-03-29 12:38:11,603 [WARN] PackLoader:240 - Cannot read IP mode file for STMicroelectronics.X-CUBE-BLE1.7.0.0
2024-03-29 12:38:11,680 [WARN] PackLoader:240 - Cannot read IP mode file for emotas.I-CUBE-CANOPEN.1.3.0
2024-03-29 12:38:11,773 [WARN] PackLoader:240 - Cannot read IP mode file for STMicroelectronics.X-CUBE-BLEMGR.3.1.0
2024-03-29 12:38:11,849 [WARN] PackLoader:240 - Cannot read IP mode file for STMicroelectronics.FP-SNS-SMARTAG2.1.2.0
2024-03-29 12:38:12,071 [INFO] LogOutputStream:77 - [STDOUT_REDIRECT] 1 : Invalid condition id : UX_CORESTACK_Condition cause : null
2024-03-29 12:38:12,096 [INFO] LogOutputStream:77 - [STDOUT_REDIRECT] 1 : Invalid condition id : UX_CORESTACK_Condition cause : null
2024-03-29 12:38:12,102 [INFO] LogOutputStream:77 - [STDOUT_REDIRECT] 1 : Invalid condition id : UX_CORESTACK_Condition cause : null
2024-03-29 12:38:12,109 [INFO] LogOutputStream:77 - [STDOUT_REDIRECT] 1 : Invalid condition id : UX_CORESTACK_Condition cause : null
2024-03-29 12:38:12,116 [INFO] LogOutputStream:77 - [STDOUT_REDIRECT] 1 : Invalid condition id : UX_CORESTACK_Condition cause : null
2024-03-29 12:38:12,147 [WARN] PackLoader:240 - Cannot read IP mode file for STMicroelectronics.X-CUBE-AZRTOS-WL.2.0.0
2024-03-29 12:38:12,238 [WARN] PackLoader:240 - Cannot read IP mode file for WES.I-CUBE-Cesium.1.3.0
2024-03-29 12:38:12,302 [WARN] PackLoader:240 - Cannot read IP mode file for STMicroelectronics.X-CUBE-BLE2.3.3.0
2024-03-29 12:38:12,383 [WARN] PackLoader:240 - Cannot read IP mode file for STMicroelectronics.X-CUBE-ALGOBUILD.1.3.0
2024-03-29 12:38:12,559 [WARN] PackLoader:240 - Cannot read IP mode file for STMicroelectronics.X-CUBE-AZRTOS-G0.1.1.0
2024-03-29 12:38:12,641 [WARN] PackLoader:240 - Cannot read IP mode file for STMicroelectronics.X-CUBE-NFC4.3.0.0
2024-03-29 12:38:12,734 [WARN] PackLoader:240 - Cannot read IP mode file for STMicroelectronics.X-CUBE-BLEMGR.3.0.0
2024-03-29 12:38:12,901 [WARN] PackLoader:240 - Cannot read IP mode file for STMicroelectronics.FP-ATR-SIGFOX1.3.2.0
2024-03-29 12:38:13,005 [WARN] PackLoader:240 - Cannot read IP mode file for STMicroelectronics.X-CUBE-EEPRMA1.5.1.0
2024-03-29 12:38:13,465 [WARN] PackLoader:240 - Cannot read IP mode file for SEGGER.I-CUBE-embOS.1.3.1
2024-03-29 12:38:14,372 [WARN] PackLoader:240 - Cannot read IP mode file for STMicroelectronics.X-CUBE-GNSS1.6.0.0
2024-03-29 12:38:14,518 [WARN] PackLoader:240 - Cannot read IP mode file for STMicroelectronics.X-CUBE-AZRTOS-F4.1.1.0
2024-03-29 12:38:14,585 [WARN] PackLoader:240 - Cannot read IP mode file for wolfSSL.I-CUBE-wolfSSL.5.6.6
2024-03-29 12:38:14,720 [WARN] PackLoader:240 - Cannot read IP mode file for STMicroelectronics.X-CUBE-AZRTOS-L5.2.0.0
2024-03-29 12:38:14,809 [WARN] PackLoader:240 - Cannot read IP mode file for STMicroelectronics.X-CUBE-NFC6.3.1.0
2024-03-29 12:38:14,867 [WARN] PackLoader:240 - Cannot read IP mode file for ITTIA_DB.I-CUBE-ITTIADB.8.8.0
2024-03-29 12:38:14,969 [WARN] PackLoader:240 - Cannot read IP mode file for STMicroelectronics.X-CUBE-NFC7.1.0.1
2024-03-29 12:38:15,035 [WARN] PackLoader:240 - Cannot read IP mode file for STMicroelectronics.X-CUBE-NFC6.3.0.0
2024-03-29 12:38:15,090 [WARN] PackLoader:240 - Cannot read IP mode file for STMicroelectronics.X-CUBE-AI.8.1.0
2024-03-29 12:38:15,347 [WARN] ConditionMgr:438 - getConditionDescription Invalid condition id : LAN8742 Phy interface Condition cause : null
2024-03-29 12:38:15,354 [WARN] PackLoader:240 - Cannot read IP mode file for STMicroelectronics.X-CUBE-AZRTOS-L4.2.0.0
2024-03-29 12:38:15,365 [WARN] ConditionMgr:1039 - genDependencies : Invalid condition id : LAN8742 Phy interface Condition cause : null
2024-03-29 12:38:15,367 [WARN] ConditionMgr:1039 - genDependencies : Invalid condition id : LAN8742 Phy interface Condition cause : null
2024-03-29 12:38:15,371 [WARN] ConditionMgr:1039 - genDependencies : Invalid condition id : LAN8742 Phy interface Condition cause : null
2024-03-29 12:38:15,502 [WARN] PackLoader:240 - Cannot read IP mode file for STMicroelectronics.X-CUBE-SFXS2LP1.4.0.0
2024-03-29 12:38:15,635 [WARN] ConditionMgr:438 - getConditionDescription Invalid condition id : UX DEVICE CLASS RTOS Condition cause : null
2024-03-29 12:38:15,636 [WARN] ConditionMgr:438 - getConditionDescription Invalid condition id : UX DEVICE CLASS RTOS Condition cause : null
2024-03-29 12:38:15,660 [WARN] PackLoader:240 - Cannot read IP mode file for STMicroelectronics.X-CUBE-AZRTOS-WB.2.0.0
2024-03-29 12:38:15,665 [WARN] ConditionMgr:1039 - genDependencies : Invalid condition id : UX DEVICE CLASS RTOS Condition cause : null
2024-03-29 12:38:15,665 [WARN] ConditionMgr:1039 - genDependencies : Invalid condition id : UX DEVICE CLASS RTOS Condition cause : null
2024-03-29 12:38:15,667 [WARN] ConditionMgr:1039 - genDependencies : Invalid condition id : UX DEVICE CLASS RTOS Condition cause : null
2024-03-29 12:38:15,669 [WARN] ConditionMgr:1039 - genDependencies : Invalid condition id : UX DEVICE CLASS RTOS Condition cause : null
2024-03-29 12:38:15,669 [WARN] ConditionMgr:1039 - genDependencies : Invalid condition id : UX DEVICE CLASS RTOS Condition cause : null
2024-03-29 12:38:15,773 [WARN] PackLoader:240 - Cannot read IP mode file for STMicroelectronics.X-CUBE-SUBG2.5.0.0
2024-03-29 12:38:16,323 [WARN] PackLoader:240 - Cannot read IP mode file for STMicroelectronics.X-CUBE-AZRTOS-G4.2.0.0
2024-03-29 12:38:16,548 [WARN] PackLoader:240 - Cannot read IP mode file for Infineon.AIROC-Wi-Fi-Bluetooth-STM32.1.5.1
2024-03-29 12:38:16,748 [WARN] PackLoader:240 - Cannot read IP mode file for STMicroelectronics.FP-SNS-MOTENVWB1.1.3.1
2024-03-29 12:38:17,043 [WARN] PackLoader:240 - Cannot read IP mode file for STMicroelectronics.X-CUBE-ISPU.2.0.0
2024-03-29 12:38:17,593 [WARN] PackLoader:240 - Cannot read IP mode file for STMicroelectronics.X-CUBE-MEMS1.10.0.0
2024-03-29 12:38:18,466 [WARN] PackLoader:240 - Cannot read IP mode file for STMicroelectronics.X-CUBE-FREERTOS.1.1.0
2024-03-29 12:38:18,524 [WARN] PackLoader:240 - Cannot read IP mode file for portGmbH.I-Cube-SoM-uGOAL.1.1.0
2024-03-29 12:38:18,604 [WARN] PackLoader:240 - Cannot read IP mode file for STMicroelectronics.X-CUBE-ALS.1.0.1
2024-03-29 12:38:18,653 [WARN] PackLoader:240 - Cannot read IP mode file for STMicroelectronics.FP-ATR-ASTRA1.2.0.0
2024-03-29 12:38:18,773 [WARN] PackLoader:240 - Cannot read IP mode file for STMicroelectronics.X-CUBE-TOF1.3.4.0
2024-03-29 12:38:18,983 [WARN] PackLoader:240 - Cannot read IP mode file for STMicroelectronics.X-CUBE-TOF1.3.4.1
2024-03-29 12:38:19,275 [WARN] PackLoader:240 - Cannot read IP mode file for STMicroelectronics.X-CUBE-AZRTOS-H7.3.2.0
2024-03-29 12:38:19,615 [INFO] ThirdParty:978 - Integrity check success = true
2024-03-29 12:38:19,616 [INFO] IntegrityCheckThread:100 - exiting critical section [integrity check]
2024-03-29 12:38:19,616 [INFO] IntegrityCheckThread:103 - End integrity checks thread
2024-03-29 12:38:20,542 [INFO] Mcu:2016 - Initializing MCU STM32F446R(C-E)Tx STM32F446RETx STM32F446RET6
2024-03-29 12:38:31,594 [INFO] Context:659 - Trying to add GPIOservice into a context  which must be forbidden
2024-03-29 12:38:34,655 [INFO] RtosManager:555 - Registered RTOS mode: class=CMSIS, group=RTOS, mode=CMSIS_V1, owner=FREERTOS
2024-03-29 12:38:34,656 [INFO] RtosManager:555 - Registered RTOS mode: class=CMSIS, group=RTOS2, mode=CMSIS_V2, owner=FREERTOS
2024-03-29 12:38:34,656 [INFO] RtosManager:555 - Registered RTOS mode: class=RTOS, group=Core, mode=CMSIS_V1, owner=FREERTOS
2024-03-29 12:38:34,656 [INFO] RtosManager:555 - Registered RTOS mode: class=RTOS, group=Core, mode=CMSIS_V2, owner=FREERTOS
2024-03-29 12:38:34,658 [WARN] ModelIntegratedComponent:184 - Missing modes for component STMicroelectronics:FreeRTOS:0.0.1:STMicroelectronics:RTOS:FreeRTOS:Core:::10.2.0:
2024-03-29 12:38:34,726 [WARN] ModelIntegratedComponent:63 - No mode defined for component null
2024-03-29 12:38:34,726 [WARN] ModelIntegratedComponent:63 - No mode defined for component null
2024-03-29 12:38:34,726 [WARN] ModelIntegratedComponent:63 - No mode defined for component null
2024-03-29 12:38:34,727 [WARN] ModelIntegratedComponent:63 - No mode defined for component null
2024-03-29 12:38:34,727 [WARN] ModelIntegratedComponent:63 - No mode defined for component null
2024-03-29 12:38:34,728 [WARN] ModelIntegratedComponent:63 - No mode defined for component null
2024-03-29 12:38:34,728 [WARN] ModelIntegratedComponent:63 - No mode defined for component null
2024-03-29 12:38:34,731 [WARN] ModelIntegratedComponent:63 - No mode defined for component null
2024-03-29 12:38:34,731 [WARN] ModelIntegratedComponent:63 - No mode defined for component null
2024-03-29 12:38:34,731 [WARN] ModelIntegratedComponent:63 - No mode defined for component null
2024-03-29 12:38:34,731 [WARN] ModelIntegratedComponent:63 - No mode defined for component null
2024-03-29 12:38:34,731 [WARN] ModelIntegratedComponent:63 - No mode defined for component null
2024-03-29 12:38:34,731 [WARN] ModelIntegratedComponent:63 - No mode defined for component null
2024-03-29 12:38:34,731 [WARN] ModelIntegratedComponent:63 - No mode defined for component null
2024-03-29 12:38:34,731 [WARN] ModelIntegratedComponent:63 - No mode defined for component null
2024-03-29 12:38:34,732 [WARN] ModelIntegratedComponent:63 - No mode defined for component null
2024-03-29 12:38:34,732 [WARN] ModelIntegratedComponent:63 - No mode defined for component null
2024-03-29 12:38:34,732 [WARN] ModelIntegratedComponent:63 - No mode defined for component null
2024-03-29 12:38:34,732 [WARN] ModelIntegratedComponent:63 - No mode defined for component null
2024-03-29 12:38:34,732 [WARN] ModelIntegratedComponent:63 - No mode defined for component null
2024-03-29 12:38:34,732 [WARN] ModelIntegratedComponent:63 - No mode defined for component null
2024-03-29 12:38:34,733 [WARN] ModelIntegratedComponent:63 - No mode defined for component null
2024-03-29 12:38:34,733 [WARN] ModelIntegratedComponent:63 - No mode defined for component null
2024-03-29 12:38:34,733 [WARN] ModelIntegratedComponent:63 - No mode defined for component null
2024-03-29 12:38:34,733 [WARN] ModelIntegratedComponent:63 - No mode defined for component null
2024-03-29 12:38:34,733 [WARN] ModelIntegratedComponent:63 - No mode defined for component null
2024-03-29 12:38:34,733 [WARN] ModelIntegratedComponent:63 - No mode defined for component null
2024-03-29 12:38:34,733 [WARN] ModelIntegratedComponent:63 - No mode defined for component null
2024-03-29 12:38:34,734 [WARN] ModelIntegratedComponent:63 - No mode defined for component null
2024-03-29 12:38:34,734 [WARN] ModelIntegratedComponent:63 - No mode defined for component null
2024-03-29 12:38:34,734 [WARN] ModelIntegratedComponent:63 - No mode defined for component null
2024-03-29 12:38:34,735 [WARN] ModelIntegratedComponent:63 - No mode defined for component null
2024-03-29 12:38:34,735 [WARN] ModelIntegratedComponent:63 - No mode defined for component null
2024-03-29 12:38:35,773 [INFO] ThirdPartyModel:298 - Start build external matchings
2024-03-29 12:38:37,038 [INFO] ThirdPartyModel:316 - End build external matchings
2024-03-29 12:38:37,112 [INFO] ImportTextPane:194 - (OptionalMessage_ERROR) IP (RCC) : Invalid parameter (48MHZClocksFreq_Value)
2024-03-29 12:38:37,117 [INFO] ImportTextPane:194 - (OptionalMessage_ERROR) IP (RCC) : Invalid parameter (EthernetFreq_Value)
2024-03-29 12:38:37,125 [INFO] ImportTextPane:194 - (OptionalMessage_ERROR) IP (RCC) : Parameter (FLatency) has Id (AdvancedSettings) currently not set
2024-03-29 12:38:37,126 [INFO] ImportTextPane:194 - (OptionalMessage_ERROR) IP (RCC) : Invalid parameter (FamilyName)
2024-03-29 12:38:37,126 [INFO] ImportTextPane:194 - (OptionalMessage_ERROR) IP (RCC) : Invalid parameter (I2SClocksFreq_Value)
2024-03-29 12:38:37,132 [INFO] ImportTextPane:194 - (OptionalMessage_ERROR) IP (RCC) : Parameter (SDIOFreq_Value) has invalid value (168000000)
2024-03-29 12:38:37,133 [INFO] ImportTextPane:194 - (OptionalMessage_ERROR) IP (RCC) : Parameter (USBFreq_Value) has invalid value (168000000)
2024-03-29 12:38:37,136 [INFO] ImportTextPane:194 - (OptionalMessage_ERROR) IP (RCC) : Invalid parameter (VCOInputMFreq_Value)
2024-03-29 12:38:37,138 [INFO] ImportTextPane:194 - (OptionalMessage_ERROR) IP (RCC) : Invalid parameter (VcooutputI2S)
2024-03-29 12:38:39,167 [INFO] UtilMem:75 - End LoadConfig() Used Memory: 622922112 Bytes (1073741824)
2024-03-29 12:38:40,557 [INFO] ApiDb:581 - Connected to CubeFinder SQLite database (C:\Users\tarun\.stmcufinder\plugins\mcufinder\mcu\cube-finder-db.db)
2024-03-29 12:38:40,897 [INFO] ApiDb:668 - CubeFinder database Data Model version=2.1
2024-03-29 12:38:40,900 [INFO] ApiDb:669 - CubeFinder database Configuration version=3.0.39
2024-03-29 12:38:40,907 [INFO] ApiDb:670 - CubeFinder database generation date=2024-03-01 (1709305525)
2024-03-29 12:38:40,907 [INFO] ApiDb:671 - CubeFinder database FW Pack versions=[FP-ATR-ASTRA1_V2.0.0, FP-SNS-FLIGHT1_V5.0.1, FP-SNS-FLIGHT1_V5.0.2, FP-SNS-MOTENV1_V4.3.1, FP-SNS-MOTENV1_V4.3.2, FP-SNS-MOTENVWB1_V1.3.1, FP-SNS-SMARTAG2_V1.2.0, STM32Cube_FW_C0_V1.1.0, STM32Cube_FW_F4_V1.28.0, STM32Cube_FW_F7_V1.17.0, STM32Cube_FW_G0_V1.6.2, STM32Cube_FW_G4_V1.5.2, STM32Cube_FW_H5_V0.5.1, STM32Cube_FW_H5_V1.1.1, STM32Cube_FW_H5_V1.2.0, STM32Cube_FW_H5_V1.2.0RC4, STM32Cube_FW_H7RS_V1.0.0, STM32Cube_FW_H7RS_V1.0.0RC4, STM32Cube_FW_H7_V1.11.0, STM32Cube_FW_L0_V1.12.2, STM32Cube_FW_L5_V1.5.1, STM32Cube_FW_U0_V1.0.0, STM32Cube_FW_U0_V1.0.0RC1, STM32Cube_FW_U5_V1.3.0RC4, STM32Cube_FW_U5_V1.5.0, STM32Cube_FW_U5_V1.5.0RC1, STM32Cube_FW_WBA_V1.0.0RC1, STM32Cube_FW_WBA_V1.2.0, STM32Cube_FW_WBA_V1.2.0RC2, STM32Cube_FW_WBA_V1.3.0, STM32Cube_FW_WBA_V1.3.0RC1, STM32Cube_FW_WB_V1.15.0RC1, STM32Cube_FW_WB_V1.16.0, STM32Cube_FW_WB_V1.16.0RC2, STM32Cube_FW_WB_V1.18.0, STM32Cube_FW_WB_V1.19.0, STM32Cube_FW_WL_V1.3.0, X-CUBE-ALGOBUILD_V1.3.0, X-CUBE-ALS_V1.0.1, X-CUBE-AZRTOS-F4_V1.1.0, X-CUBE-AZRTOS-F7_V1.1.0, X-CUBE-AZRTOS-G0_V1.1.0, X-CUBE-AZRTOS-G4_V2.0.0, X-CUBE-AZRTOS-H7_V3.2.0, X-CUBE-AZRTOS-L4_V1.0.0, X-CUBE-AZRTOS-L4_V2.0.0, X-CUBE-AZRTOS-L5_V1.1.0, X-CUBE-AZRTOS-WB_V2.0.0, X-CUBE-AZRTOS-WL_V2.0.0, X-CUBE-BLE1_V7.0.0, X-CUBE-BLE2_V3.3.0, X-CUBE-BLEMGR_V3.1.0, X-CUBE-EEPRMA1_V4.1.0, X-CUBE-EEPRMA1_V5.1.0, X-CUBE-FREERTOS_V1.1.0, X-CUBE-GNSS1_V6.0.0, X-CUBE-MEMS1_V10.0.0, X-CUBE-MEMS1_V9.1.0, X-CUBE-MEMS1_V9.4.0, X-CUBE-MEMS1_V9.6.0, X-CUBE-NFC4_V3.0.0, X-CUBE-NFC7_V1.0.1, X-CUBE-SFXS2LP1_V4.0.0, X-CUBE-SUBG2_V5.0.0, X-CUBE-TOF1_V3.4.0]
2024-03-29 12:38:51,107 [INFO] ApiDb:240 - Found 371 in-development CPN: [B-G473E-ZEST1S, B-WB1M-WPAN1, B-WL5M-SUBG1, NUCLEO-C031C6, NUCLEO-H503RB, NUCLEO-H563ZI, NUCLEO-U545RE-Q, NUCLEO-U5A5ZJ-Q, NUCLEO-WBA52CG, NUCLEO-WBA55CG, STEVAL-MKBOXPRO, STEVAL-PROTEUS1, STEVAL-STWINBX1, STM320518-EVAL, STM32C0116-DK, STM32C011D6Y3TR, STM32C011D6Y6TR, STM32C011F4P3, STM32C011F4P6, STM32C011F4U3, STM32C011F4U6TR, STM32C011F6P3, STM32C011F6P6, STM32C011F6U3, STM32C011F6U6TR, STM32C011J4M3, STM32C011J4M6, STM32C011J6M3, STM32C011J6M6, STM32C0316-DK, STM32C031C4T3, STM32C031C4T6, STM32C031C4U3, STM32C031C4U6, STM32C031C6T3, STM32C031C6T6, STM32C031C6U3, STM32C031C6U6, STM32C031F4P3, STM32C031F4P6, STM32C031F6P3, STM32C031F6P6, STM32C031G4U3, STM32C031G4U6, STM32C031G6U3, STM32C031G6U6, STM32C031K4T3, STM32C031K4T6, STM32C031K4U3, STM32C031K4U6, STM32C031K6T3, STM32C031K6T6, STM32C031K6U3, STM32C031K6U6, STM32G071K8TXN, STM32G071K8UXN, STM32G081GBU6N, STM32G081KBT6N, STM32G081KBUXN, STM32G0B1CCT6N, STM32G0B1KCT6, STM32G0B1NEY6TR, STM32G0B1RCT6N, STM32G0C1CCT6, STM32G0C1CCT6N, STM32G0C1CCU6N, STM32G0C1CET6N, STM32G0C1CEU6N, STM32G0C1KCT6, STM32G0C1NEY6TR, STM32G0C1RCI6N, STM32G0C1RCT6N, STM32G0C1REI6N, STM32G0C1RET6N, STM32G0C1VCI6, STM32G0C1VEI6, STM32G471CCT6, STM32G471CCU6, STM32G471CET3, STM32G471CET6, STM32G471CEU3, STM32G471CEU6, STM32G471MCT6, STM32G471MET3, STM32G471MET6, STM32G471MEY6TR, STM32G471QCT6, STM32G471QET3, STM32G471RCT6, STM32G471RET3, STM32G471RET6, STM32G471VCH6, STM32G471VCI6, STM32G471VCT6, STM32G471VEH3, STM32G471VEH6, STM32G471VEI3, STM32G471VEI6, STM32G471VET3, STM32G471VET6, STM32G474CCT6, STM32H503CBT6, STM32H503CBU6, STM32H503EBY6TR, STM32H503KBU6, STM32H503RBT6, STM32H562AGI6, STM32H562AII6, STM32H562IGK6, STM32H562IGT6, STM32H562IIK6, STM32H562IIT6, STM32H562RGT6, STM32H562RGV6, STM32H562RIT6, STM32H562RIV6, STM32H562VGT6, STM32H562VIT6, STM32H562ZGT6, STM32H562ZIT6, STM32H563AGI6, STM32H563AII3Q, STM32H563AII6, STM32H563IGK6, STM32H563IGT6, STM32H563IIK3Q, STM32H563IIK6, STM32H563IIT3Q, STM32H563IIT6, STM32H563MIY3QTR, STM32H563RGT6, STM32H563RGV6, STM32H563RIT6, STM32H563RIV6, STM32H563VGT6, STM32H563VIT3Q, STM32H563VIT6, STM32H563ZGT6, STM32H563ZIT3Q, STM32H563ZIT6, STM32H573AII3Q, STM32H573AII6, STM32H573I-DK, STM32H573IIK3Q, STM32H573IIK6, STM32H573IIT3Q, STM32H573IIT6, STM32H573MIY3QTR, STM32H573RIT6, STM32H573RIV6, STM32H573VIT3Q, STM32H573VIT6, STM32H573ZIT3Q, STM32H573ZIT6, STM32L4R5QGI6STR, STM32MP131AAE3, STM32MP131AAF3, STM32MP131AAG3, STM32MP131CAE3, STM32MP131CAF3, STM32MP131CAG3, STM32MP131DAE7, STM32MP131DAF7, STM32MP131DAG7, STM32MP131FAE7, STM32MP131FAF7, STM32MP131FAG7, STM32MP133AAE3, STM32MP133AAF3, STM32MP133AAG3, STM32MP133CAE3, STM32MP133CAF3, STM32MP133CAG3, STM32MP133DAE7, STM32MP133DAF7, STM32MP133DAG7, STM32MP133FAE7, STM32MP133FAF7, STM32MP133FAG7, STM32MP135AAE3, STM32MP135AAF3, STM32MP135AAG3, STM32MP135CAE3, STM32MP135CAF3, STM32MP135CAG3, STM32MP135DAE7, STM32MP135DAF7, STM32MP135DAG7, STM32MP135F-DK, STM32MP135FAE7, STM32MP135FAF7, STM32MP135FAF7T, STM32MP135FAF7U, STM32MP135FAG7, STM32U535CBT6, STM32U535CBT6Q, STM32U535CBU6, STM32U535CBU6Q, STM32U535CCT6, STM32U535CCT6Q, STM32U535CCU6, STM32U535CCU6Q, STM32U535CET6, STM32U535CET6Q, STM32U535CEU6, STM32U535CEU6Q, STM32U535JEY6QTR, STM32U535NCY6QTR, STM32U535NEY6QTR, STM32U535RBI6, STM32U535RBI6Q, STM32U535RBT6, STM32U535RBT6Q, STM32U535RCI6, STM32U535RCI6Q, STM32U535RCT6, STM32U535RCT6Q, STM32U535REI6, STM32U535REI6Q, STM32U535RET6, STM32U535RET6Q, STM32U535VCI6, STM32U535VCI6Q, STM32U535VCT6, STM32U535VCT6Q, STM32U535VEI6, STM32U535VEI6Q, STM32U535VET6, STM32U535VET6Q, STM32U545CET6, STM32U545CET6Q, STM32U545CEU6, STM32U545CEU6Q, STM32U545JEY6QTR, STM32U545NEY6QTR, STM32U545REI6, STM32U545REI6Q, STM32U545RET6, STM32U545RET6Q, STM32U545VEI6, STM32U545VEI6Q, STM32U545VET6, STM32U545VET6Q, STM32U595AIH6, STM32U595AIH6Q, STM32U595AJH6, STM32U595AJH6Q, STM32U595QII6, STM32U595QII6Q, STM32U595QJI6, STM32U595QJI6Q, STM32U595RIT6, STM32U595RIT6Q, STM32U595RJT6, STM32U595RJT6Q, STM32U595VIT6, STM32U595VIT6Q, STM32U595VJT6, STM32U595VJT6Q, STM32U595ZIT6, STM32U595ZIT6Q, STM32U595ZIY6QTR, STM32U595ZJT6, STM32U595ZJT6Q, STM32U595ZJY6QTR, STM32U599BJY6QTR, STM32U599NIH6Q, STM32U599NJH6Q, STM32U599VIT6Q, STM32U599VJT6, STM32U599VJT6Q, STM32U599ZIT6Q, STM32U599ZIY6QTR, STM32U599ZJT6Q, STM32U599ZJY6QTR, STM32U5A5AJH6, STM32U5A5AJH6Q, STM32U5A5QJI6, STM32U5A5QJI6Q, STM32U5A5RJT6, STM32U5A5RJT6Q, STM32U5A5VJT6, STM32U5A5VJT6Q, STM32U5A5ZJT6, STM32U5A5ZJT6Q, STM32U5A5ZJY6QTR, STM32U5A9BJY6QTR, STM32U5A9J-DK, STM32U5A9NJH6Q, STM32U5A9VJT6Q, STM32U5A9ZJT6Q, STM32U5A9ZJY6QTR, STM32U5F7VIT6, STM32U5F7VIT6Q, STM32U5F7VJT6, STM32U5F7VJT6Q, STM32U5F9BJY6QTR, STM32U5F9NJH6Q, STM32U5F9VIT6Q, STM32U5F9VJT6Q, STM32U5F9ZIJ6QTR, STM32U5F9ZIT6Q, STM32U5F9ZJJ6QTR, STM32U5F9ZJT6Q, STM32U5G7VJT6, STM32U5G7VJT6Q, STM32U5G9BJY6QTR, STM32U5G9J-DK1, STM32U5G9J-DK2, STM32U5G9NJH6Q, STM32U5G9VJT6Q, STM32U5G9ZJJ6QTR, STM32U5G9ZJT6Q, STM32WB1MMCH6, STM32WBA50KEU6, STM32WBA50KEU6TR, STM32WBA50KGU6, STM32WBA50KGU6TR, STM32WBA52CEU6, STM32WBA52CEU6TR, STM32WBA52CEU7, STM32WBA52CEU7TR, STM32WBA52CGU6, STM32WBA52CGU6TR, STM32WBA52CGU6U, STM32WBA52CGU7, STM32WBA52CGU7TR, STM32WBA52KEU6, STM32WBA52KEU6TR, STM32WBA52KGU6, STM32WBA52KGU6TR, STM32WBA54CEU6, STM32WBA54CEU6TR, STM32WBA54CEU7, STM32WBA54CEU7TR, STM32WBA54CGU6, STM32WBA54CGU6TR, STM32WBA54CGU7, STM32WBA54CGU7TR, STM32WBA54KEU6, STM32WBA54KEU6TR, STM32WBA54KEU7, STM32WBA54KEU7TR, STM32WBA54KGU6, STM32WBA54KGU6TR, STM32WBA54KGU7, STM32WBA54KGU7TR, STM32WBA55CEU6, STM32WBA55CEU6TR, STM32WBA55CEU7, STM32WBA55CEU7TR, STM32WBA55CGU6, STM32WBA55CGU6TR, STM32WBA55CGU6U, STM32WBA55CGU7, STM32WBA55CGU7TR, STM32WBA55G-DK1, STM32WBA55HEF6, STM32WBA55HEF7, STM32WBA55HGF6, STM32WBA55HGF7, STM32WBA55UEI6, STM32WBA55UEI6TR, STM32WBA55UEI7, STM32WBA55UEI7TR, STM32WBA55UGI6, STM32WBA55UGI6TR, STM32WBA55UGI7, STM32WBA55UGI7TR, STM32WL5MOCH6, STM32WL5MOCH6TR]
2024-03-29 12:38:51,171 [INFO] DbMcus:218 - Found 3986 MCUs, 3986 are supported
2024-03-29 12:38:51,179 [INFO] ApiDb:423 - Load user favorites file C:\Users\tarun/.stm32cubeide/favorites.mcus.txt: 0 item(s)
2024-03-29 12:38:51,179 [INFO] ApiDb:427 - User favorites MCUs=[]
2024-03-29 12:38:51,181 [INFO] DbMcus:224 - Set 0 / 0 favorites MCUs
2024-03-29 12:38:53,951 [INFO] MicroXplorer:468 - Change Database Path : 
2024-03-29 12:38:53,953 [INFO] MicroXplorer:498 - Change Database Version : DB.6.0.100
2024-03-29 12:38:53,957 [WARN] ThirdParty:833 - waiting for thirdparty lock release [change project]
2024-03-29 12:38:53,958 [INFO] ThirdParty:835 - entering critical section [change project]
2024-03-29 12:38:53,960 [INFO] ThirdParty:1030 - CMSIS Pack Vendor :STMicroelectronics USBPD 4.1
2024-03-29 12:38:53,960 [INFO] ThirdParty:1030 - CMSIS Pack Vendor :STMicroelectronics X-CUBE-GNSS1 6.0.0
2024-03-29 12:38:53,960 [INFO] ThirdParty:1030 - CMSIS Pack Vendor :STMicroelectronics USB_HOST 2.0.0
2024-03-29 12:38:53,960 [INFO] ThirdParty:1030 - CMSIS Pack Vendor :STMicroelectronics X-CUBE-AZRTOS-F4 1.1.0
2024-03-29 12:38:53,961 [INFO] ThirdParty:1030 - CMSIS Pack Vendor :STMicroelectronics LIBJPEG 8.0.0
2024-03-29 12:38:53,961 [INFO] ThirdParty:1030 - CMSIS Pack Vendor :STMicroelectronics X-CUBE-SMBUS 2.1.0
2024-03-29 12:38:53,961 [INFO] ThirdParty:1030 - CMSIS Pack Vendor :STMicroelectronics USB_DEVICE 3.0.0
2024-03-29 12:38:53,961 [INFO] ThirdParty:1030 - CMSIS Pack Vendor :STMicroelectronics X-CUBE-AZRTOS-WB 2.0.0
2024-03-29 12:38:53,961 [INFO] ThirdParty:1030 - CMSIS Pack Vendor :wolfSSL I-CUBE-wolfSSL 5.6.6
2024-03-29 12:38:53,962 [INFO] ThirdParty:1030 - CMSIS Pack Vendor :STMicroelectronics X-CUBE-TOUCHGFX 4.23.0
2024-03-29 12:38:53,962 [INFO] ThirdParty:1030 - CMSIS Pack Vendor :STMicroelectronics X-CUBE-AZRTOS-F7 1.1.0
2024-03-29 12:38:53,962 [INFO] ThirdParty:1030 - CMSIS Pack Vendor :STMicroelectronics X-CUBE-AZRTOS-L5 2.0.0
2024-03-29 12:38:53,962 [INFO] ThirdParty:1030 - CMSIS Pack Vendor :STMicroelectronics USB_DEVICE 2.0.0
2024-03-29 12:38:53,962 [INFO] ThirdParty:1030 - CMSIS Pack Vendor :STMicroelectronics X-CUBE-NFC6 3.1.0
2024-03-29 12:38:53,963 [INFO] ThirdParty:1030 - CMSIS Pack Vendor :ITTIA_DB I-CUBE-ITTIADB 8.8.0
2024-03-29 12:38:53,963 [INFO] ThirdParty:1030 - CMSIS Pack Vendor :STMicroelectronics FP-SNS-MOTENV1 4.3.2
2024-03-29 12:38:53,963 [INFO] ThirdParty:1030 - CMSIS Pack Vendor :STMicroelectronics X-CUBE-ALGOBUILD 1.3.0
2024-03-29 12:38:53,964 [INFO] ThirdParty:1030 - CMSIS Pack Vendor :STMicroelectronics FreeRTOS 0.0.1
2024-03-29 12:38:53,965 [INFO] ThirdParty:1030 - CMSIS Pack Vendor :STMicroelectronics X-CUBE-AZRTOS-G0 1.1.0
2024-03-29 12:38:53,965 [INFO] ThirdParty:1030 - CMSIS Pack Vendor :STMicroelectronics X-CUBE-NFC4 3.0.0
2024-03-29 12:38:53,965 [INFO] ThirdParty:1030 - CMSIS Pack Vendor :STMicroelectronics X-CUBE-SUBG2 5.0.0
2024-03-29 12:38:53,965 [INFO] ThirdParty:1030 - CMSIS Pack Vendor :STMicroelectronics STM32_WPAN 1.0.0
2024-03-29 12:38:53,966 [INFO] ThirdParty:1030 - CMSIS Pack Vendor :STMicroelectronics lwIP 2.0.3
2024-03-29 12:38:53,966 [INFO] ThirdParty:1030 - CMSIS Pack Vendor :STMicroelectronics FP-SNS-FLIGHT1 5.0.2
2024-03-29 12:38:53,967 [INFO] ThirdParty:1030 - CMSIS Pack Vendor :STMicroelectronics USB_HOST 1.0.0
2024-03-29 12:38:53,967 [INFO] ThirdParty:1030 - CMSIS Pack Vendor :STMicroelectronics X-CUBE-AZRTOS-G4 2.0.0
2024-03-29 12:38:53,967 [INFO] ThirdParty:1030 - CMSIS Pack Vendor :STMicroelectronics PDM2PCM 3.1.0
2024-03-29 12:38:53,967 [INFO] ThirdParty:1030 - CMSIS Pack Vendor :Infineon AIROC-Wi-Fi-Bluetooth-STM32 1.5.1
2024-03-29 12:38:53,967 [INFO] ThirdParty:1030 - CMSIS Pack Vendor :STMicroelectronics X-CUBE-BLEMGR 3.0.0
2024-03-29 12:38:53,967 [INFO] ThirdParty:1030 - CMSIS Pack Vendor :STMicroelectronics PDM2PCM 3.3.0
2024-03-29 12:38:53,968 [INFO] ThirdParty:1030 - CMSIS Pack Vendor :STMicroelectronics X-CUBE-DISPLAY 3.0.0
2024-03-29 12:38:53,968 [INFO] ThirdParty:1030 - CMSIS Pack Vendor :STMicroelectronics FP-SNS-MOTENVWB1 1.3.1
2024-03-29 12:38:53,968 [INFO] ThirdParty:1030 - CMSIS Pack Vendor :STMicroelectronics X-CUBE-BLE1 7.0.0
2024-03-29 12:38:53,968 [INFO] ThirdParty:1030 - CMSIS Pack Vendor :STMicroelectronics FP-ATR-SIGFOX1 3.2.0
2024-03-29 12:38:53,968 [INFO] ThirdParty:1030 - CMSIS Pack Vendor :STMicroelectronics X-CUBE-ISPU 2.0.0
2024-03-29 12:38:53,968 [INFO] ThirdParty:1030 - CMSIS Pack Vendor :STMicroelectronics X-CUBE-EEPRMA1 5.1.0
2024-03-29 12:38:53,969 [INFO] ThirdParty:1030 - CMSIS Pack Vendor :STMicroelectronics HAL Drivers 0.0.0
2024-03-29 12:38:53,969 [INFO] ThirdParty:1030 - CMSIS Pack Vendor :STMicroelectronics MBEDTLS 2.16.2
2024-03-29 12:38:53,969 [INFO] ThirdParty:1030 - CMSIS Pack Vendor :emotas I-CUBE-CANOPEN 1.3.0
2024-03-29 12:38:53,970 [INFO] ThirdParty:1030 - CMSIS Pack Vendor :STMicroelectronics X-CUBE-MEMS1 10.0.0
2024-03-29 12:38:53,970 [INFO] ThirdParty:1030 - CMSIS Pack Vendor :STMicroelectronics X-CUBE-FREERTOS 1.1.0
2024-03-29 12:38:53,970 [INFO] ThirdParty:1030 - CMSIS Pack Vendor :STMicroelectronics X-CUBE-NFC7 1.0.1
2024-03-29 12:38:53,970 [INFO] ThirdParty:1030 - CMSIS Pack Vendor :STMicroelectronics MBEDTLS 2.14.1
2024-03-29 12:38:53,970 [INFO] ThirdParty:1030 - CMSIS Pack Vendor :STMicroelectronics X-CUBE-NFC6 3.0.0
2024-03-29 12:38:53,971 [INFO] ThirdParty:1030 - CMSIS Pack Vendor :portGmbH I-Cube-SoM-uGOAL 1.1.0
2024-03-29 12:38:53,971 [INFO] ThirdParty:1030 - CMSIS Pack Vendor :STMicroelectronics X-CUBE-ALS 1.0.1
2024-03-29 12:38:53,971 [INFO] ThirdParty:1030 - CMSIS Pack Vendor :STMicroelectronics X-CUBE-BLEMGR 3.1.0
2024-03-29 12:38:53,971 [INFO] ThirdParty:1030 - CMSIS Pack Vendor :STMicroelectronics ThreadX 1.0.0
2024-03-29 12:38:53,971 [INFO] ThirdParty:1030 - CMSIS Pack Vendor :STMicroelectronics FP-SNS-SMARTAG2 1.2.0
2024-03-29 12:38:53,971 [INFO] ThirdParty:1030 - CMSIS Pack Vendor :STMicroelectronics X-CUBE-AZRTOS-WL 2.0.0
2024-03-29 12:38:53,972 [INFO] ThirdParty:1030 - CMSIS Pack Vendor :SEGGER I-CUBE-embOS 1.3.1
2024-03-29 12:38:53,972 [INFO] ThirdParty:1030 - CMSIS Pack Vendor :STMicroelectronics USB_DEVICE 1.0.0
2024-03-29 12:38:53,972 [INFO] ThirdParty:1030 - CMSIS Pack Vendor :STMicroelectronics X-CUBE-AI 8.1.0
2024-03-29 12:38:53,972 [INFO] ThirdParty:1030 - CMSIS Pack Vendor :STMicroelectronics X-CUBE-AZRTOS-L4 2.0.0
2024-03-29 12:38:53,972 [INFO] ThirdParty:1030 - CMSIS Pack Vendor :STMicroelectronics ThreadX 0.0.2
2024-03-29 12:38:53,973 [INFO] ThirdParty:1030 - CMSIS Pack Vendor :WES I-CUBE-Cesium 1.3.0
2024-03-29 12:38:53,973 [INFO] ThirdParty:1030 - CMSIS Pack Vendor :STMicroelectronics FP-ATR-ASTRA1 2.0.0
2024-03-29 12:38:53,973 [INFO] ThirdParty:1030 - CMSIS Pack Vendor :STMicroelectronics lwIP 2.1.2
2024-03-29 12:38:53,973 [INFO] ThirdParty:1030 - CMSIS Pack Vendor :STMicroelectronics X-CUBE-SFXS2LP1 4.0.0
2024-03-29 12:38:53,973 [INFO] ThirdParty:1030 - CMSIS Pack Vendor :STMicroelectronics X-CUBE-BLE2 3.3.0
2024-03-29 12:38:53,974 [INFO] ThirdParty:1030 - CMSIS Pack Vendor :STMicroelectronics X-CUBE-TOF1 3.4.0
2024-03-29 12:38:53,974 [INFO] ThirdParty:1030 - CMSIS Pack Vendor :STMicroelectronics X-CUBE-TOF1 3.4.1
2024-03-29 12:38:53,974 [INFO] ThirdParty:1030 - CMSIS Pack Vendor :STMicroelectronics X-CUBE-AZRTOS-H7 3.2.0
2024-03-29 12:38:53,974 [INFO] ThirdParty:1030 - CMSIS Pack Vendor :STMicroelectronics PDM2PCM 3.2.0
2024-03-29 12:38:53,975 [INFO] ThirdParty:841 - exiting critical section [change project]
2024-03-29 12:38:59,051 [INFO] PinOutPanel:1499 - setPackage(No Configuration,No Configuration)
2024-03-29 12:38:59,073 [INFO] PinOutPanel:1499 - setPackage(STM32F446RETx,LQFP64)
2024-03-29 12:39:06,785 [INFO] UtilMem:75 - Before build in PCC Used Memory: 741450560 Bytes (1073741824)
2024-03-29 12:39:18,110 [INFO] UtilMem:75 - After build in PCC Used Memory: 848625864 Bytes (1073741824)
2024-03-29 12:39:18,607 [INFO] IPUIPlugin:80 - create IPUIPlugin
2024-03-29 12:39:18,608 [INFO] IPUIPlugin:80 - create IPUIPlugin
2024-03-29 12:39:18,608 [INFO] IPUIPlugin:80 - create IPUIPlugin
2024-03-29 12:39:18,610 [INFO] IPUIPlugin:80 - create IPUIPlugin
2024-03-29 12:39:18,611 [INFO] IPUIPlugin:80 - create IPUIPlugin
2024-03-29 12:39:18,615 [INFO] IPUIPlugin:80 - create IPUIPlugin
2024-03-29 12:39:18,625 [INFO] IPUIPlugin:80 - create IPUIPlugin
2024-03-29 12:39:18,627 [INFO] IPUIPlugin:80 - create IPUIPlugin
2024-03-29 12:39:18,628 [INFO] IPUIPlugin:80 - create IPUIPlugin
2024-03-29 12:39:18,629 [INFO] IPUIPlugin:80 - create IPUIPlugin
2024-03-29 12:39:18,632 [INFO] IPUIPlugin:80 - create IPUIPlugin
2024-03-29 12:39:18,636 [INFO] IPUIPlugin:80 - create IPUIPlugin
2024-03-29 12:39:18,638 [INFO] IPUIPlugin:80 - create IPUIPlugin
2024-03-29 12:39:18,640 [INFO] IPUIPlugin:80 - create IPUIPlugin
2024-03-29 12:39:18,641 [INFO] IPUIPlugin:80 - create IPUIPlugin
2024-03-29 12:39:18,643 [INFO] IPUIPlugin:80 - create IPUIPlugin
2024-03-29 12:39:18,652 [INFO] IPUIPlugin:80 - create IPUIPlugin
2024-03-29 12:39:18,653 [INFO] IPUIPlugin:80 - create IPUIPlugin
2024-03-29 12:39:18,654 [INFO] IPUIPlugin:80 - create IPUIPlugin
2024-03-29 12:39:18,656 [INFO] IPUIPlugin:80 - create IPUIPlugin
2024-03-29 12:39:18,659 [INFO] IPUIPlugin:80 - create IPUIPlugin
2024-03-29 12:39:18,662 [INFO] IPUIPlugin:80 - create IPUIPlugin
2024-03-29 12:39:18,664 [INFO] IPUIPlugin:80 - create IPUIPlugin
2024-03-29 12:39:18,670 [INFO] IPUIPlugin:80 - create IPUIPlugin
2024-03-29 12:39:18,673 [INFO] IPUIPlugin:80 - create IPUIPlugin
2024-03-29 12:39:18,676 [INFO] IPUIPlugin:80 - create IPUIPlugin
2024-03-29 12:39:18,678 [INFO] IPUIPlugin:80 - create IPUIPlugin
2024-03-29 12:39:18,681 [INFO] IPUIPlugin:80 - create IPUIPlugin
2024-03-29 12:39:18,688 [INFO] IPUIPlugin:80 - create IPUIPlugin
2024-03-29 12:39:18,695 [INFO] IPUIPlugin:80 - create IPUIPlugin
2024-03-29 12:39:18,699 [INFO] IPUIPlugin:80 - create IPUIPlugin
2024-03-29 12:39:18,712 [INFO] IPUIPlugin:80 - create IPUIPlugin
2024-03-29 12:39:18,715 [INFO] IPUIPlugin:80 - create IPUIPlugin
2024-03-29 12:39:18,720 [INFO] IPUIPlugin:80 - create IPUIPlugin
2024-03-29 12:39:18,761 [INFO] IPUIPlugin:80 - create IPUIPlugin
2024-03-29 12:39:18,781 [INFO] IPUIPlugin:80 - create IPUIPlugin
2024-03-29 12:39:18,786 [INFO] IPUIPlugin:80 - create IPUIPlugin
2024-03-29 12:39:18,789 [INFO] IPUIPlugin:80 - create IPUIPlugin
2024-03-29 12:39:18,792 [INFO] IPUIPlugin:80 - create IPUIPlugin
2024-03-29 12:39:18,795 [INFO] IPUIPlugin:80 - create IPUIPlugin
2024-03-29 12:39:18,801 [INFO] IPUIPlugin:80 - create IPUIPlugin
2024-03-29 12:39:18,805 [INFO] IPUIPlugin:80 - create IPUIPlugin
2024-03-29 12:39:18,810 [INFO] IPUIPlugin:80 - create IPUIPlugin
2024-03-29 12:39:18,814 [INFO] IPUIPlugin:80 - create IPUIPlugin
2024-03-29 12:39:18,819 [INFO] IPUIPlugin:80 - create IPUIPlugin
2024-03-29 12:39:18,826 [INFO] IPUIPlugin:80 - create IPUIPlugin
2024-03-29 12:39:18,830 [INFO] IPUIPlugin:80 - create IPUIPlugin
2024-03-29 12:39:18,835 [INFO] IPUIPlugin:80 - create IPUIPlugin
2024-03-29 12:39:18,841 [INFO] IPUIPlugin:80 - create IPUIPlugin
2024-03-29 12:39:18,845 [INFO] IPUIPlugin:80 - create IPUIPlugin
2024-03-29 12:39:18,851 [INFO] IPUIPlugin:80 - create IPUIPlugin
2024-03-29 12:39:18,855 [INFO] IPUIPlugin:80 - create IPUIPlugin
2024-03-29 12:39:18,859 [INFO] IPUIPlugin:80 - create IPUIPlugin
2024-03-29 12:39:18,864 [INFO] IPUIPlugin:80 - create IPUIPlugin
2024-03-29 12:39:18,871 [INFO] IPUIPlugin:80 - create IPUIPlugin
2024-03-29 12:39:18,876 [INFO] IPUIPlugin:80 - create IPUIPlugin
2024-03-29 12:39:18,882 [INFO] IPUIPlugin:80 - create IPUIPlugin
2024-03-29 12:39:18,889 [INFO] IPUIPlugin:80 - create IPUIPlugin
2024-03-29 12:39:18,902 [INFO] IPUIPlugin:80 - create IPUIPlugin
2024-03-29 12:39:18,905 [INFO] IPUIPlugin:80 - create IPUIPlugin
2024-03-29 12:39:21,140 [INFO] ApiDbMcu:508 - Load IP Config File for PDM2PCM
2024-03-29 12:39:23,643 [INFO] CADModel:165 - CPN selected for project levelSTM32F446RET6
2024-03-29 12:39:23,646 [INFO] CADModel:114 - Register for checkConnection events
2024-03-29 12:39:23,740 [INFO] OpenFileManager:343 - Restore cursor
2024-03-29 13:50:18,730 [ERROR] LogOutputStream:75 - [STDERR_REDIRECT] 
