2024-04-02 13:34:24,641 [ERROR] LogOutputStream:75 - [STDERR_REDIRECT] 
2024-04-02 21:30:55,213 [INFO] Activator:176 - 


2024-04-02 21:30:55,233 [INFO] Activator:177 - !SESSION log4j initialized
2024-04-02 21:31:25,290 [INFO] LogOutputStream:77 - [STDOUT_REDIRECT] 
2024-04-02 21:31:57,897 [INFO] ApplicationProperties:184 - Using Application install path: C:\ST\STM32CubeIDE_1.14.1\STM32CubeIDE\plugins\com.st.stm32cube.common.mx_6.10.0.202311202037
2024-04-02 21:31:57,956 [INFO] DbMcusXml:78 - Set database path to: C:\ST\STM32CubeIDE_1.14.1\STM32CubeIDE\plugins\com.st.stm32cube.common.mx_6.10.0.202311202037\\db\/mcu/
2024-04-02 21:31:57,957 [INFO] ApiDb:274 - Set plugin database path to: C:\ST\STM32CubeIDE_1.14.1\STM32CubeIDE\plugins\com.st.stm32cube.common.mx_6.10.0.202311202037\\db\/plugins/boardmanager/
2024-04-02 21:31:57,958 [WARN] ApiDb:259 - Overriding images path with different value:  => C:\ST\STM32CubeIDE_1.14.1\STM32CubeIDE\plugins\com.st.stm32cube.common.mx_6.10.0.202311202037\\db\/plugins/mcufinder/images/
2024-04-02 21:31:57,985 [INFO] ApiDb:250 - Set database path to: C:\Users\tarun\.stmcufinder\plugins\mcufinder//mcu/
2024-04-02 21:31:57,989 [INFO] DbMcusAds:125 - Set database path to: C:\Users\tarun\.stmcufinder\plugins\mcufinder//mcu/
2024-04-02 21:31:58,038 [INFO] CrossReferenceDbSqlite:203 - Set database path to: C:\Users\tarun\.stmcufinder\plugins\mcufinder//mcu/cs/
2024-04-02 21:31:58,537 [INFO] RulesReader:64 - Compatibility file has been processed (297 Rules)
2024-04-02 21:31:58,813 [INFO] DbMcusXml:78 - Set database path to: C:\ST\STM32CubeIDE_1.14.1\STM32CubeIDE\plugins\com.st.stm32cube.common.mx_6.10.0.202311202037\\db\/mcu/
2024-04-02 21:31:58,813 [INFO] ApiDb:274 - Set plugin database path to: C:\ST\STM32CubeIDE_1.14.1\STM32CubeIDE\plugins\com.st.stm32cube.common.mx_6.10.0.202311202037\\db\/plugins/boardmanager/
2024-04-02 21:31:58,813 [INFO] ApiDb:261 - Set plugin images path to: C:\ST\STM32CubeIDE_1.14.1\STM32CubeIDE\plugins\com.st.stm32cube.common.mx_6.10.0.202311202037\\db\/plugins/mcufinder/images/
2024-04-02 21:31:58,814 [WARN] DbFile:41 - Overriding database path with different value: C:\Users\tarun\.stmcufinder\plugins\mcufinder/ => C:\Users\tarun\.stmcufinder\plugins\mcufinder
2024-04-02 21:31:58,815 [INFO] ApiDb:250 - Set database path to: C:\Users\tarun\.stmcufinder\plugins\mcufinder//mcu/
2024-04-02 21:31:58,815 [WARN] DbFile:41 - Overriding database path with different value: C:\Users\tarun\.stmcufinder\plugins\mcufinder/ => C:\Users\tarun\.stmcufinder\plugins\mcufinder
2024-04-02 21:31:58,816 [INFO] DbMcusAds:125 - Set database path to: C:\Users\tarun\.stmcufinder\plugins\mcufinder//mcu/
2024-04-02 21:31:58,816 [WARN] DbFile:41 - Overriding database path with different value: C:\Users\tarun\.stmcufinder\plugins\mcufinder/ => C:\Users\tarun\.stmcufinder\plugins\mcufinder
2024-04-02 21:31:58,816 [WARN] DbFile:41 - Overriding database path with different value: C:\Users\tarun\.stmcufinder\plugins\mcufinder/ => C:\Users\tarun\.stmcufinder\plugins\mcufinder
2024-04-02 21:31:58,817 [INFO] CrossReferenceDbSqlite:203 - Set database path to: C:\Users\tarun\.stmcufinder\plugins\mcufinder//mcu/cs/
2024-04-02 21:31:59,040 [INFO] MainPanel:264 - HeapMemory: 268435456
2024-04-02 21:31:59,233 [INFO] DbMcusXml:78 - Set database path to: C:\ST\STM32CubeIDE_1.14.1\STM32CubeIDE\plugins\com.st.stm32cube.common.mx_6.10.0.202311202037\\db\/mcu/
2024-04-02 21:31:59,233 [INFO] ApiDb:274 - Set plugin database path to: C:\ST\STM32CubeIDE_1.14.1\STM32CubeIDE\plugins\com.st.stm32cube.common.mx_6.10.0.202311202037\\db\/plugins/boardmanager/
2024-04-02 21:31:59,234 [INFO] ApiDb:261 - Set plugin images path to: C:\ST\STM32CubeIDE_1.14.1\STM32CubeIDE\plugins\com.st.stm32cube.common.mx_6.10.0.202311202037\\db\/plugins/mcufinder/images/
2024-04-02 21:31:59,235 [WARN] DbFile:41 - Overriding database path with different value: C:\Users\tarun\.stmcufinder\plugins\mcufinder/ => C:\Users\tarun\.stmcufinder\plugins\mcufinder
2024-04-02 21:31:59,235 [INFO] ApiDb:250 - Set database path to: C:\Users\tarun\.stmcufinder\plugins\mcufinder//mcu/
2024-04-02 21:31:59,236 [WARN] DbFile:41 - Overriding database path with different value: C:\Users\tarun\.stmcufinder\plugins\mcufinder/ => C:\Users\tarun\.stmcufinder\plugins\mcufinder
2024-04-02 21:31:59,236 [INFO] DbMcusAds:125 - Set database path to: C:\Users\tarun\.stmcufinder\plugins\mcufinder//mcu/
2024-04-02 21:31:59,236 [WARN] DbFile:41 - Overriding database path with different value: C:\Users\tarun\.stmcufinder\plugins\mcufinder/ => C:\Users\tarun\.stmcufinder\plugins\mcufinder
2024-04-02 21:31:59,236 [WARN] DbFile:41 - Overriding database path with different value: C:\Users\tarun\.stmcufinder\plugins\mcufinder/ => C:\Users\tarun\.stmcufinder\plugins\mcufinder
2024-04-02 21:31:59,236 [INFO] CrossReferenceDbSqlite:203 - Set database path to: C:\Users\tarun\.stmcufinder\plugins\mcufinder//mcu/cs/
2024-04-02 21:31:59,274 [INFO] ApplicationProperties:184 - Using Application install path: C:\ST\STM32CubeIDE_1.14.1\STM32CubeIDE\plugins\com.st.stm32cube.common.mx_6.10.0.202311202037
2024-04-02 21:31:59,277 [INFO] PluginManage:196 - Search for loadable plugins [exclusion list=, ]
2024-04-02 21:31:59,280 [INFO] PluginManage:310 - Check plugin analytics
2024-04-02 21:31:59,906 [INFO] AnalyticsPlugin:253 - Accepted Software Licenses: 
2024-04-02 21:31:59,907 [INFO] AnalyticsPlugin:255 - Accepted CMSIS Pack Licenses: 
2024-04-02 21:31:59,908 [INFO] AnalyticsPlugin:257 - Accepted Firmware Licenses: FW.F4.1.28.0
2024-04-02 21:31:59,921 [INFO] PluginManage:359 - Loaded plugin analytics (category:tool,tabindex:-1)
2024-04-02 21:31:59,921 [INFO] PluginManage:310 - Check plugin cadmodel
2024-04-02 21:31:59,960 [INFO] CADModel:105 - Init CAD model plugin
2024-04-02 21:31:59,960 [INFO] PluginManage:359 - Loaded plugin cadmodel (category:power,tabindex:5)
2024-04-02 21:31:59,961 [INFO] PluginManage:310 - Check plugin clock
2024-04-02 21:32:00,017 [INFO] PluginManage:359 - Loaded plugin clock (category:base,tabindex:2)
2024-04-02 21:32:00,018 [INFO] PluginManage:310 - Check plugin ddr
2024-04-02 21:32:00,026 [INFO] PluginManage:359 - Loaded plugin ddr (category:tool,tabindex:6)
2024-04-02 21:32:00,029 [INFO] PluginManage:310 - Check plugin filemanager
2024-04-02 21:32:00,483 [INFO] PluginManage:359 - Loaded plugin filemanager (category:base,tabindex:10)
2024-04-02 21:32:00,483 [INFO] PluginManage:310 - Check plugin ipmanager
2024-04-02 21:32:00,503 [INFO] PluginManage:359 - Loaded plugin ipmanager (category:base,tabindex:5)
2024-04-02 21:32:00,503 [INFO] PluginManage:310 - Check plugin lpbam
2024-04-02 21:32:00,540 [INFO] PluginManage:359 - Loaded plugin lpbam (category:base,tabindex:0)
2024-04-02 21:32:00,541 [INFO] PluginManage:310 - Check plugin memorymap
2024-04-02 21:32:00,592 [INFO] PluginManage:359 - Loaded plugin memorymap (category:base,tabindex:4)
2024-04-02 21:32:00,592 [INFO] PluginManage:310 - Check plugin pinoutandconfiguration
2024-04-02 21:32:00,627 [INFO] PluginManage:359 - Loaded plugin pinoutandconfiguration (category:base,tabindex:1)
2024-04-02 21:32:00,627 [INFO] PluginManage:310 - Check plugin pinoutconfig
2024-04-02 21:32:00,845 [WARN] SupportedApi:132 - Cannot load RTOS API schema: s4s-elt-must-match.1: The content of 'definitions' must match (annotation?, (simpleType | complexType)?, (unique | key | keyref)*)). A problem was found starting at: attribute.
2024-04-02 21:32:01,213 [INFO] PluginManage:359 - Loaded plugin pinoutconfig (category:base,tabindex:0)
2024-04-02 21:32:01,214 [INFO] PluginManage:310 - Check plugin power
2024-04-02 21:32:01,276 [INFO] PluginManage:359 - Loaded plugin power (category:power,tabindex:4)
2024-04-02 21:32:01,277 [INFO] PluginManage:310 - Check plugin projectmanager
2024-04-02 21:32:01,347 [INFO] PluginManage:359 - Loaded plugin projectmanager (category:projectmanager,tabindex:3)
2024-04-02 21:32:01,347 [INFO] PluginManage:310 - Check plugin thirdparty
2024-04-02 21:32:02,038 [INFO] PluginManage:359 - Loaded plugin thirdparty (category:base,tabindex:-1)
2024-04-02 21:32:02,038 [INFO] PluginManage:310 - Check plugin tools
2024-04-02 21:32:02,038 [WARN] IntegrityCheckThread:84 - waiting for thirdparty lock release [integrity check]
2024-04-02 21:32:02,040 [INFO] IntegrityCheckThread:86 - entering critical section [integrity check]
2024-04-02 21:32:02,041 [INFO] ThirdPartyUpdaterWithRetryManager:70 - Updater plugin not ready yet. [1/15]
2024-04-02 21:32:02,099 [INFO] PluginManage:359 - Loaded plugin tools (category:base,tabindex:7)
2024-04-02 21:32:02,099 [INFO] PluginManage:310 - Check plugin tutovideos
2024-04-02 21:32:02,459 [INFO] PluginManage:359 - Loaded plugin tutovideos (category:base,tabindex:-1)
2024-04-02 21:32:02,460 [INFO] PluginManage:310 - Check plugin updater
2024-04-02 21:32:02,485 [INFO] PluginManage:359 - Loaded plugin updater (category:base,tabindex:12)
2024-04-02 21:32:02,485 [INFO] PluginManage:310 - Check plugin userauth
2024-04-02 21:32:02,497 [INFO] UserAuth:114 - Init User Auth plugin
2024-04-02 21:32:02,497 [INFO] PluginManage:359 - Loaded plugin userauth (category:base,tabindex:14)
2024-04-02 21:32:02,498 [INFO] PluginManage:283 - PluginManage : Loaded plugins [17]
2024-04-02 21:32:03,242 [INFO] PinOutPanel:1499 - setPackage(No Configuration,No Configuration)
2024-04-02 21:32:03,440 [INFO] CADModel:165 - CPN selected for project level
2024-04-02 21:32:03,440 [INFO] CADModel:114 - Register for checkConnection events
2024-04-02 21:32:03,505 [INFO] IPUIPlugin:80 - create IPUIPlugin
2024-04-02 21:32:03,506 [INFO] PluginManager:220 - loadIPPluginJar : add adc
2024-04-02 21:32:03,583 [INFO] IPUIPlugin:80 - create IPUIPlugin
2024-04-02 21:32:03,584 [INFO] PluginManager:220 - loadIPPluginJar : add aes
2024-04-02 21:32:03,667 [INFO] IPUIPlugin:80 - create IPUIPlugin
2024-04-02 21:32:03,667 [INFO] PluginManager:220 - loadIPPluginJar : add can
2024-04-02 21:32:03,722 [INFO] IPUIPlugin:80 - create IPUIPlugin
2024-04-02 21:32:03,724 [INFO] PluginManager:220 - loadIPPluginJar : add comp
2024-04-02 21:32:03,801 [INFO] IPUIPlugin:80 - create IPUIPlugin
2024-04-02 21:32:03,802 [INFO] PluginManager:220 - loadIPPluginJar : add cryp
2024-04-02 21:32:03,871 [INFO] IPUIPlugin:80 - create IPUIPlugin
2024-04-02 21:32:03,871 [INFO] PluginManager:220 - loadIPPluginJar : add dfsdm
2024-04-02 21:32:03,910 [INFO] IPUIPlugin:80 - create IPUIPlugin
2024-04-02 21:32:03,912 [INFO] PluginManager:220 - loadIPPluginJar : add dma
2024-04-02 21:32:04,004 [INFO] IPUIPlugin:80 - create IPUIPlugin
2024-04-02 21:32:04,004 [INFO] PluginManager:220 - loadIPPluginJar : add dma3
2024-04-02 21:32:04,044 [INFO] IPUIPlugin:80 - create IPUIPlugin
2024-04-02 21:32:04,044 [INFO] PluginManager:220 - loadIPPluginJar : add fatfs
2024-04-02 21:32:04,128 [INFO] IPUIPlugin:80 - create IPUIPlugin
2024-04-02 21:32:04,128 [INFO] PluginManager:220 - loadIPPluginJar : add fmc
2024-04-02 21:32:04,157 [INFO] IPUIPlugin:80 - create IPUIPlugin
2024-04-02 21:32:04,157 [INFO] PluginManager:220 - loadIPPluginJar : add freertos
2024-04-02 21:32:04,194 [INFO] IPUIPlugin:80 - create IPUIPlugin
2024-04-02 21:32:04,194 [INFO] PluginManager:220 - loadIPPluginJar : add genericplugin
2024-04-02 21:32:04,337 [INFO] IPUIPlugin:80 - create IPUIPlugin
2024-04-02 21:32:04,338 [INFO] PluginManager:220 - loadIPPluginJar : add gfxmmu
2024-04-02 21:32:04,543 [INFO] IPUIPlugin:80 - create IPUIPlugin
2024-04-02 21:32:04,544 [INFO] PluginManager:220 - loadIPPluginJar : add gic
2024-04-02 21:32:04,562 [INFO] IPUIPlugin:80 - create IPUIPlugin
2024-04-02 21:32:04,562 [INFO] PluginManager:220 - loadIPPluginJar : add gpio
2024-04-02 21:32:04,730 [INFO] IPUIPlugin:80 - create IPUIPlugin
2024-04-02 21:32:04,730 [INFO] PluginManager:220 - loadIPPluginJar : add gtzc
2024-04-02 21:32:04,781 [INFO] IPUIPlugin:80 - create IPUIPlugin
2024-04-02 21:32:04,781 [INFO] PluginManager:220 - loadIPPluginJar : add hash
2024-04-02 21:32:04,856 [INFO] IPUIPlugin:80 - create IPUIPlugin
2024-04-02 21:32:04,856 [INFO] PluginManager:220 - loadIPPluginJar : add i2c
2024-04-02 21:32:04,912 [INFO] IPUIPlugin:80 - create IPUIPlugin
2024-04-02 21:32:04,912 [INFO] PluginManager:220 - loadIPPluginJar : add i2s
2024-04-02 21:32:04,980 [INFO] IPUIPlugin:80 - create IPUIPlugin
2024-04-02 21:32:04,980 [INFO] PluginManager:220 - loadIPPluginJar : add i3c
2024-04-02 21:32:05,043 [INFO] ThirdPartyUpdaterWithRetryManager:70 - Updater plugin not ready yet. [2/15]
2024-04-02 21:32:05,211 [INFO] IPUIPlugin:80 - create IPUIPlugin
2024-04-02 21:32:05,211 [INFO] PluginManager:220 - loadIPPluginJar : add ipddr
2024-04-02 21:32:05,396 [INFO] IPUIPlugin:80 - create IPUIPlugin
2024-04-02 21:32:05,396 [INFO] PluginManager:220 - loadIPPluginJar : add linkedlist
2024-04-02 21:32:05,453 [INFO] IPUIPlugin:80 - create IPUIPlugin
2024-04-02 21:32:05,453 [INFO] PluginManager:220 - loadIPPluginJar : add lorawan
2024-04-02 21:32:05,512 [INFO] IPUIPlugin:80 - create IPUIPlugin
2024-04-02 21:32:05,513 [INFO] PluginManager:220 - loadIPPluginJar : add ltdc
2024-04-02 21:32:05,538 [INFO] IPUIPlugin:80 - create IPUIPlugin
2024-04-02 21:32:05,538 [INFO] PluginManager:220 - loadIPPluginJar : add mdma
2024-04-02 21:32:05,560 [INFO] IPUIPlugin:80 - create IPUIPlugin
2024-04-02 21:32:05,560 [INFO] PluginManager:220 - loadIPPluginJar : add nvic
2024-04-02 21:32:05,615 [INFO] IPUIPlugin:80 - create IPUIPlugin
2024-04-02 21:32:05,615 [INFO] PluginManager:220 - loadIPPluginJar : add opamp
2024-04-02 21:32:05,708 [INFO] IPUIPlugin:80 - create IPUIPlugin
2024-04-02 21:32:05,709 [INFO] PluginManager:220 - loadIPPluginJar : add openamp
2024-04-02 21:32:05,770 [INFO] IPUIPlugin:80 - create IPUIPlugin
2024-04-02 21:32:05,770 [INFO] PluginManager:220 - loadIPPluginJar : add pdm2pcm
2024-04-02 21:32:05,795 [INFO] IPUIPlugin:80 - create IPUIPlugin
2024-04-02 21:32:05,799 [INFO] PluginManager:220 - loadIPPluginJar : add plateformsettings
2024-04-02 21:32:05,834 [INFO] IPUIPlugin:80 - create IPUIPlugin
2024-04-02 21:32:05,834 [INFO] PluginManager:220 - loadIPPluginJar : add quadspi
2024-04-02 21:32:05,858 [INFO] IPUIPlugin:80 - create IPUIPlugin
2024-04-02 21:32:05,858 [INFO] PluginManager:220 - loadIPPluginJar : add resmgrutility
2024-04-02 21:32:05,957 [INFO] IPUIPlugin:80 - create IPUIPlugin
2024-04-02 21:32:05,957 [INFO] PluginManager:220 - loadIPPluginJar : add sai
2024-04-02 21:32:06,017 [INFO] IPUIPlugin:80 - create IPUIPlugin
2024-04-02 21:32:06,017 [INFO] PluginManager:220 - loadIPPluginJar : add spi
2024-04-02 21:32:06,117 [INFO] IPUIPlugin:80 - create IPUIPlugin
2024-04-02 21:32:06,118 [INFO] PluginManager:220 - loadIPPluginJar : add stm32_wpan
2024-04-02 21:32:06,151 [INFO] IPUIPlugin:80 - create IPUIPlugin
2024-04-02 21:32:06,152 [INFO] PluginManager:220 - loadIPPluginJar : add tim
2024-04-02 21:32:06,240 [INFO] IPUIPlugin:80 - create IPUIPlugin
2024-04-02 21:32:06,240 [INFO] PluginManager:220 - loadIPPluginJar : add touchsensing
2024-04-02 21:32:06,279 [INFO] IPUIPlugin:80 - create IPUIPlugin
2024-04-02 21:32:06,279 [INFO] PluginManager:220 - loadIPPluginJar : add tracer_emb
2024-04-02 21:32:06,319 [INFO] IPUIPlugin:80 - create IPUIPlugin
2024-04-02 21:32:06,320 [INFO] PluginManager:220 - loadIPPluginJar : add ts
2024-04-02 21:32:06,363 [INFO] IPUIPlugin:80 - create IPUIPlugin
2024-04-02 21:32:06,363 [INFO] PluginManager:220 - loadIPPluginJar : add tsc
2024-04-02 21:32:06,418 [INFO] IPUIPlugin:80 - create IPUIPlugin
2024-04-02 21:32:06,419 [INFO] PluginManager:220 - loadIPPluginJar : add ucpd
2024-04-02 21:32:06,500 [INFO] IPUIPlugin:80 - create IPUIPlugin
2024-04-02 21:32:06,500 [INFO] PluginManager:220 - loadIPPluginJar : add usart
2024-04-02 21:32:06,574 [INFO] IPUIPlugin:80 - create IPUIPlugin
2024-04-02 21:32:06,574 [INFO] PluginManager:220 - loadIPPluginJar : add usbx
2024-04-02 21:32:06,786 [INFO] CADModel:165 - CPN selected for project level
2024-04-02 21:32:06,787 [INFO] CADModel:114 - Register for checkConnection events
2024-04-02 21:32:06,787 [FATAL] Updater:308 - Updater called before beeing initialized
2024-04-02 21:32:06,787 [ERROR] CADModel:125 - Updater not yet initialized, retry later 
2024-04-02 21:32:07,113 [INFO] CADModel:165 - CPN selected for project level
2024-04-02 21:32:07,113 [INFO] CADModel:114 - Register for checkConnection events
2024-04-02 21:32:07,113 [FATAL] Updater:308 - Updater called before beeing initialized
2024-04-02 21:32:07,114 [ERROR] CADModel:125 - Updater not yet initialized, retry later 
2024-04-02 21:32:07,121 [FATAL] Updater:308 - Updater called before beeing initialized
2024-04-02 21:32:07,391 [FATAL] Updater:308 - Updater called before beeing initialized
2024-04-02 21:32:07,415 [INFO] DbMcusAds:53 - JSON generation date=Wed Nov 29 16:22:27 IST 2023 (1701255147349)
2024-04-02 21:32:07,415 [FATAL] Updater:308 - Updater called before beeing initialized
2024-04-02 21:32:07,648 [WARN] DetailPanel:346 - Failed to get advertising image, set to default
2024-04-02 21:32:07,910 [FATAL] Updater:308 - Updater called before beeing initialized
2024-04-02 21:32:07,914 [FATAL] Updater:308 - Updater called before beeing initialized
2024-04-02 21:32:07,914 [FATAL] Updater:308 - Updater called before beeing initialized
2024-04-02 21:32:07,914 [WARN] DetailPanel:346 - Failed to get advertising image, set to default
2024-04-02 21:32:07,916 [FATAL] Updater:308 - Updater called before beeing initialized
2024-04-02 21:32:08,046 [INFO] ThirdPartyUpdaterWithRetryManager:70 - Updater plugin not ready yet. [3/15]
2024-04-02 21:32:08,057 [ERROR] Updater:1120 - MainUpdater not yet initialized. External WinMGr cannot be set.
2024-04-02 21:32:08,076 [INFO] Updater:1056 - Updater Version found : 6.10.0
2024-04-02 21:32:08,116 [INFO] ApplicationProperties:184 - Using Application install path: C:\ST\STM32CubeIDE_1.14.1\STM32CubeIDE\plugins\com.st.stm32cube.common.mx_6.10.0.202311202037
2024-04-02 21:32:09,738 [ERROR] LogOutputStream:75 - [STDERR_REDIRECT] Apr 02, 2024 9:32:09 PM java.util.prefs.WindowsPreferences <init>
2024-04-02 21:32:09,745 [ERROR] LogOutputStream:75 - [STDERR_REDIRECT] WARNING: Could not open/create prefs root node Software\JavaSoft\Prefs at root 0xffffffff80000002. Windows RegCreateKeyEx(...) returned error code 5.
2024-04-02 21:32:09,746 [ERROR] LogOutputStream:75 - [STDERR_REDIRECT] 
2024-04-02 21:32:10,809 [INFO] MainUpdater:2873 - connection check result : 10
2024-04-02 21:32:10,811 [INFO] MainUpdater:290 - Updater Check For Update Now.
2024-04-02 21:32:10,812 [INFO] MicroXplorer:498 - Change Database Version : DB.6.0.100
2024-04-02 21:32:10,997 [INFO] McuFinderGlobals:63 - Set McuFinder mode to 2 (CubeIDE integrated)
2024-04-02 21:32:11,047 [WARN] MainUpdater:1194 - Updater busy. Cannot search thirdparties
2024-04-02 21:32:11,049 [INFO] ThirdPartyUpdaterWithRetryManager:96 - Updater plugin is busy. [1/15]
2024-04-02 21:32:11,535 [INFO] CheckServerUpdateThread:120 - End of CheckServer Thread
2024-04-02 21:32:14,560 [WARN] PackLoader:240 - Cannot read IP mode file for STMicroelectronics.X-CUBE-SMBUS.2.1.0
2024-04-02 21:32:14,609 [WARN] PackLoader:240 - Cannot read IP mode file for STMicroelectronics.X-CUBE-TOUCHGFX.4.23.1
2024-04-02 21:32:14,651 [WARN] PackLoader:240 - Cannot read IP mode file for STMicroelectronics.X-CUBE-TOUCHGFX.4.23.0
2024-04-02 21:32:14,810 [WARN] PackLoader:240 - Cannot read IP mode file for STMicroelectronics.X-CUBE-AZRTOS-F7.1.1.0
2024-04-02 21:32:14,860 [WARN] PackLoader:240 - Cannot read IP mode file for STMicroelectronics.FP-SNS-MOTENV1.4.3.2
2024-04-02 21:32:14,862 [INFO] UserAuth:404 - Internet connection configuration mode: 1
2024-04-02 21:32:14,946 [INFO] JxBrowserEngine:152 - Initiate JxBrowser Engine with user profile folder
2024-04-02 21:32:14,977 [WARN] PackLoader:240 - Cannot read IP mode file for STMicroelectronics.FP-SNS-FLIGHT1.5.0.2
2024-04-02 21:32:15,024 [WARN] PackLoader:240 - Cannot read IP mode file for STMicroelectronics.X-CUBE-DISPLAY.3.0.0
2024-04-02 21:32:15,141 [WARN] PackLoader:240 - Cannot read IP mode file for STMicroelectronics.X-CUBE-BLE1.7.0.0
2024-04-02 21:32:15,195 [WARN] PackLoader:240 - Cannot read IP mode file for emotas.I-CUBE-CANOPEN.1.3.0
2024-04-02 21:32:15,253 [WARN] PackLoader:240 - Cannot read IP mode file for STMicroelectronics.X-CUBE-BLEMGR.3.1.0
2024-04-02 21:32:15,313 [WARN] PackLoader:240 - Cannot read IP mode file for STMicroelectronics.FP-SNS-SMARTAG2.1.2.0
2024-04-02 21:32:15,385 [INFO] LogOutputStream:77 - [STDOUT_REDIRECT] 1 : Invalid condition id : UX_CORESTACK_Condition cause : null
2024-04-02 21:32:15,388 [INFO] LogOutputStream:77 - [STDOUT_REDIRECT] 1 : Invalid condition id : UX_CORESTACK_Condition cause : null
2024-04-02 21:32:15,392 [INFO] LogOutputStream:77 - [STDOUT_REDIRECT] 1 : Invalid condition id : UX_CORESTACK_Condition cause : null
2024-04-02 21:32:15,397 [INFO] LogOutputStream:77 - [STDOUT_REDIRECT] 1 : Invalid condition id : UX_CORESTACK_Condition cause : null
2024-04-02 21:32:15,402 [INFO] LogOutputStream:77 - [STDOUT_REDIRECT] 1 : Invalid condition id : UX_CORESTACK_Condition cause : null
2024-04-02 21:32:15,475 [WARN] PackLoader:240 - Cannot read IP mode file for STMicroelectronics.X-CUBE-AZRTOS-WL.2.0.0
2024-04-02 21:32:15,774 [WARN] PackLoader:240 - Cannot read IP mode file for STMicroelectronics.FP-SNS-MOTENV1.5.0.0
2024-04-02 21:32:16,091 [WARN] PackLoader:240 - Cannot read IP mode file for WES.I-CUBE-Cesium.1.3.0
2024-04-02 21:32:16,352 [WARN] PackLoader:240 - Cannot read IP mode file for STMicroelectronics.X-CUBE-BLE2.3.3.0
2024-04-02 21:32:16,399 [WARN] PackLoader:240 - Cannot read IP mode file for STMicroelectronics.X-CUBE-ALGOBUILD.1.3.0
2024-04-02 21:32:16,514 [WARN] PackLoader:240 - Cannot read IP mode file for STMicroelectronics.X-CUBE-AZRTOS-G0.1.1.0
2024-04-02 21:32:16,577 [WARN] PackLoader:240 - Cannot read IP mode file for STMicroelectronics.X-CUBE-SAFEA1.1.2.2
2024-04-02 21:32:16,621 [WARN] PackLoader:240 - Cannot read IP mode file for STMicroelectronics.X-CUBE-NFC4.3.0.0
2024-04-02 21:32:16,681 [WARN] PackLoader:240 - Cannot read IP mode file for STMicroelectronics.X-CUBE-BLEMGR.3.0.0
2024-04-02 21:32:16,728 [WARN] PackLoader:240 - Cannot read IP mode file for STMicroelectronics.FP-ATR-SIGFOX1.3.2.0
2024-04-02 21:32:16,760 [WARN] PackLoader:240 - Cannot read IP mode file for STMicroelectronics.X-CUBE-EEPRMA1.5.1.0
2024-04-02 21:32:16,862 [WARN] PackLoader:240 - Cannot read IP mode file for SEGGER.I-CUBE-embOS.1.3.1
2024-04-02 21:32:17,204 [WARN] PackLoader:240 - Cannot read IP mode file for STMicroelectronics.X-CUBE-GNSS1.6.0.0
2024-04-02 21:32:17,396 [WARN] PackLoader:240 - Cannot read IP mode file for STMicroelectronics.X-CUBE-AZRTOS-F4.1.1.0
2024-04-02 21:32:17,608 [WARN] PackLoader:240 - Cannot read IP mode file for wolfSSL.I-CUBE-wolfSSL.5.6.6
2024-04-02 21:32:17,668 [WARN] PackLoader:240 - Cannot read IP mode file for STMicroelectronics.X-CUBE-AZRTOS-L5.2.0.0
2024-04-02 21:32:18,260 [WARN] PackLoader:240 - Cannot read IP mode file for STMicroelectronics.X-CUBE-NFC6.3.1.0
2024-04-02 21:32:18,353 [WARN] PackLoader:240 - Cannot read IP mode file for ITTIA_DB.I-CUBE-ITTIADB.8.8.0
2024-04-02 21:32:18,579 [WARN] PackLoader:240 - Cannot read IP mode file for STMicroelectronics.X-CUBE-NFC7.1.0.1
2024-04-02 21:32:18,615 [WARN] PackLoader:240 - Cannot read IP mode file for STMicroelectronics.X-CUBE-NFC6.3.0.0
2024-04-02 21:32:18,665 [WARN] PackLoader:240 - Cannot read IP mode file for STMicroelectronics.X-CUBE-AI.8.1.0
2024-04-02 21:32:18,790 [WARN] ConditionMgr:438 - getConditionDescription Invalid condition id : LAN8742 Phy interface Condition cause : null
2024-04-02 21:32:18,792 [WARN] PackLoader:240 - Cannot read IP mode file for STMicroelectronics.X-CUBE-AZRTOS-L4.2.0.0
2024-04-02 21:32:18,814 [WARN] ConditionMgr:1039 - genDependencies : Invalid condition id : LAN8742 Phy interface Condition cause : null
2024-04-02 21:32:18,815 [WARN] ConditionMgr:1039 - genDependencies : Invalid condition id : LAN8742 Phy interface Condition cause : null
2024-04-02 21:32:18,817 [WARN] ConditionMgr:1039 - genDependencies : Invalid condition id : LAN8742 Phy interface Condition cause : null
2024-04-02 21:32:18,853 [WARN] PackLoader:240 - Cannot read IP mode file for STMicroelectronics.X-CUBE-SFXS2LP1.4.0.0
2024-04-02 21:32:18,918 [WARN] ConditionMgr:438 - getConditionDescription Invalid condition id : UX DEVICE CLASS RTOS Condition cause : null
2024-04-02 21:32:18,921 [WARN] ConditionMgr:438 - getConditionDescription Invalid condition id : UX DEVICE CLASS RTOS Condition cause : null
2024-04-02 21:32:18,925 [WARN] PackLoader:240 - Cannot read IP mode file for STMicroelectronics.X-CUBE-AZRTOS-WB.2.0.0
2024-04-02 21:32:18,926 [WARN] ConditionMgr:1039 - genDependencies : Invalid condition id : UX DEVICE CLASS RTOS Condition cause : null
2024-04-02 21:32:18,926 [WARN] ConditionMgr:1039 - genDependencies : Invalid condition id : UX DEVICE CLASS RTOS Condition cause : null
2024-04-02 21:32:18,928 [WARN] ConditionMgr:1039 - genDependencies : Invalid condition id : UX DEVICE CLASS RTOS Condition cause : null
2024-04-02 21:32:18,929 [WARN] ConditionMgr:1039 - genDependencies : Invalid condition id : UX DEVICE CLASS RTOS Condition cause : null
2024-04-02 21:32:18,929 [WARN] ConditionMgr:1039 - genDependencies : Invalid condition id : UX DEVICE CLASS RTOS Condition cause : null
2024-04-02 21:32:19,465 [WARN] PackLoader:240 - Cannot read IP mode file for STMicroelectronics.X-CUBE-SUBG2.5.0.0
2024-04-02 21:32:19,543 [WARN] PackLoader:240 - Cannot read IP mode file for STMicroelectronics.X-CUBE-AZRTOS-G4.2.0.0
2024-04-02 21:32:19,632 [WARN] PackLoader:240 - Cannot read IP mode file for Infineon.AIROC-Wi-Fi-Bluetooth-STM32.1.5.1
2024-04-02 21:32:19,686 [WARN] PackLoader:240 - Cannot read IP mode file for STMicroelectronics.FP-SNS-MOTENVWB1.1.3.1
2024-04-02 21:32:19,710 [WARN] PackLoader:240 - Cannot read IP mode file for STMicroelectronics.X-CUBE-ISPU.2.0.0
2024-04-02 21:32:19,870 [WARN] PackLoader:240 - Cannot read IP mode file for STMicroelectronics.X-CUBE-MEMS1.10.0.0
2024-04-02 21:32:20,430 [WARN] PackLoader:240 - Cannot read IP mode file for STMicroelectronics.X-CUBE-FREERTOS.1.1.0
2024-04-02 21:32:20,570 [WARN] PackLoader:240 - Cannot read IP mode file for portGmbH.I-Cube-SoM-uGOAL.1.1.0
2024-04-02 21:32:20,598 [WARN] PackLoader:240 - Cannot read IP mode file for STMicroelectronics.X-CUBE-ALS.1.0.1
2024-04-02 21:32:20,641 [WARN] PackLoader:240 - Cannot read IP mode file for STMicroelectronics.FP-ATR-ASTRA1.2.0.0
2024-04-02 21:32:20,690 [WARN] PackLoader:240 - Cannot read IP mode file for STMicroelectronics.X-CUBE-TOF1.3.4.0
2024-04-02 21:32:20,805 [WARN] PackLoader:240 - Cannot read IP mode file for STMicroelectronics.X-CUBE-TOF1.3.4.1
2024-04-02 21:32:21,046 [WARN] PackLoader:240 - Cannot read IP mode file for STMicroelectronics.X-CUBE-AZRTOS-H7.3.2.0
2024-04-02 21:32:21,059 [INFO] ThirdParty:978 - Integrity check success = true
2024-04-02 21:32:21,059 [INFO] IntegrityCheckThread:100 - exiting critical section [integrity check]
2024-04-02 21:32:21,059 [INFO] IntegrityCheckThread:103 - End integrity checks thread
2024-04-02 21:32:26,386 [INFO] WebApp:161 - Instantiating new browser for Auth
2024-04-02 21:32:28,737 [INFO] WebApp:780 - Register for checkConnection events
2024-04-02 21:32:28,737 [INFO] WebApp:414 - Apply proxy settings
2024-04-02 21:32:28,737 [INFO] WebApp:499 - Chromium requires no authentication
2024-04-02 21:32:28,755 [INFO] WebApp:442 - Direct internet connection detected
2024-04-02 21:32:29,244 [INFO] WebApp:192 - Starting web application
2024-04-02 21:32:29,244 [INFO] WebApp:544 - Web application path used C:\ST\STM32CubeIDE_1.14.1\STM32CubeIDE\plugins\com.st.stm32cube.common.mx_6.10.0.202311202037\db\plugins\mcufinder\reactClient1\index.html
2024-04-02 21:32:54,374 [ERROR] LogOutputStream:75 - [STDERR_REDIRECT] SLF4J: Failed to load class "org.slf4j.impl.StaticLoggerBinder".
2024-04-02 21:32:54,462 [ERROR] LogOutputStream:75 - [STDERR_REDIRECT] SLF4J: Defaulting to no-operation (NOP) logger implementation
2024-04-02 21:32:54,482 [ERROR] LogOutputStream:75 - [STDERR_REDIRECT] SLF4J: See http://www.slf4j.org/codes.html#StaticLoggerBinder for further details.
